#
# There is insufficient memory for the Java Runtime Environment to continue.
# Native memory allocation (malloc) failed to allocate 619136 bytes. Error detail: Chunk::new
# Possible reasons:
#   The system is out of physical RAM or swap space
#   This process is running with CompressedOops enabled, and the Java Heap may be blocking the growth of the native heap
# Possible solutions:
#   Reduce memory load on the system
#   Increase physical memory or swap space
#   Check if swap backing store is full
#   Decrease Java heap size (-Xmx/-Xms)
#   Decrease number of Java threads
#   Decrease Java thread stack sizes (-Xss)
#   Set larger code cache with -XX:ReservedCodeCacheSize=
#   JVM is running with Unscaled Compressed Oops mode in which the Java heap is
#     placed in the first 4GB address space. The Java Heap base address is the
#     maximum limit for the native heap growth. Please use -XX:HeapBaseMinAddress
#     to set the Java Heap base and to place the Java Heap above 4GB virtual address.
# This output file may be truncated or incomplete.
#
#  Out of Memory Error (arena.cpp:191), pid=23988, tid=14588
#
# JRE version: OpenJDK Runtime Environment Microsoft-10800295 (17.0.14+7) (build 17.0.14+7-LTS)
# Java VM: OpenJDK 64-Bit Server VM Microsoft-10800295 (17.0.14+7-LTS, mixed mode, sharing, tiered, compressed oops, compressed class ptrs, g1 gc, windows-amd64)
# No core dump will be written. Minidumps are not enabled by default on client versions of Windows
#

---------------  S U M M A R Y ------------

Command Line: com.xamarin.manifestmerger.Main obj\Debug\net8.0-android\android\manifestmerger.rsp

Host: Intel(R) Pentium(R) Silver N5030 CPU @ 1.10GHz, 4 cores, 3G,  Windows 11 , 64 bit Build 22621 (10.0.22621.5124)
Time: Thu Apr 10 14:51:22 2025 GMT Summer Time elapsed time: 9.252890 seconds (0d 0h 0m 9s)

---------------  T H R E A D  ---------------

Current thread (0x000001d0ad1d13a0):  JavaThread "C2 CompilerThread0" daemon [_thread_in_native, id=14588, stack(0x000000b40e200000,0x000000b40e300000)]


Current CompileTask:
C2:   9253 1777       4       com.android.utils.PositionXmlParser::getPositionHelper (891 bytes)

Stack: [0x000000b40e200000,0x000000b40e300000]
Native frames: (J=compiled Java code, j=interpreted, Vv=VM code, C=native code)
V  [jvm.dll+0x6886b9]
V  [jvm.dll+0x83f6f8]
V  [jvm.dll+0x8411a3]
V  [jvm.dll+0x841813]
V  [jvm.dll+0x2495cf]
V  [jvm.dll+0xad0d4]
V  [jvm.dll+0xad76c]
V  [jvm.dll+0x2b0d0f]
V  [jvm.dll+0x58e669]
V  [jvm.dll+0x223852]
V  [jvm.dll+0x223c4f]
V  [jvm.dll+0x21c9f0]
V  [jvm.dll+0x219b1b]
V  [jvm.dll+0x1a5596]
V  [jvm.dll+0x22a27a]
V  [jvm.dll+0x2283bb]
V  [jvm.dll+0x7f4f48]
V  [jvm.dll+0x7ef2ac]
V  [jvm.dll+0x687597]
C  [ucrtbase.dll+0x29333]
C  [KERNEL32.DLL+0x1259d]
C  [ntdll.dll+0x5af38]


---------------  P R O C E S S  ---------------

Threads class SMR info:
_java_thread_list=0x000001d0ad3e2c50, length=13, elements={
0x000001d08fd3a850, 0x000001d0ad1b4a40, 0x000001d0ad1b54d0, 0x000001d0ad1ca890,
0x000001d0ad1cf280, 0x000001d0ad1cfc40, 0x000001d0ad1d0600, 0x000001d0ad1d13a0,
0x000001d0ad1d1e50, 0x000001d0ad23d5f0, 0x000001d0ad303de0, 0x000001d0ad30eb60,
0x000001d0adbc74e0
}

Java Threads: ( => current thread )
  0x000001d08fd3a850 JavaThread "main" [_thread_blocked, id=8268, stack(0x000000b40d500000,0x000000b40d600000)]
  0x000001d0ad1b4a40 JavaThread "Reference Handler" daemon [_thread_blocked, id=22428, stack(0x000000b40dc00000,0x000000b40dd00000)]
  0x000001d0ad1b54d0 JavaThread "Finalizer" daemon [_thread_blocked, id=21988, stack(0x000000b40dd00000,0x000000b40de00000)]
  0x000001d0ad1ca890 JavaThread "Signal Dispatcher" daemon [_thread_blocked, id=19240, stack(0x000000b40de00000,0x000000b40df00000)]
  0x000001d0ad1cf280 JavaThread "Attach Listener" daemon [_thread_blocked, id=15248, stack(0x000000b40df00000,0x000000b40e000000)]
  0x000001d0ad1cfc40 JavaThread "Service Thread" daemon [_thread_blocked, id=22324, stack(0x000000b40e000000,0x000000b40e100000)]
  0x000001d0ad1d0600 JavaThread "Monitor Deflation Thread" daemon [_thread_blocked, id=7416, stack(0x000000b40e100000,0x000000b40e200000)]
=>0x000001d0ad1d13a0 JavaThread "C2 CompilerThread0" daemon [_thread_in_native, id=14588, stack(0x000000b40e200000,0x000000b40e300000)]
  0x000001d0ad1d1e50 JavaThread "C1 CompilerThread0" daemon [_thread_blocked, id=5736, stack(0x000000b40e300000,0x000000b40e400000)]
  0x000001d0ad23d5f0 JavaThread "Sweeper thread" daemon [_thread_blocked, id=21872, stack(0x000000b40e400000,0x000000b40e500000)]
  0x000001d0ad303de0 JavaThread "Notification Thread" daemon [_thread_blocked, id=16768, stack(0x000000b40e500000,0x000000b40e600000)]
  0x000001d0ad30eb60 JavaThread "Common-Cleaner" daemon [_thread_blocked, id=16624, stack(0x000000b40e700000,0x000000b40e800000)]

Other Threads:
  0x000001d08fded820 VMThread "VM Thread" [stack: 0x000000b40db00000,0x000000b40dc00000] [id=22372]
  0x000001d0ad30a700 WatcherThread [stack: 0x000000b40e600000,0x000000b40e700000] [id=22876]
  0x000001d08fd750b0 GCTaskThread "GC Thread#0" [stack: 0x000000b40d600000,0x000000b40d700000] [id=14504]
  0x000001d0ad400130 GCTaskThread "GC Thread#1" [stack: 0x000000b40e800000,0x000000b40e900000] [id=18840]
  0x000001d0ad49a470 GCTaskThread "GC Thread#2" [stack: 0x000000b40ea00000,0x000000b40eb00000] [id=23440]
  0x000001d0ad866480 GCTaskThread "GC Thread#3" [stack: 0x000000b40eb00000,0x000000b40ec00000] [id=3940]
  0x000001d08fd7da40 ConcurrentGCThread "G1 Main Marker" [stack: 0x000000b40d700000,0x000000b40d800000] [id=21788]
  0x000001d08fd7e460 ConcurrentGCThread "G1 Conc#0" [stack: 0x000000b40d800000,0x000000b40d900000] [id=7380]
  0x000001d08fdbb5e0 ConcurrentGCThread "G1 Refine#0" [stack: 0x000000b40d900000,0x000000b40da00000] [id=21076]
  0x000001d0ad4700d0 ConcurrentGCThread "G1 Refine#1" [stack: 0x000000b40e900000,0x000000b40ea00000] [id=24000]
  0x000001d0ad730010 ConcurrentGCThread "G1 Refine#2" [stack: 0x000000b40ec00000,0x000000b40ed00000] [id=19844]
  0x000001d0ad45e430 ConcurrentGCThread "G1 Refine#3" [stack: 0x000000b40ed00000,0x000000b40ee00000] [id=16212]
  0x000001d08fdbd020 ConcurrentGCThread "G1 Service" [stack: 0x000000b40da00000,0x000000b40db00000] [id=20912]

Threads with active compile tasks:
C2 CompilerThread0     9330 1777       4       com.android.utils.PositionXmlParser::getPositionHelper (891 bytes)

VM state: not at safepoint (normal execution)

VM Mutex/Monitor currently owned by a thread: None

Heap address: 0x00000000c2e00000, size: 978 MB, Compressed Oops mode: 32-bit

CDS archive(s) mapped at: [0x000001d0ae000000-0x000001d0aebb0000-0x000001d0aebb0000), size 12255232, SharedBaseAddress: 0x000001d0ae000000, ArchiveRelocationMode: 1.
Compressed class space mapped at: 0x000001d0af000000-0x000001d0ef000000, reserved size: 1073741824
Narrow klass base: 0x000001d0ae000000, Narrow klass shift: 0, Narrow klass range: 0x100000000

GC Precious Log:
 CPUs: 4 total, 4 available
 Memory: 3908M
 Large Page Support: Disabled
 NUMA Support: Disabled
 Compressed Oops: Enabled (32-bit)
 Heap Region Size: 1M
 Heap Min Capacity: 8M
 Heap Initial Capacity: 62M
 Heap Max Capacity: 978M
 Pre-touch: Disabled
 Parallel Workers: 4
 Concurrent Workers: 1
 Concurrent Refinement Workers: 4
 Periodic GC: Disabled

Heap:
 garbage-first heap   total 239616K, used 104900K [0x00000000c2e00000, 0x0000000100000000)
  region size 1024K, 32 young (32768K), 10 survivors (10240K)
 Metaspace       used 8086K, committed 8256K, reserved 1114112K
  class space    used 762K, committed 832K, reserved 1048576K

Heap Regions: E=young(eden), S=young(survivor), O=old, HS=humongous(starts), HC=humongous(continues), CS=collection set, F=free, OA=open archive, CA=closed archive, TAMS=top-at-mark-start (previous, next)
|   0|0x00000000c2e00000, 0x00000000c2f00000, 0x00000000c2f00000|100%|HS|  |TAMS 0x00000000c2f00000, 0x00000000c2e00000| Complete 
|   1|0x00000000c2f00000, 0x00000000c3000000, 0x00000000c3000000|100%|HC|  |TAMS 0x00000000c3000000, 0x00000000c2f00000| Complete 
|   2|0x00000000c3000000, 0x00000000c3100000, 0x00000000c3100000|100%|HC|  |TAMS 0x00000000c3100000, 0x00000000c3000000| Complete 
|   3|0x00000000c3100000, 0x00000000c3200000, 0x00000000c3200000|100%| O|  |TAMS 0x00000000c3200000, 0x00000000c3100000| Untracked 
|   4|0x00000000c3200000, 0x00000000c3300000, 0x00000000c3300000|100%| O|  |TAMS 0x00000000c3300000, 0x00000000c3200000| Untracked 
|   5|0x00000000c3300000, 0x00000000c3400000, 0x00000000c3400000|100%| O|  |TAMS 0x00000000c3300000, 0x00000000c3300000| Untracked 
|   6|0x00000000c3400000, 0x00000000c3500000, 0x00000000c3500000|100%| O|  |TAMS 0x00000000c3400000, 0x00000000c3400000| Untracked 
|   7|0x00000000c3500000, 0x00000000c3600000, 0x00000000c3600000|100%| O|  |TAMS 0x00000000c3500000, 0x00000000c3500000| Untracked 
|   8|0x00000000c3600000, 0x00000000c3700000, 0x00000000c3700000|100%| O|  |TAMS 0x00000000c3600000, 0x00000000c3600000| Untracked 
|   9|0x00000000c3700000, 0x00000000c3800000, 0x00000000c3800000|100%| O|  |TAMS 0x00000000c3800000, 0x00000000c3700000| Untracked 
|  10|0x00000000c3800000, 0x00000000c3900000, 0x00000000c3900000|100%| O|  |TAMS 0x00000000c3900000, 0x00000000c3800000| Untracked 
|  11|0x00000000c3900000, 0x00000000c3a00000, 0x00000000c3a00000|100%| O|  |TAMS 0x00000000c3a00000, 0x00000000c3900000| Untracked 
|  12|0x00000000c3a00000, 0x00000000c3b00000, 0x00000000c3b00000|100%|HS|  |TAMS 0x00000000c3a00000, 0x00000000c3a00000| Complete 
|  13|0x00000000c3b00000, 0x00000000c3c00000, 0x00000000c3c00000|100%|HC|  |TAMS 0x00000000c3b00000, 0x00000000c3b00000| Complete 
|  14|0x00000000c3c00000, 0x00000000c3d00000, 0x00000000c3d00000|100%|HC|  |TAMS 0x00000000c3c00000, 0x00000000c3c00000| Complete 
|  15|0x00000000c3d00000, 0x00000000c3e00000, 0x00000000c3e00000|100%| O|  |TAMS 0x00000000c3e00000, 0x00000000c3d00000| Untracked 
|  16|0x00000000c3e00000, 0x00000000c3f00000, 0x00000000c3f00000|100%| O|  |TAMS 0x00000000c3f00000, 0x00000000c3e00000| Untracked 
|  17|0x00000000c3f00000, 0x00000000c4000000, 0x00000000c4000000|100%| O|  |TAMS 0x00000000c4000000, 0x00000000c3f00000| Untracked 
|  18|0x00000000c4000000, 0x00000000c4100000, 0x00000000c4100000|100%| O|  |TAMS 0x00000000c4100000, 0x00000000c4000000| Untracked 
|  19|0x00000000c4100000, 0x00000000c4200000, 0x00000000c4200000|100%| O|  |TAMS 0x00000000c4200000, 0x00000000c4100000| Untracked 
|  20|0x00000000c4200000, 0x00000000c4300000, 0x00000000c4300000|100%| O|  |TAMS 0x00000000c4300000, 0x00000000c4200000| Untracked 
|  21|0x00000000c4300000, 0x00000000c4400000, 0x00000000c4400000|100%| O|  |TAMS 0x00000000c4400000, 0x00000000c4300000| Untracked 
|  22|0x00000000c4400000, 0x00000000c4500000, 0x00000000c4500000|100%| O|  |TAMS 0x00000000c4500000, 0x00000000c4400000| Untracked 
|  23|0x00000000c4500000, 0x00000000c4600000, 0x00000000c4600000|100%| O|  |TAMS 0x00000000c4500000, 0x00000000c4500000| Untracked 
|  24|0x00000000c4600000, 0x00000000c4700000, 0x00000000c4700000|100%| O|  |TAMS 0x00000000c4600000, 0x00000000c4600000| Untracked 
|  25|0x00000000c4700000, 0x00000000c4800000, 0x00000000c4800000|100%| O|  |TAMS 0x00000000c4700000, 0x00000000c4700000| Untracked 
|  26|0x00000000c4800000, 0x00000000c4900000, 0x00000000c4900000|100%| O|  |TAMS 0x00000000c4800000, 0x00000000c4800000| Untracked 
|  27|0x00000000c4900000, 0x00000000c4a00000, 0x00000000c4a00000|100%| O|  |TAMS 0x00000000c4900000, 0x00000000c4900000| Untracked 
|  28|0x00000000c4a00000, 0x00000000c4b00000, 0x00000000c4b00000|100%| O|  |TAMS 0x00000000c4b00000, 0x00000000c4a00000| Untracked 
|  29|0x00000000c4b00000, 0x00000000c4c00000, 0x00000000c4c00000|100%| O|  |TAMS 0x00000000c4c00000, 0x00000000c4b00000| Untracked 
|  30|0x00000000c4c00000, 0x00000000c4d00000, 0x00000000c4d00000|100%| O|  |TAMS 0x00000000c4c00000, 0x00000000c4c00000| Untracked 
|  31|0x00000000c4d00000, 0x00000000c4e00000, 0x00000000c4e00000|100%| O|  |TAMS 0x00000000c4e00000, 0x00000000c4d00000| Untracked 
|  32|0x00000000c4e00000, 0x00000000c4f00000, 0x00000000c4f00000|100%| O|  |TAMS 0x00000000c4e00000, 0x00000000c4e00000| Untracked 
|  33|0x00000000c4f00000, 0x00000000c5000000, 0x00000000c5000000|100%| O|  |TAMS 0x00000000c5000000, 0x00000000c4f00000| Untracked 
|  34|0x00000000c5000000, 0x00000000c5100000, 0x00000000c5100000|100%| O|  |TAMS 0x00000000c5000000, 0x00000000c5000000| Untracked 
|  35|0x00000000c5100000, 0x00000000c5200000, 0x00000000c5200000|100%| O|  |TAMS 0x00000000c5100000, 0x00000000c5100000| Untracked 
|  36|0x00000000c5200000, 0x00000000c5300000, 0x00000000c5300000|100%| O|  |TAMS 0x00000000c5200000, 0x00000000c5200000| Untracked 
|  37|0x00000000c5300000, 0x00000000c5400000, 0x00000000c5400000|100%| O|  |TAMS 0x00000000c5300000, 0x00000000c5300000| Untracked 
|  38|0x00000000c5400000, 0x00000000c5500000, 0x00000000c5500000|100%| O|  |TAMS 0x00000000c5400000, 0x00000000c5400000| Untracked 
|  39|0x00000000c5500000, 0x00000000c5600000, 0x00000000c5600000|100%| O|  |TAMS 0x00000000c5500000, 0x00000000c5500000| Untracked 
|  40|0x00000000c5600000, 0x00000000c5700000, 0x00000000c5700000|100%| O|  |TAMS 0x00000000c5600000, 0x00000000c5600000| Untracked 
|  41|0x00000000c5700000, 0x00000000c5800000, 0x00000000c5800000|100%| O|  |TAMS 0x00000000c5700000, 0x00000000c5700000| Untracked 
|  42|0x00000000c5800000, 0x00000000c5900000, 0x00000000c5900000|100%| O|  |TAMS 0x00000000c5800000, 0x00000000c5800000| Untracked 
|  43|0x00000000c5900000, 0x00000000c5a00000, 0x00000000c5a00000|100%| O|  |TAMS 0x00000000c5900000, 0x00000000c5900000| Untracked 
|  44|0x00000000c5a00000, 0x00000000c5b00000, 0x00000000c5b00000|100%| O|  |TAMS 0x00000000c5b00000, 0x00000000c5a00000| Untracked 
|  45|0x00000000c5b00000, 0x00000000c5c00000, 0x00000000c5c00000|100%| O|  |TAMS 0x00000000c5b00000, 0x00000000c5b00000| Untracked 
|  46|0x00000000c5c00000, 0x00000000c5d00000, 0x00000000c5d00000|100%| O|  |TAMS 0x00000000c5c00000, 0x00000000c5c00000| Untracked 
|  47|0x00000000c5d00000, 0x00000000c5e00000, 0x00000000c5e00000|100%| O|  |TAMS 0x00000000c5d00000, 0x00000000c5d00000| Untracked 
|  48|0x00000000c5e00000, 0x00000000c5f00000, 0x00000000c5f00000|100%|HS|  |TAMS 0x00000000c5e00000, 0x00000000c5e00000| Complete 
|  49|0x00000000c5f00000, 0x00000000c5f00000, 0x00000000c6000000|  0%| F|  |TAMS 0x00000000c5f00000, 0x00000000c5f00000| Untracked 
|  50|0x00000000c6000000, 0x00000000c6000000, 0x00000000c6100000|  0%| F|  |TAMS 0x00000000c6000000, 0x00000000c6000000| Untracked 
|  51|0x00000000c6100000, 0x00000000c6200000, 0x00000000c6200000|100%| O|  |TAMS 0x00000000c6100000, 0x00000000c6100000| Untracked 
|  52|0x00000000c6200000, 0x00000000c6300000, 0x00000000c6300000|100%| O|  |TAMS 0x00000000c6300000, 0x00000000c6200000| Untracked 
|  53|0x00000000c6300000, 0x00000000c6400000, 0x00000000c6400000|100%|HS|  |TAMS 0x00000000c6300000, 0x00000000c6300000| Complete 
|  54|0x00000000c6400000, 0x00000000c6500000, 0x00000000c6500000|100%|HC|  |TAMS 0x00000000c6400000, 0x00000000c6400000| Complete 
|  55|0x00000000c6500000, 0x00000000c6600000, 0x00000000c6600000|100%|HC|  |TAMS 0x00000000c6500000, 0x00000000c6500000| Complete 
|  56|0x00000000c6600000, 0x00000000c6700000, 0x00000000c6700000|100%|HS|  |TAMS 0x00000000c6600000, 0x00000000c6600000| Complete 
|  57|0x00000000c6700000, 0x00000000c6800000, 0x00000000c6800000|100%|HC|  |TAMS 0x00000000c6700000, 0x00000000c6700000| Complete 
|  58|0x00000000c6800000, 0x00000000c6900000, 0x00000000c6900000|100%|HC|  |TAMS 0x00000000c6800000, 0x00000000c6800000| Complete 
|  59|0x00000000c6900000, 0x00000000c6900000, 0x00000000c6a00000|  0%| F|  |TAMS 0x00000000c6900000, 0x00000000c6900000| Untracked 
|  60|0x00000000c6a00000, 0x00000000c6a00000, 0x00000000c6b00000|  0%| F|  |TAMS 0x00000000c6a00000, 0x00000000c6a00000| Untracked 
|  61|0x00000000c6b00000, 0x00000000c6b00000, 0x00000000c6c00000|  0%| F|  |TAMS 0x00000000c6b00000, 0x00000000c6b00000| Untracked 
|  62|0x00000000c6c00000, 0x00000000c6d00000, 0x00000000c6d00000|100%|HS|  |TAMS 0x00000000c6c00000, 0x00000000c6c00000| Complete 
|  63|0x00000000c6d00000, 0x00000000c6e00000, 0x00000000c6e00000|100%|HC|  |TAMS 0x00000000c6d00000, 0x00000000c6d00000| Complete 
|  64|0x00000000c6e00000, 0x00000000c6f00000, 0x00000000c6f00000|100%|HC|  |TAMS 0x00000000c6e00000, 0x00000000c6e00000| Complete 
|  65|0x00000000c6f00000, 0x00000000c6f00000, 0x00000000c7000000|  0%| F|  |TAMS 0x00000000c6f00000, 0x00000000c6f00000| Untracked 
|  66|0x00000000c7000000, 0x00000000c7000000, 0x00000000c7100000|  0%| F|  |TAMS 0x00000000c7000000, 0x00000000c7000000| Untracked 
|  67|0x00000000c7100000, 0x00000000c7100000, 0x00000000c7200000|  0%| F|  |TAMS 0x00000000c7100000, 0x00000000c7100000| Untracked 
|  68|0x00000000c7200000, 0x00000000c7300000, 0x00000000c7300000|100%|HS|  |TAMS 0x00000000c7200000, 0x00000000c7200000| Complete 
|  69|0x00000000c7300000, 0x00000000c7400000, 0x00000000c7400000|100%|HC|  |TAMS 0x00000000c7300000, 0x00000000c7300000| Complete 
|  70|0x00000000c7400000, 0x00000000c7500000, 0x00000000c7500000|100%|HC|  |TAMS 0x00000000c7400000, 0x00000000c7400000| Complete 
|  71|0x00000000c7500000, 0x00000000c7600000, 0x00000000c7600000|100%|HS|  |TAMS 0x00000000c7500000, 0x00000000c7500000| Complete 
|  72|0x00000000c7600000, 0x00000000c7700000, 0x00000000c7700000|100%|HC|  |TAMS 0x00000000c7600000, 0x00000000c7600000| Complete 
|  73|0x00000000c7700000, 0x00000000c7800000, 0x00000000c7800000|100%|HC|  |TAMS 0x00000000c7700000, 0x00000000c7700000| Complete 
|  74|0x00000000c7800000, 0x00000000c7900000, 0x00000000c7900000|100%| O|  |TAMS 0x00000000c7800000, 0x00000000c7800000| Untracked 
|  75|0x00000000c7900000, 0x00000000c7a00000, 0x00000000c7a00000|100%| O|  |TAMS 0x00000000c7900000, 0x00000000c7900000| Untracked 
|  76|0x00000000c7a00000, 0x00000000c7b00000, 0x00000000c7b00000|100%| O|  |TAMS 0x00000000c7a00000, 0x00000000c7a00000| Untracked 
|  77|0x00000000c7b00000, 0x00000000c7c00000, 0x00000000c7c00000|100%| O|  |TAMS 0x00000000c7b00000, 0x00000000c7b00000| Untracked 
|  78|0x00000000c7c00000, 0x00000000c7d00000, 0x00000000c7d00000|100%| O|  |TAMS 0x00000000c7c00000, 0x00000000c7c00000| Untracked 
|  79|0x00000000c7d00000, 0x00000000c7e00000, 0x00000000c7e00000|100%| O|  |TAMS 0x00000000c7d00000, 0x00000000c7d00000| Untracked 
|  80|0x00000000c7e00000, 0x00000000c7e71000, 0x00000000c7f00000| 44%| O|  |TAMS 0x00000000c7e00000, 0x00000000c7e00000| Untracked 
|  81|0x00000000c7f00000, 0x00000000c7f00000, 0x00000000c8000000|  0%| F|  |TAMS 0x00000000c7f00000, 0x00000000c7f00000| Untracked 
|  82|0x00000000c8000000, 0x00000000c8000000, 0x00000000c8100000|  0%| F|  |TAMS 0x00000000c8000000, 0x00000000c8000000| Untracked 
|  83|0x00000000c8100000, 0x00000000c8100000, 0x00000000c8200000|  0%| F|  |TAMS 0x00000000c8100000, 0x00000000c8100000| Untracked 
|  84|0x00000000c8200000, 0x00000000c8200000, 0x00000000c8300000|  0%| F|  |TAMS 0x00000000c8200000, 0x00000000c8200000| Untracked 
|  85|0x00000000c8300000, 0x00000000c8300000, 0x00000000c8400000|  0%| F|  |TAMS 0x00000000c8300000, 0x00000000c8300000| Untracked 
|  86|0x00000000c8400000, 0x00000000c8400000, 0x00000000c8500000|  0%| F|  |TAMS 0x00000000c8400000, 0x00000000c8400000| Untracked 
|  87|0x00000000c8500000, 0x00000000c8500000, 0x00000000c8600000|  0%| F|  |TAMS 0x00000000c8500000, 0x00000000c8500000| Untracked 
|  88|0x00000000c8600000, 0x00000000c8600000, 0x00000000c8700000|  0%| F|  |TAMS 0x00000000c8600000, 0x00000000c8600000| Untracked 
|  89|0x00000000c8700000, 0x00000000c8700000, 0x00000000c8800000|  0%| F|  |TAMS 0x00000000c8700000, 0x00000000c8700000| Untracked 
|  90|0x00000000c8800000, 0x00000000c8800000, 0x00000000c8900000|  0%| F|  |TAMS 0x00000000c8800000, 0x00000000c8800000| Untracked 
|  91|0x00000000c8900000, 0x00000000c8900000, 0x00000000c8a00000|  0%| F|  |TAMS 0x00000000c8900000, 0x00000000c8900000| Untracked 
|  92|0x00000000c8a00000, 0x00000000c8a00000, 0x00000000c8b00000|  0%| F|  |TAMS 0x00000000c8a00000, 0x00000000c8a00000| Untracked 
|  93|0x00000000c8b00000, 0x00000000c8b00000, 0x00000000c8c00000|  0%| F|  |TAMS 0x00000000c8b00000, 0x00000000c8b00000| Untracked 
|  94|0x00000000c8c00000, 0x00000000c8c00000, 0x00000000c8d00000|  0%| F|  |TAMS 0x00000000c8c00000, 0x00000000c8c00000| Untracked 
|  95|0x00000000c8d00000, 0x00000000c8d00000, 0x00000000c8e00000|  0%| F|  |TAMS 0x00000000c8d00000, 0x00000000c8d00000| Untracked 
|  96|0x00000000c8e00000, 0x00000000c8e00000, 0x00000000c8f00000|  0%| F|  |TAMS 0x00000000c8e00000, 0x00000000c8e00000| Untracked 
|  97|0x00000000c8f00000, 0x00000000c8f00000, 0x00000000c9000000|  0%| F|  |TAMS 0x00000000c8f00000, 0x00000000c8f00000| Untracked 
|  98|0x00000000c9000000, 0x00000000c9000000, 0x00000000c9100000|  0%| F|  |TAMS 0x00000000c9000000, 0x00000000c9000000| Untracked 
|  99|0x00000000c9100000, 0x00000000c9100000, 0x00000000c9200000|  0%| F|  |TAMS 0x00000000c9100000, 0x00000000c9100000| Untracked 
| 100|0x00000000c9200000, 0x00000000c9200000, 0x00000000c9300000|  0%| F|  |TAMS 0x00000000c9200000, 0x00000000c9200000| Untracked 
| 101|0x00000000c9300000, 0x00000000c9300000, 0x00000000c9400000|  0%| F|  |TAMS 0x00000000c9300000, 0x00000000c9300000| Untracked 
| 102|0x00000000c9400000, 0x00000000c9400000, 0x00000000c9500000|  0%| F|  |TAMS 0x00000000c9400000, 0x00000000c9400000| Untracked 
| 103|0x00000000c9500000, 0x00000000c9500000, 0x00000000c9600000|  0%| F|  |TAMS 0x00000000c9500000, 0x00000000c9500000| Untracked 
| 104|0x00000000c9600000, 0x00000000c9600000, 0x00000000c9700000|  0%| F|  |TAMS 0x00000000c9600000, 0x00000000c9600000| Untracked 
| 105|0x00000000c9700000, 0x00000000c9700000, 0x00000000c9800000|  0%| F|  |TAMS 0x00000000c9700000, 0x00000000c9700000| Untracked 
| 106|0x00000000c9800000, 0x00000000c9800000, 0x00000000c9900000|  0%| F|  |TAMS 0x00000000c9800000, 0x00000000c9800000| Untracked 
| 107|0x00000000c9900000, 0x00000000c9900000, 0x00000000c9a00000|  0%| F|  |TAMS 0x00000000c9900000, 0x00000000c9900000| Untracked 
| 108|0x00000000c9a00000, 0x00000000c9a00000, 0x00000000c9b00000|  0%| F|  |TAMS 0x00000000c9a00000, 0x00000000c9a00000| Untracked 
| 109|0x00000000c9b00000, 0x00000000c9b00000, 0x00000000c9c00000|  0%| F|  |TAMS 0x00000000c9b00000, 0x00000000c9b00000| Untracked 
| 110|0x00000000c9c00000, 0x00000000c9c00000, 0x00000000c9d00000|  0%| F|  |TAMS 0x00000000c9c00000, 0x00000000c9c00000| Untracked 
| 111|0x00000000c9d00000, 0x00000000c9d00000, 0x00000000c9e00000|  0%| F|  |TAMS 0x00000000c9d00000, 0x00000000c9d00000| Untracked 
| 112|0x00000000c9e00000, 0x00000000c9e00000, 0x00000000c9f00000|  0%| F|  |TAMS 0x00000000c9e00000, 0x00000000c9e00000| Untracked 
| 113|0x00000000c9f00000, 0x00000000c9f00000, 0x00000000ca000000|  0%| F|  |TAMS 0x00000000c9f00000, 0x00000000c9f00000| Untracked 
| 114|0x00000000ca000000, 0x00000000ca000000, 0x00000000ca100000|  0%| F|  |TAMS 0x00000000ca000000, 0x00000000ca000000| Untracked 
| 115|0x00000000ca100000, 0x00000000ca100000, 0x00000000ca200000|  0%| F|  |TAMS 0x00000000ca100000, 0x00000000ca100000| Untracked 
| 116|0x00000000ca200000, 0x00000000ca200000, 0x00000000ca300000|  0%| F|  |TAMS 0x00000000ca200000, 0x00000000ca200000| Untracked 
| 117|0x00000000ca300000, 0x00000000ca300000, 0x00000000ca400000|  0%| F|  |TAMS 0x00000000ca300000, 0x00000000ca300000| Untracked 
| 118|0x00000000ca400000, 0x00000000ca400000, 0x00000000ca500000|  0%| F|  |TAMS 0x00000000ca400000, 0x00000000ca400000| Untracked 
| 119|0x00000000ca500000, 0x00000000ca500000, 0x00000000ca600000|  0%| F|  |TAMS 0x00000000ca500000, 0x00000000ca500000| Untracked 
| 120|0x00000000ca600000, 0x00000000ca600000, 0x00000000ca700000|  0%| F|  |TAMS 0x00000000ca600000, 0x00000000ca600000| Untracked 
| 121|0x00000000ca700000, 0x00000000ca700000, 0x00000000ca800000|  0%| F|  |TAMS 0x00000000ca700000, 0x00000000ca700000| Untracked 
| 122|0x00000000ca800000, 0x00000000ca800000, 0x00000000ca900000|  0%| F|  |TAMS 0x00000000ca800000, 0x00000000ca800000| Untracked 
| 123|0x00000000ca900000, 0x00000000ca900000, 0x00000000caa00000|  0%| F|  |TAMS 0x00000000ca900000, 0x00000000ca900000| Untracked 
| 124|0x00000000caa00000, 0x00000000caa00000, 0x00000000cab00000|  0%| F|  |TAMS 0x00000000caa00000, 0x00000000caa00000| Untracked 
| 125|0x00000000cab00000, 0x00000000cab00000, 0x00000000cac00000|  0%| F|  |TAMS 0x00000000cab00000, 0x00000000cab00000| Untracked 
| 126|0x00000000cac00000, 0x00000000cac00000, 0x00000000cad00000|  0%| F|  |TAMS 0x00000000cac00000, 0x00000000cac00000| Untracked 
| 127|0x00000000cad00000, 0x00000000cad00000, 0x00000000cae00000|  0%| F|  |TAMS 0x00000000cad00000, 0x00000000cad00000| Untracked 
| 128|0x00000000cae00000, 0x00000000cae00000, 0x00000000caf00000|  0%| F|  |TAMS 0x00000000cae00000, 0x00000000cae00000| Untracked 
| 129|0x00000000caf00000, 0x00000000caf00000, 0x00000000cb000000|  0%| F|  |TAMS 0x00000000caf00000, 0x00000000caf00000| Untracked 
| 130|0x00000000cb000000, 0x00000000cb000000, 0x00000000cb100000|  0%| F|  |TAMS 0x00000000cb000000, 0x00000000cb000000| Untracked 
| 131|0x00000000cb100000, 0x00000000cb100000, 0x00000000cb200000|  0%| F|  |TAMS 0x00000000cb100000, 0x00000000cb100000| Untracked 
| 132|0x00000000cb200000, 0x00000000cb200000, 0x00000000cb300000|  0%| F|  |TAMS 0x00000000cb200000, 0x00000000cb200000| Untracked 
| 133|0x00000000cb300000, 0x00000000cb300000, 0x00000000cb400000|  0%| F|  |TAMS 0x00000000cb300000, 0x00000000cb300000| Untracked 
| 134|0x00000000cb400000, 0x00000000cb400000, 0x00000000cb500000|  0%| F|  |TAMS 0x00000000cb400000, 0x00000000cb400000| Untracked 
| 135|0x00000000cb500000, 0x00000000cb500000, 0x00000000cb600000|  0%| F|  |TAMS 0x00000000cb500000, 0x00000000cb500000| Untracked 
| 136|0x00000000cb600000, 0x00000000cb600000, 0x00000000cb700000|  0%| F|  |TAMS 0x00000000cb600000, 0x00000000cb600000| Untracked 
| 137|0x00000000cb700000, 0x00000000cb700000, 0x00000000cb800000|  0%| F|  |TAMS 0x00000000cb700000, 0x00000000cb700000| Untracked 
| 138|0x00000000cb800000, 0x00000000cb800000, 0x00000000cb900000|  0%| F|  |TAMS 0x00000000cb800000, 0x00000000cb800000| Untracked 
| 139|0x00000000cb900000, 0x00000000cb900000, 0x00000000cba00000|  0%| F|  |TAMS 0x00000000cb900000, 0x00000000cb900000| Untracked 
| 140|0x00000000cba00000, 0x00000000cba00000, 0x00000000cbb00000|  0%| F|  |TAMS 0x00000000cba00000, 0x00000000cba00000| Untracked 
| 141|0x00000000cbb00000, 0x00000000cbb00000, 0x00000000cbc00000|  0%| F|  |TAMS 0x00000000cbb00000, 0x00000000cbb00000| Untracked 
| 142|0x00000000cbc00000, 0x00000000cbc00000, 0x00000000cbd00000|  0%| F|  |TAMS 0x00000000cbc00000, 0x00000000cbc00000| Untracked 
| 143|0x00000000cbd00000, 0x00000000cbd00000, 0x00000000cbe00000|  0%| F|  |TAMS 0x00000000cbd00000, 0x00000000cbd00000| Untracked 
| 144|0x00000000cbe00000, 0x00000000cbe00000, 0x00000000cbf00000|  0%| F|  |TAMS 0x00000000cbe00000, 0x00000000cbe00000| Untracked 
| 145|0x00000000cbf00000, 0x00000000cbf00000, 0x00000000cc000000|  0%| F|  |TAMS 0x00000000cbf00000, 0x00000000cbf00000| Untracked 
| 146|0x00000000cc000000, 0x00000000cc100000, 0x00000000cc100000|100%| S|CS|TAMS 0x00000000cc000000, 0x00000000cc000000| Complete 
| 147|0x00000000cc100000, 0x00000000cc200000, 0x00000000cc200000|100%| S|CS|TAMS 0x00000000cc100000, 0x00000000cc100000| Complete 
| 148|0x00000000cc200000, 0x00000000cc300000, 0x00000000cc300000|100%| S|CS|TAMS 0x00000000cc200000, 0x00000000cc200000| Complete 
| 149|0x00000000cc300000, 0x00000000cc400000, 0x00000000cc400000|100%| S|CS|TAMS 0x00000000cc300000, 0x00000000cc300000| Complete 
| 150|0x00000000cc400000, 0x00000000cc500000, 0x00000000cc500000|100%| S|CS|TAMS 0x00000000cc400000, 0x00000000cc400000| Complete 
| 151|0x00000000cc500000, 0x00000000cc600000, 0x00000000cc600000|100%| S|CS|TAMS 0x00000000cc500000, 0x00000000cc500000| Complete 
| 152|0x00000000cc600000, 0x00000000cc700000, 0x00000000cc700000|100%| S|CS|TAMS 0x00000000cc600000, 0x00000000cc600000| Complete 
| 153|0x00000000cc700000, 0x00000000cc800000, 0x00000000cc800000|100%| S|CS|TAMS 0x00000000cc700000, 0x00000000cc700000| Complete 
| 154|0x00000000cc800000, 0x00000000cc900000, 0x00000000cc900000|100%| S|CS|TAMS 0x00000000cc800000, 0x00000000cc800000| Complete 
| 155|0x00000000cc900000, 0x00000000cca00000, 0x00000000cca00000|100%| S|CS|TAMS 0x00000000cc900000, 0x00000000cc900000| Complete 
| 156|0x00000000cca00000, 0x00000000cca00000, 0x00000000ccb00000|  0%| F|  |TAMS 0x00000000cca00000, 0x00000000cca00000| Untracked 
| 157|0x00000000ccb00000, 0x00000000ccb00000, 0x00000000ccc00000|  0%| F|  |TAMS 0x00000000ccb00000, 0x00000000ccb00000| Untracked 
| 158|0x00000000ccc00000, 0x00000000ccc00000, 0x00000000ccd00000|  0%| F|  |TAMS 0x00000000ccc00000, 0x00000000ccc00000| Untracked 
| 159|0x00000000ccd00000, 0x00000000ccd00000, 0x00000000cce00000|  0%| F|  |TAMS 0x00000000ccd00000, 0x00000000ccd00000| Untracked 
| 160|0x00000000cce00000, 0x00000000cce00000, 0x00000000ccf00000|  0%| F|  |TAMS 0x00000000cce00000, 0x00000000cce00000| Untracked 
| 161|0x00000000ccf00000, 0x00000000ccf00000, 0x00000000cd000000|  0%| F|  |TAMS 0x00000000ccf00000, 0x00000000ccf00000| Untracked 
| 162|0x00000000cd000000, 0x00000000cd000000, 0x00000000cd100000|  0%| F|  |TAMS 0x00000000cd000000, 0x00000000cd000000| Untracked 
| 163|0x00000000cd100000, 0x00000000cd100000, 0x00000000cd200000|  0%| F|  |TAMS 0x00000000cd100000, 0x00000000cd100000| Untracked 
| 164|0x00000000cd200000, 0x00000000cd200000, 0x00000000cd300000|  0%| F|  |TAMS 0x00000000cd200000, 0x00000000cd200000| Untracked 
| 165|0x00000000cd300000, 0x00000000cd300000, 0x00000000cd400000|  0%| F|  |TAMS 0x00000000cd300000, 0x00000000cd300000| Untracked 
| 166|0x00000000cd400000, 0x00000000cd400000, 0x00000000cd500000|  0%| F|  |TAMS 0x00000000cd400000, 0x00000000cd400000| Untracked 
| 167|0x00000000cd500000, 0x00000000cd500000, 0x00000000cd600000|  0%| F|  |TAMS 0x00000000cd500000, 0x00000000cd500000| Untracked 
| 168|0x00000000cd600000, 0x00000000cd600000, 0x00000000cd700000|  0%| F|  |TAMS 0x00000000cd600000, 0x00000000cd600000| Untracked 
| 169|0x00000000cd700000, 0x00000000cd700000, 0x00000000cd800000|  0%| F|  |TAMS 0x00000000cd700000, 0x00000000cd700000| Untracked 
| 170|0x00000000cd800000, 0x00000000cd800000, 0x00000000cd900000|  0%| F|  |TAMS 0x00000000cd800000, 0x00000000cd800000| Untracked 
| 171|0x00000000cd900000, 0x00000000cd900000, 0x00000000cda00000|  0%| F|  |TAMS 0x00000000cd900000, 0x00000000cd900000| Untracked 
| 172|0x00000000cda00000, 0x00000000cda00000, 0x00000000cdb00000|  0%| F|  |TAMS 0x00000000cda00000, 0x00000000cda00000| Untracked 
| 173|0x00000000cdb00000, 0x00000000cdb00000, 0x00000000cdc00000|  0%| F|  |TAMS 0x00000000cdb00000, 0x00000000cdb00000| Untracked 
| 174|0x00000000cdc00000, 0x00000000cdc00000, 0x00000000cdd00000|  0%| F|  |TAMS 0x00000000cdc00000, 0x00000000cdc00000| Untracked 
| 175|0x00000000cdd00000, 0x00000000cdd00000, 0x00000000cde00000|  0%| F|  |TAMS 0x00000000cdd00000, 0x00000000cdd00000| Untracked 
| 176|0x00000000cde00000, 0x00000000cde00000, 0x00000000cdf00000|  0%| F|  |TAMS 0x00000000cde00000, 0x00000000cde00000| Untracked 
| 177|0x00000000cdf00000, 0x00000000cdf00000, 0x00000000ce000000|  0%| F|  |TAMS 0x00000000cdf00000, 0x00000000cdf00000| Untracked 
| 178|0x00000000ce000000, 0x00000000ce000000, 0x00000000ce100000|  0%| F|  |TAMS 0x00000000ce000000, 0x00000000ce000000| Untracked 
| 179|0x00000000ce100000, 0x00000000ce100000, 0x00000000ce200000|  0%| F|  |TAMS 0x00000000ce100000, 0x00000000ce100000| Untracked 
| 180|0x00000000ce200000, 0x00000000ce200000, 0x00000000ce300000|  0%| F|  |TAMS 0x00000000ce200000, 0x00000000ce200000| Untracked 
| 181|0x00000000ce300000, 0x00000000ce300000, 0x00000000ce400000|  0%| F|  |TAMS 0x00000000ce300000, 0x00000000ce300000| Untracked 
| 182|0x00000000ce400000, 0x00000000ce400000, 0x00000000ce500000|  0%| F|  |TAMS 0x00000000ce400000, 0x00000000ce400000| Untracked 
| 183|0x00000000ce500000, 0x00000000ce500000, 0x00000000ce600000|  0%| F|  |TAMS 0x00000000ce500000, 0x00000000ce500000| Untracked 
| 184|0x00000000ce600000, 0x00000000ce600000, 0x00000000ce700000|  0%| F|  |TAMS 0x00000000ce600000, 0x00000000ce600000| Untracked 
| 185|0x00000000ce700000, 0x00000000ce700000, 0x00000000ce800000|  0%| F|  |TAMS 0x00000000ce700000, 0x00000000ce700000| Untracked 
| 186|0x00000000ce800000, 0x00000000ce800000, 0x00000000ce900000|  0%| F|  |TAMS 0x00000000ce800000, 0x00000000ce800000| Untracked 
| 187|0x00000000ce900000, 0x00000000ce900000, 0x00000000cea00000|  0%| F|  |TAMS 0x00000000ce900000, 0x00000000ce900000| Untracked 
| 188|0x00000000cea00000, 0x00000000cea00000, 0x00000000ceb00000|  0%| F|  |TAMS 0x00000000cea00000, 0x00000000cea00000| Untracked 
| 189|0x00000000ceb00000, 0x00000000ceb00000, 0x00000000cec00000|  0%| F|  |TAMS 0x00000000ceb00000, 0x00000000ceb00000| Untracked 
| 190|0x00000000cec00000, 0x00000000cec00000, 0x00000000ced00000|  0%| F|  |TAMS 0x00000000cec00000, 0x00000000cec00000| Untracked 
| 191|0x00000000ced00000, 0x00000000ced00000, 0x00000000cee00000|  0%| F|  |TAMS 0x00000000ced00000, 0x00000000ced00000| Untracked 
| 192|0x00000000cee00000, 0x00000000cee00000, 0x00000000cef00000|  0%| F|  |TAMS 0x00000000cee00000, 0x00000000cee00000| Untracked 
| 193|0x00000000cef00000, 0x00000000cef00000, 0x00000000cf000000|  0%| F|  |TAMS 0x00000000cef00000, 0x00000000cef00000| Untracked 
| 194|0x00000000cf000000, 0x00000000cf000000, 0x00000000cf100000|  0%| F|  |TAMS 0x00000000cf000000, 0x00000000cf000000| Untracked 
| 195|0x00000000cf100000, 0x00000000cf100000, 0x00000000cf200000|  0%| F|  |TAMS 0x00000000cf100000, 0x00000000cf100000| Untracked 
| 196|0x00000000cf200000, 0x00000000cf200000, 0x00000000cf300000|  0%| F|  |TAMS 0x00000000cf200000, 0x00000000cf200000| Untracked 
| 197|0x00000000cf300000, 0x00000000cf300000, 0x00000000cf400000|  0%| F|  |TAMS 0x00000000cf300000, 0x00000000cf300000| Untracked 
| 198|0x00000000cf400000, 0x00000000cf400000, 0x00000000cf500000|  0%| F|  |TAMS 0x00000000cf400000, 0x00000000cf400000| Untracked 
| 199|0x00000000cf500000, 0x00000000cf500000, 0x00000000cf600000|  0%| F|  |TAMS 0x00000000cf500000, 0x00000000cf500000| Untracked 
| 200|0x00000000cf600000, 0x00000000cf600000, 0x00000000cf700000|  0%| F|  |TAMS 0x00000000cf600000, 0x00000000cf600000| Untracked 
| 201|0x00000000cf700000, 0x00000000cf700000, 0x00000000cf800000|  0%| F|  |TAMS 0x00000000cf700000, 0x00000000cf700000| Untracked 
| 202|0x00000000cf800000, 0x00000000cf800000, 0x00000000cf900000|  0%| F|  |TAMS 0x00000000cf800000, 0x00000000cf800000| Untracked 
| 203|0x00000000cf900000, 0x00000000cf900000, 0x00000000cfa00000|  0%| F|  |TAMS 0x00000000cf900000, 0x00000000cf900000| Untracked 
| 204|0x00000000cfa00000, 0x00000000cfa00000, 0x00000000cfb00000|  0%| F|  |TAMS 0x00000000cfa00000, 0x00000000cfa00000| Untracked 
| 205|0x00000000cfb00000, 0x00000000cfb00000, 0x00000000cfc00000|  0%| F|  |TAMS 0x00000000cfb00000, 0x00000000cfb00000| Untracked 
| 206|0x00000000cfc00000, 0x00000000cfc00000, 0x00000000cfd00000|  0%| F|  |TAMS 0x00000000cfc00000, 0x00000000cfc00000| Untracked 
| 207|0x00000000cfd00000, 0x00000000cfd00000, 0x00000000cfe00000|  0%| F|  |TAMS 0x00000000cfd00000, 0x00000000cfd00000| Untracked 
| 208|0x00000000cfe00000, 0x00000000cfe00000, 0x00000000cff00000|  0%| F|  |TAMS 0x00000000cfe00000, 0x00000000cfe00000| Untracked 
| 209|0x00000000cff00000, 0x00000000cff00000, 0x00000000d0000000|  0%| F|  |TAMS 0x00000000cff00000, 0x00000000cff00000| Untracked 
| 210|0x00000000d0000000, 0x00000000d0000000, 0x00000000d0100000|  0%| F|  |TAMS 0x00000000d0000000, 0x00000000d0000000| Untracked 
| 211|0x00000000d0100000, 0x00000000d0100000, 0x00000000d0200000|  0%| F|  |TAMS 0x00000000d0100000, 0x00000000d0100000| Untracked 
| 212|0x00000000d0200000, 0x00000000d0300000, 0x00000000d0300000|100%| E|  |TAMS 0x00000000d0200000, 0x00000000d0200000| Complete 
| 213|0x00000000d0300000, 0x00000000d0400000, 0x00000000d0400000|100%| E|CS|TAMS 0x00000000d0300000, 0x00000000d0300000| Complete 
| 214|0x00000000d0400000, 0x00000000d0500000, 0x00000000d0500000|100%| E|CS|TAMS 0x00000000d0400000, 0x00000000d0400000| Complete 
| 215|0x00000000d0500000, 0x00000000d0600000, 0x00000000d0600000|100%| E|CS|TAMS 0x00000000d0500000, 0x00000000d0500000| Complete 
| 216|0x00000000d0600000, 0x00000000d0700000, 0x00000000d0700000|100%| E|CS|TAMS 0x00000000d0600000, 0x00000000d0600000| Complete 
| 217|0x00000000d0700000, 0x00000000d0800000, 0x00000000d0800000|100%| E|CS|TAMS 0x00000000d0700000, 0x00000000d0700000| Complete 
| 218|0x00000000d0800000, 0x00000000d0900000, 0x00000000d0900000|100%| E|CS|TAMS 0x00000000d0800000, 0x00000000d0800000| Complete 
| 219|0x00000000d0900000, 0x00000000d0a00000, 0x00000000d0a00000|100%| E|  |TAMS 0x00000000d0900000, 0x00000000d0900000| Complete 
| 220|0x00000000d0a00000, 0x00000000d0b00000, 0x00000000d0b00000|100%| E|CS|TAMS 0x00000000d0a00000, 0x00000000d0a00000| Complete 
| 221|0x00000000d0b00000, 0x00000000d0c00000, 0x00000000d0c00000|100%| E|CS|TAMS 0x00000000d0b00000, 0x00000000d0b00000| Complete 
| 222|0x00000000d0c00000, 0x00000000d0d00000, 0x00000000d0d00000|100%| E|CS|TAMS 0x00000000d0c00000, 0x00000000d0c00000| Complete 
| 223|0x00000000d0d00000, 0x00000000d0e00000, 0x00000000d0e00000|100%| E|CS|TAMS 0x00000000d0d00000, 0x00000000d0d00000| Complete 
| 224|0x00000000d0e00000, 0x00000000d0f00000, 0x00000000d0f00000|100%| E|CS|TAMS 0x00000000d0e00000, 0x00000000d0e00000| Complete 
| 225|0x00000000d0f00000, 0x00000000d1000000, 0x00000000d1000000|100%| E|CS|TAMS 0x00000000d0f00000, 0x00000000d0f00000| Complete 
| 226|0x00000000d1000000, 0x00000000d1100000, 0x00000000d1100000|100%| E|CS|TAMS 0x00000000d1000000, 0x00000000d1000000| Complete 
| 227|0x00000000d1100000, 0x00000000d1200000, 0x00000000d1200000|100%| E|CS|TAMS 0x00000000d1100000, 0x00000000d1100000| Complete 
| 228|0x00000000d1200000, 0x00000000d1300000, 0x00000000d1300000|100%| E|CS|TAMS 0x00000000d1200000, 0x00000000d1200000| Complete 
| 229|0x00000000d1300000, 0x00000000d1400000, 0x00000000d1400000|100%| E|CS|TAMS 0x00000000d1300000, 0x00000000d1300000| Complete 
| 230|0x00000000d1400000, 0x00000000d1500000, 0x00000000d1500000|100%| E|CS|TAMS 0x00000000d1400000, 0x00000000d1400000| Complete 
| 231|0x00000000d1500000, 0x00000000d1600000, 0x00000000d1600000|100%| E|CS|TAMS 0x00000000d1500000, 0x00000000d1500000| Complete 
| 232|0x00000000d1600000, 0x00000000d1700000, 0x00000000d1700000|100%| E|CS|TAMS 0x00000000d1600000, 0x00000000d1600000| Complete 
| 233|0x00000000d1700000, 0x00000000d1800000, 0x00000000d1800000|100%| E|CS|TAMS 0x00000000d1700000, 0x00000000d1700000| Complete 

Card table byte_map: [0x000001d0a8970000,0x000001d0a8b60000] _byte_map_base: 0x000001d0a8359000

Marking Bits (Prev, Next): (CMBitMap*) 0x000001d08fd756d0, (CMBitMap*) 0x000001d08fd75710
 Prev Bits: [0x000001d0a8d50000, 0x000001d0a9c98000)
 Next Bits: [0x000001d0a9ca0000, 0x000001d0aabe8000)

Polling page: 0x000001d099130000

Metaspace:

Usage:
  Non-class:      7.15 MB used.
      Class:    762.41 KB used.
       Both:      7.90 MB used.

Virtual space:
  Non-class space:       64.00 MB reserved,       7.25 MB ( 11%) committed,  1 nodes.
      Class space:        1.00 GB reserved,     832.00 KB ( <1%) committed,  1 nodes.
             Both:        1.06 GB reserved,       8.06 MB ( <1%) committed. 

Chunk freelists:
   Non-Class:  8.16 MB
       Class:  15.17 MB
        Both:  23.33 MB

MaxMetaspaceSize: unlimited
CompressedClassSpaceSize: 1.00 GB
Initial GC threshold: 21.00 MB
Current GC threshold: 21.00 MB
CDS: on
MetaspaceReclaimPolicy: balanced
 - commit_granule_bytes: 65536.
 - commit_granule_words: 8192.
 - virtual_space_node_default_size: 8388608.
 - enlarge_chunks_in_place: 1.
 - new_chunks_are_fully_committed: 0.
 - uncommit_free_chunks: 1.
 - use_allocation_guard: 0.
 - handle_deallocations: 1.


Internal statistics:

num_allocs_failed_limit: 0.
num_arena_births: 58.
num_arena_deaths: 0.
num_vsnodes_births: 2.
num_vsnodes_deaths: 0.
num_space_committed: 129.
num_space_uncommitted: 0.
num_chunks_returned_to_freelist: 0.
num_chunks_taken_from_freelist: 248.
num_chunk_merges: 0.
num_chunk_splits: 179.
num_chunks_enlarged: 144.
num_inconsistent_stats: 0.

CodeHeap 'non-profiled nmethods': size=120000Kb used=920Kb max_used=920Kb free=119079Kb
 bounds [0x000001d0a0c20000, 0x000001d0a0e90000, 0x000001d0a8150000]
CodeHeap 'profiled nmethods': size=120000Kb used=3592Kb max_used=3592Kb free=116407Kb
 bounds [0x000001d099150000, 0x000001d0994e0000, 0x000001d0a0680000]
CodeHeap 'non-nmethods': size=5760Kb used=1159Kb max_used=1175Kb free=4600Kb
 bounds [0x000001d0a0680000, 0x000001d0a08f0000, 0x000001d0a0c20000]
 total_blobs=2245 nmethods=1792 adapters=366
 compilation: enabled
              stopped_count=0, restarted_count=0
 full_count=0

Compilation events (20 events):
Event: 9.129 Thread 0x000001d0ad1d1e50 1790       3       com.android.utils.SdkUtils::endsWith (62 bytes)
Event: 9.130 Thread 0x000001d0ad1d1e50 nmethod 1790 0x000001d0994ccb10 code [0x000001d0994ccd00, 0x000001d0994cd2b8]
Event: 9.130 Thread 0x000001d0ad1d1e50 1788       3       com.android.ide.common.xml.XmlAttributeSortOrder$1::compare (13 bytes)
Event: 9.130 Thread 0x000001d0ad1d1e50 nmethod 1788 0x000001d0994cd490 code [0x000001d0994cd640, 0x000001d0994cd9c8]
Event: 9.130 Thread 0x000001d0ad1d1e50 1789       3       com.android.ide.common.xml.XmlAttributeSortOrder$1::compare (108 bytes)
Event: 9.131 Thread 0x000001d0ad1d1e50 nmethod 1789 0x000001d0994cda90 code [0x000001d0994cdd40, 0x000001d0994cec08]
Event: 9.151 Thread 0x000001d0ad1d1e50 1791       3       java.lang.AbstractStringBuilder::appendChars (130 bytes)
Event: 9.151 Thread 0x000001d0ad1d1e50 nmethod 1791 0x000001d0994cef90 code [0x000001d0994cf180, 0x000001d0994cf708]
Event: 9.152 Thread 0x000001d0ad1d1e50 1792       3       java.lang.StringBuilder::append (10 bytes)
Event: 9.152 Thread 0x000001d0ad1d1e50 nmethod 1792 0x000001d0994cf990 code [0x000001d0994cfb20, 0x000001d0994cfc68]
Event: 9.152 Thread 0x000001d0ad1d1e50 1793       3       java.lang.AbstractStringBuilder::append (33 bytes)
Event: 9.152 Thread 0x000001d0ad1d1e50 nmethod 1793 0x000001d0994cfd10 code [0x000001d0994cfec0, 0x000001d0994d00a8]
Event: 9.152 Thread 0x000001d0ad1d1e50 1794       3       java.io.File::getName (42 bytes)
Event: 9.153 Thread 0x000001d0ad1d1e50 nmethod 1794 0x000001d0994d0210 code [0x000001d0994d0460, 0x000001d0994d0c78]
Event: 9.153 Thread 0x000001d0ad1d1e50 1795       1       com.google.common.io.LineReader::access$000 (5 bytes)
Event: 9.153 Thread 0x000001d0ad1d1e50 nmethod 1795 0x000001d0a0d05e90 code [0x000001d0a0d06020, 0x000001d0a0d060d8]
Event: 9.153 Thread 0x000001d0ad1d1e50 1797       3       java.lang.Integer::equals (29 bytes)
Event: 9.154 Thread 0x000001d0ad1d1e50 nmethod 1797 0x000001d0994d1010 code [0x000001d0994d11c0, 0x000001d0994d1598]
Event: 9.154 Thread 0x000001d0ad1d1e50 1798       3       com.android.ide.common.blame.SourceFilePosition::print (59 bytes)
Event: 9.155 Thread 0x000001d0ad1d1e50 nmethod 1798 0x000001d0994d1690 code [0x000001d0994d1900, 0x000001d0994d2058]

GC Heap History (20 events):
Event: 2.406 GC heap before
{Heap before GC invocations=3 (full 0):
 garbage-first heap   total 63488K, used 39662K [0x00000000c2e00000, 0x0000000100000000)
  region size 1024K, 12 young (12288K), 2 survivors (2048K)
 Metaspace       used 1591K, committed 1792K, reserved 1114112K
  class space    used 143K, committed 256K, reserved 1048576K
}
Event: 2.426 GC heap after
{Heap after GC invocations=4 (full 0):
 garbage-first heap   total 63488K, used 35840K [0x00000000c2e00000, 0x0000000100000000)
  region size 1024K, 2 young (2048K), 2 survivors (2048K)
 Metaspace       used 1591K, committed 1792K, reserved 1114112K
  class space    used 143K, committed 256K, reserved 1048576K
}
Event: 3.416 GC heap before
{Heap before GC invocations=4 (full 0):
 garbage-first heap   total 63488K, used 40960K [0x00000000c2e00000, 0x0000000100000000)
  region size 1024K, 9 young (9216K), 2 survivors (2048K)
 Metaspace       used 3238K, committed 3392K, reserved 1114112K
  class space    used 319K, committed 384K, reserved 1048576K
}
Event: 3.432 GC heap after
{Heap after GC invocations=5 (full 0):
 garbage-first heap   total 106496K, used 40448K [0x00000000c2e00000, 0x0000000100000000)
  region size 1024K, 2 young (2048K), 2 survivors (2048K)
 Metaspace       used 3238K, committed 3392K, reserved 1114112K
  class space    used 319K, committed 384K, reserved 1048576K
}
Event: 3.647 GC heap before
{Heap before GC invocations=5 (full 0):
 garbage-first heap   total 106496K, used 69120K [0x00000000c2e00000, 0x0000000100000000)
  region size 1024K, 24 young (24576K), 2 survivors (2048K)
 Metaspace       used 3252K, committed 3392K, reserved 1114112K
  class space    used 321K, committed 384K, reserved 1048576K
}
Event: 3.670 GC heap after
{Heap after GC invocations=6 (full 0):
 garbage-first heap   total 106496K, used 53179K [0x00000000c2e00000, 0x0000000100000000)
  region size 1024K, 3 young (3072K), 3 survivors (3072K)
 Metaspace       used 3252K, committed 3392K, reserved 1114112K
  class space    used 321K, committed 384K, reserved 1048576K
}
Event: 3.687 GC heap before
{Heap before GC invocations=6 (full 0):
 garbage-first heap   total 106496K, used 53179K [0x00000000c2e00000, 0x0000000100000000)
  region size 1024K, 4 young (4096K), 3 survivors (3072K)
 Metaspace       used 3252K, committed 3392K, reserved 1114112K
  class space    used 321K, committed 384K, reserved 1048576K
}
Event: 3.692 GC heap after
{Heap after GC invocations=7 (full 0):
 garbage-first heap   total 106496K, used 55058K [0x00000000c2e00000, 0x0000000100000000)
  region size 1024K, 2 young (2048K), 2 survivors (2048K)
 Metaspace       used 3252K, committed 3392K, reserved 1114112K
  class space    used 321K, committed 384K, reserved 1048576K
}
Event: 3.871 GC heap before
{Heap before GC invocations=8 (full 0):
 garbage-first heap   total 106496K, used 62226K [0x00000000c2e00000, 0x0000000100000000)
  region size 1024K, 15 young (15360K), 2 survivors (2048K)
 Metaspace       used 3294K, committed 3456K, reserved 1114112K
  class space    used 326K, committed 448K, reserved 1048576K
}
Event: 3.886 GC heap after
{Heap after GC invocations=9 (full 0):
 garbage-first heap   total 106496K, used 53248K [0x00000000c2e00000, 0x0000000100000000)
  region size 1024K, 2 young (2048K), 2 survivors (2048K)
 Metaspace       used 3294K, committed 3456K, reserved 1114112K
  class space    used 326K, committed 448K, reserved 1048576K
}
Event: 3.912 GC heap before
{Heap before GC invocations=9 (full 0):
 garbage-first heap   total 106496K, used 56320K [0x00000000c2e00000, 0x0000000100000000)
  region size 1024K, 5 young (5120K), 2 survivors (2048K)
 Metaspace       used 3294K, committed 3456K, reserved 1114112K
  class space    used 326K, committed 448K, reserved 1048576K
}
Event: 3.924 GC heap after
{Heap after GC invocations=10 (full 0):
 garbage-first heap   total 106496K, used 52224K [0x00000000c2e00000, 0x0000000100000000)
  region size 1024K, 1 young (1024K), 1 survivors (1024K)
 Metaspace       used 3294K, committed 3456K, reserved 1114112K
  class space    used 326K, committed 448K, reserved 1048576K
}
Event: 4.220 GC heap before
{Heap before GC invocations=10 (full 0):
 garbage-first heap   total 106496K, used 61440K [0x00000000c2e00000, 0x0000000100000000)
  region size 1024K, 12 young (12288K), 1 survivors (1024K)
 Metaspace       used 3332K, committed 3520K, reserved 1114112K
  class space    used 331K, committed 448K, reserved 1048576K
}
Event: 4.238 GC heap after
{Heap after GC invocations=11 (full 0):
 garbage-first heap   total 106496K, used 60416K [0x00000000c2e00000, 0x0000000100000000)
  region size 1024K, 2 young (2048K), 2 survivors (2048K)
 Metaspace       used 3332K, committed 3520K, reserved 1114112K
  class space    used 331K, committed 448K, reserved 1048576K
}
Event: 4.506 GC heap before
{Heap before GC invocations=12 (full 0):
 garbage-first heap   total 106496K, used 55296K [0x00000000c2e00000, 0x0000000100000000)
  region size 1024K, 14 young (14336K), 2 survivors (2048K)
 Metaspace       used 3332K, committed 3520K, reserved 1114112K
  class space    used 331K, committed 448K, reserved 1048576K
}
Event: 4.522 GC heap after
{Heap after GC invocations=13 (full 0):
 garbage-first heap   total 106496K, used 47104K [0x00000000c2e00000, 0x0000000100000000)
  region size 1024K, 2 young (2048K), 2 survivors (2048K)
 Metaspace       used 3332K, committed 3520K, reserved 1114112K
  class space    used 331K, committed 448K, reserved 1048576K
}
Event: 4.530 GC heap before
{Heap before GC invocations=13 (full 0):
 garbage-first heap   total 106496K, used 50176K [0x00000000c2e00000, 0x0000000100000000)
  region size 1024K, 5 young (5120K), 2 survivors (2048K)
 Metaspace       used 3332K, committed 3520K, reserved 1114112K
  class space    used 331K, committed 448K, reserved 1048576K
}
Event: 4.543 GC heap after
{Heap after GC invocations=14 (full 0):
 garbage-first heap   total 239616K, used 44544K [0x00000000c2e00000, 0x0000000100000000)
  region size 1024K, 1 young (1024K), 1 survivors (1024K)
 Metaspace       used 3332K, committed 3520K, reserved 1114112K
  class space    used 331K, committed 448K, reserved 1048576K
}
Event: 6.203 GC heap before
{Heap before GC invocations=14 (full 0):
 garbage-first heap   total 239616K, used 148992K [0x00000000c2e00000, 0x0000000100000000)
  region size 1024K, 79 young (80896K), 1 survivors (1024K)
 Metaspace       used 4308K, committed 4416K, reserved 1114112K
  class space    used 439K, committed 512K, reserved 1048576K
}
Event: 6.255 GC heap after
{Heap after GC invocations=15 (full 0):
 garbage-first heap   total 239616K, used 83396K [0x00000000c2e00000, 0x0000000100000000)
  region size 1024K, 10 young (10240K), 10 survivors (10240K)
 Metaspace       used 4308K, committed 4416K, reserved 1114112K
  class space    used 439K, committed 512K, reserved 1048576K
}

Dll operation events (7 events):
Event: 0.103 Loaded shared library c:\Program Files\Microsoft\jdk-17.0.14+7\bin\java.dll
Event: 0.165 Loaded shared library c:\Program Files\Microsoft\jdk-17.0.14+7\bin\jsvml.dll
Event: 0.415 Loaded shared library C:\Program Files\Microsoft\jdk-17.0.14+7\bin\net.dll
Event: 0.426 Loaded shared library C:\Program Files\Microsoft\jdk-17.0.14+7\bin\nio.dll
Event: 0.536 Loaded shared library C:\Program Files\Microsoft\jdk-17.0.14+7\bin\zip.dll
Event: 2.530 Loaded shared library C:\Program Files\Microsoft\jdk-17.0.14+7\bin\jimage.dll
Event: 4.133 Loaded shared library c:\Program Files\Microsoft\jdk-17.0.14+7\bin\verify.dll

Deoptimization events (20 events):
Event: 8.629 Thread 0x000001d08fd3a850 DEOPT PACKING pc=0x000001d0a0cc7ee0 sp=0x000000b40d5fda00
Event: 8.630 Thread 0x000001d08fd3a850 DEOPT UNPACKING pc=0x000001d0a06d699d sp=0x000000b40d5fd9b8 mode 2
Event: 8.657 Thread 0x000001d08fd3a850 Uncommon trap: trap_request=0xffffff45 fr.pc=0x000001d0a0c67958 relative=0x00000000000008b8
Event: 8.657 Thread 0x000001d08fd3a850 Uncommon trap: reason=unstable_if action=reinterpret pc=0x000001d0a0c67958 method=sun.security.provider.SHA2.implCompress0([BI)V @ 4 c2
Event: 8.657 Thread 0x000001d08fd3a850 DEOPT PACKING pc=0x000001d0a0c67958 sp=0x000000b40d5fa210
Event: 8.658 Thread 0x000001d08fd3a850 DEOPT UNPACKING pc=0x000001d0a06d699d sp=0x000000b40d5fa140 mode 2
Event: 8.890 Thread 0x000001d08fd3a850 DEOPT PACKING pc=0x000001d099498f90 sp=0x000000b40d5fa1e0
Event: 8.890 Thread 0x000001d08fd3a850 DEOPT UNPACKING pc=0x000001d0a06d7124 sp=0x000000b40d5f9638 mode 0
Event: 9.043 Thread 0x000001d08fd3a850 Uncommon trap: trap_request=0xffffff45 fr.pc=0x000001d0a0cfe144 relative=0x0000000000000224
Event: 9.043 Thread 0x000001d08fd3a850 Uncommon trap: reason=unstable_if action=reinterpret pc=0x000001d0a0cfe144 method=org.apache.xerces.dom.ParentNode.nodeListGetLength()I @ 71 c2
Event: 9.043 Thread 0x000001d08fd3a850 DEOPT PACKING pc=0x000001d0a0cfe144 sp=0x000000b40d5fedc0
Event: 9.043 Thread 0x000001d08fd3a850 DEOPT UNPACKING pc=0x000001d0a06d699d sp=0x000000b40d5fed08 mode 2
Event: 9.070 Thread 0x000001d08fd3a850 Uncommon trap: trap_request=0xffffffc6 fr.pc=0x000001d0a0c87c40 relative=0x0000000000000280
Event: 9.070 Thread 0x000001d08fd3a850 Uncommon trap: reason=bimorphic_or_optimized_type_check action=maybe_recompile pc=0x000001d0a0c87c40 method=java.util.HashMap.getNode(Ljava/lang/Object;)Ljava/util/HashMap$Node; @ 128 c2
Event: 9.070 Thread 0x000001d08fd3a850 DEOPT PACKING pc=0x000001d0a0c87c40 sp=0x000000b40d5ff090
Event: 9.070 Thread 0x000001d08fd3a850 DEOPT UNPACKING pc=0x000001d0a06d699d sp=0x000000b40d5fef98 mode 2
Event: 9.126 Thread 0x000001d08fd3a850 Uncommon trap: trap_request=0xffffff45 fr.pc=0x000001d0a0cfe6c4 relative=0x0000000000000224
Event: 9.128 Thread 0x000001d08fd3a850 Uncommon trap: reason=unstable_if action=reinterpret pc=0x000001d0a0cfe6c4 method=org.apache.xerces.dom.ParentNode.nodeListGetLength()I @ 71 c2
Event: 9.128 Thread 0x000001d08fd3a850 DEOPT PACKING pc=0x000001d0a0cfe6c4 sp=0x000000b40d5fee10
Event: 9.128 Thread 0x000001d08fd3a850 DEOPT UNPACKING pc=0x000001d0a06d699d sp=0x000000b40d5fedb0 mode 2

Classes loaded (20 events):
Event: 8.860 Loading class sun/net/www/protocol/jrt/Handler
Event: 8.869 Loading class sun/net/www/protocol/jrt/Handler done
Event: 8.946 Loading class java/util/TreeMap$DescendingSubMap
Event: 8.947 Loading class java/util/TreeMap$NavigableSubMap
Event: 8.948 Loading class java/util/TreeMap$NavigableSubMap done
Event: 8.949 Loading class java/util/TreeMap$DescendingSubMap done
Event: 8.949 Loading class java/util/Collections$ReverseComparator
Event: 8.951 Loading class java/util/Collections$ReverseComparator done
Event: 8.958 Loading class java/util/TreeMap$DescendingSubMap$DescendingEntrySetView
Event: 8.958 Loading class java/util/TreeMap$NavigableSubMap$EntrySetView
Event: 8.959 Loading class java/util/TreeMap$NavigableSubMap$EntrySetView done
Event: 8.959 Loading class java/util/TreeMap$DescendingSubMap$DescendingEntrySetView done
Event: 8.959 Loading class java/util/TreeMap$NavigableSubMap$DescendingSubMapEntryIterator
Event: 8.959 Loading class java/util/TreeMap$NavigableSubMap$SubMapIterator
Event: 8.960 Loading class java/util/TreeMap$NavigableSubMap$SubMapIterator done
Event: 8.960 Loading class java/util/TreeMap$NavigableSubMap$DescendingSubMapEntryIterator done
Event: 8.967 Loading class sun/invoke/util/VerifyAccess$1
Event: 8.968 Loading class sun/invoke/util/VerifyAccess$1 done
Event: 9.238 Loading class java/io/PrintWriter
Event: 9.239 Loading class java/io/PrintWriter done

Classes unloaded (0 events):
No events

Classes redefined (0 events):
No events

Internal exceptions (9 events):
Event: 6.584 Thread 0x000001d08fd3a850 Exception <a 'java/lang/NoSuchMethodError'{0x00000000d118d170}: 'java.lang.Object java.lang.invoke.DirectMethodHandle$Holder.invokeInterface(java.lang.Object, java.lang.Object)'> (0x00000000d118d170) 
thrown [s\src\hotspot\share\interpreter\linkResolver.cpp, line 759]
Event: 7.847 Thread 0x000001d08fd3a850 Exception <a 'java/lang/NoSuchMethodError'{0x00000000d0aba000}: 'void java.lang.invoke.DirectMethodHandle$Holder.invokeStatic(java.lang.Object, java.lang.Object, java.lang.Object)'> (0x00000000d0aba000) 
thrown [s\src\hotspot\share\interpreter\linkResolver.cpp, line 759]
Event: 7.867 Thread 0x000001d08fd3a850 Exception <a 'java/lang/NoSuchMethodError'{0x00000000d0ad4190}: 'java.lang.Object java.lang.invoke.DirectMethodHandle$Holder.invokeVirtual(java.lang.Object, java.lang.Object, java.lang.Object)'> (0x00000000d0ad4190) 
thrown [s\src\hotspot\share\interpreter\linkResolver.cpp, line 759]
Event: 7.889 Thread 0x000001d08fd3a850 Exception <a 'java/lang/NoSuchMethodError'{0x00000000d0aee278}: 'java.lang.Object java.lang.invoke.DirectMethodHandle$Holder.newInvokeSpecial(java.lang.Object, java.lang.Object, java.lang.Object, int)'> (0x00000000d0aee278) 
thrown [s\src\hotspot\share\interpreter\linkResolver.cpp, line 759]
Event: 7.898 Thread 0x000001d08fd3a850 Exception <a 'java/lang/NoSuchMethodError'{0x00000000d0af23b0}: 'java.lang.Object java.lang.invoke.DirectMethodHandle$Holder.invokeSpecial(java.lang.Object, java.lang.Object, java.lang.Object, java.lang.Object, int)'> (0x00000000d0af23b0) 
thrown [s\src\hotspot\share\interpreter\linkResolver.cpp, line 759]
Event: 7.900 Thread 0x000001d08fd3a850 Exception <a 'java/lang/NoSuchMethodError'{0x00000000d0af5cd0}: 'java.lang.Object java.lang.invoke.Invokers$Holder.linkToTargetMethod(java.lang.Object, java.lang.Object, int, java.lang.Object)'> (0x00000000d0af5cd0) 
thrown [s\src\hotspot\share\interpreter\linkResolver.cpp, line 759]
Event: 7.903 Thread 0x000001d08fd3a850 Exception <a 'java/lang/NoSuchMethodError'{0x00000000d0af9900}: 'void java.lang.invoke.DirectMethodHandle$Holder.invokeStatic(java.lang.Object, java.lang.Object, java.lang.Object, java.lang.Object)'> (0x00000000d0af9900) 
thrown [s\src\hotspot\share\interpreter\linkResolver.cpp, line 759]
Event: 8.157 Thread 0x000001d08fd3a850 Implicit null exception at 0x000001d0a0cbedd2 to 0x000001d0a0cbf2cc
Event: 8.657 Thread 0x000001d08fd3a850 Implicit null exception at 0x000001d0a0c670d9 to 0x000001d0a0c6793c

VM Operations (20 events):
Event: 4.288 Executing VM operation: G1PauseRemark
Event: 4.290 Executing VM operation: G1PauseRemark done
Event: 4.318 Executing VM operation: G1PauseCleanup
Event: 4.318 Executing VM operation: G1PauseCleanup done
Event: 4.506 Executing VM operation: G1CollectForAllocation
Event: 4.522 Executing VM operation: G1CollectForAllocation done
Event: 4.529 Executing VM operation: G1CollectForAllocation
Event: 4.543 Executing VM operation: G1CollectForAllocation done
Event: 5.413 Executing VM operation: HandshakeAllThreads
Event: 5.413 Executing VM operation: HandshakeAllThreads done
Event: 6.203 Executing VM operation: G1CollectForAllocation
Event: 6.255 Executing VM operation: G1CollectForAllocation done
Event: 8.042 Executing VM operation: ICBufferFull
Event: 8.043 Executing VM operation: ICBufferFull done
Event: 8.949 Executing VM operation: HandshakeAllThreads
Event: 8.949 Executing VM operation: HandshakeAllThreads done
Event: 9.149 Executing VM operation: HandshakeAllThreads
Event: 9.149 Executing VM operation: HandshakeAllThreads done
Event: 9.149 Executing VM operation: Cleanup
Event: 9.149 Executing VM operation: Cleanup done

Memory protections (0 events):
No events

Nmethod flushes (0 events):
No events

Events (12 events):
Event: 0.165 Thread 0x000001d08fd3a850 Thread added: 0x000001d08fd3a850
Event: 0.195 Thread 0x000001d08fd3a850 Thread added: 0x000001d0ad1b4a40
Event: 0.196 Thread 0x000001d08fd3a850 Thread added: 0x000001d0ad1b54d0
Event: 0.234 Thread 0x000001d08fd3a850 Thread added: 0x000001d0ad1ca890
Event: 0.234 Thread 0x000001d08fd3a850 Thread added: 0x000001d0ad1cf280
Event: 0.234 Thread 0x000001d08fd3a850 Thread added: 0x000001d0ad1cfc40
Event: 0.234 Thread 0x000001d08fd3a850 Thread added: 0x000001d0ad1d0600
Event: 0.235 Thread 0x000001d08fd3a850 Thread added: 0x000001d0ad1d13a0
Event: 0.238 Thread 0x000001d08fd3a850 Thread added: 0x000001d0ad1d1e50
Event: 0.242 Thread 0x000001d08fd3a850 Thread added: 0x000001d0ad23d5f0
Event: 0.345 Thread 0x000001d08fd3a850 Thread added: 0x000001d0ad303de0
Event: 0.379 Thread 0x000001d08fd3a850 Thread added: 0x000001d0ad30eb60


Dynamic libraries:
0x00007ff609480000 - 0x00007ff60948e000 	c:\Program Files\Microsoft\jdk-17.0.14+7\bin\java.exe
0x00007ff9df4d0000 - 0x00007ff9df6e7000 	C:\WINDOWS\SYSTEM32\ntdll.dll
0x00007ff9ddff0000 - 0x00007ff9de0b4000 	C:\WINDOWS\System32\KERNEL32.DLL
0x00007ff9dc7c0000 - 0x00007ff9dcb93000 	C:\WINDOWS\System32\KERNELBASE.dll
0x00007ff9dc5f0000 - 0x00007ff9dc701000 	C:\WINDOWS\System32\ucrtbase.dll
0x00007ff9b5910000 - 0x00007ff9b592d000 	c:\Program Files\Microsoft\jdk-17.0.14+7\bin\VCRUNTIME140.dll
0x00007ff9b5930000 - 0x00007ff9b5947000 	c:\Program Files\Microsoft\jdk-17.0.14+7\bin\jli.dll
0x00007ff9ddbe0000 - 0x00007ff9ddd91000 	C:\WINDOWS\System32\USER32.dll
0x00007ff9dcf70000 - 0x00007ff9dcf96000 	C:\WINDOWS\System32\win32u.dll
0x00007ff9de9b0000 - 0x00007ff9de9d9000 	C:\WINDOWS\System32\GDI32.dll
0x00007ff9dd060000 - 0x00007ff9dd17b000 	C:\WINDOWS\System32\gdi32full.dll
0x00007ff9dcba0000 - 0x00007ff9dcc3a000 	C:\WINDOWS\System32\msvcp_win.dll
0x00007ff9bd300000 - 0x00007ff9bd598000 	C:\WINDOWS\WinSxS\amd64_microsoft.windows.common-controls_6595b64144ccf1df_6.0.22621.5124_none_270e8f4f7386d69d\COMCTL32.dll
0x00007ff9dd180000 - 0x00007ff9dd227000 	C:\WINDOWS\System32\msvcrt.dll
0x00007ff9de2f0000 - 0x00007ff9de321000 	C:\WINDOWS\System32\IMM32.DLL
0x00007ff9d9ad0000 - 0x00007ff9d9adc000 	c:\Program Files\Microsoft\jdk-17.0.14+7\bin\vcruntime140_1.dll
0x00007ff99d370000 - 0x00007ff99d3fd000 	c:\Program Files\Microsoft\jdk-17.0.14+7\bin\msvcp140.dll
0x00007ff927f40000 - 0x00007ff928bb2000 	c:\Program Files\Microsoft\jdk-17.0.14+7\bin\server\jvm.dll
0x00007ff9de230000 - 0x00007ff9de2e1000 	C:\WINDOWS\System32\ADVAPI32.dll
0x00007ff9df2d0000 - 0x00007ff9df378000 	C:\WINDOWS\System32\sechost.dll
0x00007ff9dc710000 - 0x00007ff9dc738000 	C:\WINDOWS\System32\bcrypt.dll
0x00007ff9de330000 - 0x00007ff9de444000 	C:\WINDOWS\System32\RPCRT4.dll
0x00007ff9deaf0000 - 0x00007ff9deb61000 	C:\WINDOWS\System32\WS2_32.dll
0x00007ff9d4d00000 - 0x00007ff9d4d34000 	C:\WINDOWS\SYSTEM32\WINMM.dll
0x00007ff9dc4c0000 - 0x00007ff9dc50d000 	C:\WINDOWS\SYSTEM32\POWRPROF.dll
0x00007ff9da200000 - 0x00007ff9da20a000 	C:\WINDOWS\SYSTEM32\VERSION.dll
0x00007ff9dc3f0000 - 0x00007ff9dc403000 	C:\WINDOWS\SYSTEM32\UMPDC.dll
0x00007ff9db5e0000 - 0x00007ff9db5f8000 	C:\WINDOWS\SYSTEM32\kernel.appcore.dll
0x00007ff9d9ab0000 - 0x00007ff9d9aba000 	c:\Program Files\Microsoft\jdk-17.0.14+7\bin\jimage.dll
0x00007ff9d9190000 - 0x00007ff9d93c2000 	C:\WINDOWS\SYSTEM32\DBGHELP.DLL
0x00007ff9de450000 - 0x00007ff9de7e2000 	C:\WINDOWS\System32\combase.dll
0x00007ff9dea00000 - 0x00007ff9dead7000 	C:\WINDOWS\System32\OLEAUT32.dll
0x00007ff9badd0000 - 0x00007ff9bae02000 	C:\WINDOWS\SYSTEM32\dbgcore.DLL
0x00007ff9dc740000 - 0x00007ff9dc7bb000 	C:\WINDOWS\System32\bcryptPrimitives.dll
0x00007ff9b1850000 - 0x00007ff9b1875000 	c:\Program Files\Microsoft\jdk-17.0.14+7\bin\java.dll
0x00007ff9534a0000 - 0x00007ff953577000 	c:\Program Files\Microsoft\jdk-17.0.14+7\bin\jsvml.dll
0x00007ff9dd340000 - 0x00007ff9ddbd6000 	C:\WINDOWS\System32\SHELL32.dll
0x00007ff9dce30000 - 0x00007ff9dcf6f000 	C:\WINDOWS\System32\wintypes.dll
0x00007ff9da4d0000 - 0x00007ff9dadea000 	C:\WINDOWS\SYSTEM32\windows.storage.dll
0x00007ff9deca0000 - 0x00007ff9dedaa000 	C:\WINDOWS\System32\SHCORE.dll
0x00007ff9dedb0000 - 0x00007ff9dee13000 	C:\WINDOWS\System32\shlwapi.dll
0x00007ff9dc520000 - 0x00007ff9dc54b000 	C:\WINDOWS\SYSTEM32\profapi.dll
0x00007ff9b56c0000 - 0x00007ff9b56da000 	C:\Program Files\Microsoft\jdk-17.0.14+7\bin\net.dll
0x00007ff9d4b00000 - 0x00007ff9d4c2c000 	C:\WINDOWS\SYSTEM32\WINHTTP.dll
0x00007ff9dba60000 - 0x00007ff9dbaca000 	C:\WINDOWS\system32\mswsock.dll
0x00007ff9b52a0000 - 0x00007ff9b52b6000 	C:\Program Files\Microsoft\jdk-17.0.14+7\bin\nio.dll
0x00007ff9b49f0000 - 0x00007ff9b4a08000 	C:\Program Files\Microsoft\jdk-17.0.14+7\bin\zip.dll
0x00007ff9d6690000 - 0x00007ff9d66a0000 	c:\Program Files\Microsoft\jdk-17.0.14+7\bin\verify.dll

dbghelp: loaded successfully - version: 4.0.5 - missing functions: none
symbol engine: initialized successfully - sym options: 0x614 - pdb path: .;c:\Program Files\Microsoft\jdk-17.0.14+7\bin;C:\WINDOWS\SYSTEM32;C:\WINDOWS\WinSxS\amd64_microsoft.windows.common-controls_6595b64144ccf1df_6.0.22621.5124_none_270e8f4f7386d69d;c:\Program Files\Microsoft\jdk-17.0.14+7\bin\server

VM Arguments:
java_command: com.xamarin.manifestmerger.Main obj\Debug\net8.0-android\android\manifestmerger.rsp
java_class_path (initial): C:\Program Files\dotnet\packs\Microsoft.Android.Sdk.Windows\34.0.148\tools\manifestmerger.jar
Launcher Type: SUN_STANDARD

[Global flags]
     intx CICompilerCount                          = 3                                         {product} {ergonomic}
     uint ConcGCThreads                            = 1                                         {product} {ergonomic}
     uint G1ConcRefinementThreads                  = 4                                         {product} {ergonomic}
   size_t G1HeapRegionSize                         = 1048576                                   {product} {ergonomic}
    uintx GCDrainStackTargetSize                   = 64                                        {product} {ergonomic}
   size_t InitialHeapSize                          = 65011712                                  {product} {ergonomic}
   size_t MarkStackSize                            = 4194304                                   {product} {ergonomic}
   size_t MaxHeapSize                              = 1025507328                                {product} {ergonomic}
   size_t MaxNewSize                               = 614465536                                 {product} {ergonomic}
   size_t MinHeapDeltaBytes                        = 1048576                                   {product} {ergonomic}
   size_t MinHeapSize                              = 8388608                                   {product} {ergonomic}
    uintx NonNMethodCodeHeapSize                   = 5832780                                {pd product} {ergonomic}
    uintx NonProfiledCodeHeapSize                  = 122912730                              {pd product} {ergonomic}
    uintx ProfiledCodeHeapSize                     = 122912730                              {pd product} {ergonomic}
    uintx ReservedCodeCacheSize                    = 251658240                              {pd product} {ergonomic}
     bool SegmentedCodeCache                       = true                                      {product} {ergonomic}
   size_t SoftMaxHeapSize                          = 1025507328                             {manageable} {ergonomic}
     bool UseCompressedClassPointers               = true                           {product lp64_product} {ergonomic}
     bool UseCompressedOops                        = true                           {product lp64_product} {ergonomic}
     bool UseG1GC                                  = true                                      {product} {ergonomic}
     bool UseLargePagesIndividualAllocation        = false                                  {pd product} {ergonomic}

Logging:
Log output configuration:
 #0: stdout all=warning uptime,level,tags
 #1: stderr all=off uptime,level,tags

Environment Variables:
JAVA_HOME=c:\Program Files\Microsoft\jdk-17.0.14+7
PATH=c:\Program Files\Microsoft\jdk-17.0.14+7\bin;C:\Program Files (x86)\Common Files\Oracle\Java\javapath;C:\WINDOWS\system32;C:\WINDOWS;C:\WINDOWS\System32\Wbem;C:\WINDOWS\System32\WindowsPowerShell\v1.0\;C:\WINDOWS\System32\OpenSSH\;C:\Program Files\dotnet;C:\Program Files\Git\cmd;C:\sonarqube\bin\windows-x86-64;;C:\Program Files\Docker\Docker\resources\bin;C:\Users\callu\AppData\Local\Microsoft\WindowsApps;C:\Users\callu\AppData\Local\Programs\Microsoft VS Code\bin;C:\Users\callu\.dotnet\tools;C:\Users\callu\MAUI\android\cmdline-tools\11.0\bin;C:\Users\callu\MAUI\android\platform-tools;;C:\Users\callu\AppData\Local\Programs\Azure Data Studio\bin
USERNAME=callu
OS=Windows_NT
PROCESSOR_IDENTIFIER=Intel64 Family 6 Model 122 Stepping 8, GenuineIntel
TMP=C:\Users\callu\AppData\Local\Temp
TEMP=C:\Users\callu\AppData\Local\Temp



Periodic native trim disabled


---------------  S Y S T E M  ---------------

OS:
 Windows 11 , 64 bit Build 22621 (10.0.22621.5124)
OS uptime: 0 days 4:24 hours
Hyper-V role detected

CPU: total 4 (initial active 4) (4 cores per cpu, 1 threads per core) family 6 model 122 stepping 8 microcode 0x20, cx8, cmov, fxsr, mmx, 3dnowpref, sse, sse2, sse3, ssse3, sse4.1, sse4.2, popcnt, tsc, tscinvbit, aes, erms, clmul, sha, clflush, clflushopt, hv
Processor Information for the first 4 processors :
  Max Mhz: 1101, Current Mhz: 1101, Mhz Limit: 1101

Memory: 4k page, system-wide physical 3908M (54M free)
TotalPageFile size 15684M (AvailPageFile size 10M)
current process WorkingSet (physical memory assigned to process): 214M, peak: 243M
current process commit charge ("private bytes"): 331M, peak: 332M

vm_info: OpenJDK 64-Bit Server VM (17.0.14+7-LTS) for windows-amd64 JRE (17.0.14+7-LTS), built on Jan  8 2025 23:39:28 by "MicrosoftCorporation" with unknown MS VC++:1939

END.
