#
# There is insufficient memory for the Java Runtime Environment to continue.
# Native memory allocation (mmap) failed to map 285212672 bytes. Error detail: G1 virtual space
# Possible reasons:
#   The system is out of physical RAM or swap space
#   This process is running with CompressedOops enabled, and the Java Heap may be blocking the growth of the native heap
# Possible solutions:
#   Reduce memory load on the system
#   Increase physical memory or swap space
#   Check if swap backing store is full
#   Decrease Java heap size (-Xmx/-Xms)
#   Decrease number of Java threads
#   Decrease Java thread stack sizes (-Xss)
#   Set larger code cache with -XX:ReservedCodeCacheSize=
#   JVM is running with Unscaled Compressed Oops mode in which the Java heap is
#     placed in the first 4GB address space. The Java Heap base address is the
#     maximum limit for the native heap growth. Please use -XX:HeapBaseMinAddress
#     to set the Java Heap base and to place the Java Heap above 4GB virtual address.
# This output file may be truncated or incomplete.
#
#  Out of Memory Error (os_windows.cpp:3710), pid=7724, tid=22740
#
# JRE version: OpenJDK Runtime Environment Microsoft-10800295 (17.0.14+7) (build 17.0.14+7-LTS)
# Java VM: OpenJDK 64-Bit Server VM Microsoft-10800295 (17.0.14+7-LTS, mixed mode, sharing, tiered, compressed oops, compressed class ptrs, g1 gc, windows-amd64)
# No core dump will be written. Minidumps are not enabled by default on client versions of Windows
#

---------------  S U M M A R Y ------------

Command Line: -Xmx1G com.android.tools.r8.D8 --debug --min-api 21 --output obj\Debug\net8.0-android\android\bin\ --lib c:\Users\callu\MAUI\android\platforms\android-34\android.jar obj\Debug\net8.0-android\android\bin\classes.zip C:\Program Files\dotnet\packs\Microsoft.Android.Ref.34\34.0.148\ref\net8.0\mono.android.jar C:\Program Files\dotnet\packs\Microsoft.Android.Sdk.Windows\34.0.148\tools\java_runtime_fastdev_net6.jar C:\Users\callu\.nuget\packages\xamarin.jetbrains.annotations\24.0.1.3\buildTransitive\net6.0-android31.0\..\..\jar\org.jetbrains.annotations-24.0.1.jar C:\Users\callu\.nuget\packages\xamarin.kotlin.stdlib\1.9.0.1\buildTransitive\net6.0-android31.0\..\..\jar\org.jetbrains.kotlin.kotlin-stdlib-1.9.0.jar C:\Users\callu\.nuget\packages\xamarin.kotlin.stdlib.jdk7\1.9.0.1\buildTransitive\net6.0-android31.0\..\..\jar\org.jetbrains.kotlin.kotlin-stdlib-jdk7-1.9.0.jar C:\Users\callu\.nuget\packages\xamarin.kotlin.stdlib.jdk8\1.9.0.1\buildTransitive\net6.0-android31.0\..\..\jar\org.jetbrains.kotlin.kotlin-stdlib-jdk8-1.9.0.jar C:\Users\callu\.nuget\packages\xamarin.kotlinx.coroutines.core.jvm\1.7.2.1\buildTransitive\net6.0-android31.0\..\..\jar\org.jetbrains.kotlinx.kotlinx-coroutines-core-jvm-1.7.2.jar C:\Users\callu\.nuget\packages\xamarin.kotlinx.coroutines.android\1.7.2.1\buildTransitive\net6.0-android31.0\..\..\jar\org.jetbrains.kotlinx.kotlinx-coroutines-android-1.7.2.jar C:\Users\callu\.nuget\packages\xamarin.google.guava.listenablefuture\1.0.0.14\buildTransitive\net6.0-android31.0\..\..\jar\guava-listenablefuture.jar C:\Users\callu\.nuget\packages\xamarin.androidx.annotation.jvm\1.6.0.2\buildTransitive\net6.0-android31.0\..\..\jar\androidx.annotation.annotation-jvm.jar C:\Users\callu\.nuget\packages\xamarin.androidx.collection\1.2.0.9\buildTransitive\net6.0-android31.0\..\..\jar\androidx.collection.collection.jar C:\Users\callu\.nuget\packages\xamarin.androidx.concurrent.futures\1.1.0.14\buildTransitive\net6.0-android31.0\..\..\jar\androidx.concurrent.concurrent-futures.jar C:\Users\callu\.nuget\packages\xamarin.androidx.lifecycle.common\2.6.1.3\buildTransitive\net6.0-android31.0\..\..\jar\androidx.lifecycle.lifecycle-common.jar C:\Users\callu\.nuget\packages\xamarin.androidx.arch.core.common\2.2.0.3\buildTransitive\net6.0-android31.0\..\..\jar\androidx.arch.core.core-common.jar C:\Users\callu\.nuget\packages\xamarin.androidx.resourceinspection.annotation\1.0.1.7\buildTransitive\net6.0-android31.0\..\..\jar\androidx.resourceinspection.resourceinspection-annotation.jar C:\Users\callu\.nuget\packages\xamarin.androidx.constraintlayout.core\1.0.4.6\buildTransitive\net6.0-android31.0\..\..\jar\androidx.constraintlayout.constraintlayout-core.jar C:\Users\callu\.nuget\packages\xamarin.androidx.collection.ktx\1.2.0.9\buildTransitive\net6.0-android31.0\..\..\jar\androidx.collection.collection-ktx.jar C:\Users\callu\.nuget\packages\xamarin.android.glide.disklrucache\4.15.1.2\buildTransitive\net6.0-android31.0\..\..\jar\disklrucache.jar C:\Users\callu\.nuget\packages\xamarin.android.glide.annotations\4.15.1.2\buildTransitive\net6.0-android31.0\..\..\jar\annotations.jar C:\Program Files\dotnet\packs\Microsoft.NETCore.App.Runtime.Mono.android-arm64\8.0.14\runtimes\android-arm64\native\libSystem.Security.Cryptography.Native.Android.jar obj\Debug\net8.0-android\lp\100\jl\classes.jar obj\Debug\net8.0-android\lp\101\jl\classes.jar obj\Debug\net8.0-android\lp\102\jl\classes.jar obj\Debug\net8.0-android\lp\103\jl\classes.jar obj\Debug\net8.0-android\lp\104\jl\classes.jar obj\Debug\net8.0-android\lp\105\jl\classes.jar obj\Debug\net8.0-android\lp\106\jl\classes.jar obj\Debug\net8.0-android\lp\107\jl\classes.jar obj\Debug\net8.0-android\lp\108\jl\classes.jar obj\Debug\net8.0-android\lp\109\jl\classes.jar obj\Debug\net8.0-android\lp\110\jl\classes.jar obj\Debug\net8.0-android\lp\111\jl\classes.jar obj\Debug\net8.0-android\lp\112\jl\classes.jar obj\Debug\net8.0-android\lp\113\jl\classes.jar obj\Debug\net8.0-android\lp\114\jl\classes.jar obj\Debug\net8.0-android\lp\115\jl\classes.jar obj\Debug\net8.0-android\lp\116\jl\classes.jar obj\Debug\net8.0-android\lp\117\jl\classes.jar obj\Debug\net8.0-android\lp\118\jl\classes.jar obj\Debug\net8.0-android\lp\119\jl\classes.jar obj\Debug\net8.0-android\lp\120\jl\classes.jar obj\Debug\net8.0-android\lp\121\jl\classes.jar obj\Debug\net8.0-android\lp\122\jl\classes.jar obj\Debug\net8.0-android\lp\123\jl\classes.jar obj\Debug\net8.0-android\lp\124\jl\classes.jar obj\Debug\net8.0-android\lp\125\jl\classes.jar obj\Debug\net8.0-android\lp\126\jl\classes.jar obj\Debug\net8.0-android\lp\127\jl\classes.jar obj\Debug\net8.0-android\lp\128\jl\classes.jar obj\Debug\net8.0-android\lp\129\jl\classes.jar obj\Debug\net8.0-android\lp\130\jl\classes.jar obj\Debug\net8.0-android\lp\131\jl\classes.jar obj\Debug\net8.0-android\lp\132\jl\classes.jar obj\Debug\net8.0-android\lp\133\jl\classes.jar obj\Debug\net8.0-android\lp\134\jl\classes.jar obj\Debug\net8.0-android\lp\135\jl\classes.jar obj\Debug\net8.0-android\lp\136\jl\classes.jar obj\Debug\net8.0-android\lp\137\jl\classes.jar obj\Debug\net8.0-android\lp\138\jl\classes.jar obj\Debug\net8.0-android\lp\139\jl\classes.jar obj\Debug\net8.0-android\lp\140\jl\classes.jar obj\Debug\net8.0-android\lp\141\jl\classes.jar obj\Debug\net8.0-android\lp\142\jl\classes.jar obj\Debug\net8.0-android\lp\143\jl\classes.jar obj\Debug\net8.0-android\lp\144\jl\classes.jar obj\Debug\net8.0-android\lp\145\jl\classes.jar obj\Debug\net8.0-android\lp\146\jl\classes.jar obj\Debug\net8.0-android\lp\147\jl\classes.jar obj\Debug\net8.0-android\lp\148\jl\classes.jar obj\Debug\net8.0-android\lp\149\jl\classes.jar obj\Debug\net8.0-android\lp\150\jl\classes.jar obj\Debug\net8.0-android\lp\151\jl\classes.jar obj\Debug\net8.0-android\lp\156\jl\classes.jar obj\Debug\net8.0-android\lp\91\jl\classes.jar obj\Debug\net8.0-android\lp\92\jl\classes.jar obj\Debug\net8.0-android\lp\93\jl\classes.jar obj\Debug\net8.0-android\lp\94\jl\classes.jar obj\Debug\net8.0-android\lp\95\jl\classes.jar obj\Debug\net8.0-android\lp\96\jl\classes.jar obj\Debug\net8.0-android\lp\97\jl\classes.jar obj\Debug\net8.0-android\lp\98\jl\classes.jar obj\Debug\net8.0-android\lp\99\jl\classes.jar obj\Debug\net8.0-android\lp\121\jl\libs\repackaged.jar obj\Debug\net8.0-android\lp\152\jl\libs\ED64959F88B22E6D.jar obj\Debug\net8.0-android\lp\153\jl\libs\2E7FD15AFA9B216B.jar obj\Debug\net8.0-android\lp\159\jl\libs\F975D0960055A5E3.jar obj\Debug\net8.0-android\lp\160\jl\libs\B71CFF5D5A0B3AEB.jar --map-diagnostics warning info

Host: Intel(R) Pentium(R) Silver N5030 CPU @ 1.10GHz, 4 cores, 3G,  Windows 11 , 64 bit Build 22621 (10.0.22621.5124)
Time: Thu Apr 10 14:04:03 2025 GMT Summer Time elapsed time: 16.067668 seconds (0d 0h 0m 16s)

---------------  T H R E A D  ---------------

Current thread (0x0000016bf9d412e0):  VMThread "VM Thread" [stack: 0x0000004dc8c00000,0x0000004dc8d00000] [id=22740]

Stack: [0x0000004dc8c00000,0x0000004dc8d00000]
Native frames: (J=compiled Java code, j=interpreted, Vv=VM code, C=native code)
V  [jvm.dll+0x6886b9]
V  [jvm.dll+0x83f6f8]
V  [jvm.dll+0x8411a3]
V  [jvm.dll+0x841813]
V  [jvm.dll+0x2495cf]
V  [jvm.dll+0x6855f9]
V  [jvm.dll+0x679a8a]
V  [jvm.dll+0x30afc7]
V  [jvm.dll+0x312536]
V  [jvm.dll+0x362eee]
V  [jvm.dll+0x36312d]
V  [jvm.dll+0x2e225c]
V  [jvm.dll+0x2e0609]
V  [jvm.dll+0x2dfd6c]
V  [jvm.dll+0x32291b]
V  [jvm.dll+0x84604d]
V  [jvm.dll+0x846d83]
V  [jvm.dll+0x8472af]
V  [jvm.dll+0x847694]
V  [jvm.dll+0x84775e]
V  [jvm.dll+0x7ef2ac]
V  [jvm.dll+0x687597]
C  [ucrtbase.dll+0x29333]
C  [KERNEL32.DLL+0x1259d]
C  [ntdll.dll+0x5af38]

VM_Operation (0x0000004dc9efecb0): G1CollectForAllocation, mode: safepoint, requested by thread 0x0000016bfe2aeaa0


---------------  P R O C E S S  ---------------

Threads class SMR info:
_java_thread_list=0x0000016bfe7343a0, length=14, elements={
0x0000016bdc4ae780, 0x0000016bf9d44fc0, 0x0000016bf9d45d50, 0x0000016bf9d5e850,
0x0000016bf9d60390, 0x0000016bf9d62d60, 0x0000016bf9d63720, 0x0000016bf9d644c0,
0x0000016bf9d66f80, 0x0000016bf9dd6af0, 0x0000016bfe0265b0, 0x0000016bfe02d660,
0x0000016bfe2ae5c0, 0x0000016bfe2aeaa0
}

Java Threads: ( => current thread )
  0x0000016bdc4ae780 JavaThread "main" [_thread_blocked, id=18968, stack(0x0000004dc8600000,0x0000004dc8700000)]
  0x0000016bf9d44fc0 JavaThread "Reference Handler" daemon [_thread_blocked, id=18696, stack(0x0000004dc8d00000,0x0000004dc8e00000)]
  0x0000016bf9d45d50 JavaThread "Finalizer" daemon [_thread_blocked, id=2928, stack(0x0000004dc8e00000,0x0000004dc8f00000)]
  0x0000016bf9d5e850 JavaThread "Signal Dispatcher" daemon [_thread_blocked, id=22896, stack(0x0000004dc8f00000,0x0000004dc9000000)]
  0x0000016bf9d60390 JavaThread "Attach Listener" daemon [_thread_blocked, id=18644, stack(0x0000004dc9000000,0x0000004dc9100000)]
  0x0000016bf9d62d60 JavaThread "Service Thread" daemon [_thread_blocked, id=18952, stack(0x0000004dc9100000,0x0000004dc9200000)]
  0x0000016bf9d63720 JavaThread "Monitor Deflation Thread" daemon [_thread_blocked, id=16304, stack(0x0000004dc9200000,0x0000004dc9300000)]
  0x0000016bf9d644c0 JavaThread "C2 CompilerThread0" daemon [_thread_blocked, id=2772, stack(0x0000004dc9300000,0x0000004dc9400000)]
  0x0000016bf9d66f80 JavaThread "C1 CompilerThread0" daemon [_thread_blocked, id=268, stack(0x0000004dc9400000,0x0000004dc9500000)]
  0x0000016bf9dd6af0 JavaThread "Sweeper thread" daemon [_thread_blocked, id=4916, stack(0x0000004dc9500000,0x0000004dc9600000)]
  0x0000016bfe0265b0 JavaThread "Notification Thread" daemon [_thread_blocked, id=576, stack(0x0000004dc9600000,0x0000004dc9700000)]
  0x0000016bfe02d660 JavaThread "Common-Cleaner" daemon [_thread_blocked, id=6704, stack(0x0000004dc9800000,0x0000004dc9900000)]
  0x0000016bfe2ae5c0 JavaThread "ForkJoinPool-1-worker-1" daemon [_thread_blocked, id=18148, stack(0x0000004dc9d00000,0x0000004dc9e00000)]
  0x0000016bfe2aeaa0 JavaThread "ForkJoinPool-1-worker-2" daemon [_thread_blocked, id=24072, stack(0x0000004dc9e00000,0x0000004dc9f00000)]

Other Threads:
=>0x0000016bf9d412e0 VMThread "VM Thread" [stack: 0x0000004dc8c00000,0x0000004dc8d00000] [id=22740]
  0x0000016bf9e0ec20 WatcherThread [stack: 0x0000004dc9700000,0x0000004dc9800000] [id=22228]
  0x0000016bde7f5240 GCTaskThread "GC Thread#0" [stack: 0x0000004dc8700000,0x0000004dc8800000] [id=23040]
  0x0000016bfe4cf590 GCTaskThread "GC Thread#1" [stack: 0x0000004dc9900000,0x0000004dc9a00000] [id=16648]
  0x0000016bfe677870 GCTaskThread "GC Thread#2" [stack: 0x0000004dc9a00000,0x0000004dc9b00000] [id=3544]
  0x0000016bfe4ceaf0 GCTaskThread "GC Thread#3" [stack: 0x0000004dc9b00000,0x0000004dc9c00000] [id=22492]
  0x0000016bde7fe190 ConcurrentGCThread "G1 Main Marker" [stack: 0x0000004dc8800000,0x0000004dc8900000] [id=20552]
  0x0000016bde7febb0 ConcurrentGCThread "G1 Conc#0" [stack: 0x0000004dc8900000,0x0000004dc8a00000] [id=15628]
  0x0000016bde83c8c0 ConcurrentGCThread "G1 Refine#0" [stack: 0x0000004dc8a00000,0x0000004dc8b00000] [id=17240]
  0x0000016bfe6774b0 ConcurrentGCThread "G1 Refine#1" [stack: 0x0000004dc9c00000,0x0000004dc9d00000] [id=9368]
  0x0000016bfedda010 ConcurrentGCThread "G1 Refine#2" [stack: 0x0000004dc9f00000,0x0000004dca000000] [id=796]
  0x0000016bfedda300 ConcurrentGCThread "G1 Refine#3" [stack: 0x0000004dca000000,0x0000004dca100000] [id=21036]
  0x0000016bde83e700 ConcurrentGCThread "G1 Service" [stack: 0x0000004dc8b00000,0x0000004dc8c00000] [id=15020]

Threads with active compile tasks:
C2 CompilerThread0    16613 2005       4       com.android.tools.r8.internal.fb::a (5041 bytes)

VM state: at safepoint (normal execution)

VM Mutex/Monitor currently owned by a thread:  ([mutex/lock_event])
[0x0000016bde7b6750] Threads_lock - owner thread: 0x0000016bf9d412e0
[0x0000016bde7b5e50] Heap_lock - owner thread: 0x0000016bfe2aeaa0

Heap address: 0x00000000c0000000, size: 1024 MB, Compressed Oops mode: 32-bit

CDS archive(s) mapped at: [0x0000016b80000000-0x0000016b80bb0000-0x0000016b80bb0000), size 12255232, SharedBaseAddress: 0x0000016b80000000, ArchiveRelocationMode: 1.
Compressed class space mapped at: 0x0000016b81000000-0x0000016bc1000000, reserved size: 1073741824
Narrow klass base: 0x0000016b80000000, Narrow klass shift: 0, Narrow klass range: 0x100000000

GC Precious Log:
 CPUs: 4 total, 4 available
 Memory: 3908M
 Large Page Support: Disabled
 NUMA Support: Disabled
 Compressed Oops: Enabled (32-bit)
 Heap Region Size: 1M
 Heap Min Capacity: 8M
 Heap Initial Capacity: 62M
 Heap Max Capacity: 1G
 Pre-touch: Disabled
 Parallel Workers: 4
 Concurrent Workers: 1
 Concurrent Refinement Workers: 4
 Periodic GC: Disabled

Heap:
 garbage-first heap   total 186368K, used 110413K [0x00000000c0000000, 0x0000000100000000)
  region size 1024K, 2 young (2048K), 2 survivors (2048K)
 Metaspace       used 7414K, committed 7680K, reserved 1114112K
  class space    used 824K, committed 960K, reserved 1048576K

Heap Regions: E=young(eden), S=young(survivor), O=old, HS=humongous(starts), HC=humongous(continues), CS=collection set, F=free, OA=open archive, CA=closed archive, TAMS=top-at-mark-start (previous, next)
|   0|0x00000000c0000000, 0x00000000c0100000, 0x00000000c0100000|100%|HS|  |TAMS 0x00000000c0100000, 0x00000000c0000000| Complete 
|   1|0x00000000c0100000, 0x00000000c0200000, 0x00000000c0200000|100%|HS|  |TAMS 0x00000000c0200000, 0x00000000c0100000| Complete 
|   2|0x00000000c0200000, 0x00000000c0300000, 0x00000000c0300000|100%|HC|  |TAMS 0x00000000c0300000, 0x00000000c0200000| Complete 
|   3|0x00000000c0300000, 0x00000000c0400000, 0x00000000c0400000|100%| O|  |TAMS 0x00000000c0400000, 0x00000000c0300000| Untracked 
|   4|0x00000000c0400000, 0x00000000c0500000, 0x00000000c0500000|100%| O|  |TAMS 0x00000000c0500000, 0x00000000c0400000| Untracked 
|   5|0x00000000c0500000, 0x00000000c0600000, 0x00000000c0600000|100%| O|  |TAMS 0x00000000c0600000, 0x00000000c0500000| Untracked 
|   6|0x00000000c0600000, 0x00000000c0700000, 0x00000000c0700000|100%| O|  |TAMS 0x00000000c0700000, 0x00000000c0600000| Untracked 
|   7|0x00000000c0700000, 0x00000000c0800000, 0x00000000c0800000|100%| O|  |TAMS 0x00000000c0800000, 0x00000000c0700000| Untracked 
|   8|0x00000000c0800000, 0x00000000c0900000, 0x00000000c0900000|100%|HS|  |TAMS 0x00000000c0900000, 0x00000000c0800000| Complete 
|   9|0x00000000c0900000, 0x00000000c0a00000, 0x00000000c0a00000|100%| O|  |TAMS 0x00000000c0a00000, 0x00000000c0900000| Untracked 
|  10|0x00000000c0a00000, 0x00000000c0b00000, 0x00000000c0b00000|100%| O|  |TAMS 0x00000000c0b00000, 0x00000000c0a00000| Untracked 
|  11|0x00000000c0b00000, 0x00000000c0c00000, 0x00000000c0c00000|100%| O|  |TAMS 0x00000000c0c00000, 0x00000000c0b00000| Untracked 
|  12|0x00000000c0c00000, 0x00000000c0d00000, 0x00000000c0d00000|100%| O|  |TAMS 0x00000000c0d00000, 0x00000000c0c00000| Untracked 
|  13|0x00000000c0d00000, 0x00000000c0e00000, 0x00000000c0e00000|100%| O|  |TAMS 0x00000000c0e00000, 0x00000000c0d00000| Untracked 
|  14|0x00000000c0e00000, 0x00000000c0f00000, 0x00000000c0f00000|100%| O|  |TAMS 0x00000000c0f00000, 0x00000000c0e00000| Untracked 
|  15|0x00000000c0f00000, 0x00000000c1000000, 0x00000000c1000000|100%| O|  |TAMS 0x00000000c1000000, 0x00000000c0f00000| Untracked 
|  16|0x00000000c1000000, 0x00000000c1100000, 0x00000000c1100000|100%| O|  |TAMS 0x00000000c1100000, 0x00000000c1000000| Untracked 
|  17|0x00000000c1100000, 0x00000000c1200000, 0x00000000c1200000|100%| O|  |TAMS 0x00000000c1200000, 0x00000000c1100000| Untracked 
|  18|0x00000000c1200000, 0x00000000c1300000, 0x00000000c1300000|100%| O|  |TAMS 0x00000000c1300000, 0x00000000c1200000| Untracked 
|  19|0x00000000c1300000, 0x00000000c1400000, 0x00000000c1400000|100%| O|  |TAMS 0x00000000c1400000, 0x00000000c1300000| Untracked 
|  20|0x00000000c1400000, 0x00000000c1500000, 0x00000000c1500000|100%| O|  |TAMS 0x00000000c1500000, 0x00000000c1400000| Untracked 
|  21|0x00000000c1500000, 0x00000000c1500000, 0x00000000c1600000|  0%| F|  |TAMS 0x00000000c1500000, 0x00000000c1500000| Untracked 
|  22|0x00000000c1600000, 0x00000000c1700000, 0x00000000c1700000|100%| O|  |TAMS 0x00000000c1700000, 0x00000000c1600000| Untracked 
|  23|0x00000000c1700000, 0x00000000c1800000, 0x00000000c1800000|100%| O|  |TAMS 0x00000000c1800000, 0x00000000c1700000| Untracked 
|  24|0x00000000c1800000, 0x00000000c1900000, 0x00000000c1900000|100%| O|  |TAMS 0x00000000c1900000, 0x00000000c1800000| Untracked 
|  25|0x00000000c1900000, 0x00000000c1a00000, 0x00000000c1a00000|100%| O|  |TAMS 0x00000000c1a00000, 0x00000000c1900000| Untracked 
|  26|0x00000000c1a00000, 0x00000000c1b00000, 0x00000000c1b00000|100%| O|  |TAMS 0x00000000c1b00000, 0x00000000c1a00000| Untracked 
|  27|0x00000000c1b00000, 0x00000000c1c00000, 0x00000000c1c00000|100%| O|  |TAMS 0x00000000c1c00000, 0x00000000c1b00000| Untracked 
|  28|0x00000000c1c00000, 0x00000000c1d00000, 0x00000000c1d00000|100%| O|  |TAMS 0x00000000c1d00000, 0x00000000c1c00000| Untracked 
|  29|0x00000000c1d00000, 0x00000000c1e00000, 0x00000000c1e00000|100%| O|  |TAMS 0x00000000c1e00000, 0x00000000c1d00000| Untracked 
|  30|0x00000000c1e00000, 0x00000000c1f00000, 0x00000000c1f00000|100%| O|  |TAMS 0x00000000c1f00000, 0x00000000c1e00000| Untracked 
|  31|0x00000000c1f00000, 0x00000000c2000000, 0x00000000c2000000|100%| O|  |TAMS 0x00000000c2000000, 0x00000000c1f00000| Untracked 
|  32|0x00000000c2000000, 0x00000000c2100000, 0x00000000c2100000|100%| O|  |TAMS 0x00000000c2100000, 0x00000000c2000000| Untracked 
|  33|0x00000000c2100000, 0x00000000c2200000, 0x00000000c2200000|100%| O|  |TAMS 0x00000000c2200000, 0x00000000c2100000| Untracked 
|  34|0x00000000c2200000, 0x00000000c2300000, 0x00000000c2300000|100%| O|  |TAMS 0x00000000c2300000, 0x00000000c2200000| Untracked 
|  35|0x00000000c2300000, 0x00000000c2400000, 0x00000000c2400000|100%| O|  |TAMS 0x00000000c2400000, 0x00000000c2300000| Untracked 
|  36|0x00000000c2400000, 0x00000000c2500000, 0x00000000c2500000|100%| O|  |TAMS 0x00000000c2500000, 0x00000000c2400000| Untracked 
|  37|0x00000000c2500000, 0x00000000c2600000, 0x00000000c2600000|100%| O|  |TAMS 0x00000000c2600000, 0x00000000c2500000| Untracked 
|  38|0x00000000c2600000, 0x00000000c2700000, 0x00000000c2700000|100%| O|  |TAMS 0x00000000c2700000, 0x00000000c2600000| Untracked 
|  39|0x00000000c2700000, 0x00000000c2800000, 0x00000000c2800000|100%| O|  |TAMS 0x00000000c2800000, 0x00000000c2700000| Untracked 
|  40|0x00000000c2800000, 0x00000000c2900000, 0x00000000c2900000|100%| O|  |TAMS 0x00000000c2900000, 0x00000000c2800000| Untracked 
|  41|0x00000000c2900000, 0x00000000c2a00000, 0x00000000c2a00000|100%| O|  |TAMS 0x00000000c2a00000, 0x00000000c2900000| Untracked 
|  42|0x00000000c2a00000, 0x00000000c2b00000, 0x00000000c2b00000|100%| O|  |TAMS 0x00000000c2b00000, 0x00000000c2a00000| Untracked 
|  43|0x00000000c2b00000, 0x00000000c2c00000, 0x00000000c2c00000|100%| O|  |TAMS 0x00000000c2c00000, 0x00000000c2b00000| Untracked 
|  44|0x00000000c2c00000, 0x00000000c2d00000, 0x00000000c2d00000|100%| O|  |TAMS 0x00000000c2d00000, 0x00000000c2c00000| Untracked 
|  45|0x00000000c2d00000, 0x00000000c2e00000, 0x00000000c2e00000|100%| O|  |TAMS 0x00000000c2e00000, 0x00000000c2d00000| Untracked 
|  46|0x00000000c2e00000, 0x00000000c2f00000, 0x00000000c2f00000|100%| O|  |TAMS 0x00000000c2f00000, 0x00000000c2e00000| Untracked 
|  47|0x00000000c2f00000, 0x00000000c3000000, 0x00000000c3000000|100%| O|  |TAMS 0x00000000c2f00000, 0x00000000c2f00000| Untracked 
|  48|0x00000000c3000000, 0x00000000c3100000, 0x00000000c3100000|100%| O|  |TAMS 0x00000000c3100000, 0x00000000c3000000| Untracked 
|  49|0x00000000c3100000, 0x00000000c3200000, 0x00000000c3200000|100%| O|  |TAMS 0x00000000c3200000, 0x00000000c3100000| Untracked 
|  50|0x00000000c3200000, 0x00000000c3300000, 0x00000000c3300000|100%| O|  |TAMS 0x00000000c3300000, 0x00000000c3200000| Untracked 
|  51|0x00000000c3300000, 0x00000000c3400000, 0x00000000c3400000|100%| O|  |TAMS 0x00000000c3400000, 0x00000000c3300000| Untracked 
|  52|0x00000000c3400000, 0x00000000c3500000, 0x00000000c3500000|100%| O|  |TAMS 0x00000000c3500000, 0x00000000c3400000| Untracked 
|  53|0x00000000c3500000, 0x00000000c3600000, 0x00000000c3600000|100%| O|  |TAMS 0x00000000c3600000, 0x00000000c3500000| Untracked 
|  54|0x00000000c3600000, 0x00000000c3700000, 0x00000000c3700000|100%| O|  |TAMS 0x00000000c3700000, 0x00000000c3600000| Untracked 
|  55|0x00000000c3700000, 0x00000000c3800000, 0x00000000c3800000|100%| O|  |TAMS 0x00000000c3800000, 0x00000000c3700000| Untracked 
|  56|0x00000000c3800000, 0x00000000c3900000, 0x00000000c3900000|100%| O|  |TAMS 0x00000000c3900000, 0x00000000c3800000| Untracked 
|  57|0x00000000c3900000, 0x00000000c3a00000, 0x00000000c3a00000|100%| O|  |TAMS 0x00000000c3a00000, 0x00000000c3900000| Untracked 
|  58|0x00000000c3a00000, 0x00000000c3b00000, 0x00000000c3b00000|100%| O|  |TAMS 0x00000000c3b00000, 0x00000000c3a00000| Untracked 
|  59|0x00000000c3b00000, 0x00000000c3c00000, 0x00000000c3c00000|100%| O|  |TAMS 0x00000000c3c00000, 0x00000000c3b00000| Untracked 
|  60|0x00000000c3c00000, 0x00000000c3d00000, 0x00000000c3d00000|100%| O|  |TAMS 0x00000000c3d00000, 0x00000000c3c00000| Untracked 
|  61|0x00000000c3d00000, 0x00000000c3e00000, 0x00000000c3e00000|100%| O|  |TAMS 0x00000000c3e00000, 0x00000000c3d00000| Untracked 
|  62|0x00000000c3e00000, 0x00000000c3f00000, 0x00000000c3f00000|100%| O|  |TAMS 0x00000000c3f00000, 0x00000000c3e00000| Untracked 
|  63|0x00000000c3f00000, 0x00000000c4000000, 0x00000000c4000000|100%| O|  |TAMS 0x00000000c4000000, 0x00000000c3f00000| Untracked 
|  64|0x00000000c4000000, 0x00000000c4100000, 0x00000000c4100000|100%| O|  |TAMS 0x00000000c4100000, 0x00000000c4000000| Untracked 
|  65|0x00000000c4100000, 0x00000000c4200000, 0x00000000c4200000|100%| O|  |TAMS 0x00000000c4200000, 0x00000000c4100000| Untracked 
|  66|0x00000000c4200000, 0x00000000c4300000, 0x00000000c4300000|100%| O|  |TAMS 0x00000000c4300000, 0x00000000c4200000| Untracked 
|  67|0x00000000c4300000, 0x00000000c4400000, 0x00000000c4400000|100%| O|  |TAMS 0x00000000c4400000, 0x00000000c4300000| Untracked 
|  68|0x00000000c4400000, 0x00000000c4500000, 0x00000000c4500000|100%| O|  |TAMS 0x00000000c4500000, 0x00000000c4400000| Untracked 
|  69|0x00000000c4500000, 0x00000000c4600000, 0x00000000c4600000|100%| O|  |TAMS 0x00000000c4600000, 0x00000000c4500000| Untracked 
|  70|0x00000000c4600000, 0x00000000c4700000, 0x00000000c4700000|100%| O|  |TAMS 0x00000000c4700000, 0x00000000c4600000| Untracked 
|  71|0x00000000c4700000, 0x00000000c4800000, 0x00000000c4800000|100%| O|  |TAMS 0x00000000c4800000, 0x00000000c4700000| Untracked 
|  72|0x00000000c4800000, 0x00000000c4900000, 0x00000000c4900000|100%| O|  |TAMS 0x00000000c4900000, 0x00000000c4800000| Untracked 
|  73|0x00000000c4900000, 0x00000000c4a00000, 0x00000000c4a00000|100%| O|  |TAMS 0x00000000c4a00000, 0x00000000c4900000| Untracked 
|  74|0x00000000c4a00000, 0x00000000c4b00000, 0x00000000c4b00000|100%| O|  |TAMS 0x00000000c4b00000, 0x00000000c4a00000| Untracked 
|  75|0x00000000c4b00000, 0x00000000c4c00000, 0x00000000c4c00000|100%| O|  |TAMS 0x00000000c4c00000, 0x00000000c4b00000| Untracked 
|  76|0x00000000c4c00000, 0x00000000c4d00000, 0x00000000c4d00000|100%| O|  |TAMS 0x00000000c4d00000, 0x00000000c4c00000| Untracked 
|  77|0x00000000c4d00000, 0x00000000c4e00000, 0x00000000c4e00000|100%| O|  |TAMS 0x00000000c4e00000, 0x00000000c4d00000| Untracked 
|  78|0x00000000c4e00000, 0x00000000c4f00000, 0x00000000c4f00000|100%| O|  |TAMS 0x00000000c4f00000, 0x00000000c4e00000| Untracked 
|  79|0x00000000c4f00000, 0x00000000c5000000, 0x00000000c5000000|100%| O|  |TAMS 0x00000000c5000000, 0x00000000c4f00000| Untracked 
|  80|0x00000000c5000000, 0x00000000c5100000, 0x00000000c5100000|100%| O|  |TAMS 0x00000000c5100000, 0x00000000c5000000| Untracked 
|  81|0x00000000c5100000, 0x00000000c5200000, 0x00000000c5200000|100%| O|  |TAMS 0x00000000c5200000, 0x00000000c5100000| Untracked 
|  82|0x00000000c5200000, 0x00000000c5300000, 0x00000000c5300000|100%| O|  |TAMS 0x00000000c5300000, 0x00000000c5200000| Untracked 
|  83|0x00000000c5300000, 0x00000000c5400000, 0x00000000c5400000|100%| O|  |TAMS 0x00000000c5400000, 0x00000000c5300000| Untracked 
|  84|0x00000000c5400000, 0x00000000c5500000, 0x00000000c5500000|100%| O|  |TAMS 0x00000000c5500000, 0x00000000c5400000| Untracked 
|  85|0x00000000c5500000, 0x00000000c5500000, 0x00000000c5600000|  0%| F|  |TAMS 0x00000000c5500000, 0x00000000c5500000| Untracked 
|  86|0x00000000c5600000, 0x00000000c5700000, 0x00000000c5700000|100%| O|  |TAMS 0x00000000c5700000, 0x00000000c5600000| Untracked 
|  87|0x00000000c5700000, 0x00000000c5800000, 0x00000000c5800000|100%| O|  |TAMS 0x00000000c5800000, 0x00000000c5700000| Untracked 
|  88|0x00000000c5800000, 0x00000000c5900000, 0x00000000c5900000|100%| O|  |TAMS 0x00000000c5900000, 0x00000000c5800000| Untracked 
|  89|0x00000000c5900000, 0x00000000c5a00000, 0x00000000c5a00000|100%| O|  |TAMS 0x00000000c5a00000, 0x00000000c5900000| Untracked 
|  90|0x00000000c5a00000, 0x00000000c5b00000, 0x00000000c5b00000|100%| O|  |TAMS 0x00000000c5b00000, 0x00000000c5a00000| Untracked 
|  91|0x00000000c5b00000, 0x00000000c5c00000, 0x00000000c5c00000|100%| O|  |TAMS 0x00000000c5c00000, 0x00000000c5b00000| Untracked 
|  92|0x00000000c5c00000, 0x00000000c5d00000, 0x00000000c5d00000|100%| O|  |TAMS 0x00000000c5c00000, 0x00000000c5c00000| Untracked 
|  93|0x00000000c5d00000, 0x00000000c5e00000, 0x00000000c5e00000|100%| O|  |TAMS 0x00000000c5d00000, 0x00000000c5d00000| Untracked 
|  94|0x00000000c5e00000, 0x00000000c5f00000, 0x00000000c5f00000|100%|HS|  |TAMS 0x00000000c5e00000, 0x00000000c5e00000| Complete 
|  95|0x00000000c5f00000, 0x00000000c6000000, 0x00000000c6000000|100%|HS|  |TAMS 0x00000000c5f00000, 0x00000000c5f00000| Complete 
|  96|0x00000000c6000000, 0x00000000c6100000, 0x00000000c6100000|100%|HS|  |TAMS 0x00000000c6000000, 0x00000000c6000000| Complete 
|  97|0x00000000c6100000, 0x00000000c6200000, 0x00000000c6200000|100%| O|  |TAMS 0x00000000c6100000, 0x00000000c6100000| Untracked 
|  98|0x00000000c6200000, 0x00000000c6300000, 0x00000000c6300000|100%| O|  |TAMS 0x00000000c6200000, 0x00000000c6200000| Untracked 
|  99|0x00000000c6300000, 0x00000000c6400000, 0x00000000c6400000|100%| O|  |TAMS 0x00000000c6300000, 0x00000000c6300000| Untracked 
| 100|0x00000000c6400000, 0x00000000c6500000, 0x00000000c6500000|100%| O|  |TAMS 0x00000000c6400000, 0x00000000c6400000| Untracked 
| 101|0x00000000c6500000, 0x00000000c6600000, 0x00000000c6600000|100%| O|  |TAMS 0x00000000c6500000, 0x00000000c6500000| Untracked 
| 102|0x00000000c6600000, 0x00000000c6700000, 0x00000000c6700000|100%| O|  |TAMS 0x00000000c6600000, 0x00000000c6600000| Untracked 
| 103|0x00000000c6700000, 0x00000000c6800000, 0x00000000c6800000|100%| O|  |TAMS 0x00000000c6700000, 0x00000000c6700000| Untracked 
| 104|0x00000000c6800000, 0x00000000c6900000, 0x00000000c6900000|100%| O|  |TAMS 0x00000000c6800000, 0x00000000c6800000| Untracked 
| 105|0x00000000c6900000, 0x00000000c6a00000, 0x00000000c6a00000|100%| O|  |TAMS 0x00000000c6900000, 0x00000000c6900000| Untracked 
| 106|0x00000000c6a00000, 0x00000000c6b00000, 0x00000000c6b00000|100%| O|  |TAMS 0x00000000c6a00000, 0x00000000c6a00000| Untracked 
| 107|0x00000000c6b00000, 0x00000000c6c00000, 0x00000000c6c00000|100%| O|  |TAMS 0x00000000c6b00000, 0x00000000c6b00000| Untracked 
| 108|0x00000000c6c00000, 0x00000000c6c40400, 0x00000000c6d00000| 25%| O|  |TAMS 0x00000000c6c00000, 0x00000000c6c00000| Untracked 
| 109|0x00000000c6d00000, 0x00000000c6d00000, 0x00000000c6e00000|  0%| F|  |TAMS 0x00000000c6d00000, 0x00000000c6d00000| Untracked 
| 110|0x00000000c6e00000, 0x00000000c6e00000, 0x00000000c6f00000|  0%| F|  |TAMS 0x00000000c6e00000, 0x00000000c6e00000| Untracked 
| 111|0x00000000c6f00000, 0x00000000c6f00000, 0x00000000c7000000|  0%| F|  |TAMS 0x00000000c6f00000, 0x00000000c6f00000| Untracked 
| 112|0x00000000c7000000, 0x00000000c7000000, 0x00000000c7100000|  0%| F|  |TAMS 0x00000000c7000000, 0x00000000c7000000| Untracked 
| 113|0x00000000c7100000, 0x00000000c7100000, 0x00000000c7200000|  0%| F|  |TAMS 0x00000000c7100000, 0x00000000c7100000| Untracked 
| 114|0x00000000c7200000, 0x00000000c7200000, 0x00000000c7300000|  0%| F|  |TAMS 0x00000000c7200000, 0x00000000c7200000| Untracked 
| 115|0x00000000c7300000, 0x00000000c7300000, 0x00000000c7400000|  0%| F|  |TAMS 0x00000000c7300000, 0x00000000c7300000| Untracked 
| 116|0x00000000c7400000, 0x00000000c7400000, 0x00000000c7500000|  0%| F|  |TAMS 0x00000000c7400000, 0x00000000c7400000| Untracked 
| 117|0x00000000c7500000, 0x00000000c7500000, 0x00000000c7600000|  0%| F|  |TAMS 0x00000000c7500000, 0x00000000c7500000| Untracked 
| 118|0x00000000c7600000, 0x00000000c7600000, 0x00000000c7700000|  0%| F|  |TAMS 0x00000000c7600000, 0x00000000c7600000| Untracked 
| 119|0x00000000c7700000, 0x00000000c7700000, 0x00000000c7800000|  0%| F|  |TAMS 0x00000000c7700000, 0x00000000c7700000| Untracked 
| 120|0x00000000c7800000, 0x00000000c7800000, 0x00000000c7900000|  0%| F|  |TAMS 0x00000000c7800000, 0x00000000c7800000| Untracked 
| 121|0x00000000c7900000, 0x00000000c7900000, 0x00000000c7a00000|  0%| F|  |TAMS 0x00000000c7900000, 0x00000000c7900000| Untracked 
| 122|0x00000000c7a00000, 0x00000000c7a00000, 0x00000000c7b00000|  0%| F|  |TAMS 0x00000000c7a00000, 0x00000000c7a00000| Untracked 
| 123|0x00000000c7b00000, 0x00000000c7b00000, 0x00000000c7c00000|  0%| F|  |TAMS 0x00000000c7b00000, 0x00000000c7b00000| Untracked 
| 124|0x00000000c7c00000, 0x00000000c7c00000, 0x00000000c7d00000|  0%| F|  |TAMS 0x00000000c7c00000, 0x00000000c7c00000| Untracked 
| 125|0x00000000c7d00000, 0x00000000c7d00000, 0x00000000c7e00000|  0%| F|  |TAMS 0x00000000c7d00000, 0x00000000c7d00000| Untracked 
| 126|0x00000000c7e00000, 0x00000000c7e00000, 0x00000000c7f00000|  0%| F|  |TAMS 0x00000000c7e00000, 0x00000000c7e00000| Untracked 
| 127|0x00000000c7f00000, 0x00000000c7f00000, 0x00000000c8000000|  0%| F|  |TAMS 0x00000000c7f00000, 0x00000000c7f00000| Untracked 
| 128|0x00000000c8000000, 0x00000000c8000000, 0x00000000c8100000|  0%| F|  |TAMS 0x00000000c8000000, 0x00000000c8000000| Untracked 
| 129|0x00000000c8100000, 0x00000000c8100000, 0x00000000c8200000|  0%| F|  |TAMS 0x00000000c8100000, 0x00000000c8100000| Untracked 
| 130|0x00000000c8200000, 0x00000000c8200000, 0x00000000c8300000|  0%| F|  |TAMS 0x00000000c8200000, 0x00000000c8200000| Untracked 
| 131|0x00000000c8300000, 0x00000000c8300000, 0x00000000c8400000|  0%| F|  |TAMS 0x00000000c8300000, 0x00000000c8300000| Untracked 
| 132|0x00000000c8400000, 0x00000000c8400000, 0x00000000c8500000|  0%| F|  |TAMS 0x00000000c8400000, 0x00000000c8400000| Untracked 
| 133|0x00000000c8500000, 0x00000000c8500000, 0x00000000c8600000|  0%| F|  |TAMS 0x00000000c8500000, 0x00000000c8500000| Untracked 
| 134|0x00000000c8600000, 0x00000000c8600000, 0x00000000c8700000|  0%| F|  |TAMS 0x00000000c8600000, 0x00000000c8600000| Untracked 
| 135|0x00000000c8700000, 0x00000000c8700000, 0x00000000c8800000|  0%| F|  |TAMS 0x00000000c8700000, 0x00000000c8700000| Untracked 
| 136|0x00000000c8800000, 0x00000000c8800000, 0x00000000c8900000|  0%| F|  |TAMS 0x00000000c8800000, 0x00000000c8800000| Untracked 
| 137|0x00000000c8900000, 0x00000000c8900000, 0x00000000c8a00000|  0%| F|  |TAMS 0x00000000c8900000, 0x00000000c8900000| Untracked 
| 138|0x00000000c8a00000, 0x00000000c8a00000, 0x00000000c8b00000|  0%| F|  |TAMS 0x00000000c8a00000, 0x00000000c8a00000| Untracked 
| 139|0x00000000c8b00000, 0x00000000c8b00000, 0x00000000c8c00000|  0%| F|  |TAMS 0x00000000c8b00000, 0x00000000c8b00000| Untracked 
| 140|0x00000000c8c00000, 0x00000000c8c00000, 0x00000000c8d00000|  0%| F|  |TAMS 0x00000000c8c00000, 0x00000000c8c00000| Untracked 
| 141|0x00000000c8d00000, 0x00000000c8d00000, 0x00000000c8e00000|  0%| F|  |TAMS 0x00000000c8d00000, 0x00000000c8d00000| Untracked 
| 142|0x00000000c8e00000, 0x00000000c8e00000, 0x00000000c8f00000|  0%| F|  |TAMS 0x00000000c8e00000, 0x00000000c8e00000| Untracked 
| 143|0x00000000c8f00000, 0x00000000c8f00000, 0x00000000c9000000|  0%| F|  |TAMS 0x00000000c8f00000, 0x00000000c8f00000| Untracked 
| 144|0x00000000c9000000, 0x00000000c9000000, 0x00000000c9100000|  0%| F|  |TAMS 0x00000000c9000000, 0x00000000c9000000| Untracked 
| 145|0x00000000c9100000, 0x00000000c9100000, 0x00000000c9200000|  0%| F|  |TAMS 0x00000000c9100000, 0x00000000c9100000| Untracked 
| 146|0x00000000c9200000, 0x00000000c9200000, 0x00000000c9300000|  0%| F|  |TAMS 0x00000000c9200000, 0x00000000c9200000| Untracked 
| 147|0x00000000c9300000, 0x00000000c9300000, 0x00000000c9400000|  0%| F|  |TAMS 0x00000000c9300000, 0x00000000c9300000| Untracked 
| 148|0x00000000c9400000, 0x00000000c9400000, 0x00000000c9500000|  0%| F|  |TAMS 0x00000000c9400000, 0x00000000c9400000| Untracked 
| 149|0x00000000c9500000, 0x00000000c9500000, 0x00000000c9600000|  0%| F|  |TAMS 0x00000000c9500000, 0x00000000c9500000| Untracked 
| 150|0x00000000c9600000, 0x00000000c9600000, 0x00000000c9700000|  0%| F|  |TAMS 0x00000000c9600000, 0x00000000c9600000| Untracked 
| 151|0x00000000c9700000, 0x00000000c9700000, 0x00000000c9800000|  0%| F|  |TAMS 0x00000000c9700000, 0x00000000c9700000| Untracked 
| 152|0x00000000c9800000, 0x00000000c9800000, 0x00000000c9900000|  0%| F|  |TAMS 0x00000000c9800000, 0x00000000c9800000| Untracked 
| 153|0x00000000c9900000, 0x00000000c9900000, 0x00000000c9a00000|  0%| F|  |TAMS 0x00000000c9900000, 0x00000000c9900000| Untracked 
| 154|0x00000000c9a00000, 0x00000000c9a00000, 0x00000000c9b00000|  0%| F|  |TAMS 0x00000000c9a00000, 0x00000000c9a00000| Untracked 
| 155|0x00000000c9b00000, 0x00000000c9b00000, 0x00000000c9c00000|  0%| F|  |TAMS 0x00000000c9b00000, 0x00000000c9b00000| Untracked 
| 156|0x00000000c9c00000, 0x00000000c9c00000, 0x00000000c9d00000|  0%| F|  |TAMS 0x00000000c9c00000, 0x00000000c9c00000| Untracked 
| 157|0x00000000c9d00000, 0x00000000c9d00000, 0x00000000c9e00000|  0%| F|  |TAMS 0x00000000c9d00000, 0x00000000c9d00000| Untracked 
| 158|0x00000000c9e00000, 0x00000000c9e00000, 0x00000000c9f00000|  0%| F|  |TAMS 0x00000000c9e00000, 0x00000000c9e00000| Untracked 
| 159|0x00000000c9f00000, 0x00000000c9f00000, 0x00000000ca000000|  0%| F|  |TAMS 0x00000000c9f00000, 0x00000000c9f00000| Untracked 
| 160|0x00000000ca000000, 0x00000000ca000000, 0x00000000ca100000|  0%| F|  |TAMS 0x00000000ca000000, 0x00000000ca000000| Untracked 
| 161|0x00000000ca100000, 0x00000000ca100000, 0x00000000ca200000|  0%| F|  |TAMS 0x00000000ca100000, 0x00000000ca100000| Untracked 
| 162|0x00000000ca200000, 0x00000000ca200000, 0x00000000ca300000|  0%| F|  |TAMS 0x00000000ca200000, 0x00000000ca200000| Untracked 
| 163|0x00000000ca300000, 0x00000000ca300000, 0x00000000ca400000|  0%| F|  |TAMS 0x00000000ca300000, 0x00000000ca300000| Untracked 
| 164|0x00000000ca400000, 0x00000000ca400000, 0x00000000ca500000|  0%| F|  |TAMS 0x00000000ca400000, 0x00000000ca400000| Untracked 
| 165|0x00000000ca500000, 0x00000000ca500000, 0x00000000ca600000|  0%| F|  |TAMS 0x00000000ca500000, 0x00000000ca500000| Untracked 
| 166|0x00000000ca600000, 0x00000000ca600000, 0x00000000ca700000|  0%| F|  |TAMS 0x00000000ca600000, 0x00000000ca600000| Untracked 
| 167|0x00000000ca700000, 0x00000000ca700000, 0x00000000ca800000|  0%| F|  |TAMS 0x00000000ca700000, 0x00000000ca700000| Untracked 
| 168|0x00000000ca800000, 0x00000000ca800000, 0x00000000ca900000|  0%| F|  |TAMS 0x00000000ca800000, 0x00000000ca800000| Untracked 
| 169|0x00000000ca900000, 0x00000000ca900000, 0x00000000caa00000|  0%| F|  |TAMS 0x00000000ca900000, 0x00000000ca900000| Untracked 
| 170|0x00000000caa00000, 0x00000000caa00000, 0x00000000cab00000|  0%| F|  |TAMS 0x00000000caa00000, 0x00000000caa00000| Untracked 
| 171|0x00000000cab00000, 0x00000000cab00000, 0x00000000cac00000|  0%| F|  |TAMS 0x00000000cab00000, 0x00000000cab00000| Untracked 
| 172|0x00000000cac00000, 0x00000000cac00000, 0x00000000cad00000|  0%| F|  |TAMS 0x00000000cac00000, 0x00000000cac00000| Untracked 
| 173|0x00000000cad00000, 0x00000000cad00000, 0x00000000cae00000|  0%| F|  |TAMS 0x00000000cad00000, 0x00000000cad00000| Untracked 
| 174|0x00000000cae00000, 0x00000000cae00000, 0x00000000caf00000|  0%| F|  |TAMS 0x00000000cae00000, 0x00000000cae00000| Untracked 
| 175|0x00000000caf00000, 0x00000000caf933d8, 0x00000000cb000000| 57%| S|CS|TAMS 0x00000000caf00000, 0x00000000caf00000| Complete 
| 176|0x00000000cb000000, 0x00000000cb100000, 0x00000000cb100000|100%| S|CS|TAMS 0x00000000cb000000, 0x00000000cb000000| Complete 
| 177|0x00000000cb100000, 0x00000000cb100000, 0x00000000cb200000|  0%| F|  |TAMS 0x00000000cb100000, 0x00000000cb100000| Untracked 
| 178|0x00000000cb200000, 0x00000000cb200000, 0x00000000cb300000|  0%| F|  |TAMS 0x00000000cb200000, 0x00000000cb200000| Untracked 
| 179|0x00000000cb300000, 0x00000000cb300000, 0x00000000cb400000|  0%| F|  |TAMS 0x00000000cb300000, 0x00000000cb300000| Untracked 
| 180|0x00000000cb400000, 0x00000000cb400000, 0x00000000cb500000|  0%| F|  |TAMS 0x00000000cb400000, 0x00000000cb400000| Untracked 
| 181|0x00000000cb500000, 0x00000000cb500000, 0x00000000cb600000|  0%| F|  |TAMS 0x00000000cb500000, 0x00000000cb500000| Untracked 

Card table byte_map: [0x0000016bf54e0000,0x0000016bf56e0000] _byte_map_base: 0x0000016bf4ee0000

Marking Bits (Prev, Next): (CMBitMap*) 0x0000016bde7f5860, (CMBitMap*) 0x0000016bde7f58a0
 Prev Bits: [0x0000016bf58e0000, 0x0000016bf68e0000)
 Next Bits: [0x0000016bf68e0000, 0x0000016bf78e0000)

Polling page: 0x0000016bdc5b0000

Metaspace:

Usage:
  Non-class:      6.44 MB used.
      Class:    824.12 KB used.
       Both:      7.24 MB used.

Virtual space:
  Non-class space:       64.00 MB reserved,       6.56 MB ( 10%) committed,  1 nodes.
      Class space:        1.00 GB reserved,     960.00 KB ( <1%) committed,  1 nodes.
             Both:        1.06 GB reserved,       7.50 MB ( <1%) committed. 

Chunk freelists:
   Non-Class:  8.61 MB
       Class:  14.94 MB
        Both:  23.55 MB

MaxMetaspaceSize: unlimited
CompressedClassSpaceSize: 1.00 GB
Initial GC threshold: 21.00 MB
Current GC threshold: 21.00 MB
CDS: on
MetaspaceReclaimPolicy: balanced
 - commit_granule_bytes: 65536.
 - commit_granule_words: 8192.
 - virtual_space_node_default_size: 8388608.
 - enlarge_chunks_in_place: 1.
 - new_chunks_are_fully_committed: 0.
 - uncommit_free_chunks: 1.
 - use_allocation_guard: 0.
 - handle_deallocations: 1.


Internal statistics:

num_allocs_failed_limit: 0.
num_arena_births: 90.
num_arena_deaths: 12.
num_vsnodes_births: 2.
num_vsnodes_deaths: 0.
num_space_committed: 120.
num_space_uncommitted: 0.
num_chunks_returned_to_freelist: 15.
num_chunks_taken_from_freelist: 277.
num_chunk_merges: 0.
num_chunk_splits: 188.
num_chunks_enlarged: 139.
num_inconsistent_stats: 0.

CodeHeap 'non-profiled nmethods': size=120000Kb used=1258Kb max_used=1258Kb free=118741Kb
 bounds [0x0000016beddb0000, 0x0000016bee020000, 0x0000016bf52e0000]
CodeHeap 'profiled nmethods': size=120000Kb used=4127Kb max_used=4127Kb free=115873Kb
 bounds [0x0000016be62e0000, 0x0000016be66f0000, 0x0000016bed810000]
CodeHeap 'non-nmethods': size=5760Kb used=1153Kb max_used=1209Kb free=4606Kb
 bounds [0x0000016bed810000, 0x0000016beda80000, 0x0000016beddb0000]
 total_blobs=2417 nmethods=1974 adapters=357
 compilation: enabled
              stopped_count=0, restarted_count=0
 full_count=0

Compilation events (20 events):
Event: 15.116 Thread 0x0000016bf9d644c0 nmethod 1998 0x0000016bedee7110 code [0x0000016bedee7380, 0x0000016bedee8e60]
Event: 15.116 Thread 0x0000016bf9d644c0 1997       4       com.android.tools.r8.internal.fb::a (78 bytes)
Event: 15.117 Thread 0x0000016bf9d66f80 2010       2       com.android.tools.r8.graph.m0::a (128 bytes)
Event: 15.118 Thread 0x0000016bf9d66f80 nmethod 2010 0x0000016be66e0710 code [0x0000016be66e0940, 0x0000016be66e1478]
Event: 15.123 Thread 0x0000016bf9d644c0 nmethod 1997 0x0000016bedeea210 code [0x0000016bedeea3c0, 0x0000016bedeea6c8]
Event: 15.123 Thread 0x0000016bf9d644c0 2005       4       com.android.tools.r8.internal.fb::a (5041 bytes)
Event: 15.193 Thread 0x0000016bf9d66f80 2014       3       com.android.tools.r8.graph.b4::b (130 bytes)
Event: 15.195 Thread 0x0000016bf9d66f80 nmethod 2014 0x0000016be66e1890 code [0x0000016be66e1c00, 0x0000016be66e3568]
Event: 15.335 Thread 0x0000016bf9d66f80 2017       3       java.util.concurrent.locks.LockSupport::setCurrentBlocker (14 bytes)
Event: 15.335 Thread 0x0000016bf9d66f80 nmethod 2017 0x0000016be66e3f90 code [0x0000016be66e4140, 0x0000016be66e4328]
Event: 15.449 Thread 0x0000016bf9d66f80 2021       3       com.android.tools.r8.internal.fb::d (45 bytes)
Event: 15.450 Thread 0x0000016bf9d66f80 nmethod 2021 0x0000016be66e4410 code [0x0000016be66e45e0, 0x0000016be66e4a48]
Event: 15.450 Thread 0x0000016bf9d66f80 2022       3       com.android.tools.r8.graph.D2::a (129 bytes)
Event: 15.451 Thread 0x0000016bf9d66f80 nmethod 2022 0x0000016be66e4c90 code [0x0000016be66e4e60, 0x0000016be66e5198]
Event: 15.451 Thread 0x0000016bf9d66f80 2023       3       com.android.tools.r8.graph.D2::a (113 bytes)
Event: 15.452 Thread 0x0000016bf9d66f80 nmethod 2023 0x0000016be66e5390 code [0x0000016be66e5640, 0x0000016be66e65c8]
Event: 15.555 Thread 0x0000016bf9d66f80 2024       3       java.lang.StrictMath::floorOrCeil (128 bytes)
Event: 15.555 Thread 0x0000016bf9d66f80 nmethod 2024 0x0000016be66e6b90 code [0x0000016be66e6d60, 0x0000016be66e71d8]
Event: 15.761 Thread 0x0000016bf9d66f80 2030       3       com.android.tools.r8.graph.a4::a (47 bytes)
Event: 15.762 Thread 0x0000016bf9d66f80 nmethod 2030 0x0000016be66e7290 code [0x0000016be66e7480, 0x0000016be66e7a08]

GC Heap History (20 events):
Event: 10.056 GC heap after
{Heap after GC invocations=16 (full 0):
 garbage-first heap   total 101376K, used 57331K [0x00000000c0000000, 0x0000000100000000)
  region size 1024K, 2 young (2048K), 2 survivors (2048K)
 Metaspace       used 6584K, committed 6784K, reserved 1114112K
  class space    used 749K, committed 832K, reserved 1048576K
}
Event: 11.123 GC heap before
{Heap before GC invocations=16 (full 0):
 garbage-first heap   total 101376K, used 77811K [0x00000000c0000000, 0x0000000100000000)
  region size 1024K, 22 young (22528K), 2 survivors (2048K)
 Metaspace       used 7152K, committed 7360K, reserved 1114112K
  class space    used 801K, committed 896K, reserved 1048576K
}
Event: 11.156 GC heap after
{Heap after GC invocations=17 (full 0):
 garbage-first heap   total 101376K, used 63750K [0x00000000c0000000, 0x0000000100000000)
  region size 1024K, 3 young (3072K), 3 survivors (3072K)
 Metaspace       used 7152K, committed 7360K, reserved 1114112K
  class space    used 801K, committed 896K, reserved 1048576K
}
Event: 11.565 GC heap before
{Heap before GC invocations=18 (full 0):
 garbage-first heap   total 114688K, used 77062K [0x00000000c0000000, 0x0000000100000000)
  region size 1024K, 17 young (17408K), 3 survivors (3072K)
 Metaspace       used 7155K, committed 7360K, reserved 1114112K
  class space    used 801K, committed 896K, reserved 1048576K
}
Event: 11.602 GC heap after
{Heap after GC invocations=19 (full 0):
 garbage-first heap   total 114688K, used 68026K [0x00000000c0000000, 0x0000000100000000)
  region size 1024K, 3 young (3072K), 3 survivors (3072K)
 Metaspace       used 7155K, committed 7360K, reserved 1114112K
  class space    used 801K, committed 896K, reserved 1048576K
}
Event: 11.640 GC heap before
{Heap before GC invocations=19 (full 0):
 garbage-first heap   total 114688K, used 70074K [0x00000000c0000000, 0x0000000100000000)
  region size 1024K, 5 young (5120K), 3 survivors (3072K)
 Metaspace       used 7157K, committed 7360K, reserved 1114112K
  class space    used 801K, committed 896K, reserved 1048576K
}
Event: 11.656 GC heap after
{Heap after GC invocations=20 (full 0):
 garbage-first heap   total 156672K, used 68252K [0x00000000c0000000, 0x0000000100000000)
  region size 1024K, 1 young (1024K), 1 survivors (1024K)
 Metaspace       used 7157K, committed 7360K, reserved 1114112K
  class space    used 801K, committed 896K, reserved 1048576K
}
Event: 13.562 GC heap before
{Heap before GC invocations=20 (full 0):
 garbage-first heap   total 156672K, used 110236K [0x00000000c0000000, 0x0000000100000000)
  region size 1024K, 43 young (44032K), 1 survivors (1024K)
 Metaspace       used 7396K, committed 7680K, reserved 1114112K
  class space    used 826K, committed 960K, reserved 1048576K
}
Event: 13.593 GC heap after
{Heap after GC invocations=21 (full 0):
 garbage-first heap   total 156672K, used 77824K [0x00000000c0000000, 0x0000000100000000)
  region size 1024K, 6 young (6144K), 6 survivors (6144K)
 Metaspace       used 7396K, committed 7680K, reserved 1114112K
  class space    used 826K, committed 960K, reserved 1048576K
}
Event: 14.143 GC heap before
{Heap before GC invocations=21 (full 0):
 garbage-first heap   total 156672K, used 111616K [0x00000000c0000000, 0x0000000100000000)
  region size 1024K, 39 young (39936K), 6 survivors (6144K)
 Metaspace       used 7404K, committed 7680K, reserved 1114112K
  class space    used 826K, committed 960K, reserved 1048576K
}
Event: 14.181 GC heap after
{Heap after GC invocations=22 (full 0):
 garbage-first heap   total 156672K, used 85249K [0x00000000c0000000, 0x0000000100000000)
  region size 1024K, 5 young (5120K), 5 survivors (5120K)
 Metaspace       used 7404K, committed 7680K, reserved 1114112K
  class space    used 826K, committed 960K, reserved 1048576K
}
Event: 14.752 GC heap before
{Heap before GC invocations=23 (full 0):
 garbage-first heap   total 156672K, used 116993K [0x00000000c0000000, 0x0000000100000000)
  region size 1024K, 36 young (36864K), 5 survivors (5120K)
 Metaspace       used 7415K, committed 7680K, reserved 1114112K
  class space    used 825K, committed 960K, reserved 1048576K
}
Event: 14.792 GC heap after
{Heap after GC invocations=24 (full 0):
 garbage-first heap   total 156672K, used 93184K [0x00000000c0000000, 0x0000000100000000)
  region size 1024K, 5 young (5120K), 5 survivors (5120K)
 Metaspace       used 7415K, committed 7680K, reserved 1114112K
  class space    used 825K, committed 960K, reserved 1048576K
}
Event: 14.822 GC heap before
{Heap before GC invocations=24 (full 0):
 garbage-first heap   total 156672K, used 95232K [0x00000000c0000000, 0x0000000100000000)
  region size 1024K, 7 young (7168K), 5 survivors (5120K)
 Metaspace       used 7415K, committed 7680K, reserved 1114112K
  class space    used 825K, committed 960K, reserved 1048576K
}
Event: 14.843 GC heap after
{Heap after GC invocations=25 (full 0):
 garbage-first heap   total 156672K, used 94189K [0x00000000c0000000, 0x0000000100000000)
  region size 1024K, 1 young (1024K), 1 survivors (1024K)
 Metaspace       used 7415K, committed 7680K, reserved 1114112K
  class space    used 825K, committed 960K, reserved 1048576K
}
Event: 15.359 GC heap before
{Heap before GC invocations=25 (full 0):
 garbage-first heap   total 156672K, used 121837K [0x00000000c0000000, 0x0000000100000000)
  region size 1024K, 28 young (28672K), 1 survivors (1024K)
 Metaspace       used 7417K, committed 7680K, reserved 1114112K
  class space    used 825K, committed 960K, reserved 1048576K
}
Event: 15.386 GC heap after
{Heap after GC invocations=26 (full 0):
 garbage-first heap   total 156672K, used 100352K [0x00000000c0000000, 0x0000000100000000)
  region size 1024K, 4 young (4096K), 4 survivors (4096K)
 Metaspace       used 7417K, committed 7680K, reserved 1114112K
  class space    used 825K, committed 960K, reserved 1048576K
}
Event: 15.922 GC heap before
{Heap before GC invocations=27 (full 0):
 garbage-first heap   total 186368K, used 128000K [0x00000000c0000000, 0x0000000100000000)
  region size 1024K, 28 young (28672K), 4 survivors (4096K)
 Metaspace       used 7414K, committed 7680K, reserved 1114112K
  class space    used 824K, committed 960K, reserved 1048576K
}
Event: 15.954 GC heap after
{Heap after GC invocations=28 (full 0):
 garbage-first heap   total 186368K, used 109738K [0x00000000c0000000, 0x0000000100000000)
  region size 1024K, 4 young (4096K), 4 survivors (4096K)
 Metaspace       used 7414K, committed 7680K, reserved 1114112K
  class space    used 824K, committed 960K, reserved 1048576K
}
Event: 16.034 GC heap before
{Heap before GC invocations=28 (full 0):
 garbage-first heap   total 186368K, used 114858K [0x00000000c0000000, 0x0000000100000000)
  region size 1024K, 9 young (9216K), 4 survivors (4096K)
 Metaspace       used 7414K, committed 7680K, reserved 1114112K
  class space    used 824K, committed 960K, reserved 1048576K
}

Dll operation events (7 events):
Event: 0.211 Loaded shared library c:\Program Files\Microsoft\jdk-17.0.14+7\bin\java.dll
Event: 0.447 Loaded shared library c:\Program Files\Microsoft\jdk-17.0.14+7\bin\jsvml.dll
Event: 0.977 Loaded shared library C:\Program Files\Microsoft\jdk-17.0.14+7\bin\net.dll
Event: 0.988 Loaded shared library C:\Program Files\Microsoft\jdk-17.0.14+7\bin\nio.dll
Event: 1.081 Loaded shared library C:\Program Files\Microsoft\jdk-17.0.14+7\bin\zip.dll
Event: 3.188 Loaded shared library C:\Program Files\Microsoft\jdk-17.0.14+7\bin\jimage.dll
Event: 9.788 Loaded shared library c:\Program Files\Microsoft\jdk-17.0.14+7\bin\verify.dll

Deoptimization events (20 events):
Event: 15.999 Thread 0x0000016bfe2aeaa0 DEOPT PACKING pc=0x0000016be66e6348 sp=0x0000004dc9efde00
Event: 15.999 Thread 0x0000016bfe2aeaa0 DEOPT UNPACKING pc=0x0000016bed867124 sp=0x0000004dc9efd328 mode 0
Event: 16.001 Thread 0x0000016bfe2aeaa0 DEOPT PACKING pc=0x0000016be66e6480 sp=0x0000004dc9efe590
Event: 16.001 Thread 0x0000016bfe2aeaa0 DEOPT UNPACKING pc=0x0000016bed867124 sp=0x0000004dc9efdab8 mode 0
Event: 16.004 Thread 0x0000016bfe2ae5c0 DEOPT PACKING pc=0x0000016be66e6348 sp=0x0000004dc9dfe770
Event: 16.004 Thread 0x0000016bfe2ae5c0 DEOPT UNPACKING pc=0x0000016bed867124 sp=0x0000004dc9dfdc98 mode 0
Event: 16.005 Thread 0x0000016bfe2aeaa0 DEOPT PACKING pc=0x0000016be66e6480 sp=0x0000004dc9efe590
Event: 16.005 Thread 0x0000016bfe2aeaa0 DEOPT UNPACKING pc=0x0000016bed867124 sp=0x0000004dc9efdab8 mode 0
Event: 16.007 Thread 0x0000016bfe2ae5c0 DEOPT PACKING pc=0x0000016be66e6480 sp=0x0000004dc9dfe740
Event: 16.007 Thread 0x0000016bfe2ae5c0 DEOPT UNPACKING pc=0x0000016bed867124 sp=0x0000004dc9dfdc68 mode 0
Event: 16.009 Thread 0x0000016bfe2aeaa0 DEOPT PACKING pc=0x0000016be66e6348 sp=0x0000004dc9efe520
Event: 16.009 Thread 0x0000016bfe2aeaa0 DEOPT UNPACKING pc=0x0000016bed867124 sp=0x0000004dc9efda48 mode 0
Event: 16.011 Thread 0x0000016bfe2aeaa0 DEOPT PACKING pc=0x0000016be66e6480 sp=0x0000004dc9efe590
Event: 16.011 Thread 0x0000016bfe2aeaa0 DEOPT UNPACKING pc=0x0000016bed867124 sp=0x0000004dc9efdab8 mode 0
Event: 16.026 Thread 0x0000016bfe2aeaa0 DEOPT PACKING pc=0x0000016be66e6348 sp=0x0000004dc9efe520
Event: 16.026 Thread 0x0000016bfe2aeaa0 DEOPT UNPACKING pc=0x0000016bed867124 sp=0x0000004dc9efda48 mode 0
Event: 16.029 Thread 0x0000016bfe2aeaa0 DEOPT PACKING pc=0x0000016be66e6348 sp=0x0000004dc9efe500
Event: 16.029 Thread 0x0000016bfe2aeaa0 DEOPT UNPACKING pc=0x0000016bed867124 sp=0x0000004dc9efda28 mode 0
Event: 16.033 Thread 0x0000016bfe2aeaa0 DEOPT PACKING pc=0x0000016be66e6480 sp=0x0000004dc9efe500
Event: 16.033 Thread 0x0000016bfe2aeaa0 DEOPT UNPACKING pc=0x0000016bed867124 sp=0x0000004dc9efda28 mode 0

Classes loaded (20 events):
Event: 5.600 Loading class java/util/concurrent/atomic/AtomicReference
Event: 5.601 Loading class java/util/concurrent/atomic/AtomicReference done
Event: 5.619 Loading class java/util/concurrent/ConcurrentLinkedQueue
Event: 5.655 Loading class java/util/AbstractQueue
Event: 5.656 Loading class java/util/AbstractQueue done
Event: 5.656 Loading class java/util/concurrent/ConcurrentLinkedQueue done
Event: 5.656 Loading class java/util/concurrent/ConcurrentLinkedQueue$Node
Event: 5.656 Loading class java/util/concurrent/ConcurrentLinkedQueue$Node done
Event: 9.685 Loading class java/util/concurrent/Callable
Event: 9.686 Loading class java/util/concurrent/Callable done
Event: 9.689 Loading class java/util/concurrent/ForkJoinTask$AdaptedCallable
Event: 9.691 Loading class java/util/concurrent/RunnableFuture
Event: 9.693 Loading class java/util/concurrent/RunnableFuture done
Event: 9.694 Loading class java/util/concurrent/ForkJoinTask$AdaptedCallable done
Event: 9.699 Loading class java/util/concurrent/ForkJoinPool$DefaultForkJoinWorkerThreadFactory$1
Event: 9.701 Loading class java/util/concurrent/ForkJoinPool$DefaultForkJoinWorkerThreadFactory$1 done
Event: 9.840 Loading class java/lang/reflect/GenericSignatureFormatError
Event: 9.840 Loading class java/lang/ClassFormatError
Event: 9.842 Loading class java/lang/ClassFormatError done
Event: 9.842 Loading class java/lang/reflect/GenericSignatureFormatError done

Classes unloaded (6 events):
Event: 14.309 Thread 0x0000016bf9d412e0 Unloading class 0x0000016b810bcc00 'java/lang/invoke/LambdaForm$DMH+0x0000016b810bcc00'
Event: 14.309 Thread 0x0000016bf9d412e0 Unloading class 0x0000016b810bc400 'java/lang/invoke/LambdaForm$DMH+0x0000016b810bc400'
Event: 14.309 Thread 0x0000016bf9d412e0 Unloading class 0x0000016b810a8800 'java/lang/invoke/LambdaForm$DMH+0x0000016b810a8800'
Event: 14.309 Thread 0x0000016bf9d412e0 Unloading class 0x0000016b810a8000 'java/lang/invoke/LambdaForm$DMH+0x0000016b810a8000'
Event: 15.620 Thread 0x0000016bf9d412e0 Unloading class 0x0000016b8110d800 'java/lang/invoke/LambdaForm$MH+0x0000016b8110d800'
Event: 15.620 Thread 0x0000016bf9d412e0 Unloading class 0x0000016b8110c800 'java/lang/invoke/LambdaForm$DMH+0x0000016b8110c800'

Classes redefined (0 events):
No events

Internal exceptions (20 events):
Event: 3.961 Thread 0x0000016bdc4ae780 Exception <a 'sun/nio/fs/WindowsException'{0x00000000c3b79fc0}> (0x00000000c3b79fc0) 
thrown [s\src\hotspot\share\prims\jni.cpp, line 516]
Event: 3.961 Thread 0x0000016bdc4ae780 Exception <a 'sun/nio/fs/WindowsException'{0x00000000c3b7a848}> (0x00000000c3b7a848) 
thrown [s\src\hotspot\share\prims\jni.cpp, line 516]
Event: 3.962 Thread 0x0000016bdc4ae780 Exception <a 'java/lang/NoSuchMethodError'{0x00000000c3b7b878}: 'void java.lang.invoke.DirectMethodHandle$Holder.invokeSpecial(java.lang.Object, java.lang.Object, java.lang.Object)'> (0x00000000c3b7b878) 
thrown [s\src\hotspot\share\interpreter\linkResolver.cpp, line 759]
Event: 5.117 Thread 0x0000016bdc4ae780 Implicit null exception at 0x0000016bedde1559 to 0x0000016bedde1dbc
Event: 5.458 Thread 0x0000016bdc4ae780 Exception <a 'java/lang/NoSuchMethodError'{0x00000000c305f3d8}: 'void java.lang.invoke.DirectMethodHandle$Holder.invokeStatic(java.lang.Object, java.lang.Object, java.lang.Object)'> (0x00000000c305f3d8) 
thrown [s\src\hotspot\share\interpreter\linkResolver.cpp, line 759]
Event: 5.552 Thread 0x0000016bdc4ae780 Exception <a 'java/lang/NoSuchMethodError'{0x00000000c2f068c0}: 'void java.lang.invoke.DirectMethodHandle$Holder.invokeStatic(java.lang.Object, java.lang.Object, java.lang.Object, java.lang.Object)'> (0x00000000c2f068c0) 
thrown [s\src\hotspot\share\interpreter\linkResolver.cpp, line 759]
Event: 9.666 Thread 0x0000016bdc4ae780 Exception <a 'java/lang/NoSuchMethodError'{0x00000000c61d4240}: 'java.lang.Object java.lang.invoke.DirectMethodHandle$Holder.invokeStaticInit(java.lang.Object, java.lang.Object, java.lang.Object, java.lang.Object, java.lang.Object, java.lang.Object, java.lang.Object, java.lang.Object, java.lang.Object, java.lang.Object, java.lang.Object, java.lang.Object, java.lang.Object, java.lang.Object, java.lang.Object, java.lang.Object, java.lang.Object, java.lang.Object, java.lang.Object, java.lang.Object, int, java
Event: 9.674 Thread 0x0000016bdc4ae780 Exception <a 'java/lang/NoSuchMethodError'{0x00000000c61e13f8}: 'int java.lang.invoke.DirectMethodHandle$Holder.invokeVirtual(java.lang.Object, java.lang.Object)'> (0x00000000c61e13f8) 
thrown [s\src\hotspot\share\interpreter\linkResolver.cpp, line 759]
Event: 9.855 Thread 0x0000016bfe2ae5c0 Exception <a 'java/lang/IncompatibleClassChangeError'{0x00000000c5f9d9b0}: Found class java.lang.Object, but interface was expected> (0x00000000c5f9d9b0) 
thrown [s\src\hotspot\share\interpreter\linkResolver.cpp, line 826]
Event: 9.855 Thread 0x0000016bfe2aeaa0 Exception <a 'java/lang/IncompatibleClassChangeError'{0x00000000c5f4a4b0}: Found class java.lang.Object, but interface was expected> (0x00000000c5f4a4b0) 
thrown [s\src\hotspot\share\interpreter\linkResolver.cpp, line 826]
Event: 9.875 Thread 0x0000016bfe2ae5c0 Exception <a 'java/lang/NoSuchMethodError'{0x00000000c5faee10}: 'java.lang.Object java.lang.invoke.DirectMethodHandle$Holder.invokeVirtual(java.lang.Object, java.lang.Object, java.lang.Object)'> (0x00000000c5faee10) 
thrown [s\src\hotspot\share\interpreter\linkResolver.cpp, line 759]
Event: 9.875 Thread 0x0000016bfe2aeaa0 Exception <a 'java/lang/NoSuchMethodError'{0x00000000c5f667f8}: 'java.lang.Object java.lang.invoke.DirectMethodHandle$Holder.invokeVirtual(java.lang.Object, java.lang.Object, java.lang.Object)'> (0x00000000c5f667f8) 
thrown [s\src\hotspot\share\interpreter\linkResolver.cpp, line 759]
Event: 10.084 Thread 0x0000016bfe2aeaa0 Exception <a 'java/lang/NoSuchMethodError'{0x00000000c6241aa8}: 'long java.lang.invoke.DirectMethodHandle$Holder.invokeStatic(java.lang.Object, java.lang.Object)'> (0x00000000c6241aa8) 
thrown [s\src\hotspot\share\interpreter\linkResolver.cpp, line 759]
Event: 10.084 Thread 0x0000016bfe2ae5c0 Exception <a 'java/lang/NoSuchMethodError'{0x00000000c6211cf0}: 'long java.lang.invoke.DirectMethodHandle$Holder.invokeStatic(java.lang.Object, java.lang.Object)'> (0x00000000c6211cf0) 
thrown [s\src\hotspot\share\interpreter\linkResolver.cpp, line 759]
Event: 10.085 Thread 0x0000016bfe2aeaa0 Exception <a 'java/lang/NoSuchMethodError'{0x00000000c6244fd8}: 'long java.lang.invoke.DirectMethodHandle$Holder.invokeStaticInit(java.lang.Object, java.lang.Object)'> (0x00000000c6244fd8) 
thrown [s\src\hotspot\share\interpreter\linkResolver.cpp, line 759]
Event: 10.085 Thread 0x0000016bfe2ae5c0 Exception <a 'java/lang/NoSuchMethodError'{0x00000000c6215248}: 'long java.lang.invoke.DirectMethodHandle$Holder.invokeStaticInit(java.lang.Object, java.lang.Object)'> (0x00000000c6215248) 
thrown [s\src\hotspot\share\interpreter\linkResolver.cpp, line 759]
Event: 11.924 Thread 0x0000016bfe2ae5c0 Exception <a 'java/lang/NoSuchMethodError'{0x00000000c9377fc8}: 'java.lang.Object java.lang.invoke.DirectMethodHandle$Holder.newInvokeSpecial(java.lang.Object, int, java.lang.Object)'> (0x00000000c9377fc8) 
thrown [s\src\hotspot\share\interpreter\linkResolver.cpp, line 759]
Event: 11.937 Thread 0x0000016bfe2ae5c0 Exception <a 'java/lang/NoSuchMethodError'{0x00000000c9382120}: 'java.lang.Object java.lang.invoke.DirectMethodHandle$Holder.newInvokeSpecial(java.lang.Object, java.lang.Object, java.lang.Object, int, java.lang.Object, java.lang.Object)'> (0x00000000c9382120) 
thrown [s\src\hotspot\share\interpreter\linkResolver.cpp, line 759]
Event: 11.941 Thread 0x0000016bfe2aeaa0 Exception <a 'java/lang/NoSuchMethodError'{0x00000000c96aedc8}: 'java.lang.Object java.lang.invoke.Invokers$Holder.linkToTargetMethod(java.lang.Object, java.lang.Object, int, java.lang.Object, java.lang.Object, java.lang.Object)'> (0x00000000c96aedc8) 
thrown [s\src\hotspot\share\interpreter\linkResolver.cpp, line 759]
Event: 11.942 Thread 0x0000016bfe2aeaa0 Exception <a 'java/lang/NoSuchMethodError'{0x00000000c96b2ea0}: 'void java.lang.invoke.DirectMethodHandle$Holder.invokeSpecial(java.lang.Object, java.lang.Object, java.lang.Object, java.lang.Object, java.lang.Object)'> (0x00000000c96b2ea0) 
thrown [s\src\hotspot\share\interpreter\linkResolver.cpp, line 759]

VM Operations (20 events):
Event: 13.593 Executing VM operation: G1CollectForAllocation done
Event: 14.128 Executing VM operation: G1CollectForAllocation
Event: 14.181 Executing VM operation: G1CollectForAllocation done
Event: 14.308 Executing VM operation: G1PauseRemark
Event: 14.314 Executing VM operation: G1PauseRemark done
Event: 14.384 Executing VM operation: G1PauseCleanup
Event: 14.387 Executing VM operation: G1PauseCleanup done
Event: 14.734 Executing VM operation: G1CollectForAllocation
Event: 14.792 Executing VM operation: G1CollectForAllocation done
Event: 14.822 Executing VM operation: G1CollectForAllocation
Event: 14.843 Executing VM operation: G1CollectForAllocation done
Event: 15.358 Executing VM operation: G1CollectForAllocation
Event: 15.386 Executing VM operation: G1CollectForAllocation done
Event: 15.601 Executing VM operation: G1PauseRemark
Event: 15.624 Executing VM operation: G1PauseRemark done
Event: 15.729 Executing VM operation: G1PauseCleanup
Event: 15.729 Executing VM operation: G1PauseCleanup done
Event: 15.922 Executing VM operation: G1CollectForAllocation
Event: 15.954 Executing VM operation: G1CollectForAllocation done
Event: 16.034 Executing VM operation: G1CollectForAllocation

Memory protections (0 events):
No events

Nmethod flushes (0 events):
No events

Events (14 events):
Event: 0.449 Thread 0x0000016bdc4ae780 Thread added: 0x0000016bdc4ae780
Event: 0.545 Thread 0x0000016bdc4ae780 Thread added: 0x0000016bf9d44fc0
Event: 0.547 Thread 0x0000016bdc4ae780 Thread added: 0x0000016bf9d45d50
Event: 0.739 Thread 0x0000016bdc4ae780 Thread added: 0x0000016bf9d5e850
Event: 0.739 Thread 0x0000016bdc4ae780 Thread added: 0x0000016bf9d60390
Event: 0.739 Thread 0x0000016bdc4ae780 Thread added: 0x0000016bf9d62d60
Event: 0.739 Thread 0x0000016bdc4ae780 Thread added: 0x0000016bf9d63720
Event: 0.740 Thread 0x0000016bdc4ae780 Thread added: 0x0000016bf9d644c0
Event: 0.806 Thread 0x0000016bdc4ae780 Thread added: 0x0000016bf9d66f80
Event: 0.843 Thread 0x0000016bdc4ae780 Thread added: 0x0000016bf9dd6af0
Event: 0.932 Thread 0x0000016bdc4ae780 Thread added: 0x0000016bfe0265b0
Event: 0.944 Thread 0x0000016bdc4ae780 Thread added: 0x0000016bfe02d660
Event: 9.702 Thread 0x0000016bdc4ae780 Thread added: 0x0000016bfe2ae5c0
Event: 9.706 Thread 0x0000016bdc4ae780 Thread added: 0x0000016bfe2aeaa0


Dynamic libraries:
0x00007ff721f90000 - 0x00007ff721f9e000 	c:\Program Files\Microsoft\jdk-17.0.14+7\bin\java.exe
0x00007ff9df4d0000 - 0x00007ff9df6e7000 	C:\WINDOWS\SYSTEM32\ntdll.dll
0x00007ff9ddff0000 - 0x00007ff9de0b4000 	C:\WINDOWS\System32\KERNEL32.DLL
0x00007ff9dc7c0000 - 0x00007ff9dcb93000 	C:\WINDOWS\System32\KERNELBASE.dll
0x00007ff9dc5f0000 - 0x00007ff9dc701000 	C:\WINDOWS\System32\ucrtbase.dll
0x00007ff9d9ae0000 - 0x00007ff9d9af7000 	c:\Program Files\Microsoft\jdk-17.0.14+7\bin\jli.dll
0x00007ff9ddbe0000 - 0x00007ff9ddd91000 	C:\WINDOWS\System32\USER32.dll
0x00007ff9dcf70000 - 0x00007ff9dcf96000 	C:\WINDOWS\System32\win32u.dll
0x00007ff9de9b0000 - 0x00007ff9de9d9000 	C:\WINDOWS\System32\GDI32.dll
0x00007ff9dd060000 - 0x00007ff9dd17b000 	C:\WINDOWS\System32\gdi32full.dll
0x00007ff9dcba0000 - 0x00007ff9dcc3a000 	C:\WINDOWS\System32\msvcp_win.dll
0x00007ff9c2a30000 - 0x00007ff9c2a4d000 	c:\Program Files\Microsoft\jdk-17.0.14+7\bin\VCRUNTIME140.dll
0x00007ff9bd300000 - 0x00007ff9bd598000 	C:\WINDOWS\WinSxS\amd64_microsoft.windows.common-controls_6595b64144ccf1df_6.0.22621.5124_none_270e8f4f7386d69d\COMCTL32.dll
0x00007ff9dd180000 - 0x00007ff9dd227000 	C:\WINDOWS\System32\msvcrt.dll
0x00007ff9de2f0000 - 0x00007ff9de321000 	C:\WINDOWS\System32\IMM32.DLL
0x00007ff9da240000 - 0x00007ff9da24c000 	c:\Program Files\Microsoft\jdk-17.0.14+7\bin\vcruntime140_1.dll
0x00007ff9b5b80000 - 0x00007ff9b5c0d000 	c:\Program Files\Microsoft\jdk-17.0.14+7\bin\msvcp140.dll
0x00007ff8db720000 - 0x00007ff8dc392000 	c:\Program Files\Microsoft\jdk-17.0.14+7\bin\server\jvm.dll
0x00007ff9de230000 - 0x00007ff9de2e1000 	C:\WINDOWS\System32\ADVAPI32.dll
0x00007ff9df2d0000 - 0x00007ff9df378000 	C:\WINDOWS\System32\sechost.dll
0x00007ff9dc710000 - 0x00007ff9dc738000 	C:\WINDOWS\System32\bcrypt.dll
0x00007ff9de330000 - 0x00007ff9de444000 	C:\WINDOWS\System32\RPCRT4.dll
0x00007ff9deaf0000 - 0x00007ff9deb61000 	C:\WINDOWS\System32\WS2_32.dll
0x00007ff9dc4c0000 - 0x00007ff9dc50d000 	C:\WINDOWS\SYSTEM32\POWRPROF.dll
0x00007ff9d4d00000 - 0x00007ff9d4d34000 	C:\WINDOWS\SYSTEM32\WINMM.dll
0x00007ff9da200000 - 0x00007ff9da20a000 	C:\WINDOWS\SYSTEM32\VERSION.dll
0x00007ff9dc3f0000 - 0x00007ff9dc403000 	C:\WINDOWS\SYSTEM32\UMPDC.dll
0x00007ff9db5e0000 - 0x00007ff9db5f8000 	C:\WINDOWS\SYSTEM32\kernel.appcore.dll
0x00007ff9d9dc0000 - 0x00007ff9d9dca000 	c:\Program Files\Microsoft\jdk-17.0.14+7\bin\jimage.dll
0x00007ff9d9190000 - 0x00007ff9d93c2000 	C:\WINDOWS\SYSTEM32\DBGHELP.DLL
0x00007ff9de450000 - 0x00007ff9de7e2000 	C:\WINDOWS\System32\combase.dll
0x00007ff9dea00000 - 0x00007ff9dead7000 	C:\WINDOWS\System32\OLEAUT32.dll
0x00007ff9badd0000 - 0x00007ff9bae02000 	C:\WINDOWS\SYSTEM32\dbgcore.DLL
0x00007ff9dc740000 - 0x00007ff9dc7bb000 	C:\WINDOWS\System32\bcryptPrimitives.dll
0x00007ff9c2910000 - 0x00007ff9c2935000 	c:\Program Files\Microsoft\jdk-17.0.14+7\bin\java.dll
0x00007ff964800000 - 0x00007ff9648d7000 	c:\Program Files\Microsoft\jdk-17.0.14+7\bin\jsvml.dll
0x00007ff9dd340000 - 0x00007ff9ddbd6000 	C:\WINDOWS\System32\SHELL32.dll
0x00007ff9dce30000 - 0x00007ff9dcf6f000 	C:\WINDOWS\System32\wintypes.dll
0x00007ff9da4d0000 - 0x00007ff9dadea000 	C:\WINDOWS\SYSTEM32\windows.storage.dll
0x00007ff9deca0000 - 0x00007ff9dedaa000 	C:\WINDOWS\System32\SHCORE.dll
0x00007ff9dedb0000 - 0x00007ff9dee13000 	C:\WINDOWS\System32\shlwapi.dll
0x00007ff9dc520000 - 0x00007ff9dc54b000 	C:\WINDOWS\SYSTEM32\profapi.dll
0x00007ff9bada0000 - 0x00007ff9badba000 	C:\Program Files\Microsoft\jdk-17.0.14+7\bin\net.dll
0x00007ff9d4b00000 - 0x00007ff9d4c2c000 	C:\WINDOWS\SYSTEM32\WINHTTP.dll
0x00007ff9dba60000 - 0x00007ff9dbaca000 	C:\WINDOWS\system32\mswsock.dll
0x00007ff9babb0000 - 0x00007ff9babc6000 	C:\Program Files\Microsoft\jdk-17.0.14+7\bin\nio.dll
0x00007ff9b5b20000 - 0x00007ff9b5b38000 	C:\Program Files\Microsoft\jdk-17.0.14+7\bin\zip.dll
0x00007ff9c28d0000 - 0x00007ff9c28e0000 	c:\Program Files\Microsoft\jdk-17.0.14+7\bin\verify.dll

dbghelp: loaded successfully - version: 4.0.5 - missing functions: none
symbol engine: initialized successfully - sym options: 0x614 - pdb path: .;c:\Program Files\Microsoft\jdk-17.0.14+7\bin;C:\WINDOWS\SYSTEM32;C:\WINDOWS\WinSxS\amd64_microsoft.windows.common-controls_6595b64144ccf1df_6.0.22621.5124_none_270e8f4f7386d69d;c:\Program Files\Microsoft\jdk-17.0.14+7\bin\server

VM Arguments:
jvm_args: -Xmx1G 
java_command: com.android.tools.r8.D8 --debug --min-api 21 --output obj\Debug\net8.0-android\android\bin\ --lib c:\Users\callu\MAUI\android\platforms\android-34\android.jar obj\Debug\net8.0-android\android\bin\classes.zip C:\Program Files\dotnet\packs\Microsoft.Android.Ref.34\34.0.148\ref\net8.0\mono.android.jar C:\Program Files\dotnet\packs\Microsoft.Android.Sdk.Windows\34.0.148\tools\java_runtime_fastdev_net6.jar C:\Users\callu\.nuget\packages\xamarin.jetbrains.annotations\24.0.1.3\buildTransitive\net6.0-android31.0\..\..\jar\org.jetbrains.annotations-24.0.1.jar C:\Users\callu\.nuget\packages\xamarin.kotlin.stdlib\1.9.0.1\buildTransitive\net6.0-android31.0\..\..\jar\org.jetbrains.kotlin.kotlin-stdlib-1.9.0.jar C:\Users\callu\.nuget\packages\xamarin.kotlin.stdlib.jdk7\1.9.0.1\buildTransitive\net6.0-android31.0\..\..\jar\org.jetbrains.kotlin.kotlin-stdlib-jdk7-1.9.0.jar C:\Users\callu\.nuget\packages\xamarin.kotlin.stdlib.jdk8\1.9.0.1\buildTransitive\net6.0-android31.0\..\..\jar\org.jetbrains.kotlin.kotlin-stdlib-jdk8-1.9.0.jar C:\Users\callu\.nuget\packages\xamarin.kotlinx.coroutines.core.jvm\1.7.2.1\buildTransitive\net6.0-android31.0\..\..\jar\org.jetbrains.kotlinx.kotlinx-coroutines-core-jvm-1.7.2.jar C:\Users\callu\.nuget\packages\xamarin.kotlinx.coroutines.android\1.7.2.1\buildTransitive\net6.0-android31.0\..\..\jar\org.jetbrains.kotlinx.kotlinx-coroutines-android-1.7.2.jar C:\Users\callu\.nuget\packages\xamarin.google.guava.listenablefuture\1.0.0.14\buildTransitive\net6.0-android31.0\..\..\jar\guava-listenablefuture.jar C:\Users\callu\.nuget\packages\xamarin.androidx.annotation.jvm\1.6.0.2\buildTransitive\net6.0-android31.0\..\..\jar\androidx.annotation.annotation-jvm.jar C:\Users\callu\.nuget\packages\xamarin.androidx.collection\1.2.0.9\buildTransitive\net6.0-android31.0\..\..\jar\androidx.collection.collection.jar C:\Users\callu\.nuget\packages\xamarin.androidx.concurrent.futures\1.1.0.14\buildTransitive\net6.0-android31.0\..\..\jar\androidx.concurrent.con
java_class_path (initial): C:\Program Files\dotnet\packs\Microsoft.Android.Sdk.Windows\34.0.148\tools\r8.jar
Launcher Type: SUN_STANDARD

[Global flags]
     intx CICompilerCount                          = 3                                         {product} {ergonomic}
     uint ConcGCThreads                            = 1                                         {product} {ergonomic}
     uint G1ConcRefinementThreads                  = 4                                         {product} {ergonomic}
   size_t G1HeapRegionSize                         = 1048576                                   {product} {ergonomic}
    uintx GCDrainStackTargetSize                   = 64                                        {product} {ergonomic}
   size_t InitialHeapSize                          = 65011712                                  {product} {ergonomic}
   size_t MarkStackSize                            = 4194304                                   {product} {ergonomic}
   size_t MaxHeapSize                              = 1073741824                                {product} {command line}
   size_t MaxNewSize                               = 643825664                                 {product} {ergonomic}
   size_t MinHeapDeltaBytes                        = 1048576                                   {product} {ergonomic}
   size_t MinHeapSize                              = 8388608                                   {product} {ergonomic}
    uintx NonNMethodCodeHeapSize                   = 5832780                                {pd product} {ergonomic}
    uintx NonProfiledCodeHeapSize                  = 122912730                              {pd product} {ergonomic}
    uintx ProfiledCodeHeapSize                     = 122912730                              {pd product} {ergonomic}
    uintx ReservedCodeCacheSize                    = 251658240                              {pd product} {ergonomic}
     bool SegmentedCodeCache                       = true                                      {product} {ergonomic}
   size_t SoftMaxHeapSize                          = 1073741824                             {manageable} {ergonomic}
     bool UseCompressedClassPointers               = true                           {product lp64_product} {ergonomic}
     bool UseCompressedOops                        = true                           {product lp64_product} {ergonomic}
     bool UseG1GC                                  = true                                      {product} {ergonomic}
     bool UseLargePagesIndividualAllocation        = false                                  {pd product} {ergonomic}

Logging:
Log output configuration:
 #0: stdout all=warning uptime,level,tags
 #1: stderr all=off uptime,level,tags

Environment Variables:
JAVA_HOME=c:\Program Files\Microsoft\jdk-17.0.14+7
PATH=c:\Program Files\Microsoft\jdk-17.0.14+7\bin;C:\Program Files (x86)\Common Files\Oracle\Java\javapath;C:\WINDOWS\system32;C:\WINDOWS;C:\WINDOWS\System32\Wbem;C:\WINDOWS\System32\WindowsPowerShell\v1.0\;C:\WINDOWS\System32\OpenSSH\;C:\Program Files\dotnet;C:\Program Files\Git\cmd;C:\sonarqube\bin\windows-x86-64;;C:\Program Files\Docker\Docker\resources\bin;C:\Users\callu\AppData\Local\Microsoft\WindowsApps;C:\Users\callu\AppData\Local\Programs\Microsoft VS Code\bin;C:\Users\callu\.dotnet\tools;C:\Users\callu\MAUI\android\cmdline-tools\11.0\bin;C:\Users\callu\MAUI\android\platform-tools;;C:\Users\callu\AppData\Local\Programs\Azure Data Studio\bin
USERNAME=callu
OS=Windows_NT
PROCESSOR_IDENTIFIER=Intel64 Family 6 Model 122 Stepping 8, GenuineIntel
TMP=C:\Users\callu\AppData\Local\Temp
TEMP=C:\Users\callu\AppData\Local\Temp



Periodic native trim disabled


---------------  S Y S T E M  ---------------

OS:
 Windows 11 , 64 bit Build 22621 (10.0.22621.5124)
OS uptime: 0 days 3:36 hours
Hyper-V role detected

CPU: total 4 (initial active 4) (4 cores per cpu, 1 threads per core) family 6 model 122 stepping 8 microcode 0x20, cx8, cmov, fxsr, mmx, 3dnowpref, sse, sse2, sse3, ssse3, sse4.1, sse4.2, popcnt, tsc, tscinvbit, aes, erms, clmul, sha, clflush, clflushopt, hv
Processor Information for the first 4 processors :
  Max Mhz: 1101, Current Mhz: 1101, Mhz Limit: 1101

Memory: 4k page, system-wide physical 3908M (300M free)
TotalPageFile size 15684M (AvailPageFile size 233M)
current process WorkingSet (physical memory assigned to process): 253M, peak: 256M
current process commit charge ("private bytes"): 298M, peak: 573M

vm_info: OpenJDK 64-Bit Server VM (17.0.14+7-LTS) for windows-amd64 JRE (17.0.14+7-LTS), built on Jan  8 2025 23:39:28 by "MicrosoftCorporation" with unknown MS VC++:1939

END.
