#
# There is insufficient memory for the Java Runtime Environment to continue.
# Native memory allocation (mmap) failed to map 65536 bytes. Error detail: Failed to commit metaspace.
# Possible reasons:
#   The system is out of physical RAM or swap space
#   This process is running with CompressedOops enabled, and the Java Heap may be blocking the growth of the native heap
# Possible solutions:
#   Reduce memory load on the system
#   Increase physical memory or swap space
#   Check if swap backing store is full
#   Decrease Java heap size (-Xmx/-Xms)
#
#  Out of Memory Error (virtualSpaceNode.cpp:110), pid=16036, tid=13288
#
# JRE version: OpenJDK Runtime Environment Microsoft-10800295 (17.0.14+7) (build 17.0.14+7-LTS)
# Java VM: OpenJDK 64-Bit Server VM Microsoft-10800295 (17.0.14+7-LTS, mixed mode, sharing, tiered, compressed oops, compressed class ptrs, g1 gc, windows-amd64)
# No core dump will be written. Minidumps are not enabled by default on client versions of Windows
#

---------------  S U M M A R Y ------------

Command Line: -Dapplication.home=c:\Program Files\Microsoft\jdk-17.0.14+7 --add-modules=ALL-DEFAULT -Xms8m -Djdk.module.main=jdk.compiler jdk.compiler/com.sun.tools.javac.Main -version

Host: Intel(R) Pentium(R) Silver N5030 CPU @ 1.10GHz, 4 cores, 3G,  Windows 11 , 64 bit Build 22621 (10.0.22621.5124)
Time: Mon Apr  7 21:41:40 2025 GMT Summer Time elapsed time: 1.308157 seconds (0d 0h 0m 1s)

---------------  T H R E A D  ---------------

Current thread (0x000001c36b80a4b0):  JavaThread "main" [_thread_in_vm, id=13288, stack(0x0000004c1bc00000,0x0000004c1bd00000)]

Stack: [0x0000004c1bc00000,0x0000004c1bd00000]
Native frames: (J=compiled Java code, j=interpreted, Vv=VM code, C=native code)
V  [jvm.dll+0x6886b9]
V  [jvm.dll+0x83f6f8]
V  [jvm.dll+0x8411a3]
V  [jvm.dll+0x841813]
V  [jvm.dll+0x2495cf]
V  [jvm.dll+0x83b4ad]
V  [jvm.dll+0x62c99e]
V  [jvm.dll+0x1c16c0]
V  [jvm.dll+0x62f300]
V  [jvm.dll+0x62d346]
V  [jvm.dll+0x23e7d0]
V  [jvm.dll+0x1ebe4b]
V  [jvm.dll+0x1e1991]
V  [jvm.dll+0x54bbf4]
V  [jvm.dll+0x7b9488]
V  [jvm.dll+0x7b9574]
V  [jvm.dll+0x418103]
V  [jvm.dll+0x41ebf9]
C  [java.dll+0x1971]

Java frames: (J=compiled Java code, j=interpreted, Vv=VM code)
j  java.lang.ClassLoader.defineClass2(Ljava/lang/ClassLoader;Ljava/lang/String;Ljava/nio/ByteBuffer;IILjava/security/ProtectionDomain;Ljava/lang/String;)Ljava/lang/Class;+0 java.base@17.0.14
j  java.lang.ClassLoader.defineClass(Ljava/lang/String;Ljava/nio/ByteBuffer;Ljava/security/ProtectionDomain;)Ljava/lang/Class;+93 java.base@17.0.14
j  java.security.SecureClassLoader.defineClass(Ljava/lang/String;Ljava/nio/ByteBuffer;Ljava/security/CodeSource;)Ljava/lang/Class;+8 java.base@17.0.14
j  jdk.internal.loader.BuiltinClassLoader.defineClass(Ljava/lang/String;Ljdk/internal/loader/BuiltinClassLoader$LoadedModule;)Ljava/lang/Class;+127 java.base@17.0.14
j  jdk.internal.loader.BuiltinClassLoader.findClassInModuleOrNull(Ljdk/internal/loader/BuiltinClassLoader$LoadedModule;Ljava/lang/String;)Ljava/lang/Class;+9 java.base@17.0.14
j  jdk.internal.loader.BuiltinClassLoader.loadClassOrNull(Ljava/lang/String;Z)Ljava/lang/Class;+55 java.base@17.0.14
j  jdk.internal.loader.BuiltinClassLoader.loadClass(Ljava/lang/String;Z)Ljava/lang/Class;+3 java.base@17.0.14
j  jdk.internal.loader.ClassLoaders$AppClassLoader.loadClass(Ljava/lang/String;Z)Ljava/lang/Class;+36 java.base@17.0.14
j  java.lang.ClassLoader.loadClass(Ljava/lang/String;)Ljava/lang/Class;+3 java.base@17.0.14
v  ~StubRoutines::call_stub
j  com.sun.tools.javac.util.JavacMessages.<init>(Ljava/lang/String;Ljava/util/Locale;)V+5 jdk.compiler@17.0.14
j  com.sun.tools.javac.util.JavacMessages.<init>(Lcom/sun/tools/javac/util/Context;)V+12 jdk.compiler@17.0.14
j  com.sun.tools.javac.util.JavacMessages.instance(Lcom/sun/tools/javac/util/Context;)Lcom/sun/tools/javac/util/JavacMessages;+20 jdk.compiler@17.0.14
j  com.sun.tools.javac.util.JCDiagnostic$Factory.<init>(Lcom/sun/tools/javac/util/Context;)V+2 jdk.compiler@17.0.14
j  com.sun.tools.javac.util.JCDiagnostic$Factory.instance(Lcom/sun/tools/javac/util/Context;)Lcom/sun/tools/javac/util/JCDiagnostic$Factory;+20 jdk.compiler@17.0.14
j  com.sun.tools.javac.util.Log.<init>(Lcom/sun/tools/javac/util/Context;Ljava/util/Map;)V+2 jdk.compiler@17.0.14
j  com.sun.tools.javac.util.Log.<init>(Lcom/sun/tools/javac/util/Context;)V+6 jdk.compiler@17.0.14
j  com.sun.tools.javac.util.Log.instance(Lcom/sun/tools/javac/util/Context;)Lcom/sun/tools/javac/util/Log;+20 jdk.compiler@17.0.14
j  com.sun.tools.javac.main.Main.compile([Ljava/lang/String;Lcom/sun/tools/javac/util/Context;)Lcom/sun/tools/javac/main/Main$Result;+38 jdk.compiler@17.0.14
j  com.sun.tools.javac.main.Main.compile([Ljava/lang/String;)Lcom/sun/tools/javac/main/Main$Result;+15 jdk.compiler@17.0.14
j  com.sun.tools.javac.Main.compile([Ljava/lang/String;)I+12 jdk.compiler@17.0.14
j  com.sun.tools.javac.Main.main([Ljava/lang/String;)V+1 jdk.compiler@17.0.14
v  ~StubRoutines::call_stub

---------------  P R O C E S S  ---------------

Threads class SMR info:
_java_thread_list=0x000001c37c02f010, length=12, elements={
0x000001c36b80a4b0, 0x000001c377bcf380, 0x000001c377bd0200, 0x000001c377be8000,
0x000001c377beb9e0, 0x000001c377bec3a0, 0x000001c377becd60, 0x000001c377bedb00,
0x000001c377c4cf90, 0x000001c377c50060, 0x000001c377cde930, 0x000001c37c056770
}

Java Threads: ( => current thread )
=>0x000001c36b80a4b0 JavaThread "main" [_thread_in_vm, id=13288, stack(0x0000004c1bc00000,0x0000004c1bd00000)]
  0x000001c377bcf380 JavaThread "Reference Handler" daemon [_thread_blocked, id=11400, stack(0x0000004c1c300000,0x0000004c1c400000)]
  0x000001c377bd0200 JavaThread "Finalizer" daemon [_thread_blocked, id=14132, stack(0x0000004c1c400000,0x0000004c1c500000)]
  0x000001c377be8000 JavaThread "Signal Dispatcher" daemon [_thread_blocked, id=3984, stack(0x0000004c1c500000,0x0000004c1c600000)]
  0x000001c377beb9e0 JavaThread "Attach Listener" daemon [_thread_blocked, id=17960, stack(0x0000004c1c600000,0x0000004c1c700000)]
  0x000001c377bec3a0 JavaThread "Service Thread" daemon [_thread_blocked, id=14220, stack(0x0000004c1c700000,0x0000004c1c800000)]
  0x000001c377becd60 JavaThread "Monitor Deflation Thread" daemon [_thread_blocked, id=4200, stack(0x0000004c1c800000,0x0000004c1c900000)]
  0x000001c377bedb00 JavaThread "C2 CompilerThread0" daemon [_thread_blocked, id=4468, stack(0x0000004c1c900000,0x0000004c1ca00000)]
  0x000001c377c4cf90 JavaThread "C1 CompilerThread0" daemon [_thread_blocked, id=15320, stack(0x0000004c1ca00000,0x0000004c1cb00000)]
  0x000001c377c50060 JavaThread "Sweeper thread" daemon [_thread_blocked, id=15160, stack(0x0000004c1cb00000,0x0000004c1cc00000)]
  0x000001c377cde930 JavaThread "Common-Cleaner" daemon [_thread_blocked, id=9716, stack(0x0000004c1cc00000,0x0000004c1cd00000)]
  0x000001c37c056770 JavaThread "Notification Thread" daemon [_thread_blocked, id=18024, stack(0x0000004c1cd00000,0x0000004c1ce00000)]

Other Threads:
  0x000001c377bca140 VMThread "VM Thread" [stack: 0x0000004c1c200000,0x0000004c1c300000] [id=12988]
  0x000001c37c056c50 WatcherThread [stack: 0x0000004c1ce00000,0x0000004c1cf00000] [id=14352]
  0x000001c36b844df0 GCTaskThread "GC Thread#0" [stack: 0x0000004c1bd00000,0x0000004c1be00000] [id=136]
  0x000001c36b84d780 ConcurrentGCThread "G1 Main Marker" [stack: 0x0000004c1be00000,0x0000004c1bf00000] [id=11676]
  0x000001c36b84e1a0 ConcurrentGCThread "G1 Conc#0" [stack: 0x0000004c1bf00000,0x0000004c1c000000] [id=17820]
  0x000001c36b866320 ConcurrentGCThread "G1 Refine#0" [stack: 0x0000004c1c000000,0x0000004c1c100000] [id=4212]
  0x000001c36b866d50 ConcurrentGCThread "G1 Service" [stack: 0x0000004c1c100000,0x0000004c1c200000] [id=17732]

Threads with active compile tasks:

VM state: not at safepoint (normal execution)

VM Mutex/Monitor currently owned by a thread:  ([mutex/lock_event])
[0x000001c3695b7c90] Metaspace_lock - owner thread: 0x000001c36b80a4b0

Heap address: 0x00000000c2e00000, size: 978 MB, Compressed Oops mode: 32-bit

CDS archive(s) mapped at: [0x000001c30f000000-0x000001c30fbb0000-0x000001c30fbb0000), size 12255232, SharedBaseAddress: 0x000001c30f000000, ArchiveRelocationMode: 1.
Compressed class space mapped at: 0x000001c310000000-0x000001c350000000, reserved size: 1073741824
Narrow klass base: 0x000001c30f000000, Narrow klass shift: 0, Narrow klass range: 0x100000000

GC Precious Log:
 CPUs: 4 total, 4 available
 Memory: 3908M
 Large Page Support: Disabled
 NUMA Support: Disabled
 Compressed Oops: Enabled (32-bit)
 Heap Region Size: 1M
 Heap Min Capacity: 8M
 Heap Initial Capacity: 8M
 Heap Max Capacity: 978M
 Pre-touch: Disabled
 Parallel Workers: 4
 Concurrent Workers: 1
 Concurrent Refinement Workers: 4
 Periodic GC: Disabled

Heap:
 garbage-first heap   total 8192K, used 1024K [0x00000000c2e00000, 0x0000000100000000)
  region size 1024K, 2 young (2048K), 0 survivors (0K)
 Metaspace       used 822K, committed 960K, reserved 1114112K
  class space    used 93K, committed 192K, reserved 1048576K

Heap Regions: E=young(eden), S=young(survivor), O=old, HS=humongous(starts), HC=humongous(continues), CS=collection set, F=free, OA=open archive, CA=closed archive, TAMS=top-at-mark-start (previous, next)
|   0|0x00000000c2e00000, 0x00000000c2e00000, 0x00000000c2f00000|  0%| F|  |TAMS 0x00000000c2e00000, 0x00000000c2e00000| Untracked 
|   1|0x00000000c2f00000, 0x00000000c2f00000, 0x00000000c3000000|  0%| F|  |TAMS 0x00000000c2f00000, 0x00000000c2f00000| Untracked 
|   2|0x00000000c3000000, 0x00000000c3000000, 0x00000000c3100000|  0%| F|  |TAMS 0x00000000c3000000, 0x00000000c3000000| Untracked 
|   3|0x00000000c3100000, 0x00000000c3100000, 0x00000000c3200000|  0%| F|  |TAMS 0x00000000c3100000, 0x00000000c3100000| Untracked 
|   4|0x00000000c3200000, 0x00000000c3200000, 0x00000000c3300000|  0%| F|  |TAMS 0x00000000c3200000, 0x00000000c3200000| Untracked 
|   5|0x00000000c3300000, 0x00000000c3300000, 0x00000000c3400000|  0%| F|  |TAMS 0x00000000c3300000, 0x00000000c3300000| Untracked 
|   6|0x00000000c3400000, 0x00000000c34b52d0, 0x00000000c3500000| 70%| E|  |TAMS 0x00000000c3400000, 0x00000000c3400000| Complete 
|   7|0x00000000c3500000, 0x00000000c3600000, 0x00000000c3600000|100%| E|CS|TAMS 0x00000000c3500000, 0x00000000c3500000| Complete 

Card table byte_map: [0x000001c373530000,0x000001c373720000] _byte_map_base: 0x000001c372f19000

Marking Bits (Prev, Next): (CMBitMap*) 0x000001c36b845410, (CMBitMap*) 0x000001c36b845450
 Prev Bits: [0x000001c373910000, 0x000001c374858000)
 Next Bits: [0x000001c374860000, 0x000001c3757a8000)

Polling page: 0x000001c36afc0000

Metaspace:

Usage:
  Non-class:    729.32 KB used.
      Class:     93.23 KB used.
       Both:    822.55 KB used.

Virtual space:
  Non-class space:       64.00 MB reserved,     768.00 KB (  1%) committed,  1 nodes.
      Class space:        1.00 GB reserved,     192.00 KB ( <1%) committed,  1 nodes.
             Both:        1.06 GB reserved,     960.00 KB ( <1%) committed. 

Chunk freelists:
   Non-Class:  11.61 MB
       Class:  15.67 MB
        Both:  27.28 MB

MaxMetaspaceSize: unlimited
CompressedClassSpaceSize: 1.00 GB
Initial GC threshold: 21.00 MB
Current GC threshold: 21.00 MB
CDS: on
MetaspaceReclaimPolicy: balanced
 - commit_granule_bytes: 65536.
 - commit_granule_words: 8192.
 - virtual_space_node_default_size: 8388608.
 - enlarge_chunks_in_place: 1.
 - new_chunks_are_fully_committed: 0.
 - uncommit_free_chunks: 1.
 - use_allocation_guard: 0.
 - handle_deallocations: 1.


Internal statistics:

num_allocs_failed_limit: 0.
num_arena_births: 8.
num_arena_deaths: 0.
num_vsnodes_births: 2.
num_vsnodes_deaths: 0.
num_space_committed: 15.
num_space_uncommitted: 0.
num_chunks_returned_to_freelist: 0.
num_chunks_taken_from_freelist: 38.
num_chunk_merges: 0.
num_chunk_splits: 23.
num_chunks_enlarged: 14.
num_inconsistent_stats: 0.

CodeHeap 'non-profiled nmethods': size=120000Kb used=76Kb max_used=76Kb free=119923Kb
 bounds [0x000001c307ad0000, 0x000001c307d40000, 0x000001c30f000000]
CodeHeap 'profiled nmethods': size=120000Kb used=260Kb max_used=260Kb free=119739Kb
 bounds [0x000001c300000000, 0x000001c300270000, 0x000001c307530000]
CodeHeap 'non-nmethods': size=5760Kb used=1078Kb max_used=1092Kb free=4681Kb
 bounds [0x000001c307530000, 0x000001c3077a0000, 0x000001c307ad0000]
 total_blobs=591 nmethods=241 adapters=264
 compilation: enabled
              stopped_count=0, restarted_count=0
 full_count=0

Compilation events (20 events):
Event: 1.229 Thread 0x000001c377c4cf90  232       3       java.lang.StringBuilder::toString (35 bytes)
Event: 1.229 Thread 0x000001c377c4cf90 nmethod 232 0x000001c30003e590 code [0x000001c30003e760, 0x000001c30003ea38]
Event: 1.229 Thread 0x000001c377c4cf90  231       3       java.lang.invoke.MethodType::parameterCount (6 bytes)
Event: 1.229 Thread 0x000001c377c4cf90 nmethod 231 0x000001c30003eb10 code [0x000001c30003eca0, 0x000001c30003edb8]
Event: 1.233 Thread 0x000001c377c4cf90  233       3       java.util.stream.ReferencePipeline$2$1::accept (27 bytes)
Event: 1.233 Thread 0x000001c377c4cf90 nmethod 233 0x000001c30003ee90 code [0x000001c30003f040, 0x000001c30003f338]
Event: 1.266 Thread 0x000001c377c4cf90  234       3       java.lang.Class::getName (18 bytes)
Event: 1.266 Thread 0x000001c377c4cf90 nmethod 234 0x000001c30003f490 code [0x000001c30003f640, 0x000001c30003f7c8]
Event: 1.266 Thread 0x000001c377c4cf90  235       3       java.lang.StringBuilder::<init> (7 bytes)
Event: 1.267 Thread 0x000001c377c4cf90 nmethod 235 0x000001c30003f890 code [0x000001c30003fa20, 0x000001c30003fb68]
Event: 1.268 Thread 0x000001c377bedb00  236       4       java.nio.Buffer::scope (17 bytes)
Event: 1.269 Thread 0x000001c377c4cf90  237       3       java.util.Optional::<init> (10 bytes)
Event: 1.269 Thread 0x000001c377c4cf90 nmethod 237 0x000001c30003fc10 code [0x000001c30003fda0, 0x000001c30003ff58]
Event: 1.269 Thread 0x000001c377bedb00 nmethod 236 0x000001c307ae2790 code [0x000001c307ae2900, 0x000001c307ae2998]
Event: 1.275 Thread 0x000001c377c4cf90  239       3       java.lang.CharacterDataLatin1::toLowerCase (39 bytes)
Event: 1.276 Thread 0x000001c377c4cf90 nmethod 239 0x000001c300040010 code [0x000001c3000401c0, 0x000001c3000403f8]
Event: 1.280 Thread 0x000001c377c4cf90  240       3       jdk.internal.jimage.ImageLocation::getAttribute (44 bytes)
Event: 1.281 Thread 0x000001c377c4cf90 nmethod 240 0x000001c300040510 code [0x000001c300040740, 0x000001c300040e18]
Event: 1.286 Thread 0x000001c377bedb00  241       4       java.util.Objects::requireNonNull (14 bytes)
Event: 1.286 Thread 0x000001c377bedb00 nmethod 241 0x000001c307ae2f10 code [0x000001c307ae3080, 0x000001c307ae30f8]

GC Heap History (0 events):
No events

Dll operation events (3 events):
Event: 0.495 Loaded shared library c:\Program Files\Microsoft\jdk-17.0.14+7\bin\java.dll
Event: 0.650 Loaded shared library c:\Program Files\Microsoft\jdk-17.0.14+7\bin\jsvml.dll
Event: 1.011 Loaded shared library C:\Program Files\Microsoft\jdk-17.0.14+7\bin\jimage.dll

Deoptimization events (0 events):
No events

Classes loaded (20 events):
Event: 1.134 Loading class java/nio/file/ProviderNotFoundException
Event: 1.134 Loading class java/nio/file/ProviderNotFoundException done
Event: 1.134 Loading class java/lang/SecurityException
Event: 1.136 Loading class java/lang/SecurityException done
Event: 1.136 Loading class java/nio/file/InvalidPathException
Event: 1.136 Loading class java/nio/file/InvalidPathException done
Event: 1.139 Loading class java/net/URISyntaxException
Event: 1.140 Loading class java/net/URISyntaxException done
Event: 1.198 Loading class jdk/internal/misc/ScopedMemoryAccess$Scope
Event: 1.200 Loading class jdk/internal/misc/ScopedMemoryAccess$Scope done
Event: 1.218 Loading class java/io/FileWriter
Event: 1.219 Loading class java/io/FileWriter done
Event: 1.230 Loading class java/util/JumboEnumSet
Event: 1.232 Loading class java/util/JumboEnumSet done
Event: 1.236 Loading class java/nio/file/FileVisitOption
Event: 1.261 Loading class java/nio/file/FileVisitOption done
Event: 1.263 Loading class sun/invoke/util/VerifyAccess$1
Event: 1.265 Loading class sun/invoke/util/VerifyAccess$1 done
Event: 1.293 Loading class java/util/MissingResourceException
Event: 1.295 Loading class java/util/MissingResourceException done

Classes unloaded (0 events):
No events

Classes redefined (0 events):
No events

Internal exceptions (0 events):
No events

VM Operations (2 events):
Event: 0.947 Executing VM operation: HandshakeAllThreads
Event: 0.948 Executing VM operation: HandshakeAllThreads done

Memory protections (0 events):
No events

Nmethod flushes (0 events):
No events

Events (12 events):
Event: 0.651 Thread 0x000001c36b80a4b0 Thread added: 0x000001c36b80a4b0
Event: 0.709 Thread 0x000001c36b80a4b0 Thread added: 0x000001c377bcf380
Event: 0.709 Thread 0x000001c36b80a4b0 Thread added: 0x000001c377bd0200
Event: 0.756 Thread 0x000001c36b80a4b0 Thread added: 0x000001c377be8000
Event: 0.757 Thread 0x000001c36b80a4b0 Thread added: 0x000001c377beb9e0
Event: 0.757 Thread 0x000001c36b80a4b0 Thread added: 0x000001c377bec3a0
Event: 0.757 Thread 0x000001c36b80a4b0 Thread added: 0x000001c377becd60
Event: 0.757 Thread 0x000001c36b80a4b0 Thread added: 0x000001c377bedb00
Event: 0.773 Thread 0x000001c36b80a4b0 Thread added: 0x000001c377c4cf90
Event: 0.779 Thread 0x000001c36b80a4b0 Thread added: 0x000001c377c50060
Event: 0.892 Thread 0x000001c36b80a4b0 Thread added: 0x000001c377cde930
Event: 0.977 Thread 0x000001c36b80a4b0 Thread added: 0x000001c37c056770


Dynamic libraries:
0x00007ff7c0eb0000 - 0x00007ff7c0eb8000 	c:\Program Files\Microsoft\jdk-17.0.14+7\bin\javac.exe
0x00007ffd39bb0000 - 0x00007ffd39dc7000 	C:\WINDOWS\SYSTEM32\ntdll.dll
0x00007ffd381c0000 - 0x00007ffd38284000 	C:\WINDOWS\System32\KERNEL32.DLL
0x00007ffd36cd0000 - 0x00007ffd370a3000 	C:\WINDOWS\System32\KERNELBASE.dll
0x00007ffd370b0000 - 0x00007ffd371c1000 	C:\WINDOWS\System32\ucrtbase.dll
0x00007ffd18400000 - 0x00007ffd18417000 	c:\Program Files\Microsoft\jdk-17.0.14+7\bin\jli.dll
0x00007ffd39460000 - 0x00007ffd39611000 	C:\WINDOWS\System32\USER32.dll
0x00007ffd371d0000 - 0x00007ffd371f6000 	C:\WINDOWS\System32\win32u.dll
0x00007ffd37930000 - 0x00007ffd37959000 	C:\WINDOWS\System32\GDI32.dll
0x00007ffd37320000 - 0x00007ffd3743b000 	C:\WINDOWS\System32\gdi32full.dll
0x00007ffd37280000 - 0x00007ffd3731a000 	C:\WINDOWS\System32\msvcp_win.dll
0x00007ffd1eb00000 - 0x00007ffd1ed98000 	C:\WINDOWS\WinSxS\amd64_microsoft.windows.common-controls_6595b64144ccf1df_6.0.22621.5124_none_270e8f4f7386d69d\COMCTL32.dll
0x00007ffd37880000 - 0x00007ffd37927000 	C:\WINDOWS\System32\msvcrt.dll
0x00007ffd18390000 - 0x00007ffd183ad000 	c:\Program Files\Microsoft\jdk-17.0.14+7\bin\VCRUNTIME140.dll
0x00007ffd39a20000 - 0x00007ffd39a51000 	C:\WINDOWS\System32\IMM32.DLL
0x00007ffd18380000 - 0x00007ffd1838c000 	c:\Program Files\Microsoft\jdk-17.0.14+7\bin\vcruntime140_1.dll
0x00007ffc95af0000 - 0x00007ffc95b7d000 	c:\Program Files\Microsoft\jdk-17.0.14+7\bin\msvcp140.dll
0x00007ffc3bf10000 - 0x00007ffc3cb82000 	c:\Program Files\Microsoft\jdk-17.0.14+7\bin\server\jvm.dll
0x00007ffd38ce0000 - 0x00007ffd38d91000 	C:\WINDOWS\System32\ADVAPI32.dll
0x00007ffd38290000 - 0x00007ffd38338000 	C:\WINDOWS\System32\sechost.dll
0x00007ffd375b0000 - 0x00007ffd375d8000 	C:\WINDOWS\System32\bcrypt.dll
0x00007ffd38db0000 - 0x00007ffd38ec4000 	C:\WINDOWS\System32\RPCRT4.dll
0x00007ffd38340000 - 0x00007ffd383b1000 	C:\WINDOWS\System32\WS2_32.dll
0x00007ffd36ba0000 - 0x00007ffd36bed000 	C:\WINDOWS\SYSTEM32\POWRPROF.dll
0x00007ffd2f6b0000 - 0x00007ffd2f6e4000 	C:\WINDOWS\SYSTEM32\WINMM.dll
0x00007ffd34650000 - 0x00007ffd3465a000 	C:\WINDOWS\SYSTEM32\VERSION.dll
0x00007ffd36b80000 - 0x00007ffd36b93000 	C:\WINDOWS\SYSTEM32\UMPDC.dll
0x00007ffd35cc0000 - 0x00007ffd35cd8000 	C:\WINDOWS\SYSTEM32\kernel.appcore.dll
0x00007ffd17c80000 - 0x00007ffd17c8a000 	c:\Program Files\Microsoft\jdk-17.0.14+7\bin\jimage.dll
0x00007ffd33870000 - 0x00007ffd33aa2000 	C:\WINDOWS\SYSTEM32\DBGHELP.DLL
0x00007ffd38ee0000 - 0x00007ffd39272000 	C:\WINDOWS\System32\combase.dll
0x00007ffd37bb0000 - 0x00007ffd37c87000 	C:\WINDOWS\System32\OLEAUT32.dll
0x00007ffd10640000 - 0x00007ffd10672000 	C:\WINDOWS\SYSTEM32\dbgcore.DLL
0x00007ffd37200000 - 0x00007ffd3727b000 	C:\WINDOWS\System32\bcryptPrimitives.dll
0x00007ffcfb4d0000 - 0x00007ffcfb4f5000 	c:\Program Files\Microsoft\jdk-17.0.14+7\bin\java.dll
0x00007ffc45db0000 - 0x00007ffc45e87000 	c:\Program Files\Microsoft\jdk-17.0.14+7\bin\jsvml.dll
0x00007ffd38440000 - 0x00007ffd38cd6000 	C:\WINDOWS\System32\SHELL32.dll
0x00007ffd375e0000 - 0x00007ffd3771f000 	C:\WINDOWS\System32\wintypes.dll
0x00007ffd34bb0000 - 0x00007ffd354ca000 	C:\WINDOWS\SYSTEM32\windows.storage.dll
0x00007ffd39a60000 - 0x00007ffd39b6a000 	C:\WINDOWS\System32\SHCORE.dll
0x00007ffd39280000 - 0x00007ffd392e3000 	C:\WINDOWS\System32\shlwapi.dll
0x00007ffd36c00000 - 0x00007ffd36c2b000 	C:\WINDOWS\SYSTEM32\profapi.dll

dbghelp: loaded successfully - version: 4.0.5 - missing functions: none
symbol engine: initialized successfully - sym options: 0x614 - pdb path: .;c:\Program Files\Microsoft\jdk-17.0.14+7\bin;C:\WINDOWS\SYSTEM32;C:\WINDOWS\WinSxS\amd64_microsoft.windows.common-controls_6595b64144ccf1df_6.0.22621.5124_none_270e8f4f7386d69d;c:\Program Files\Microsoft\jdk-17.0.14+7\bin\server

VM Arguments:
jvm_args: -Dapplication.home=c:\Program Files\Microsoft\jdk-17.0.14+7 --add-modules=ALL-DEFAULT -Xms8m -Djdk.module.main=jdk.compiler 
java_command: jdk.compiler/com.sun.tools.javac.Main -version
java_class_path (initial): <not set>
Launcher Type: SUN_STANDARD

[Global flags]
     intx CICompilerCount                          = 3                                         {product} {ergonomic}
     uint ConcGCThreads                            = 1                                         {product} {ergonomic}
     uint G1ConcRefinementThreads                  = 4                                         {product} {ergonomic}
   size_t G1HeapRegionSize                         = 1048576                                   {product} {ergonomic}
    uintx GCDrainStackTargetSize                   = 64                                        {product} {ergonomic}
   size_t InitialHeapSize                          = 8388608                                   {product} {command line}
   size_t MarkStackSize                            = 4194304                                   {product} {ergonomic}
   size_t MaxHeapSize                              = 1025507328                                {product} {ergonomic}
   size_t MaxNewSize                               = 614465536                                 {product} {ergonomic}
   size_t MinHeapDeltaBytes                        = 1048576                                   {product} {ergonomic}
   size_t MinHeapSize                              = 8388608                                   {product} {command line}
    uintx NonNMethodCodeHeapSize                   = 5832780                                {pd product} {ergonomic}
    uintx NonProfiledCodeHeapSize                  = 122912730                              {pd product} {ergonomic}
    uintx ProfiledCodeHeapSize                     = 122912730                              {pd product} {ergonomic}
    uintx ReservedCodeCacheSize                    = 251658240                              {pd product} {ergonomic}
     bool SegmentedCodeCache                       = true                                      {product} {ergonomic}
   size_t SoftMaxHeapSize                          = 1025507328                             {manageable} {ergonomic}
     bool UseCompressedClassPointers               = true                           {product lp64_product} {ergonomic}
     bool UseCompressedOops                        = true                           {product lp64_product} {ergonomic}
     bool UseG1GC                                  = true                                      {product} {ergonomic}
     bool UseLargePagesIndividualAllocation        = false                                  {pd product} {ergonomic}

Logging:
Log output configuration:
 #0: stdout all=warning uptime,level,tags
 #1: stderr all=off uptime,level,tags

Environment Variables:
JAVA_HOME=c:\Program Files\Microsoft\jdk-17.0.14+7
PATH=c:\Program Files\Microsoft\jdk-17.0.14+7\bin;C:\Program Files (x86)\Common Files\Oracle\Java\javapath;C:\WINDOWS\system32;C:\WINDOWS;C:\WINDOWS\System32\Wbem;C:\WINDOWS\System32\WindowsPowerShell\v1.0\;C:\WINDOWS\System32\OpenSSH\;C:\Program Files\dotnet;C:\Program Files\Git\cmd;C:\sonarqube\bin\windows-x86-64;;C:\Program Files\Docker\Docker\resources\bin;C:\Users\callu\AppData\Local\Microsoft\WindowsApps;C:\Users\callu\AppData\Local\Programs\Microsoft VS Code\bin;C:\Users\callu\.dotnet\tools;C:\Users\callu\MAUI\android\cmdline-tools\11.0\bin;C:\Users\callu\MAUI\android\platform-tools;;C:\Users\callu\AppData\Local\Programs\Azure Data Studio\bin
USERNAME=callu
OS=Windows_NT
PROCESSOR_IDENTIFIER=Intel64 Family 6 Model 122 Stepping 8, GenuineIntel
TMP=C:\Users\callu\AppData\Local\Temp
TEMP=C:\Users\callu\AppData\Local\Temp



Periodic native trim disabled


---------------  S Y S T E M  ---------------

OS:
 Windows 11 , 64 bit Build 22621 (10.0.22621.5124)
OS uptime: 0 days 0:23 hours
Hyper-V role detected

CPU: total 4 (initial active 4) (4 cores per cpu, 1 threads per core) family 6 model 122 stepping 8 microcode 0x20, cx8, cmov, fxsr, mmx, 3dnowpref, sse, sse2, sse3, ssse3, sse4.1, sse4.2, popcnt, tsc, tscinvbit, aes, erms, clmul, sha, clflush, clflushopt, hv
Processor Information for the first 4 processors :
  Max Mhz: 1101, Current Mhz: 1101, Mhz Limit: 1101

Memory: 4k page, system-wide physical 3908M (159M free)
TotalPageFile size 14090M (AvailPageFile size 46M)
current process WorkingSet (physical memory assigned to process): 35M, peak: 35M
current process commit charge ("private bytes"): 76M, peak: 76M

vm_info: OpenJDK 64-Bit Server VM (17.0.14+7-LTS) for windows-amd64 JRE (17.0.14+7-LTS), built on Jan  8 2025 23:39:28 by "MicrosoftCorporation" with unknown MS VC++:1939

END.
