#
# There is insufficient memory for the Java Runtime Environment to continue.
# Native memory allocation (malloc) failed to allocate 2361936 bytes. Error detail: Chunk::new
# Possible reasons:
#   The system is out of physical RAM or swap space
#   This process is running with CompressedOops enabled, and the Java Heap may be blocking the growth of the native heap
# Possible solutions:
#   Reduce memory load on the system
#   Increase physical memory or swap space
#   Check if swap backing store is full
#   Decrease Java heap size (-Xmx/-Xms)
#   Decrease number of Java threads
#   Decrease Java thread stack sizes (-Xss)
#   Set larger code cache with -XX:ReservedCodeCacheSize=
#   JVM is running with Unscaled Compressed Oops mode in which the Java heap is
#     placed in the first 4GB address space. The Java Heap base address is the
#     maximum limit for the native heap growth. Please use -XX:HeapBaseMinAddress
#     to set the Java Heap base and to place the Java Heap above 4GB virtual address.
# This output file may be truncated or incomplete.
#
#  Out of Memory Error (arena.cpp:191), pid=9452, tid=12140
#
# JRE version: OpenJDK Runtime Environment Microsoft-10800295 (17.0.14+7) (build 17.0.14+7-LTS)
# Java VM: OpenJDK 64-Bit Server VM Microsoft-10800295 (17.0.14+7-LTS, mixed mode, sharing, tiered, compressed oops, compressed class ptrs, g1 gc, windows-amd64)
# No core dump will be written. Minidumps are not enabled by default on client versions of Windows
#

---------------  S U M M A R Y ------------

Command Line: -Dapplication.home=c:\Program Files\Microsoft\jdk-17.0.14+7 --add-modules=ALL-DEFAULT -Xms8m -Dfile.encoding=UTF8 -Djdk.module.main=jdk.compiler jdk.compiler/com.sun.tools.javac.Main @C:\Users\callu\AppData\Local\Temp\tmpe20kpk.tmp -target 1.8 -source 1.8

Host: Intel(R) Pentium(R) Silver N5030 CPU @ 1.10GHz, 4 cores, 3G,  Windows 11 , 64 bit Build 22621 (10.0.22621.5124)
Time: Mon Apr  7 21:57:36 2025 GMT Summer Time elapsed time: 29.006218 seconds (0d 0h 0m 29s)

---------------  T H R E A D  ---------------

Current thread (0x000001f94911e060):  JavaThread "C2 CompilerThread0" daemon [_thread_in_native, id=12140, stack(0x0000005000800000,0x0000005000900000)]


Current CompileTask:
C2:  29008 3994       4       com.sun.tools.javac.code.Symbol$MethodSymbol::implementation (57 bytes)

Stack: [0x0000005000800000,0x0000005000900000]
Native frames: (J=compiled Java code, j=interpreted, Vv=VM code, C=native code)
V  [jvm.dll+0x6886b9]
V  [jvm.dll+0x83f6f8]
V  [jvm.dll+0x8411a3]
V  [jvm.dll+0x841813]
V  [jvm.dll+0x2495cf]
V  [jvm.dll+0xad0d4]
V  [jvm.dll+0xad76c]
V  [jvm.dll+0x36ae0e]
V  [jvm.dll+0x1bd005]
V  [jvm.dll+0x21a95c]
V  [jvm.dll+0x219c1f]
V  [jvm.dll+0x1a5596]
V  [jvm.dll+0x22a27a]
V  [jvm.dll+0x2283bb]
V  [jvm.dll+0x7f4f48]
V  [jvm.dll+0x7ef2ac]
V  [jvm.dll+0x687597]
C  [ucrtbase.dll+0x29333]
C  [KERNEL32.DLL+0x1259d]
C  [ntdll.dll+0x5af38]


---------------  P R O C E S S  ---------------

Threads class SMR info:
_java_thread_list=0x000001f949270900, length=12, elements={
0x000001f92dd3aac0, 0x000001f9490ff800, 0x000001f949100680, 0x000001f949118060,
0x000001f94911bf40, 0x000001f94911c900, 0x000001f94911d2c0, 0x000001f94911e060,
0x000001f9491201d0, 0x000001f9491999a0, 0x000001f92ddec470, 0x000001f9492aae60
}

Java Threads: ( => current thread )
  0x000001f92dd3aac0 JavaThread "main" [_thread_in_native, id=1352, stack(0x000000507fb00000,0x000000507fc00000)]
  0x000001f9490ff800 JavaThread "Reference Handler" daemon [_thread_blocked, id=14704, stack(0x0000005000200000,0x0000005000300000)]
  0x000001f949100680 JavaThread "Finalizer" daemon [_thread_blocked, id=15032, stack(0x0000005000300000,0x0000005000400000)]
  0x000001f949118060 JavaThread "Signal Dispatcher" daemon [_thread_blocked, id=16424, stack(0x0000005000400000,0x0000005000500000)]
  0x000001f94911bf40 JavaThread "Attach Listener" daemon [_thread_blocked, id=2480, stack(0x0000005000500000,0x0000005000600000)]
  0x000001f94911c900 JavaThread "Service Thread" daemon [_thread_blocked, id=1628, stack(0x0000005000600000,0x0000005000700000)]
  0x000001f94911d2c0 JavaThread "Monitor Deflation Thread" daemon [_thread_blocked, id=17960, stack(0x0000005000700000,0x0000005000800000)]
=>0x000001f94911e060 JavaThread "C2 CompilerThread0" daemon [_thread_in_native, id=12140, stack(0x0000005000800000,0x0000005000900000)]
  0x000001f9491201d0 JavaThread "C1 CompilerThread0" daemon [_thread_blocked, id=7304, stack(0x0000005000900000,0x0000005000a00000)]
  0x000001f9491999a0 JavaThread "Sweeper thread" daemon [_thread_blocked, id=18040, stack(0x0000005000a00000,0x0000005000b00000)]
  0x000001f92ddec470 JavaThread "Common-Cleaner" daemon [_thread_blocked, id=15780, stack(0x0000005000b00000,0x0000005000c00000)]
  0x000001f9492aae60 JavaThread "Notification Thread" daemon [_thread_blocked, id=3592, stack(0x0000005000c00000,0x0000005000d00000)]

Other Threads:
  0x000001f9490fb9d0 VMThread "VM Thread" [stack: 0x0000005000100000,0x0000005000200000] [id=16168]
  0x000001f94920ecb0 WatcherThread [stack: 0x0000005000d00000,0x0000005000e00000] [id=10996]
  0x000001f92dd752e0 GCTaskThread "GC Thread#0" [stack: 0x000000507fc00000,0x000000507fd00000] [id=17428]
  0x000001f94953c240 GCTaskThread "GC Thread#1" [stack: 0x0000005000e00000,0x0000005000f00000] [id=15560]
  0x000001f94958e340 GCTaskThread "GC Thread#2" [stack: 0x0000005000f00000,0x0000005001000000] [id=5140]
  0x000001f949590610 GCTaskThread "GC Thread#3" [stack: 0x0000005001000000,0x0000005001100000] [id=15200]
  0x000001f92dd7dc80 ConcurrentGCThread "G1 Main Marker" [stack: 0x000000507fd00000,0x000000507fe00000] [id=14068]
  0x000001f92dd7f6b0 ConcurrentGCThread "G1 Conc#0" [stack: 0x000000507fe00000,0x000000507ff00000] [id=14808]
  0x000001f92dd96740 ConcurrentGCThread "G1 Refine#0" [stack: 0x000000507ff00000,0x0000005080000000] [id=16312]
  0x000001f98f0f34a0 ConcurrentGCThread "G1 Refine#1" [stack: 0x0000005001100000,0x0000005001200000] [id=9804]
  0x000001f98f6a61c0 ConcurrentGCThread "G1 Refine#2" [stack: 0x0000005001200000,0x0000005001300000] [id=13980]
  0x000001f98fe8b440 ConcurrentGCThread "G1 Refine#3" [stack: 0x0000005001300000,0x0000005001400000] [id=17032]
  0x000001f92dd97170 ConcurrentGCThread "G1 Service" [stack: 0x0000005000000000,0x0000005000100000] [id=15600]

Threads with active compile tasks:
C2 CompilerThread0    29166 3994       4       com.sun.tools.javac.code.Symbol$MethodSymbol::implementation (57 bytes)

VM state: not at safepoint (normal execution)

VM Mutex/Monitor currently owned by a thread: None

Heap address: 0x00000000c2e00000, size: 978 MB, Compressed Oops mode: 32-bit

CDS archive(s) mapped at: [0x000001f94a000000-0x000001f94abb0000-0x000001f94abb0000), size 12255232, SharedBaseAddress: 0x000001f94a000000, ArchiveRelocationMode: 1.
Compressed class space mapped at: 0x000001f94b000000-0x000001f98b000000, reserved size: 1073741824
Narrow klass base: 0x000001f94a000000, Narrow klass shift: 0, Narrow klass range: 0x100000000

GC Precious Log:
 CPUs: 4 total, 4 available
 Memory: 3908M
 Large Page Support: Disabled
 NUMA Support: Disabled
 Compressed Oops: Enabled (32-bit)
 Heap Region Size: 1M
 Heap Min Capacity: 8M
 Heap Initial Capacity: 8M
 Heap Max Capacity: 978M
 Pre-touch: Disabled
 Parallel Workers: 4
 Concurrent Workers: 1
 Concurrent Refinement Workers: 4
 Periodic GC: Disabled

Heap:
 garbage-first heap   total 183296K, used 90204K [0x00000000c2e00000, 0x0000000100000000)
  region size 1024K, 13 young (13312K), 5 survivors (5120K)
 Metaspace       used 11340K, committed 11520K, reserved 1114112K
  class space    used 1120K, committed 1216K, reserved 1048576K

Heap Regions: E=young(eden), S=young(survivor), O=old, HS=humongous(starts), HC=humongous(continues), CS=collection set, F=free, OA=open archive, CA=closed archive, TAMS=top-at-mark-start (previous, next)
|   0|0x00000000c2e00000, 0x00000000c2f00000, 0x00000000c2f00000|100%| O|  |TAMS 0x00000000c2f00000, 0x00000000c2f00000| Untracked 
|   1|0x00000000c2f00000, 0x00000000c3000000, 0x00000000c3000000|100%| O|  |TAMS 0x00000000c3000000, 0x00000000c3000000| Untracked 
|   2|0x00000000c3000000, 0x00000000c3100000, 0x00000000c3100000|100%| O|  |TAMS 0x00000000c3100000, 0x00000000c3100000| Untracked 
|   3|0x00000000c3100000, 0x00000000c3200000, 0x00000000c3200000|100%| O|  |TAMS 0x00000000c3200000, 0x00000000c3200000| Untracked 
|   4|0x00000000c3200000, 0x00000000c3300000, 0x00000000c3300000|100%| O|  |TAMS 0x00000000c3300000, 0x00000000c3300000| Untracked 
|   5|0x00000000c3300000, 0x00000000c3400000, 0x00000000c3400000|100%| O|  |TAMS 0x00000000c3400000, 0x00000000c3400000| Untracked 
|   6|0x00000000c3400000, 0x00000000c3500000, 0x00000000c3500000|100%| O|  |TAMS 0x00000000c3500000, 0x00000000c3500000| Untracked 
|   7|0x00000000c3500000, 0x00000000c3600000, 0x00000000c3600000|100%| O|  |TAMS 0x00000000c3600000, 0x00000000c3600000| Untracked 
|   8|0x00000000c3600000, 0x00000000c3700000, 0x00000000c3700000|100%| O|  |TAMS 0x00000000c3700000, 0x00000000c3700000| Untracked 
|   9|0x00000000c3700000, 0x00000000c3800000, 0x00000000c3800000|100%| O|  |TAMS 0x00000000c3800000, 0x00000000c3800000| Untracked 
|  10|0x00000000c3800000, 0x00000000c3900000, 0x00000000c3900000|100%| O|  |TAMS 0x00000000c3900000, 0x00000000c3900000| Untracked 
|  11|0x00000000c3900000, 0x00000000c3a00000, 0x00000000c3a00000|100%| O|  |TAMS 0x00000000c3a00000, 0x00000000c3a00000| Untracked 
|  12|0x00000000c3a00000, 0x00000000c3b00000, 0x00000000c3b00000|100%| O|  |TAMS 0x00000000c3b00000, 0x00000000c3b00000| Untracked 
|  13|0x00000000c3b00000, 0x00000000c3c00000, 0x00000000c3c00000|100%| O|  |TAMS 0x00000000c3c00000, 0x00000000c3c00000| Untracked 
|  14|0x00000000c3c00000, 0x00000000c3d00000, 0x00000000c3d00000|100%|HS|  |TAMS 0x00000000c3d00000, 0x00000000c3d00000| Complete 
|  15|0x00000000c3d00000, 0x00000000c3e00000, 0x00000000c3e00000|100%|HC|  |TAMS 0x00000000c3e00000, 0x00000000c3e00000| Complete 
|  16|0x00000000c3e00000, 0x00000000c3f00000, 0x00000000c3f00000|100%|HC|  |TAMS 0x00000000c3f00000, 0x00000000c3f00000| Complete 
|  17|0x00000000c3f00000, 0x00000000c4000000, 0x00000000c4000000|100%|HS|  |TAMS 0x00000000c4000000, 0x00000000c4000000| Complete 
|  18|0x00000000c4000000, 0x00000000c4100000, 0x00000000c4100000|100%|HC|  |TAMS 0x00000000c4100000, 0x00000000c4100000| Complete 
|  19|0x00000000c4100000, 0x00000000c4200000, 0x00000000c4200000|100%|HC|  |TAMS 0x00000000c4200000, 0x00000000c4200000| Complete 
|  20|0x00000000c4200000, 0x00000000c4300000, 0x00000000c4300000|100%|HC|  |TAMS 0x00000000c4300000, 0x00000000c4300000| Complete 
|  21|0x00000000c4300000, 0x00000000c4400000, 0x00000000c4400000|100%|HC|  |TAMS 0x00000000c4400000, 0x00000000c4400000| Complete 
|  22|0x00000000c4400000, 0x00000000c4500000, 0x00000000c4500000|100%| O|  |TAMS 0x00000000c4500000, 0x00000000c4500000| Untracked 
|  23|0x00000000c4500000, 0x00000000c4600000, 0x00000000c4600000|100%| O|  |TAMS 0x00000000c4600000, 0x00000000c4600000| Untracked 
|  24|0x00000000c4600000, 0x00000000c4700000, 0x00000000c4700000|100%| O|  |TAMS 0x00000000c4700000, 0x00000000c4700000| Untracked 
|  25|0x00000000c4700000, 0x00000000c4700000, 0x00000000c4800000|  0%| F|  |TAMS 0x00000000c4700000, 0x00000000c4700000| Untracked 
|  26|0x00000000c4800000, 0x00000000c4800000, 0x00000000c4900000|  0%| F|  |TAMS 0x00000000c4800000, 0x00000000c4800000| Untracked 
|  27|0x00000000c4900000, 0x00000000c4a00000, 0x00000000c4a00000|100%|HS|  |TAMS 0x00000000c4a00000, 0x00000000c4a00000| Complete 
|  28|0x00000000c4a00000, 0x00000000c4b00000, 0x00000000c4b00000|100%|HS|  |TAMS 0x00000000c4b00000, 0x00000000c4b00000| Complete 
|  29|0x00000000c4b00000, 0x00000000c4c00000, 0x00000000c4c00000|100%| O|  |TAMS 0x00000000c4c00000, 0x00000000c4c00000| Untracked 
|  30|0x00000000c4c00000, 0x00000000c4d00000, 0x00000000c4d00000|100%| O|  |TAMS 0x00000000c4d00000, 0x00000000c4d00000| Untracked 
|  31|0x00000000c4d00000, 0x00000000c4e00000, 0x00000000c4e00000|100%| O|  |TAMS 0x00000000c4e00000, 0x00000000c4e00000| Untracked 
|  32|0x00000000c4e00000, 0x00000000c4f00000, 0x00000000c4f00000|100%| O|  |TAMS 0x00000000c4f00000, 0x00000000c4f00000| Untracked 
|  33|0x00000000c4f00000, 0x00000000c5000000, 0x00000000c5000000|100%|HS|  |TAMS 0x00000000c5000000, 0x00000000c5000000| Complete 
|  34|0x00000000c5000000, 0x00000000c5100000, 0x00000000c5100000|100%|HC|  |TAMS 0x00000000c5100000, 0x00000000c5100000| Complete 
|  35|0x00000000c5100000, 0x00000000c5200000, 0x00000000c5200000|100%| O|  |TAMS 0x00000000c5200000, 0x00000000c5200000| Untracked 
|  36|0x00000000c5200000, 0x00000000c5300000, 0x00000000c5300000|100%| O|  |TAMS 0x00000000c5300000, 0x00000000c5300000| Untracked 
|  37|0x00000000c5300000, 0x00000000c5400000, 0x00000000c5400000|100%| O|  |TAMS 0x00000000c5400000, 0x00000000c5400000| Untracked 
|  38|0x00000000c5400000, 0x00000000c5500000, 0x00000000c5500000|100%| O|  |TAMS 0x00000000c5500000, 0x00000000c5500000| Untracked 
|  39|0x00000000c5500000, 0x00000000c5600000, 0x00000000c5600000|100%| O|  |TAMS 0x00000000c5600000, 0x00000000c5600000| Untracked 
|  40|0x00000000c5600000, 0x00000000c5700000, 0x00000000c5700000|100%| O|  |TAMS 0x00000000c5700000, 0x00000000c5700000| Untracked 
|  41|0x00000000c5700000, 0x00000000c5800000, 0x00000000c5800000|100%| O|  |TAMS 0x00000000c5800000, 0x00000000c5800000| Untracked 
|  42|0x00000000c5800000, 0x00000000c5900000, 0x00000000c5900000|100%| O|  |TAMS 0x00000000c5900000, 0x00000000c5900000| Untracked 
|  43|0x00000000c5900000, 0x00000000c5a00000, 0x00000000c5a00000|100%| O|  |TAMS 0x00000000c5a00000, 0x00000000c5a00000| Untracked 
|  44|0x00000000c5a00000, 0x00000000c5b00000, 0x00000000c5b00000|100%| O|  |TAMS 0x00000000c5b00000, 0x00000000c5b00000| Untracked 
|  45|0x00000000c5b00000, 0x00000000c5c00000, 0x00000000c5c00000|100%| O|  |TAMS 0x00000000c5c00000, 0x00000000c5c00000| Untracked 
|  46|0x00000000c5c00000, 0x00000000c5d00000, 0x00000000c5d00000|100%| O|  |TAMS 0x00000000c5d00000, 0x00000000c5d00000| Untracked 
|  47|0x00000000c5d00000, 0x00000000c5e00000, 0x00000000c5e00000|100%| O|  |TAMS 0x00000000c5e00000, 0x00000000c5e00000| Untracked 
|  48|0x00000000c5e00000, 0x00000000c5f00000, 0x00000000c5f00000|100%| O|  |TAMS 0x00000000c5f00000, 0x00000000c5f00000| Untracked 
|  49|0x00000000c5f00000, 0x00000000c6000000, 0x00000000c6000000|100%| O|  |TAMS 0x00000000c6000000, 0x00000000c6000000| Untracked 
|  50|0x00000000c6000000, 0x00000000c6100000, 0x00000000c6100000|100%| O|  |TAMS 0x00000000c6100000, 0x00000000c6100000| Untracked 
|  51|0x00000000c6100000, 0x00000000c6200000, 0x00000000c6200000|100%| O|  |TAMS 0x00000000c6200000, 0x00000000c6200000| Untracked 
|  52|0x00000000c6200000, 0x00000000c6300000, 0x00000000c6300000|100%| O|  |TAMS 0x00000000c6300000, 0x00000000c6300000| Untracked 
|  53|0x00000000c6300000, 0x00000000c6400000, 0x00000000c6400000|100%| O|  |TAMS 0x00000000c6400000, 0x00000000c6400000| Untracked 
|  54|0x00000000c6400000, 0x00000000c6500000, 0x00000000c6500000|100%| O|  |TAMS 0x00000000c6500000, 0x00000000c6500000| Untracked 
|  55|0x00000000c6500000, 0x00000000c6600000, 0x00000000c6600000|100%| O|  |TAMS 0x00000000c6580000, 0x00000000c6600000| Untracked 
|  56|0x00000000c6600000, 0x00000000c6700000, 0x00000000c6700000|100%| O|  |TAMS 0x00000000c6600000, 0x00000000c6700000| Untracked 
|  57|0x00000000c6700000, 0x00000000c6800000, 0x00000000c6800000|100%| O|  |TAMS 0x00000000c6700000, 0x00000000c6800000| Untracked 
|  58|0x00000000c6800000, 0x00000000c6900000, 0x00000000c6900000|100%| O|  |TAMS 0x00000000c6800000, 0x00000000c6900000| Untracked 
|  59|0x00000000c6900000, 0x00000000c6a00000, 0x00000000c6a00000|100%| O|  |TAMS 0x00000000c6900000, 0x00000000c6a00000| Untracked 
|  60|0x00000000c6a00000, 0x00000000c6b00000, 0x00000000c6b00000|100%| O|  |TAMS 0x00000000c6a00000, 0x00000000c6b00000| Untracked 
|  61|0x00000000c6b00000, 0x00000000c6c00000, 0x00000000c6c00000|100%| O|  |TAMS 0x00000000c6b00000, 0x00000000c6c00000| Untracked 
|  62|0x00000000c6c00000, 0x00000000c6d00000, 0x00000000c6d00000|100%| O|  |TAMS 0x00000000c6c00000, 0x00000000c6d00000| Untracked 
|  63|0x00000000c6d00000, 0x00000000c6e00000, 0x00000000c6e00000|100%| O|  |TAMS 0x00000000c6d00000, 0x00000000c6e00000| Untracked 
|  64|0x00000000c6e00000, 0x00000000c6f00000, 0x00000000c6f00000|100%| O|  |TAMS 0x00000000c6e00000, 0x00000000c6f00000| Untracked 
|  65|0x00000000c6f00000, 0x00000000c7000000, 0x00000000c7000000|100%| O|  |TAMS 0x00000000c6f00000, 0x00000000c7000000| Untracked 
|  66|0x00000000c7000000, 0x00000000c7100000, 0x00000000c7100000|100%| O|  |TAMS 0x00000000c7000000, 0x00000000c7100000| Untracked 
|  67|0x00000000c7100000, 0x00000000c7200000, 0x00000000c7200000|100%| O|  |TAMS 0x00000000c7100000, 0x00000000c7200000| Untracked 
|  68|0x00000000c7200000, 0x00000000c7300000, 0x00000000c7300000|100%| O|  |TAMS 0x00000000c7200000, 0x00000000c7300000| Untracked 
|  69|0x00000000c7300000, 0x00000000c7400000, 0x00000000c7400000|100%| O|  |TAMS 0x00000000c7300000, 0x00000000c7400000| Untracked 
|  70|0x00000000c7400000, 0x00000000c7500000, 0x00000000c7500000|100%| O|  |TAMS 0x00000000c7400000, 0x00000000c7500000| Untracked 
|  71|0x00000000c7500000, 0x00000000c7600000, 0x00000000c7600000|100%| O|  |TAMS 0x00000000c7500000, 0x00000000c7600000| Untracked 
|  72|0x00000000c7600000, 0x00000000c7700000, 0x00000000c7700000|100%| O|  |TAMS 0x00000000c7600000, 0x00000000c7700000| Untracked 
|  73|0x00000000c7700000, 0x00000000c7800000, 0x00000000c7800000|100%| O|  |TAMS 0x00000000c7700000, 0x00000000c7700000| Untracked 
|  74|0x00000000c7800000, 0x00000000c7900000, 0x00000000c7900000|100%| O|  |TAMS 0x00000000c7800000, 0x00000000c7800000| Untracked 
|  75|0x00000000c7900000, 0x00000000c79d8c00, 0x00000000c7a00000| 84%| O|  |TAMS 0x00000000c7900000, 0x00000000c7900000| Untracked 
|  76|0x00000000c7a00000, 0x00000000c7b00000, 0x00000000c7b00000|100%|HS|  |TAMS 0x00000000c7a00000, 0x00000000c7a00000| Complete 
|  77|0x00000000c7b00000, 0x00000000c7c00000, 0x00000000c7c00000|100%|HC|  |TAMS 0x00000000c7b00000, 0x00000000c7b00000| Complete 
|  78|0x00000000c7c00000, 0x00000000c7d00000, 0x00000000c7d00000|100%|HC|  |TAMS 0x00000000c7c00000, 0x00000000c7c00000| Complete 
|  79|0x00000000c7d00000, 0x00000000c7d00000, 0x00000000c7e00000|  0%| F|  |TAMS 0x00000000c7d00000, 0x00000000c7d00000| Untracked 
|  80|0x00000000c7e00000, 0x00000000c7e00000, 0x00000000c7f00000|  0%| F|  |TAMS 0x00000000c7e00000, 0x00000000c7e00000| Untracked 
|  81|0x00000000c7f00000, 0x00000000c7f00000, 0x00000000c8000000|  0%| F|  |TAMS 0x00000000c7f00000, 0x00000000c7f00000| Untracked 
|  82|0x00000000c8000000, 0x00000000c8000000, 0x00000000c8100000|  0%| F|  |TAMS 0x00000000c8000000, 0x00000000c8000000| Untracked 
|  83|0x00000000c8100000, 0x00000000c8100000, 0x00000000c8200000|  0%| F|  |TAMS 0x00000000c8100000, 0x00000000c8100000| Untracked 
|  84|0x00000000c8200000, 0x00000000c8200000, 0x00000000c8300000|  0%| F|  |TAMS 0x00000000c8200000, 0x00000000c8200000| Untracked 
|  85|0x00000000c8300000, 0x00000000c8300000, 0x00000000c8400000|  0%| F|  |TAMS 0x00000000c8300000, 0x00000000c8300000| Untracked 
|  86|0x00000000c8400000, 0x00000000c8400000, 0x00000000c8500000|  0%| F|  |TAMS 0x00000000c8400000, 0x00000000c8400000| Untracked 
|  87|0x00000000c8500000, 0x00000000c8500000, 0x00000000c8600000|  0%| F|  |TAMS 0x00000000c8500000, 0x00000000c8500000| Untracked 
|  88|0x00000000c8600000, 0x00000000c8600000, 0x00000000c8700000|  0%| F|  |TAMS 0x00000000c8600000, 0x00000000c8600000| Untracked 
|  89|0x00000000c8700000, 0x00000000c8700000, 0x00000000c8800000|  0%| F|  |TAMS 0x00000000c8700000, 0x00000000c8700000| Untracked 
|  90|0x00000000c8800000, 0x00000000c8800000, 0x00000000c8900000|  0%| F|  |TAMS 0x00000000c8800000, 0x00000000c8800000| Untracked 
|  91|0x00000000c8900000, 0x00000000c8900000, 0x00000000c8a00000|  0%| F|  |TAMS 0x00000000c8900000, 0x00000000c8900000| Untracked 
|  92|0x00000000c8a00000, 0x00000000c8a00000, 0x00000000c8b00000|  0%| F|  |TAMS 0x00000000c8a00000, 0x00000000c8a00000| Untracked 
|  93|0x00000000c8b00000, 0x00000000c8b00000, 0x00000000c8c00000|  0%| F|  |TAMS 0x00000000c8b00000, 0x00000000c8b00000| Untracked 
|  94|0x00000000c8c00000, 0x00000000c8c00000, 0x00000000c8d00000|  0%| F|  |TAMS 0x00000000c8c00000, 0x00000000c8c00000| Untracked 
|  95|0x00000000c8d00000, 0x00000000c8d00000, 0x00000000c8e00000|  0%| F|  |TAMS 0x00000000c8d00000, 0x00000000c8d00000| Untracked 
|  96|0x00000000c8e00000, 0x00000000c8e00000, 0x00000000c8f00000|  0%| F|  |TAMS 0x00000000c8e00000, 0x00000000c8e00000| Untracked 
|  97|0x00000000c8f00000, 0x00000000c8f00000, 0x00000000c9000000|  0%| F|  |TAMS 0x00000000c8f00000, 0x00000000c8f00000| Untracked 
|  98|0x00000000c9000000, 0x00000000c9000000, 0x00000000c9100000|  0%| F|  |TAMS 0x00000000c9000000, 0x00000000c9000000| Untracked 
|  99|0x00000000c9100000, 0x00000000c9100000, 0x00000000c9200000|  0%| F|  |TAMS 0x00000000c9100000, 0x00000000c9100000| Untracked 
| 100|0x00000000c9200000, 0x00000000c9200000, 0x00000000c9300000|  0%| F|  |TAMS 0x00000000c9200000, 0x00000000c9200000| Untracked 
| 101|0x00000000c9300000, 0x00000000c9300000, 0x00000000c9400000|  0%| F|  |TAMS 0x00000000c9300000, 0x00000000c9300000| Untracked 
| 102|0x00000000c9400000, 0x00000000c9400000, 0x00000000c9500000|  0%| F|  |TAMS 0x00000000c9400000, 0x00000000c9400000| Untracked 
| 103|0x00000000c9500000, 0x00000000c9500000, 0x00000000c9600000|  0%| F|  |TAMS 0x00000000c9500000, 0x00000000c9500000| Untracked 
| 104|0x00000000c9600000, 0x00000000c9600000, 0x00000000c9700000|  0%| F|  |TAMS 0x00000000c9600000, 0x00000000c9600000| Untracked 
| 105|0x00000000c9700000, 0x00000000c9700000, 0x00000000c9800000|  0%| F|  |TAMS 0x00000000c9700000, 0x00000000c9700000| Untracked 
| 106|0x00000000c9800000, 0x00000000c9800000, 0x00000000c9900000|  0%| F|  |TAMS 0x00000000c9800000, 0x00000000c9800000| Untracked 
| 107|0x00000000c9900000, 0x00000000c9900000, 0x00000000c9a00000|  0%| F|  |TAMS 0x00000000c9900000, 0x00000000c9900000| Untracked 
| 108|0x00000000c9a00000, 0x00000000c9a00000, 0x00000000c9b00000|  0%| F|  |TAMS 0x00000000c9a00000, 0x00000000c9a00000| Untracked 
| 109|0x00000000c9b00000, 0x00000000c9b00000, 0x00000000c9c00000|  0%| F|  |TAMS 0x00000000c9b00000, 0x00000000c9b00000| Untracked 
| 110|0x00000000c9c00000, 0x00000000c9c00000, 0x00000000c9d00000|  0%| F|  |TAMS 0x00000000c9c00000, 0x00000000c9c00000| Untracked 
| 111|0x00000000c9d00000, 0x00000000c9d00000, 0x00000000c9e00000|  0%| F|  |TAMS 0x00000000c9d00000, 0x00000000c9d00000| Untracked 
| 112|0x00000000c9e00000, 0x00000000c9e00000, 0x00000000c9f00000|  0%| F|  |TAMS 0x00000000c9e00000, 0x00000000c9e00000| Untracked 
| 113|0x00000000c9f00000, 0x00000000c9f00000, 0x00000000ca000000|  0%| F|  |TAMS 0x00000000c9f00000, 0x00000000c9f00000| Untracked 
| 114|0x00000000ca000000, 0x00000000ca000000, 0x00000000ca100000|  0%| F|  |TAMS 0x00000000ca000000, 0x00000000ca000000| Untracked 
| 115|0x00000000ca100000, 0x00000000ca100000, 0x00000000ca200000|  0%| F|  |TAMS 0x00000000ca100000, 0x00000000ca100000| Untracked 
| 116|0x00000000ca200000, 0x00000000ca200000, 0x00000000ca300000|  0%| F|  |TAMS 0x00000000ca200000, 0x00000000ca200000| Untracked 
| 117|0x00000000ca300000, 0x00000000ca300000, 0x00000000ca400000|  0%| F|  |TAMS 0x00000000ca300000, 0x00000000ca300000| Untracked 
| 118|0x00000000ca400000, 0x00000000ca400000, 0x00000000ca500000|  0%| F|  |TAMS 0x00000000ca400000, 0x00000000ca400000| Untracked 
| 119|0x00000000ca500000, 0x00000000ca500000, 0x00000000ca600000|  0%| F|  |TAMS 0x00000000ca500000, 0x00000000ca500000| Untracked 
| 120|0x00000000ca600000, 0x00000000ca600000, 0x00000000ca700000|  0%| F|  |TAMS 0x00000000ca600000, 0x00000000ca600000| Untracked 
| 121|0x00000000ca700000, 0x00000000ca700000, 0x00000000ca800000|  0%| F|  |TAMS 0x00000000ca700000, 0x00000000ca700000| Untracked 
| 122|0x00000000ca800000, 0x00000000ca800000, 0x00000000ca900000|  0%| F|  |TAMS 0x00000000ca800000, 0x00000000ca800000| Untracked 
| 123|0x00000000ca900000, 0x00000000ca900000, 0x00000000caa00000|  0%| F|  |TAMS 0x00000000ca900000, 0x00000000ca900000| Untracked 
| 124|0x00000000caa00000, 0x00000000caa00000, 0x00000000cab00000|  0%| F|  |TAMS 0x00000000caa00000, 0x00000000caa00000| Untracked 
| 125|0x00000000cab00000, 0x00000000cab00000, 0x00000000cac00000|  0%| F|  |TAMS 0x00000000cab00000, 0x00000000cab00000| Untracked 
| 126|0x00000000cac00000, 0x00000000cac00000, 0x00000000cad00000|  0%| F|  |TAMS 0x00000000cac00000, 0x00000000cac00000| Untracked 
| 127|0x00000000cad00000, 0x00000000cad00000, 0x00000000cae00000|  0%| F|  |TAMS 0x00000000cad00000, 0x00000000cad00000| Untracked 
| 128|0x00000000cae00000, 0x00000000cae00000, 0x00000000caf00000|  0%| F|  |TAMS 0x00000000cae00000, 0x00000000cae00000| Untracked 
| 129|0x00000000caf00000, 0x00000000caf00000, 0x00000000cb000000|  0%| F|  |TAMS 0x00000000caf00000, 0x00000000caf00000| Untracked 
| 130|0x00000000cb000000, 0x00000000cb000000, 0x00000000cb100000|  0%| F|  |TAMS 0x00000000cb000000, 0x00000000cb000000| Untracked 
| 131|0x00000000cb100000, 0x00000000cb100000, 0x00000000cb200000|  0%| F|  |TAMS 0x00000000cb100000, 0x00000000cb100000| Untracked 
| 132|0x00000000cb200000, 0x00000000cb200000, 0x00000000cb300000|  0%| F|  |TAMS 0x00000000cb200000, 0x00000000cb200000| Untracked 
| 133|0x00000000cb300000, 0x00000000cb300000, 0x00000000cb400000|  0%| F|  |TAMS 0x00000000cb300000, 0x00000000cb300000| Untracked 
| 134|0x00000000cb400000, 0x00000000cb400000, 0x00000000cb500000|  0%| F|  |TAMS 0x00000000cb400000, 0x00000000cb400000| Untracked 
| 135|0x00000000cb500000, 0x00000000cb500000, 0x00000000cb600000|  0%| F|  |TAMS 0x00000000cb500000, 0x00000000cb500000| Untracked 
| 136|0x00000000cb600000, 0x00000000cb600000, 0x00000000cb700000|  0%| F|  |TAMS 0x00000000cb600000, 0x00000000cb600000| Untracked 
| 137|0x00000000cb700000, 0x00000000cb700000, 0x00000000cb800000|  0%| F|  |TAMS 0x00000000cb700000, 0x00000000cb700000| Untracked 
| 138|0x00000000cb800000, 0x00000000cb83e580, 0x00000000cb900000| 24%| S|CS|TAMS 0x00000000cb800000, 0x00000000cb800000| Complete 
| 139|0x00000000cb900000, 0x00000000cba00000, 0x00000000cba00000|100%| S|CS|TAMS 0x00000000cb900000, 0x00000000cb900000| Complete 
| 140|0x00000000cba00000, 0x00000000cbb00000, 0x00000000cbb00000|100%| S|CS|TAMS 0x00000000cba00000, 0x00000000cba00000| Complete 
| 141|0x00000000cbb00000, 0x00000000cbc00000, 0x00000000cbc00000|100%| S|CS|TAMS 0x00000000cbb00000, 0x00000000cbb00000| Complete 
| 142|0x00000000cbc00000, 0x00000000cbd00000, 0x00000000cbd00000|100%| S|CS|TAMS 0x00000000cbc00000, 0x00000000cbc00000| Complete 
| 143|0x00000000cbd00000, 0x00000000cbd00000, 0x00000000cbe00000|  0%| F|  |TAMS 0x00000000cbd00000, 0x00000000cbd00000| Untracked 
| 144|0x00000000cbe00000, 0x00000000cbe00000, 0x00000000cbf00000|  0%| F|  |TAMS 0x00000000cbe00000, 0x00000000cbe00000| Untracked 
| 145|0x00000000cbf00000, 0x00000000cbf00000, 0x00000000cc000000|  0%| F|  |TAMS 0x00000000cbf00000, 0x00000000cbf00000| Untracked 
| 146|0x00000000cc000000, 0x00000000cc000000, 0x00000000cc100000|  0%| F|  |TAMS 0x00000000cc000000, 0x00000000cc000000| Untracked 
| 147|0x00000000cc100000, 0x00000000cc100000, 0x00000000cc200000|  0%| F|  |TAMS 0x00000000cc100000, 0x00000000cc100000| Untracked 
| 148|0x00000000cc200000, 0x00000000cc200000, 0x00000000cc300000|  0%| F|  |TAMS 0x00000000cc200000, 0x00000000cc200000| Untracked 
| 149|0x00000000cc300000, 0x00000000cc300000, 0x00000000cc400000|  0%| F|  |TAMS 0x00000000cc300000, 0x00000000cc300000| Untracked 
| 150|0x00000000cc400000, 0x00000000cc400000, 0x00000000cc500000|  0%| F|  |TAMS 0x00000000cc400000, 0x00000000cc400000| Untracked 
| 151|0x00000000cc500000, 0x00000000cc500000, 0x00000000cc600000|  0%| F|  |TAMS 0x00000000cc500000, 0x00000000cc500000| Untracked 
| 152|0x00000000cc600000, 0x00000000cc600000, 0x00000000cc700000|  0%| F|  |TAMS 0x00000000cc600000, 0x00000000cc600000| Untracked 
| 153|0x00000000cc700000, 0x00000000cc700000, 0x00000000cc800000|  0%| F|  |TAMS 0x00000000cc700000, 0x00000000cc700000| Untracked 
| 154|0x00000000cc800000, 0x00000000cc800000, 0x00000000cc900000|  0%| F|  |TAMS 0x00000000cc800000, 0x00000000cc800000| Untracked 
| 155|0x00000000cc900000, 0x00000000cc900000, 0x00000000cca00000|  0%| F|  |TAMS 0x00000000cc900000, 0x00000000cc900000| Untracked 
| 156|0x00000000cca00000, 0x00000000cca00000, 0x00000000ccb00000|  0%| F|  |TAMS 0x00000000cca00000, 0x00000000cca00000| Untracked 
| 157|0x00000000ccb00000, 0x00000000ccb00000, 0x00000000ccc00000|  0%| F|  |TAMS 0x00000000ccb00000, 0x00000000ccb00000| Untracked 
| 158|0x00000000ccc00000, 0x00000000ccc00000, 0x00000000ccd00000|  0%| F|  |TAMS 0x00000000ccc00000, 0x00000000ccc00000| Untracked 
| 159|0x00000000ccd00000, 0x00000000ccd00000, 0x00000000cce00000|  0%| F|  |TAMS 0x00000000ccd00000, 0x00000000ccd00000| Untracked 
| 160|0x00000000cce00000, 0x00000000cce00000, 0x00000000ccf00000|  0%| F|  |TAMS 0x00000000cce00000, 0x00000000cce00000| Untracked 
| 161|0x00000000ccf00000, 0x00000000ccf00000, 0x00000000cd000000|  0%| F|  |TAMS 0x00000000ccf00000, 0x00000000ccf00000| Untracked 
| 162|0x00000000cd000000, 0x00000000cd000000, 0x00000000cd100000|  0%| F|  |TAMS 0x00000000cd000000, 0x00000000cd000000| Untracked 
| 163|0x00000000cd100000, 0x00000000cd100000, 0x00000000cd200000|  0%| F|  |TAMS 0x00000000cd100000, 0x00000000cd100000| Untracked 
| 164|0x00000000cd200000, 0x00000000cd200000, 0x00000000cd300000|  0%| F|  |TAMS 0x00000000cd200000, 0x00000000cd200000| Untracked 
| 165|0x00000000cd300000, 0x00000000cd300000, 0x00000000cd400000|  0%| F|  |TAMS 0x00000000cd300000, 0x00000000cd300000| Untracked 
| 166|0x00000000cd400000, 0x00000000cd400000, 0x00000000cd500000|  0%| F|  |TAMS 0x00000000cd400000, 0x00000000cd400000| Untracked 
| 167|0x00000000cd500000, 0x00000000cd500000, 0x00000000cd600000|  0%| F|  |TAMS 0x00000000cd500000, 0x00000000cd500000| Untracked 
| 168|0x00000000cd600000, 0x00000000cd600000, 0x00000000cd700000|  0%| F|  |TAMS 0x00000000cd600000, 0x00000000cd600000| Untracked 
| 169|0x00000000cd700000, 0x00000000cd700000, 0x00000000cd800000|  0%| F|  |TAMS 0x00000000cd700000, 0x00000000cd700000| Untracked 
| 170|0x00000000cd800000, 0x00000000cd800000, 0x00000000cd900000|  0%| F|  |TAMS 0x00000000cd800000, 0x00000000cd800000| Untracked 
| 171|0x00000000cd900000, 0x00000000cda00000, 0x00000000cda00000|100%| E|  |TAMS 0x00000000cd900000, 0x00000000cd900000| Complete 
| 172|0x00000000cda00000, 0x00000000cdb00000, 0x00000000cdb00000|100%| E|CS|TAMS 0x00000000cda00000, 0x00000000cda00000| Complete 
| 173|0x00000000cdb00000, 0x00000000cdc00000, 0x00000000cdc00000|100%| E|CS|TAMS 0x00000000cdb00000, 0x00000000cdb00000| Complete 
| 174|0x00000000cdc00000, 0x00000000cdd00000, 0x00000000cdd00000|100%| E|CS|TAMS 0x00000000cdc00000, 0x00000000cdc00000| Complete 
| 175|0x00000000cdd00000, 0x00000000cde00000, 0x00000000cde00000|100%| E|CS|TAMS 0x00000000cdd00000, 0x00000000cdd00000| Complete 
| 176|0x00000000cde00000, 0x00000000cdf00000, 0x00000000cdf00000|100%| E|CS|TAMS 0x00000000cde00000, 0x00000000cde00000| Complete 
| 177|0x00000000cdf00000, 0x00000000ce000000, 0x00000000ce000000|100%| E|CS|TAMS 0x00000000cdf00000, 0x00000000cdf00000| Complete 
| 178|0x00000000ce000000, 0x00000000ce100000, 0x00000000ce100000|100%| E|CS|TAMS 0x00000000ce000000, 0x00000000ce000000| Complete 

Card table byte_map: [0x000001f944a60000,0x000001f944c50000] _byte_map_base: 0x000001f944449000

Marking Bits (Prev, Next): (CMBitMap*) 0x000001f92dd75940, (CMBitMap*) 0x000001f92dd75900
 Prev Bits: [0x000001f945d90000, 0x000001f946cd8000)
 Next Bits: [0x000001f944e40000, 0x000001f945d88000)

Polling page: 0x000001f92d4f0000

Metaspace:

Usage:
  Non-class:      9.98 MB used.
      Class:      1.09 MB used.
       Both:     11.07 MB used.

Virtual space:
  Non-class space:       64.00 MB reserved,      10.06 MB ( 16%) committed,  1 nodes.
      Class space:        1.00 GB reserved,       1.19 MB ( <1%) committed,  1 nodes.
             Both:        1.06 GB reserved,      11.25 MB (  1%) committed. 

Chunk freelists:
   Non-Class:  4.02 MB
       Class:  14.80 MB
        Both:  18.81 MB

MaxMetaspaceSize: unlimited
CompressedClassSpaceSize: 1.00 GB
Initial GC threshold: 21.00 MB
Current GC threshold: 21.00 MB
CDS: on
MetaspaceReclaimPolicy: balanced
 - commit_granule_bytes: 65536.
 - commit_granule_words: 8192.
 - virtual_space_node_default_size: 8388608.
 - enlarge_chunks_in_place: 1.
 - new_chunks_are_fully_committed: 0.
 - uncommit_free_chunks: 1.
 - use_allocation_guard: 0.
 - handle_deallocations: 1.


Internal statistics:

num_allocs_failed_limit: 0.
num_arena_births: 74.
num_arena_deaths: 0.
num_vsnodes_births: 2.
num_vsnodes_deaths: 0.
num_space_committed: 180.
num_space_uncommitted: 0.
num_chunks_returned_to_freelist: 0.
num_chunks_taken_from_freelist: 450.
num_chunk_merges: 0.
num_chunk_splits: 317.
num_chunks_enlarged: 265.
num_inconsistent_stats: 0.

CodeHeap 'non-profiled nmethods': size=120000Kb used=2238Kb max_used=2238Kb free=117761Kb
 bounds [0x000001f93d340000, 0x000001f93d5b0000, 0x000001f944870000]
CodeHeap 'profiled nmethods': size=120000Kb used=7350Kb max_used=7350Kb free=112649Kb
 bounds [0x000001f935870000, 0x000001f935fa0000, 0x000001f93cda0000]
CodeHeap 'non-nmethods': size=5760Kb used=1149Kb max_used=1198Kb free=4611Kb
 bounds [0x000001f93cda0000, 0x000001f93d010000, 0x000001f93d340000]
 total_blobs=3947 nmethods=3513 adapters=346
 compilation: enabled
              stopped_count=0, restarted_count=0
 full_count=0

Compilation events (20 events):
Event: 28.834 Thread 0x000001f9491201d0 4251       2       com.sun.tools.javac.tree.TreeScanner::visitReturn (9 bytes)
Event: 28.834 Thread 0x000001f9491201d0 nmethod 4251 0x000001f935f95a90 code [0x000001f935f95c20, 0x000001f935f95d48]
Event: 28.846 Thread 0x000001f9491201d0 4254       2       java.nio.HeapByteBuffer::ix (7 bytes)
Event: 28.846 Thread 0x000001f9491201d0 nmethod 4254 0x000001f935f95e10 code [0x000001f935f95fa0, 0x000001f935f960b8]
Event: 28.856 Thread 0x000001f9491201d0 4256       2       com.sun.tools.javac.jvm.UninitializedType::<init> (14 bytes)
Event: 28.857 Thread 0x000001f9491201d0 nmethod 4256 0x000001f935f96190 code [0x000001f935f96340, 0x000001f935f966c8]
Event: 28.866 Thread 0x000001f9491201d0 4257       2       com.sun.tools.javac.comp.Resolve::resolveQualifiedMethod (24 bytes)
Event: 28.866 Thread 0x000001f9491201d0 nmethod 4257 0x000001f935f96890 code [0x000001f935f96a40, 0x000001f935f96c58]
Event: 28.867 Thread 0x000001f9491201d0 4258       2       com.sun.tools.javac.comp.Flow$AliveAnalyzer::<init> (10 bytes)
Event: 28.867 Thread 0x000001f9491201d0 nmethod 4258 0x000001f935f96d90 code [0x000001f935f96f20, 0x000001f935f97078]
Event: 28.867 Thread 0x000001f9491201d0 4259   !   2       com.sun.tools.javac.comp.Flow$AliveAnalyzer::analyzeTree (74 bytes)
Event: 28.868 Thread 0x000001f9491201d0 nmethod 4259 0x000001f935f97110 code [0x000001f935f972e0, 0x000001f935f977e8]
Event: 28.868 Thread 0x000001f9491201d0 4260       2       com.sun.tools.javac.tree.TreeScanner::visitNewClass (41 bytes)
Event: 28.869 Thread 0x000001f9491201d0 nmethod 4260 0x000001f935f97a90 code [0x000001f935f97c80, 0x000001f935f98048]
Event: 28.869 Thread 0x000001f9491201d0 4261       2       com.sun.tools.javac.tree.JCTree$JCReturn::getTag (4 bytes)
Event: 28.869 Thread 0x000001f9491201d0 nmethod 4261 0x000001f935f98290 code [0x000001f935f98420, 0x000001f935f98538]
Event: 28.938 Thread 0x000001f9491201d0 4262       2       com.sun.tools.javac.jvm.ClassWriter$StackMapTableFrame::isSameType (128 bytes)
Event: 28.940 Thread 0x000001f9491201d0 nmethod 4262 0x000001f935f98610 code [0x000001f935f988a0, 0x000001f935f99028]
Event: 28.940 Thread 0x000001f9491201d0 4263       2       com.sun.tools.javac.jvm.ClassWriter$StackMapTableFrame::isInt (29 bytes)
Event: 28.940 Thread 0x000001f9491201d0 nmethod 4263 0x000001f935f99410 code [0x000001f935f995c0, 0x000001f935f99798]

GC Heap History (20 events):
Event: 13.236 GC heap before
{Heap before GC invocations=36 (full 0):
 garbage-first heap   total 50176K, used 47386K [0x00000000c2e00000, 0x0000000100000000)
  region size 1024K, 8 young (8192K), 1 survivors (1024K)
 Metaspace       used 7919K, committed 8064K, reserved 1114112K
  class space    used 862K, committed 960K, reserved 1048576K
}
Event: 13.240 GC heap after
{Heap after GC invocations=37 (full 0):
 garbage-first heap   total 50176K, used 25840K [0x00000000c2e00000, 0x0000000100000000)
  region size 1024K, 1 young (1024K), 1 survivors (1024K)
 Metaspace       used 7919K, committed 8064K, reserved 1114112K
  class space    used 862K, committed 960K, reserved 1048576K
}
Event: 13.248 GC heap before
{Heap before GC invocations=37 (full 0):
 garbage-first heap   total 50176K, used 26864K [0x00000000c2e00000, 0x0000000100000000)
  region size 1024K, 2 young (2048K), 1 survivors (1024K)
 Metaspace       used 7919K, committed 8064K, reserved 1114112K
  class space    used 862K, committed 960K, reserved 1048576K
}
Event: 13.253 GC heap after
{Heap after GC invocations=38 (full 0):
 garbage-first heap   total 50176K, used 25895K [0x00000000c2e00000, 0x0000000100000000)
  region size 1024K, 1 young (1024K), 1 survivors (1024K)
 Metaspace       used 7919K, committed 8064K, reserved 1114112K
  class space    used 862K, committed 960K, reserved 1048576K
}
Event: 13.285 GC heap before
{Heap before GC invocations=38 (full 0):
 garbage-first heap   total 50176K, used 26919K [0x00000000c2e00000, 0x0000000100000000)
  region size 1024K, 3 young (3072K), 1 survivors (1024K)
 Metaspace       used 7919K, committed 8064K, reserved 1114112K
  class space    used 862K, committed 960K, reserved 1048576K
}
Event: 13.288 GC heap after
{Heap after GC invocations=39 (full 0):
 garbage-first heap   total 104448K, used 26116K [0x00000000c2e00000, 0x0000000100000000)
  region size 1024K, 1 young (1024K), 1 survivors (1024K)
 Metaspace       used 7919K, committed 8064K, reserved 1114112K
  class space    used 862K, committed 960K, reserved 1048576K
}
Event: 18.831 GC heap before
{Heap before GC invocations=39 (full 0):
 garbage-first heap   total 104448K, used 82436K [0x00000000c2e00000, 0x0000000100000000)
  region size 1024K, 46 young (47104K), 1 survivors (1024K)
 Metaspace       used 9171K, committed 9344K, reserved 1114112K
  class space    used 987K, committed 1088K, reserved 1048576K
}
Event: 18.864 GC heap after
{Heap after GC invocations=40 (full 0):
 garbage-first heap   total 104448K, used 41393K [0x00000000c2e00000, 0x0000000100000000)
  region size 1024K, 6 young (6144K), 6 survivors (6144K)
 Metaspace       used 9171K, committed 9344K, reserved 1114112K
  class space    used 987K, committed 1088K, reserved 1048576K
}
Event: 20.203 GC heap before
{Heap before GC invocations=40 (full 0):
 garbage-first heap   total 104448K, used 71089K [0x00000000c2e00000, 0x0000000100000000)
  region size 1024K, 33 young (33792K), 6 survivors (6144K)
 Metaspace       used 9474K, committed 9664K, reserved 1114112K
  class space    used 991K, committed 1088K, reserved 1048576K
}
Event: 20.240 GC heap after
{Heap after GC invocations=41 (full 0):
 garbage-first heap   total 104448K, used 48496K [0x00000000c2e00000, 0x0000000100000000)
  region size 1024K, 5 young (5120K), 5 survivors (5120K)
 Metaspace       used 9474K, committed 9664K, reserved 1114112K
  class space    used 991K, committed 1088K, reserved 1048576K
}
Event: 21.053 GC heap before
{Heap before GC invocations=41 (full 0):
 garbage-first heap   total 104448K, used 74096K [0x00000000c2e00000, 0x0000000100000000)
  region size 1024K, 30 young (30720K), 5 survivors (5120K)
 Metaspace       used 9594K, committed 9792K, reserved 1114112K
  class space    used 996K, committed 1088K, reserved 1048576K
}
Event: 21.108 GC heap after
{Heap after GC invocations=42 (full 0):
 garbage-first heap   total 104448K, used 60928K [0x00000000c2e00000, 0x0000000100000000)
  region size 1024K, 4 young (4096K), 4 survivors (4096K)
 Metaspace       used 9594K, committed 9792K, reserved 1114112K
  class space    used 996K, committed 1088K, reserved 1048576K
}
Event: 21.322 GC heap before
{Heap before GC invocations=42 (full 0):
 garbage-first heap   total 104448K, used 75264K [0x00000000c2e00000, 0x0000000100000000)
  region size 1024K, 18 young (18432K), 4 survivors (4096K)
 Metaspace       used 9609K, committed 9792K, reserved 1114112K
  class space    used 996K, committed 1088K, reserved 1048576K
}
Event: 21.376 GC heap after
{Heap after GC invocations=43 (full 0):
 garbage-first heap   total 104448K, used 72192K [0x00000000c2e00000, 0x0000000100000000)
  region size 1024K, 3 young (3072K), 3 survivors (3072K)
 Metaspace       used 9609K, committed 9792K, reserved 1114112K
  class space    used 996K, committed 1088K, reserved 1048576K
}
Event: 22.416 GC heap before
{Heap before GC invocations=44 (full 0):
 garbage-first heap   total 128000K, used 79360K [0x00000000c2e00000, 0x0000000100000000)
  region size 1024K, 10 young (10240K), 3 survivors (3072K)
 Metaspace       used 9622K, committed 9792K, reserved 1114112K
  class space    used 996K, committed 1088K, reserved 1048576K
}
Event: 22.434 GC heap after
{Heap after GC invocations=45 (full 0):
 garbage-first heap   total 128000K, used 76800K [0x00000000c2e00000, 0x0000000100000000)
  region size 1024K, 2 young (2048K), 2 survivors (2048K)
 Metaspace       used 9622K, committed 9792K, reserved 1114112K
  class space    used 996K, committed 1088K, reserved 1048576K
}
Event: 22.619 GC heap before
{Heap before GC invocations=45 (full 0):
 garbage-first heap   total 128000K, used 77824K [0x00000000c2e00000, 0x0000000100000000)
  region size 1024K, 4 young (4096K), 2 survivors (2048K)
 Metaspace       used 9622K, committed 9792K, reserved 1114112K
  class space    used 996K, committed 1088K, reserved 1048576K
}
Event: 22.628 GC heap after
{Heap after GC invocations=46 (full 0):
 garbage-first heap   total 183296K, used 78142K [0x00000000c2e00000, 0x0000000100000000)
  region size 1024K, 1 young (1024K), 1 survivors (1024K)
 Metaspace       used 9622K, committed 9792K, reserved 1114112K
  class space    used 996K, committed 1088K, reserved 1048576K
}
Event: 28.016 GC heap before
{Heap before GC invocations=46 (full 0):
 garbage-first heap   total 183296K, used 118078K [0x00000000c2e00000, 0x0000000100000000)
  region size 1024K, 37 young (37888K), 1 survivors (1024K)
 Metaspace       used 11201K, committed 11392K, reserved 1114112K
  class space    used 1119K, committed 1216K, reserved 1048576K
}
Event: 28.029 GC heap after
{Heap after GC invocations=47 (full 0):
 garbage-first heap   total 183296K, used 83036K [0x00000000c2e00000, 0x0000000100000000)
  region size 1024K, 5 young (5120K), 5 survivors (5120K)
 Metaspace       used 11201K, committed 11392K, reserved 1114112K
  class space    used 1119K, committed 1216K, reserved 1048576K
}

Dll operation events (6 events):
Event: 0.027 Loaded shared library c:\Program Files\Microsoft\jdk-17.0.14+7\bin\java.dll
Event: 0.107 Loaded shared library c:\Program Files\Microsoft\jdk-17.0.14+7\bin\jsvml.dll
Event: 0.351 Loaded shared library C:\Program Files\Microsoft\jdk-17.0.14+7\bin\jimage.dll
Event: 1.001 Loaded shared library C:\Program Files\Microsoft\jdk-17.0.14+7\bin\net.dll
Event: 1.010 Loaded shared library C:\Program Files\Microsoft\jdk-17.0.14+7\bin\nio.dll
Event: 1.920 Loaded shared library C:\Program Files\Microsoft\jdk-17.0.14+7\bin\zip.dll

Deoptimization events (20 events):
Event: 27.941 Thread 0x000001f92dd3aac0 Uncommon trap: trap_request=0xffffffc6 fr.pc=0x000001f93d528d98 relative=0x00000000000002d8
Event: 27.941 Thread 0x000001f92dd3aac0 Uncommon trap: reason=bimorphic_or_optimized_type_check action=maybe_recompile pc=0x000001f93d528d98 method=com.sun.tools.javac.code.Scope$Entry.next(Ljava/util/function/Predicate;)Lcom/sun/tools/javac/code/Scope$Entry; @ 22 c2
Event: 27.941 Thread 0x000001f92dd3aac0 DEOPT PACKING pc=0x000001f93d528d98 sp=0x000000507fbfe770
Event: 27.941 Thread 0x000001f92dd3aac0 DEOPT UNPACKING pc=0x000001f93cdf699d sp=0x000000507fbfe608 mode 2
Event: 28.129 Thread 0x000001f92dd3aac0 Uncommon trap: trap_request=0xffffffc6 fr.pc=0x000001f93d528d98 relative=0x00000000000002d8
Event: 28.129 Thread 0x000001f92dd3aac0 Uncommon trap: reason=bimorphic_or_optimized_type_check action=maybe_recompile pc=0x000001f93d528d98 method=com.sun.tools.javac.code.Scope$Entry.next(Ljava/util/function/Predicate;)Lcom/sun/tools/javac/code/Scope$Entry; @ 22 c2
Event: 28.129 Thread 0x000001f92dd3aac0 DEOPT PACKING pc=0x000001f93d528d98 sp=0x000000507fbfe710
Event: 28.129 Thread 0x000001f92dd3aac0 DEOPT UNPACKING pc=0x000001f93cdf699d sp=0x000000507fbfe5a8 mode 2
Event: 28.134 Thread 0x000001f92dd3aac0 Uncommon trap: trap_request=0xffffffc6 fr.pc=0x000001f93d5286e0 relative=0x0000000000000140
Event: 28.134 Thread 0x000001f92dd3aac0 Uncommon trap: reason=bimorphic_or_optimized_type_check action=maybe_recompile pc=0x000001f93d5286e0 method=com.sun.tools.javac.code.Scope$Entry.next(Ljava/util/function/Predicate;)Lcom/sun/tools/javac/code/Scope$Entry; @ 22 c2
Event: 28.134 Thread 0x000001f92dd3aac0 DEOPT PACKING pc=0x000001f93d5286e0 sp=0x000000507fbfe6c0
Event: 28.134 Thread 0x000001f92dd3aac0 DEOPT UNPACKING pc=0x000001f93cdf699d sp=0x000000507fbfe658 mode 2
Event: 28.603 Thread 0x000001f92dd3aac0 Uncommon trap: trap_request=0xffffff45 fr.pc=0x000001f93d54f7b0 relative=0x0000000000001770
Event: 28.603 Thread 0x000001f92dd3aac0 Uncommon trap: reason=unstable_if action=reinterpret pc=0x000001f93d54f7b0 method=com.sun.tools.javac.code.Symbol$MethodSymbol.binaryImplementation(Lcom/sun/tools/javac/code/Symbol$ClassSymbol;Lcom/sun/tools/javac/code/Types;)Lcom/sun/tools/javac/code/Sym
Event: 28.603 Thread 0x000001f92dd3aac0 DEOPT PACKING pc=0x000001f93d54f7b0 sp=0x000000507fbfe860
Event: 28.603 Thread 0x000001f92dd3aac0 DEOPT UNPACKING pc=0x000001f93cdf699d sp=0x000000507fbfe8a0 mode 2
Event: 28.604 Thread 0x000001f92dd3aac0 Uncommon trap: trap_request=0xffffff45 fr.pc=0x000001f93d56014c relative=0x00000000000077cc
Event: 28.604 Thread 0x000001f92dd3aac0 Uncommon trap: reason=unstable_if action=reinterpret pc=0x000001f93d56014c method=com.sun.tools.javac.comp.TransTypes.addBridgeIfNeeded(Lcom/sun/tools/javac/util/JCDiagnostic$DiagnosticPosition;Lcom/sun/tools/javac/code/Symbol;Lcom/sun/tools/javac/code/Sy
Event: 28.604 Thread 0x000001f92dd3aac0 DEOPT PACKING pc=0x000001f93d56014c sp=0x000000507fbfe960
Event: 28.604 Thread 0x000001f92dd3aac0 DEOPT UNPACKING pc=0x000001f93cdf699d sp=0x000000507fbfea30 mode 2

Classes loaded (20 events):
Event: 24.503 Loading class java/util/stream/Node$OfInt done
Event: 24.503 Loading class java/util/stream/Nodes$EmptyNode$OfInt done
Event: 24.503 Loading class java/util/stream/Nodes$EmptyNode$OfLong
Event: 24.503 Loading class java/util/stream/Node$OfLong
Event: 24.503 Loading class java/util/stream/Node$OfLong done
Event: 24.503 Loading class java/util/stream/Nodes$EmptyNode$OfLong done
Event: 24.503 Loading class java/util/stream/Nodes$EmptyNode$OfDouble
Event: 24.503 Loading class java/util/stream/Node$OfDouble
Event: 24.515 Loading class java/util/stream/Node$OfDouble done
Event: 24.515 Loading class java/util/stream/Nodes$EmptyNode$OfDouble done
Event: 24.515 Loading class java/util/stream/Nodes$FixedNodeBuilder
Event: 24.518 Loading class java/util/stream/Node$Builder
Event: 24.518 Loading class java/util/stream/Node$Builder done
Event: 24.518 Loading class java/util/stream/Nodes$ArrayNode
Event: 24.521 Loading class java/util/stream/Nodes$ArrayNode done
Event: 24.521 Loading class java/util/stream/Nodes$FixedNodeBuilder done
Event: 24.798 Loading class java/util/function/ToIntBiFunction
Event: 24.800 Loading class java/util/function/ToIntBiFunction done
Event: 24.936 Loading class java/nio/channels/Channels$1
Event: 24.940 Loading class java/nio/channels/Channels$1 done

Classes unloaded (0 events):
No events

Classes redefined (0 events):
No events

Internal exceptions (20 events):
Event: 28.140 Thread 0x000001f92dd3aac0 Exception <a 'sun/nio/fs/WindowsException'{0x00000000cde99ee0}> (0x00000000cde99ee0) 
thrown [s\src\hotspot\share\prims\jni.cpp, line 516]
Event: 28.140 Thread 0x000001f92dd3aac0 Exception <a 'sun/nio/fs/WindowsException'{0x00000000cde9a430}> (0x00000000cde9a430) 
thrown [s\src\hotspot\share\prims\jni.cpp, line 516]
Event: 28.203 Thread 0x000001f92dd3aac0 Exception <a 'sun/nio/fs/WindowsException'{0x00000000cdea4e30}> (0x00000000cdea4e30) 
thrown [s\src\hotspot\share\prims\jni.cpp, line 516]
Event: 28.215 Thread 0x000001f92dd3aac0 Exception <a 'sun/nio/fs/WindowsException'{0x00000000cdec7630}> (0x00000000cdec7630) 
thrown [s\src\hotspot\share\prims\jni.cpp, line 516]
Event: 28.227 Thread 0x000001f92dd3aac0 Exception <a 'sun/nio/fs/WindowsException'{0x00000000cdd0c038}> (0x00000000cdd0c038) 
thrown [s\src\hotspot\share\prims\jni.cpp, line 516]
Event: 28.227 Thread 0x000001f92dd3aac0 Exception <a 'sun/nio/fs/WindowsException'{0x00000000cdd0c588}> (0x00000000cdd0c588) 
thrown [s\src\hotspot\share\prims\jni.cpp, line 516]
Event: 28.304 Thread 0x000001f92dd3aac0 Exception <a 'sun/nio/fs/WindowsException'{0x00000000cdd81828}> (0x00000000cdd81828) 
thrown [s\src\hotspot\share\prims\jni.cpp, line 516]
Event: 28.312 Thread 0x000001f92dd3aac0 Exception <a 'sun/nio/fs/WindowsException'{0x00000000cdd92c18}> (0x00000000cdd92c18) 
thrown [s\src\hotspot\share\prims\jni.cpp, line 516]
Event: 28.312 Thread 0x000001f92dd3aac0 Exception <a 'sun/nio/fs/WindowsException'{0x00000000cdd93168}> (0x00000000cdd93168) 
thrown [s\src\hotspot\share\prims\jni.cpp, line 516]
Event: 28.374 Thread 0x000001f92dd3aac0 Exception <a 'sun/nio/fs/WindowsException'{0x00000000cddb50b8}> (0x00000000cddb50b8) 
thrown [s\src\hotspot\share\prims\jni.cpp, line 516]
Event: 28.460 Thread 0x000001f92dd3aac0 Exception <a 'sun/nio/fs/WindowsException'{0x00000000cddcf270}> (0x00000000cddcf270) 
thrown [s\src\hotspot\share\prims\jni.cpp, line 516]
Event: 28.476 Thread 0x000001f92dd3aac0 Exception <a 'sun/nio/fs/WindowsException'{0x00000000cdc1ce30}> (0x00000000cdc1ce30) 
thrown [s\src\hotspot\share\prims\jni.cpp, line 516]
Event: 28.604 Thread 0x000001f92dd3aac0 Implicit null exception at 0x000001f93d559584 to 0x000001f93d560128
Event: 28.606 Thread 0x000001f92dd3aac0 Exception <a 'sun/nio/fs/WindowsException'{0x00000000cdc538c0}> (0x00000000cdc538c0) 
thrown [s\src\hotspot\share\prims\jni.cpp, line 516]
Event: 28.621 Thread 0x000001f92dd3aac0 Exception <a 'sun/nio/fs/WindowsException'{0x00000000cdc740f8}> (0x00000000cdc740f8) 
thrown [s\src\hotspot\share\prims\jni.cpp, line 516]
Event: 28.631 Thread 0x000001f92dd3aac0 Exception <a 'sun/nio/fs/WindowsException'{0x00000000cdc95310}> (0x00000000cdc95310) 
thrown [s\src\hotspot\share\prims\jni.cpp, line 516]
Event: 28.826 Thread 0x000001f92dd3aac0 Exception <a 'sun/nio/fs/WindowsException'{0x00000000cdcda330}> (0x00000000cdcda330) 
thrown [s\src\hotspot\share\prims\jni.cpp, line 516]
Event: 28.842 Thread 0x000001f92dd3aac0 Exception <a 'sun/nio/fs/WindowsException'{0x00000000cdb227f0}> (0x00000000cdb227f0) 
thrown [s\src\hotspot\share\prims\jni.cpp, line 516]
Event: 28.857 Thread 0x000001f92dd3aac0 Exception <a 'sun/nio/fs/WindowsException'{0x00000000cdb4db70}> (0x00000000cdb4db70) 
thrown [s\src\hotspot\share\prims\jni.cpp, line 516]
Event: 28.941 Thread 0x000001f92dd3aac0 Exception <a 'sun/nio/fs/WindowsException'{0x00000000cda80540}> (0x00000000cda80540) 
thrown [s\src\hotspot\share\prims\jni.cpp, line 516]

VM Operations (20 events):
Event: 24.419 Executing VM operation: HandshakeAllThreads
Event: 24.419 Executing VM operation: HandshakeAllThreads done
Event: 24.446 Executing VM operation: HandshakeAllThreads
Event: 24.446 Executing VM operation: HandshakeAllThreads done
Event: 24.454 Executing VM operation: HandshakeAllThreads
Event: 24.454 Executing VM operation: HandshakeAllThreads done
Event: 24.615 Executing VM operation: HandshakeAllThreads
Event: 24.615 Executing VM operation: HandshakeAllThreads done
Event: 24.751 Executing VM operation: ICBufferFull
Event: 24.752 Executing VM operation: ICBufferFull done
Event: 25.403 Executing VM operation: ICBufferFull
Event: 25.403 Executing VM operation: ICBufferFull done
Event: 25.911 Executing VM operation: ICBufferFull
Event: 25.911 Executing VM operation: ICBufferFull done
Event: 26.241 Executing VM operation: ICBufferFull
Event: 26.242 Executing VM operation: ICBufferFull done
Event: 27.137 Executing VM operation: ICBufferFull
Event: 27.137 Executing VM operation: ICBufferFull done
Event: 28.016 Executing VM operation: G1CollectForAllocation
Event: 28.029 Executing VM operation: G1CollectForAllocation done

Memory protections (0 events):
No events

Nmethod flushes (20 events):
Event: 22.180 Thread 0x000001f9491999a0 flushing  nmethod 0x000001f935e25d90
Event: 22.180 Thread 0x000001f9491999a0 flushing  nmethod 0x000001f935e26190
Event: 22.180 Thread 0x000001f9491999a0 flushing  nmethod 0x000001f935e32990
Event: 22.180 Thread 0x000001f9491999a0 flushing  nmethod 0x000001f935e36b90
Event: 22.180 Thread 0x000001f9491999a0 flushing  nmethod 0x000001f935e37b90
Event: 22.180 Thread 0x000001f9491999a0 flushing  nmethod 0x000001f935e3c210
Event: 22.180 Thread 0x000001f9491999a0 flushing  nmethod 0x000001f935e54090
Event: 22.180 Thread 0x000001f9491999a0 flushing  nmethod 0x000001f935e55010
Event: 22.180 Thread 0x000001f9491999a0 flushing  nmethod 0x000001f935e55990
Event: 22.180 Thread 0x000001f9491999a0 flushing  nmethod 0x000001f935e64010
Event: 22.180 Thread 0x000001f9491999a0 flushing  nmethod 0x000001f935e64c10
Event: 22.180 Thread 0x000001f9491999a0 flushing  nmethod 0x000001f935e68c10
Event: 22.180 Thread 0x000001f9491999a0 flushing  nmethod 0x000001f935e6cf90
Event: 22.180 Thread 0x000001f9491999a0 flushing  nmethod 0x000001f935e6d390
Event: 22.180 Thread 0x000001f9491999a0 flushing  nmethod 0x000001f935e9da10
Event: 22.180 Thread 0x000001f9491999a0 flushing  nmethod 0x000001f935eaa490
Event: 22.181 Thread 0x000001f9491999a0 flushing  nmethod 0x000001f935ecde90
Event: 22.181 Thread 0x000001f9491999a0 flushing  nmethod 0x000001f935eced10
Event: 22.181 Thread 0x000001f9491999a0 flushing  nmethod 0x000001f935ecfb90
Event: 22.181 Thread 0x000001f9491999a0 flushing  nmethod 0x000001f935ed1f90

Events (12 events):
Event: 0.108 Thread 0x000001f92dd3aac0 Thread added: 0x000001f92dd3aac0
Event: 0.130 Thread 0x000001f92dd3aac0 Thread added: 0x000001f9490ff800
Event: 0.130 Thread 0x000001f92dd3aac0 Thread added: 0x000001f949100680
Event: 0.159 Thread 0x000001f92dd3aac0 Thread added: 0x000001f949118060
Event: 0.159 Thread 0x000001f92dd3aac0 Thread added: 0x000001f94911bf40
Event: 0.159 Thread 0x000001f92dd3aac0 Thread added: 0x000001f94911c900
Event: 0.160 Thread 0x000001f92dd3aac0 Thread added: 0x000001f94911d2c0
Event: 0.160 Thread 0x000001f92dd3aac0 Thread added: 0x000001f94911e060
Event: 0.173 Thread 0x000001f92dd3aac0 Thread added: 0x000001f9491201d0
Event: 0.183 Thread 0x000001f92dd3aac0 Thread added: 0x000001f9491999a0
Event: 0.253 Thread 0x000001f92dd3aac0 Thread added: 0x000001f92ddec470
Event: 0.341 Thread 0x000001f92dd3aac0 Thread added: 0x000001f9492aae60


Dynamic libraries:
0x00007ff76a660000 - 0x00007ff76a668000 	c:\Program Files\Microsoft\jdk-17.0.14+7\bin\javac.exe
0x00007ffd39bb0000 - 0x00007ffd39dc7000 	C:\WINDOWS\SYSTEM32\ntdll.dll
0x00007ffd381c0000 - 0x00007ffd38284000 	C:\WINDOWS\System32\KERNEL32.DLL
0x00007ffd36cd0000 - 0x00007ffd370a3000 	C:\WINDOWS\System32\KERNELBASE.dll
0x00007ffd370b0000 - 0x00007ffd371c1000 	C:\WINDOWS\System32\ucrtbase.dll
0x00007ffcfcc70000 - 0x00007ffcfcc87000 	c:\Program Files\Microsoft\jdk-17.0.14+7\bin\jli.dll
0x00007ffcfcc50000 - 0x00007ffcfcc6d000 	c:\Program Files\Microsoft\jdk-17.0.14+7\bin\VCRUNTIME140.dll
0x00007ffd39460000 - 0x00007ffd39611000 	C:\WINDOWS\System32\USER32.dll
0x00007ffd371d0000 - 0x00007ffd371f6000 	C:\WINDOWS\System32\win32u.dll
0x00007ffd37930000 - 0x00007ffd37959000 	C:\WINDOWS\System32\GDI32.dll
0x00007ffd37320000 - 0x00007ffd3743b000 	C:\WINDOWS\System32\gdi32full.dll
0x00007ffd37280000 - 0x00007ffd3731a000 	C:\WINDOWS\System32\msvcp_win.dll
0x00007ffd1eb00000 - 0x00007ffd1ed98000 	C:\WINDOWS\WinSxS\amd64_microsoft.windows.common-controls_6595b64144ccf1df_6.0.22621.5124_none_270e8f4f7386d69d\COMCTL32.dll
0x00007ffd37880000 - 0x00007ffd37927000 	C:\WINDOWS\System32\msvcrt.dll
0x00007ffd39a20000 - 0x00007ffd39a51000 	C:\WINDOWS\System32\IMM32.DLL
0x00007ffd18810000 - 0x00007ffd1881c000 	c:\Program Files\Microsoft\jdk-17.0.14+7\bin\vcruntime140_1.dll
0x00007ffcd6820000 - 0x00007ffcd68ad000 	c:\Program Files\Microsoft\jdk-17.0.14+7\bin\msvcp140.dll
0x00007ffc58b20000 - 0x00007ffc59792000 	c:\Program Files\Microsoft\jdk-17.0.14+7\bin\server\jvm.dll
0x00007ffd38ce0000 - 0x00007ffd38d91000 	C:\WINDOWS\System32\ADVAPI32.dll
0x00007ffd38290000 - 0x00007ffd38338000 	C:\WINDOWS\System32\sechost.dll
0x00007ffd375b0000 - 0x00007ffd375d8000 	C:\WINDOWS\System32\bcrypt.dll
0x00007ffd38db0000 - 0x00007ffd38ec4000 	C:\WINDOWS\System32\RPCRT4.dll
0x00007ffd38340000 - 0x00007ffd383b1000 	C:\WINDOWS\System32\WS2_32.dll
0x00007ffd36ba0000 - 0x00007ffd36bed000 	C:\WINDOWS\SYSTEM32\POWRPROF.dll
0x00007ffd2f6b0000 - 0x00007ffd2f6e4000 	C:\WINDOWS\SYSTEM32\WINMM.dll
0x00007ffd34650000 - 0x00007ffd3465a000 	C:\WINDOWS\SYSTEM32\VERSION.dll
0x00007ffd36b80000 - 0x00007ffd36b93000 	C:\WINDOWS\SYSTEM32\UMPDC.dll
0x00007ffd35cc0000 - 0x00007ffd35cd8000 	C:\WINDOWS\SYSTEM32\kernel.appcore.dll
0x00007ffd18380000 - 0x00007ffd1838a000 	c:\Program Files\Microsoft\jdk-17.0.14+7\bin\jimage.dll
0x00007ffd33870000 - 0x00007ffd33aa2000 	C:\WINDOWS\SYSTEM32\DBGHELP.DLL
0x00007ffd38ee0000 - 0x00007ffd39272000 	C:\WINDOWS\System32\combase.dll
0x00007ffd37bb0000 - 0x00007ffd37c87000 	C:\WINDOWS\System32\OLEAUT32.dll
0x00007ffd10640000 - 0x00007ffd10672000 	C:\WINDOWS\SYSTEM32\dbgcore.DLL
0x00007ffd37200000 - 0x00007ffd3727b000 	C:\WINDOWS\System32\bcryptPrimitives.dll
0x00007ffcde6d0000 - 0x00007ffcde6f5000 	c:\Program Files\Microsoft\jdk-17.0.14+7\bin\java.dll
0x00007ffcc6390000 - 0x00007ffcc6467000 	c:\Program Files\Microsoft\jdk-17.0.14+7\bin\jsvml.dll
0x00007ffd38440000 - 0x00007ffd38cd6000 	C:\WINDOWS\System32\SHELL32.dll
0x00007ffd375e0000 - 0x00007ffd3771f000 	C:\WINDOWS\System32\wintypes.dll
0x00007ffd34bb0000 - 0x00007ffd354ca000 	C:\WINDOWS\SYSTEM32\windows.storage.dll
0x00007ffd39a60000 - 0x00007ffd39b6a000 	C:\WINDOWS\System32\SHCORE.dll
0x00007ffd39280000 - 0x00007ffd392e3000 	C:\WINDOWS\System32\shlwapi.dll
0x00007ffd36c00000 - 0x00007ffd36c2b000 	C:\WINDOWS\SYSTEM32\profapi.dll
0x00007ffcd6770000 - 0x00007ffcd678a000 	C:\Program Files\Microsoft\jdk-17.0.14+7\bin\net.dll
0x00007ffd2f180000 - 0x00007ffd2f2ac000 	C:\WINDOWS\SYSTEM32\WINHTTP.dll
0x00007ffd36140000 - 0x00007ffd361aa000 	C:\WINDOWS\system32\mswsock.dll
0x00007ffcd5650000 - 0x00007ffcd5666000 	C:\Program Files\Microsoft\jdk-17.0.14+7\bin\nio.dll
0x00007ffcd5630000 - 0x00007ffcd5648000 	C:\Program Files\Microsoft\jdk-17.0.14+7\bin\zip.dll

dbghelp: loaded successfully - version: 4.0.5 - missing functions: none
symbol engine: initialized successfully - sym options: 0x614 - pdb path: .;c:\Program Files\Microsoft\jdk-17.0.14+7\bin;C:\WINDOWS\SYSTEM32;C:\WINDOWS\WinSxS\amd64_microsoft.windows.common-controls_6595b64144ccf1df_6.0.22621.5124_none_270e8f4f7386d69d;c:\Program Files\Microsoft\jdk-17.0.14+7\bin\server

VM Arguments:
jvm_args: -Dapplication.home=c:\Program Files\Microsoft\jdk-17.0.14+7 --add-modules=ALL-DEFAULT -Xms8m -Dfile.encoding=UTF8 -Djdk.module.main=jdk.compiler 
java_command: jdk.compiler/com.sun.tools.javac.Main @C:\Users\callu\AppData\Local\Temp\tmpe20kpk.tmp -target 1.8 -source 1.8
java_class_path (initial): <not set>
Launcher Type: SUN_STANDARD

[Global flags]
     intx CICompilerCount                          = 3                                         {product} {ergonomic}
     uint ConcGCThreads                            = 1                                         {product} {ergonomic}
     uint G1ConcRefinementThreads                  = 4                                         {product} {ergonomic}
   size_t G1HeapRegionSize                         = 1048576                                   {product} {ergonomic}
    uintx GCDrainStackTargetSize                   = 64                                        {product} {ergonomic}
   size_t InitialHeapSize                          = 8388608                                   {product} {command line}
   size_t MarkStackSize                            = 4194304                                   {product} {ergonomic}
   size_t MaxHeapSize                              = 1025507328                                {product} {ergonomic}
   size_t MaxNewSize                               = 614465536                                 {product} {ergonomic}
   size_t MinHeapDeltaBytes                        = 1048576                                   {product} {ergonomic}
   size_t MinHeapSize                              = 8388608                                   {product} {command line}
    uintx NonNMethodCodeHeapSize                   = 5832780                                {pd product} {ergonomic}
    uintx NonProfiledCodeHeapSize                  = 122912730                              {pd product} {ergonomic}
    uintx ProfiledCodeHeapSize                     = 122912730                              {pd product} {ergonomic}
    uintx ReservedCodeCacheSize                    = 251658240                              {pd product} {ergonomic}
     bool SegmentedCodeCache                       = true                                      {product} {ergonomic}
   size_t SoftMaxHeapSize                          = 1025507328                             {manageable} {ergonomic}
     bool UseCompressedClassPointers               = true                           {product lp64_product} {ergonomic}
     bool UseCompressedOops                        = true                           {product lp64_product} {ergonomic}
     bool UseG1GC                                  = true                                      {product} {ergonomic}
     bool UseLargePagesIndividualAllocation        = false                                  {pd product} {ergonomic}

Logging:
Log output configuration:
 #0: stdout all=warning uptime,level,tags
 #1: stderr all=off uptime,level,tags

Environment Variables:
JAVA_HOME=c:\Program Files\Microsoft\jdk-17.0.14+7
PATH=c:\Program Files\Microsoft\jdk-17.0.14+7\bin;C:\Program Files (x86)\Common Files\Oracle\Java\javapath;C:\WINDOWS\system32;C:\WINDOWS;C:\WINDOWS\System32\Wbem;C:\WINDOWS\System32\WindowsPowerShell\v1.0\;C:\WINDOWS\System32\OpenSSH\;C:\Program Files\dotnet;C:\Program Files\Git\cmd;C:\sonarqube\bin\windows-x86-64;;C:\Program Files\Docker\Docker\resources\bin;C:\Users\callu\AppData\Local\Microsoft\WindowsApps;C:\Users\callu\AppData\Local\Programs\Microsoft VS Code\bin;C:\Users\callu\.dotnet\tools;C:\Users\callu\MAUI\android\cmdline-tools\11.0\bin;C:\Users\callu\MAUI\android\platform-tools;;C:\Users\callu\AppData\Local\Programs\Azure Data Studio\bin
USERNAME=callu
OS=Windows_NT
PROCESSOR_IDENTIFIER=Intel64 Family 6 Model 122 Stepping 8, GenuineIntel
TMP=C:\Users\callu\AppData\Local\Temp
TEMP=C:\Users\callu\AppData\Local\Temp



Periodic native trim disabled


---------------  S Y S T E M  ---------------

OS:
 Windows 11 , 64 bit Build 22621 (10.0.22621.5124)
OS uptime: 0 days 0:39 hours
Hyper-V role detected

CPU: total 4 (initial active 4) (4 cores per cpu, 1 threads per core) family 6 model 122 stepping 8 microcode 0x20, cx8, cmov, fxsr, mmx, 3dnowpref, sse, sse2, sse3, ssse3, sse4.1, sse4.2, popcnt, tsc, tscinvbit, aes, erms, clmul, sha, clflush, clflushopt, hv
Processor Information for the first 4 processors :
  Max Mhz: 1101, Current Mhz: 1101, Mhz Limit: 1101

Memory: 4k page, system-wide physical 3908M (233M free)
TotalPageFile size 14837M (AvailPageFile size 9M)
current process WorkingSet (physical memory assigned to process): 217M, peak: 219M
current process commit charge ("private bytes"): 308M, peak: 310M

vm_info: OpenJDK 64-Bit Server VM (17.0.14+7-LTS) for windows-amd64 JRE (17.0.14+7-LTS), built on Jan  8 2025 23:39:28 by "MicrosoftCorporation" with unknown MS VC++:1939

END.
