#
# There is insufficient memory for the Java Runtime Environment to continue.
# Native memory allocation (mmap) failed to map 132120576 bytes. Error detail: G1 virtual space
# Possible reasons:
#   The system is out of physical RAM or swap space
#   This process is running with CompressedOops enabled, and the Java Heap may be blocking the growth of the native heap
# Possible solutions:
#   Reduce memory load on the system
#   Increase physical memory or swap space
#   Check if swap backing store is full
#   Decrease Java heap size (-Xmx/-Xms)
#   Decrease number of Java threads
#   Decrease Java thread stack sizes (-Xss)
#   Set larger code cache with -XX:ReservedCodeCacheSize=
#   JVM is running with Unscaled Compressed Oops mode in which the Java heap is
#     placed in the first 4GB address space. The Java Heap base address is the
#     maximum limit for the native heap growth. Please use -XX:HeapBaseMinAddress
#     to set the Java Heap base and to place the Java Heap above 4GB virtual address.
# This output file may be truncated or incomplete.
#
#  Out of Memory Error (os_windows.cpp:3710), pid=24068, tid=13068
#
# JRE version: OpenJDK Runtime Environment Microsoft-10800295 (17.0.14+7) (build 17.0.14+7-LTS)
# Java VM: OpenJDK 64-Bit Server VM Microsoft-10800295 (17.0.14+7-LTS, mixed mode, sharing, tiered, compressed oops, compressed class ptrs, g1 gc, windows-amd64)
# No core dump will be written. Minidumps are not enabled by default on client versions of Windows
#

---------------  S U M M A R Y ------------

Command Line: -Xmx1G com.android.tools.r8.D8 --debug --min-api 21 --output obj\Debug\net8.0-android\android\bin\ --lib c:\Users\callu\MAUI\android\platforms\android-34\android.jar obj\Debug\net8.0-android\android\bin\classes.zip C:\Program Files\dotnet\packs\Microsoft.Android.Ref.34\34.0.148\ref\net8.0\mono.android.jar C:\Program Files\dotnet\packs\Microsoft.Android.Sdk.Windows\34.0.148\tools\java_runtime_fastdev_net6.jar C:\Users\callu\.nuget\packages\xamarin.jetbrains.annotations\24.0.1.3\buildTransitive\net6.0-android31.0\..\..\jar\org.jetbrains.annotations-24.0.1.jar C:\Users\callu\.nuget\packages\xamarin.kotlin.stdlib\1.9.0.1\buildTransitive\net6.0-android31.0\..\..\jar\org.jetbrains.kotlin.kotlin-stdlib-1.9.0.jar C:\Users\callu\.nuget\packages\xamarin.kotlin.stdlib.jdk7\1.9.0.1\buildTransitive\net6.0-android31.0\..\..\jar\org.jetbrains.kotlin.kotlin-stdlib-jdk7-1.9.0.jar C:\Users\callu\.nuget\packages\xamarin.kotlin.stdlib.jdk8\1.9.0.1\buildTransitive\net6.0-android31.0\..\..\jar\org.jetbrains.kotlin.kotlin-stdlib-jdk8-1.9.0.jar C:\Users\callu\.nuget\packages\xamarin.kotlinx.coroutines.core.jvm\1.7.2.1\buildTransitive\net6.0-android31.0\..\..\jar\org.jetbrains.kotlinx.kotlinx-coroutines-core-jvm-1.7.2.jar C:\Users\callu\.nuget\packages\xamarin.kotlinx.coroutines.android\1.7.2.1\buildTransitive\net6.0-android31.0\..\..\jar\org.jetbrains.kotlinx.kotlinx-coroutines-android-1.7.2.jar C:\Users\callu\.nuget\packages\xamarin.google.guava.listenablefuture\1.0.0.14\buildTransitive\net6.0-android31.0\..\..\jar\guava-listenablefuture.jar C:\Users\callu\.nuget\packages\xamarin.androidx.annotation.jvm\1.6.0.2\buildTransitive\net6.0-android31.0\..\..\jar\androidx.annotation.annotation-jvm.jar C:\Users\callu\.nuget\packages\xamarin.androidx.collection\1.2.0.9\buildTransitive\net6.0-android31.0\..\..\jar\androidx.collection.collection.jar C:\Users\callu\.nuget\packages\xamarin.androidx.concurrent.futures\1.1.0.14\buildTransitive\net6.0-android31.0\..\..\jar\androidx.concurrent.concurrent-futures.jar C:\Users\callu\.nuget\packages\xamarin.androidx.lifecycle.common\2.6.1.3\buildTransitive\net6.0-android31.0\..\..\jar\androidx.lifecycle.lifecycle-common.jar C:\Users\callu\.nuget\packages\xamarin.androidx.arch.core.common\2.2.0.3\buildTransitive\net6.0-android31.0\..\..\jar\androidx.arch.core.core-common.jar C:\Users\callu\.nuget\packages\xamarin.androidx.resourceinspection.annotation\1.0.1.7\buildTransitive\net6.0-android31.0\..\..\jar\androidx.resourceinspection.resourceinspection-annotation.jar C:\Users\callu\.nuget\packages\xamarin.androidx.constraintlayout.core\1.0.4.6\buildTransitive\net6.0-android31.0\..\..\jar\androidx.constraintlayout.constraintlayout-core.jar C:\Users\callu\.nuget\packages\xamarin.androidx.collection.ktx\1.2.0.9\buildTransitive\net6.0-android31.0\..\..\jar\androidx.collection.collection-ktx.jar C:\Users\callu\.nuget\packages\xamarin.android.glide.disklrucache\4.15.1.2\buildTransitive\net6.0-android31.0\..\..\jar\disklrucache.jar C:\Users\callu\.nuget\packages\xamarin.android.glide.annotations\4.15.1.2\buildTransitive\net6.0-android31.0\..\..\jar\annotations.jar C:\Program Files\dotnet\packs\Microsoft.NETCore.App.Runtime.Mono.android-arm64\8.0.14\runtimes\android-arm64\native\libSystem.Security.Cryptography.Native.Android.jar obj\Debug\net8.0-android\lp\100\jl\classes.jar obj\Debug\net8.0-android\lp\101\jl\classes.jar obj\Debug\net8.0-android\lp\102\jl\classes.jar obj\Debug\net8.0-android\lp\103\jl\classes.jar obj\Debug\net8.0-android\lp\104\jl\classes.jar obj\Debug\net8.0-android\lp\105\jl\classes.jar obj\Debug\net8.0-android\lp\106\jl\classes.jar obj\Debug\net8.0-android\lp\107\jl\classes.jar obj\Debug\net8.0-android\lp\108\jl\classes.jar obj\Debug\net8.0-android\lp\109\jl\classes.jar obj\Debug\net8.0-android\lp\110\jl\classes.jar obj\Debug\net8.0-android\lp\111\jl\classes.jar obj\Debug\net8.0-android\lp\112\jl\classes.jar obj\Debug\net8.0-android\lp\113\jl\classes.jar obj\Debug\net8.0-android\lp\114\jl\classes.jar obj\Debug\net8.0-android\lp\115\jl\classes.jar obj\Debug\net8.0-android\lp\116\jl\classes.jar obj\Debug\net8.0-android\lp\117\jl\classes.jar obj\Debug\net8.0-android\lp\118\jl\classes.jar obj\Debug\net8.0-android\lp\119\jl\classes.jar obj\Debug\net8.0-android\lp\120\jl\classes.jar obj\Debug\net8.0-android\lp\121\jl\classes.jar obj\Debug\net8.0-android\lp\122\jl\classes.jar obj\Debug\net8.0-android\lp\123\jl\classes.jar obj\Debug\net8.0-android\lp\124\jl\classes.jar obj\Debug\net8.0-android\lp\125\jl\classes.jar obj\Debug\net8.0-android\lp\126\jl\classes.jar obj\Debug\net8.0-android\lp\127\jl\classes.jar obj\Debug\net8.0-android\lp\128\jl\classes.jar obj\Debug\net8.0-android\lp\129\jl\classes.jar obj\Debug\net8.0-android\lp\130\jl\classes.jar obj\Debug\net8.0-android\lp\131\jl\classes.jar obj\Debug\net8.0-android\lp\132\jl\classes.jar obj\Debug\net8.0-android\lp\133\jl\classes.jar obj\Debug\net8.0-android\lp\134\jl\classes.jar obj\Debug\net8.0-android\lp\135\jl\classes.jar obj\Debug\net8.0-android\lp\136\jl\classes.jar obj\Debug\net8.0-android\lp\137\jl\classes.jar obj\Debug\net8.0-android\lp\138\jl\classes.jar obj\Debug\net8.0-android\lp\139\jl\classes.jar obj\Debug\net8.0-android\lp\140\jl\classes.jar obj\Debug\net8.0-android\lp\141\jl\classes.jar obj\Debug\net8.0-android\lp\142\jl\classes.jar obj\Debug\net8.0-android\lp\143\jl\classes.jar obj\Debug\net8.0-android\lp\144\jl\classes.jar obj\Debug\net8.0-android\lp\145\jl\classes.jar obj\Debug\net8.0-android\lp\146\jl\classes.jar obj\Debug\net8.0-android\lp\147\jl\classes.jar obj\Debug\net8.0-android\lp\148\jl\classes.jar obj\Debug\net8.0-android\lp\149\jl\classes.jar obj\Debug\net8.0-android\lp\150\jl\classes.jar obj\Debug\net8.0-android\lp\151\jl\classes.jar obj\Debug\net8.0-android\lp\156\jl\classes.jar obj\Debug\net8.0-android\lp\91\jl\classes.jar obj\Debug\net8.0-android\lp\92\jl\classes.jar obj\Debug\net8.0-android\lp\93\jl\classes.jar obj\Debug\net8.0-android\lp\94\jl\classes.jar obj\Debug\net8.0-android\lp\95\jl\classes.jar obj\Debug\net8.0-android\lp\96\jl\classes.jar obj\Debug\net8.0-android\lp\97\jl\classes.jar obj\Debug\net8.0-android\lp\98\jl\classes.jar obj\Debug\net8.0-android\lp\99\jl\classes.jar obj\Debug\net8.0-android\lp\121\jl\libs\repackaged.jar obj\Debug\net8.0-android\lp\152\jl\libs\ED64959F88B22E6D.jar obj\Debug\net8.0-android\lp\153\jl\libs\2E7FD15AFA9B216B.jar obj\Debug\net8.0-android\lp\159\jl\libs\F975D0960055A5E3.jar obj\Debug\net8.0-android\lp\160\jl\libs\B71CFF5D5A0B3AEB.jar --map-diagnostics warning info

Host: Intel(R) Pentium(R) Silver N5030 CPU @ 1.10GHz, 4 cores, 3G,  Windows 11 , 64 bit Build 22621 (10.0.22621.5124)
Time: Thu Apr 10 14:17:07 2025 GMT Summer Time elapsed time: 19.413890 seconds (0d 0h 0m 19s)

---------------  T H R E A D  ---------------

Current thread (0x000001ff769919c0):  VMThread "VM Thread" [stack: 0x0000006e40100000,0x0000006e40200000] [id=13068]

Stack: [0x0000006e40100000,0x0000006e40200000]
Native frames: (J=compiled Java code, j=interpreted, Vv=VM code, C=native code)
V  [jvm.dll+0x6886b9]
V  [jvm.dll+0x83f6f8]
V  [jvm.dll+0x8411a3]
V  [jvm.dll+0x841813]
V  [jvm.dll+0x2495cf]
V  [jvm.dll+0x6855f9]
V  [jvm.dll+0x679a8a]
V  [jvm.dll+0x30afc7]
V  [jvm.dll+0x312536]
V  [jvm.dll+0x362eee]
V  [jvm.dll+0x36312d]
V  [jvm.dll+0x2e225c]
V  [jvm.dll+0x2e0609]
V  [jvm.dll+0x2dfd6c]
V  [jvm.dll+0x32291b]
V  [jvm.dll+0x84604d]
V  [jvm.dll+0x846d83]
V  [jvm.dll+0x8472af]
V  [jvm.dll+0x847694]
V  [jvm.dll+0x84775e]
V  [jvm.dll+0x7ef2ac]
V  [jvm.dll+0x687597]
C  [ucrtbase.dll+0x29333]
C  [KERNEL32.DLL+0x1259d]
C  [ntdll.dll+0x5af38]

VM_Operation (0x0000006e412fdcd0): G1CollectForAllocation, mode: safepoint, requested by thread 0x000001ff7b46ef80


---------------  P R O C E S S  ---------------

Threads class SMR info:
_java_thread_list=0x000001ff7b784330, length=15, elements={
0x000001ff5b409b40, 0x000001ff769957a0, 0x000001ff76996620, 0x000001ff769ad140,
0x000001ff769b0c90, 0x000001ff769b3660, 0x000001ff769b4020, 0x000001ff769b4dc0,
0x000001ff769b7c80, 0x000001ff769ecc70, 0x000001ff76abefc0, 0x000001ff76ac5910,
0x000001ff7b46ef80, 0x000001ff7b120600, 0x000001ff7bd7c7f0
}

Java Threads: ( => current thread )
  0x000001ff5b409b40 JavaThread "main" [_thread_blocked, id=19072, stack(0x0000006e3fb00000,0x0000006e3fc00000)]
  0x000001ff769957a0 JavaThread "Reference Handler" daemon [_thread_blocked, id=19180, stack(0x0000006e40200000,0x0000006e40300000)]
  0x000001ff76996620 JavaThread "Finalizer" daemon [_thread_blocked, id=19280, stack(0x0000006e40300000,0x0000006e40400000)]
  0x000001ff769ad140 JavaThread "Signal Dispatcher" daemon [_thread_blocked, id=14264, stack(0x0000006e40400000,0x0000006e40500000)]
  0x000001ff769b0c90 JavaThread "Attach Listener" daemon [_thread_blocked, id=22692, stack(0x0000006e40500000,0x0000006e40600000)]
  0x000001ff769b3660 JavaThread "Service Thread" daemon [_thread_blocked, id=4144, stack(0x0000006e40600000,0x0000006e40700000)]
  0x000001ff769b4020 JavaThread "Monitor Deflation Thread" daemon [_thread_blocked, id=14896, stack(0x0000006e40700000,0x0000006e40800000)]
  0x000001ff769b4dc0 JavaThread "C2 CompilerThread0" daemon [_thread_in_native, id=19628, stack(0x0000006e40800000,0x0000006e40900000)]
  0x000001ff769b7c80 JavaThread "C1 CompilerThread0" daemon [_thread_blocked, id=18924, stack(0x0000006e40900000,0x0000006e40a00000)]
  0x000001ff769ecc70 JavaThread "Sweeper thread" daemon [_thread_blocked, id=22744, stack(0x0000006e40a00000,0x0000006e40b00000)]
  0x000001ff76abefc0 JavaThread "Notification Thread" daemon [_thread_blocked, id=20884, stack(0x0000006e40b00000,0x0000006e40c00000)]
  0x000001ff76ac5910 JavaThread "Common-Cleaner" daemon [_thread_blocked, id=15572, stack(0x0000006e40d00000,0x0000006e40e00000)]
  0x000001ff7b46ef80 JavaThread "ForkJoinPool-1-worker-1" daemon [_thread_blocked, id=23740, stack(0x0000006e41200000,0x0000006e41300000)]
  0x000001ff7b120600 JavaThread "ForkJoinPool-1-worker-2" daemon [_thread_blocked, id=18692, stack(0x0000006e41300000,0x0000006e41400000)]
  0x000001ff7bd7c7f0 JavaThread "C2 CompilerThread1" daemon [_thread_blocked, id=20112, stack(0x0000006e41600000,0x0000006e41700000)]

Other Threads:
=>0x000001ff769919c0 VMThread "VM Thread" [stack: 0x0000006e40100000,0x0000006e40200000] [id=13068]
  0x000001ff76ac34b0 WatcherThread [stack: 0x0000006e40c00000,0x0000006e40d00000] [id=23648]
  0x000001ff5b445b20 GCTaskThread "GC Thread#0" [stack: 0x0000006e3fc00000,0x0000006e3fd00000] [id=16096]
  0x000001ff7b35a430 GCTaskThread "GC Thread#1" [stack: 0x0000006e40e00000,0x0000006e40f00000] [id=9088]
  0x000001ff7b213990 GCTaskThread "GC Thread#2" [stack: 0x0000006e40f00000,0x0000006e41000000] [id=23248]
  0x000001ff7b213c50 GCTaskThread "GC Thread#3" [stack: 0x0000006e41000000,0x0000006e41100000] [id=20164]
  0x000001ff5b44ea70 ConcurrentGCThread "G1 Main Marker" [stack: 0x0000006e3fd00000,0x0000006e3fe00000] [id=1448]
  0x000001ff5b44f490 ConcurrentGCThread "G1 Conc#0" [stack: 0x0000006e3fe00000,0x0000006e3ff00000] [id=21652]
  0x000001ff5b48d1a0 ConcurrentGCThread "G1 Refine#0" [stack: 0x0000006e3ff00000,0x0000006e40000000] [id=1016]
  0x000001ff7b133e10 ConcurrentGCThread "G1 Refine#1" [stack: 0x0000006e41100000,0x0000006e41200000] [id=9992]
  0x000001ff7b94be80 ConcurrentGCThread "G1 Refine#2" [stack: 0x0000006e41400000,0x0000006e41500000] [id=21112]
  0x000001ff7bc9fa70 ConcurrentGCThread "G1 Refine#3" [stack: 0x0000006e41500000,0x0000006e41600000] [id=22752]
  0x000001ff5b48efe0 ConcurrentGCThread "G1 Service" [stack: 0x0000006e40000000,0x0000006e40100000] [id=10800]

Threads with active compile tasks:
C2 CompilerThread0    19585 2215       4       com.android.tools.r8.internal.fb::a (5041 bytes)
C2 CompilerThread1    19585 2382       4       com.android.tools.r8.internal.fb::a (1176 bytes)

VM state: at safepoint (normal execution)

VM Mutex/Monitor currently owned by a thread:  ([mutex/lock_event])
[0x000001ff5b404980] Threads_lock - owner thread: 0x000001ff769919c0
[0x000001ff5b404bc0] Heap_lock - owner thread: 0x000001ff7b46ef80

Heap address: 0x00000000c0000000, size: 1024 MB, Compressed Oops mode: 32-bit

CDS archive(s) mapped at: [0x000001ff00000000-0x000001ff00bb0000-0x000001ff00bb0000), size 12255232, SharedBaseAddress: 0x000001ff00000000, ArchiveRelocationMode: 1.
Compressed class space mapped at: 0x000001ff01000000-0x000001ff41000000, reserved size: 1073741824
Narrow klass base: 0x000001ff00000000, Narrow klass shift: 0, Narrow klass range: 0x100000000

GC Precious Log:
 CPUs: 4 total, 4 available
 Memory: 3908M
 Large Page Support: Disabled
 NUMA Support: Disabled
 Compressed Oops: Enabled (32-bit)
 Heap Region Size: 1M
 Heap Min Capacity: 8M
 Heap Initial Capacity: 62M
 Heap Max Capacity: 1G
 Pre-touch: Disabled
 Parallel Workers: 4
 Concurrent Workers: 1
 Concurrent Refinement Workers: 4
 Periodic GC: Disabled

Heap:
 garbage-first heap   total 273408K, used 138716K [0x00000000c0000000, 0x0000000100000000)
  region size 1024K, 10 young (10240K), 10 survivors (10240K)
 Metaspace       used 9627K, committed 9856K, reserved 1114112K
  class space    used 1180K, committed 1280K, reserved 1048576K

Heap Regions: E=young(eden), S=young(survivor), O=old, HS=humongous(starts), HC=humongous(continues), CS=collection set, F=free, OA=open archive, CA=closed archive, TAMS=top-at-mark-start (previous, next)
|   0|0x00000000c0000000, 0x00000000c0100000, 0x00000000c0100000|100%|HS|  |TAMS 0x00000000c0100000, 0x00000000c0000000| Complete 
|   1|0x00000000c0100000, 0x00000000c0200000, 0x00000000c0200000|100%|HS|  |TAMS 0x00000000c0200000, 0x00000000c0100000| Complete 
|   2|0x00000000c0200000, 0x00000000c0300000, 0x00000000c0300000|100%|HC|  |TAMS 0x00000000c0300000, 0x00000000c0200000| Complete 
|   3|0x00000000c0300000, 0x00000000c0400000, 0x00000000c0400000|100%| O|  |TAMS 0x00000000c0400000, 0x00000000c0300000| Untracked 
|   4|0x00000000c0400000, 0x00000000c0500000, 0x00000000c0500000|100%| O|  |TAMS 0x00000000c0500000, 0x00000000c0400000| Untracked 
|   5|0x00000000c0500000, 0x00000000c0600000, 0x00000000c0600000|100%| O|  |TAMS 0x00000000c0600000, 0x00000000c0500000| Untracked 
|   6|0x00000000c0600000, 0x00000000c0700000, 0x00000000c0700000|100%| O|  |TAMS 0x00000000c0700000, 0x00000000c0600000| Untracked 
|   7|0x00000000c0700000, 0x00000000c0800000, 0x00000000c0800000|100%| O|  |TAMS 0x00000000c0800000, 0x00000000c0700000| Untracked 
|   8|0x00000000c0800000, 0x00000000c0900000, 0x00000000c0900000|100%| O|  |TAMS 0x00000000c0900000, 0x00000000c0800000| Untracked 
|   9|0x00000000c0900000, 0x00000000c0a00000, 0x00000000c0a00000|100%|HS|  |TAMS 0x00000000c0a00000, 0x00000000c0900000| Complete 
|  10|0x00000000c0a00000, 0x00000000c0b00000, 0x00000000c0b00000|100%| O|  |TAMS 0x00000000c0b00000, 0x00000000c0a00000| Untracked 
|  11|0x00000000c0b00000, 0x00000000c0c00000, 0x00000000c0c00000|100%| O|  |TAMS 0x00000000c0c00000, 0x00000000c0b00000| Untracked 
|  12|0x00000000c0c00000, 0x00000000c0d00000, 0x00000000c0d00000|100%| O|  |TAMS 0x00000000c0d00000, 0x00000000c0c00000| Untracked 
|  13|0x00000000c0d00000, 0x00000000c0e00000, 0x00000000c0e00000|100%| O|  |TAMS 0x00000000c0e00000, 0x00000000c0d00000| Untracked 
|  14|0x00000000c0e00000, 0x00000000c0f00000, 0x00000000c0f00000|100%| O|  |TAMS 0x00000000c0f00000, 0x00000000c0e00000| Untracked 
|  15|0x00000000c0f00000, 0x00000000c1000000, 0x00000000c1000000|100%| O|  |TAMS 0x00000000c1000000, 0x00000000c0f00000| Untracked 
|  16|0x00000000c1000000, 0x00000000c1100000, 0x00000000c1100000|100%| O|  |TAMS 0x00000000c1100000, 0x00000000c1000000| Untracked 
|  17|0x00000000c1100000, 0x00000000c1200000, 0x00000000c1200000|100%| O|  |TAMS 0x00000000c1200000, 0x00000000c1100000| Untracked 
|  18|0x00000000c1200000, 0x00000000c1300000, 0x00000000c1300000|100%| O|  |TAMS 0x00000000c1300000, 0x00000000c1200000| Untracked 
|  19|0x00000000c1300000, 0x00000000c1400000, 0x00000000c1400000|100%| O|  |TAMS 0x00000000c1400000, 0x00000000c1300000| Untracked 
|  20|0x00000000c1400000, 0x00000000c1500000, 0x00000000c1500000|100%| O|  |TAMS 0x00000000c1500000, 0x00000000c1400000| Untracked 
|  21|0x00000000c1500000, 0x00000000c1600000, 0x00000000c1600000|100%| O|  |TAMS 0x00000000c1600000, 0x00000000c1500000| Untracked 
|  22|0x00000000c1600000, 0x00000000c1700000, 0x00000000c1700000|100%| O|  |TAMS 0x00000000c1700000, 0x00000000c1600000| Untracked 
|  23|0x00000000c1700000, 0x00000000c1800000, 0x00000000c1800000|100%| O|  |TAMS 0x00000000c1800000, 0x00000000c1700000| Untracked 
|  24|0x00000000c1800000, 0x00000000c1900000, 0x00000000c1900000|100%| O|  |TAMS 0x00000000c1900000, 0x00000000c1800000| Untracked 
|  25|0x00000000c1900000, 0x00000000c1a00000, 0x00000000c1a00000|100%| O|  |TAMS 0x00000000c1a00000, 0x00000000c1900000| Untracked 
|  26|0x00000000c1a00000, 0x00000000c1b00000, 0x00000000c1b00000|100%| O|  |TAMS 0x00000000c1b00000, 0x00000000c1a00000| Untracked 
|  27|0x00000000c1b00000, 0x00000000c1c00000, 0x00000000c1c00000|100%| O|  |TAMS 0x00000000c1c00000, 0x00000000c1b00000| Untracked 
|  28|0x00000000c1c00000, 0x00000000c1d00000, 0x00000000c1d00000|100%| O|  |TAMS 0x00000000c1d00000, 0x00000000c1c00000| Untracked 
|  29|0x00000000c1d00000, 0x00000000c1e00000, 0x00000000c1e00000|100%| O|  |TAMS 0x00000000c1e00000, 0x00000000c1d00000| Untracked 
|  30|0x00000000c1e00000, 0x00000000c1f00000, 0x00000000c1f00000|100%| O|  |TAMS 0x00000000c1f00000, 0x00000000c1e00000| Untracked 
|  31|0x00000000c1f00000, 0x00000000c2000000, 0x00000000c2000000|100%| O|  |TAMS 0x00000000c2000000, 0x00000000c1f00000| Untracked 
|  32|0x00000000c2000000, 0x00000000c2100000, 0x00000000c2100000|100%| O|  |TAMS 0x00000000c2100000, 0x00000000c2000000| Untracked 
|  33|0x00000000c2100000, 0x00000000c2200000, 0x00000000c2200000|100%| O|  |TAMS 0x00000000c2200000, 0x00000000c2100000| Untracked 
|  34|0x00000000c2200000, 0x00000000c2300000, 0x00000000c2300000|100%| O|  |TAMS 0x00000000c2300000, 0x00000000c2200000| Untracked 
|  35|0x00000000c2300000, 0x00000000c2400000, 0x00000000c2400000|100%| O|  |TAMS 0x00000000c2400000, 0x00000000c2300000| Untracked 
|  36|0x00000000c2400000, 0x00000000c2500000, 0x00000000c2500000|100%| O|  |TAMS 0x00000000c2500000, 0x00000000c2400000| Untracked 
|  37|0x00000000c2500000, 0x00000000c2600000, 0x00000000c2600000|100%| O|  |TAMS 0x00000000c2600000, 0x00000000c2500000| Untracked 
|  38|0x00000000c2600000, 0x00000000c2700000, 0x00000000c2700000|100%| O|  |TAMS 0x00000000c2700000, 0x00000000c2600000| Untracked 
|  39|0x00000000c2700000, 0x00000000c2800000, 0x00000000c2800000|100%| O|  |TAMS 0x00000000c2800000, 0x00000000c2700000| Untracked 
|  40|0x00000000c2800000, 0x00000000c2900000, 0x00000000c2900000|100%| O|  |TAMS 0x00000000c2900000, 0x00000000c2800000| Untracked 
|  41|0x00000000c2900000, 0x00000000c2a00000, 0x00000000c2a00000|100%| O|  |TAMS 0x00000000c2a00000, 0x00000000c2900000| Untracked 
|  42|0x00000000c2a00000, 0x00000000c2b00000, 0x00000000c2b00000|100%| O|  |TAMS 0x00000000c2b00000, 0x00000000c2a00000| Untracked 
|  43|0x00000000c2b00000, 0x00000000c2c00000, 0x00000000c2c00000|100%| O|  |TAMS 0x00000000c2c00000, 0x00000000c2b00000| Untracked 
|  44|0x00000000c2c00000, 0x00000000c2d00000, 0x00000000c2d00000|100%| O|  |TAMS 0x00000000c2d00000, 0x00000000c2c00000| Untracked 
|  45|0x00000000c2d00000, 0x00000000c2e00000, 0x00000000c2e00000|100%| O|  |TAMS 0x00000000c2d00000, 0x00000000c2d00000| Untracked 
|  46|0x00000000c2e00000, 0x00000000c2f00000, 0x00000000c2f00000|100%| O|  |TAMS 0x00000000c2f00000, 0x00000000c2e00000| Untracked 
|  47|0x00000000c2f00000, 0x00000000c3000000, 0x00000000c3000000|100%| O|  |TAMS 0x00000000c3000000, 0x00000000c2f00000| Untracked 
|  48|0x00000000c3000000, 0x00000000c3100000, 0x00000000c3100000|100%| O|  |TAMS 0x00000000c3100000, 0x00000000c3000000| Untracked 
|  49|0x00000000c3100000, 0x00000000c3200000, 0x00000000c3200000|100%| O|  |TAMS 0x00000000c3200000, 0x00000000c3100000| Untracked 
|  50|0x00000000c3200000, 0x00000000c3300000, 0x00000000c3300000|100%| O|  |TAMS 0x00000000c3300000, 0x00000000c3200000| Untracked 
|  51|0x00000000c3300000, 0x00000000c3400000, 0x00000000c3400000|100%| O|  |TAMS 0x00000000c3400000, 0x00000000c3300000| Untracked 
|  52|0x00000000c3400000, 0x00000000c3500000, 0x00000000c3500000|100%| O|  |TAMS 0x00000000c3500000, 0x00000000c3400000| Untracked 
|  53|0x00000000c3500000, 0x00000000c3600000, 0x00000000c3600000|100%| O|  |TAMS 0x00000000c3600000, 0x00000000c3500000| Untracked 
|  54|0x00000000c3600000, 0x00000000c3700000, 0x00000000c3700000|100%| O|  |TAMS 0x00000000c3700000, 0x00000000c3600000| Untracked 
|  55|0x00000000c3700000, 0x00000000c3800000, 0x00000000c3800000|100%| O|  |TAMS 0x00000000c3800000, 0x00000000c3700000| Untracked 
|  56|0x00000000c3800000, 0x00000000c3900000, 0x00000000c3900000|100%| O|  |TAMS 0x00000000c3900000, 0x00000000c3800000| Untracked 
|  57|0x00000000c3900000, 0x00000000c3a00000, 0x00000000c3a00000|100%| O|  |TAMS 0x00000000c3a00000, 0x00000000c3900000| Untracked 
|  58|0x00000000c3a00000, 0x00000000c3b00000, 0x00000000c3b00000|100%| O|  |TAMS 0x00000000c3b00000, 0x00000000c3a00000| Untracked 
|  59|0x00000000c3b00000, 0x00000000c3c00000, 0x00000000c3c00000|100%| O|  |TAMS 0x00000000c3b00000, 0x00000000c3b00000| Untracked 
|  60|0x00000000c3c00000, 0x00000000c3d00000, 0x00000000c3d00000|100%| O|  |TAMS 0x00000000c3c00000, 0x00000000c3c00000| Untracked 
|  61|0x00000000c3d00000, 0x00000000c3e00000, 0x00000000c3e00000|100%| O|  |TAMS 0x00000000c3d00000, 0x00000000c3d00000| Untracked 
|  62|0x00000000c3e00000, 0x00000000c3f00000, 0x00000000c3f00000|100%| O|  |TAMS 0x00000000c3e00000, 0x00000000c3e00000| Untracked 
|  63|0x00000000c3f00000, 0x00000000c4000000, 0x00000000c4000000|100%| O|  |TAMS 0x00000000c3f00000, 0x00000000c3f00000| Untracked 
|  64|0x00000000c4000000, 0x00000000c4100000, 0x00000000c4100000|100%| O|  |TAMS 0x00000000c4000000, 0x00000000c4000000| Untracked 
|  65|0x00000000c4100000, 0x00000000c4200000, 0x00000000c4200000|100%| O|  |TAMS 0x00000000c4100000, 0x00000000c4100000| Untracked 
|  66|0x00000000c4200000, 0x00000000c4300000, 0x00000000c4300000|100%| O|  |TAMS 0x00000000c4200000, 0x00000000c4200000| Untracked 
|  67|0x00000000c4300000, 0x00000000c4400000, 0x00000000c4400000|100%| O|  |TAMS 0x00000000c4300000, 0x00000000c4300000| Untracked 
|  68|0x00000000c4400000, 0x00000000c4500000, 0x00000000c4500000|100%| O|  |TAMS 0x00000000c4400000, 0x00000000c4400000| Untracked 
|  69|0x00000000c4500000, 0x00000000c4600000, 0x00000000c4600000|100%| O|  |TAMS 0x00000000c4500000, 0x00000000c4500000| Untracked 
|  70|0x00000000c4600000, 0x00000000c4700000, 0x00000000c4700000|100%| O|  |TAMS 0x00000000c4600000, 0x00000000c4600000| Untracked 
|  71|0x00000000c4700000, 0x00000000c4800000, 0x00000000c4800000|100%| O|  |TAMS 0x00000000c4700000, 0x00000000c4700000| Untracked 
|  72|0x00000000c4800000, 0x00000000c4900000, 0x00000000c4900000|100%| O|  |TAMS 0x00000000c4800000, 0x00000000c4800000| Untracked 
|  73|0x00000000c4900000, 0x00000000c4a00000, 0x00000000c4a00000|100%| O|  |TAMS 0x00000000c4900000, 0x00000000c4900000| Untracked 
|  74|0x00000000c4a00000, 0x00000000c4b00000, 0x00000000c4b00000|100%| O|  |TAMS 0x00000000c4a00000, 0x00000000c4a00000| Untracked 
|  75|0x00000000c4b00000, 0x00000000c4c00000, 0x00000000c4c00000|100%| O|  |TAMS 0x00000000c4b00000, 0x00000000c4b00000| Untracked 
|  76|0x00000000c4c00000, 0x00000000c4d00000, 0x00000000c4d00000|100%| O|  |TAMS 0x00000000c4c00000, 0x00000000c4c00000| Untracked 
|  77|0x00000000c4d00000, 0x00000000c4e00000, 0x00000000c4e00000|100%| O|  |TAMS 0x00000000c4d00000, 0x00000000c4d00000| Untracked 
|  78|0x00000000c4e00000, 0x00000000c4f00000, 0x00000000c4f00000|100%| O|  |TAMS 0x00000000c4e00000, 0x00000000c4e00000| Untracked 
|  79|0x00000000c4f00000, 0x00000000c5000000, 0x00000000c5000000|100%| O|  |TAMS 0x00000000c4f00000, 0x00000000c4f00000| Untracked 
|  80|0x00000000c5000000, 0x00000000c5100000, 0x00000000c5100000|100%| O|  |TAMS 0x00000000c5000000, 0x00000000c5000000| Untracked 
|  81|0x00000000c5100000, 0x00000000c5200000, 0x00000000c5200000|100%| O|  |TAMS 0x00000000c5100000, 0x00000000c5100000| Untracked 
|  82|0x00000000c5200000, 0x00000000c5300000, 0x00000000c5300000|100%| O|  |TAMS 0x00000000c5200000, 0x00000000c5200000| Untracked 
|  83|0x00000000c5300000, 0x00000000c5400000, 0x00000000c5400000|100%| O|  |TAMS 0x00000000c5300000, 0x00000000c5300000| Untracked 
|  84|0x00000000c5400000, 0x00000000c5500000, 0x00000000c5500000|100%| O|  |TAMS 0x00000000c5400000, 0x00000000c5400000| Untracked 
|  85|0x00000000c5500000, 0x00000000c5600000, 0x00000000c5600000|100%| O|  |TAMS 0x00000000c5500000, 0x00000000c5500000| Untracked 
|  86|0x00000000c5600000, 0x00000000c5700000, 0x00000000c5700000|100%| O|  |TAMS 0x00000000c5600000, 0x00000000c5600000| Untracked 
|  87|0x00000000c5700000, 0x00000000c5800000, 0x00000000c5800000|100%| O|  |TAMS 0x00000000c5700000, 0x00000000c5700000| Untracked 
|  88|0x00000000c5800000, 0x00000000c5900000, 0x00000000c5900000|100%| O|  |TAMS 0x00000000c5800000, 0x00000000c5800000| Untracked 
|  89|0x00000000c5900000, 0x00000000c5a00000, 0x00000000c5a00000|100%| O|  |TAMS 0x00000000c5900000, 0x00000000c5900000| Untracked 
|  90|0x00000000c5a00000, 0x00000000c5b00000, 0x00000000c5b00000|100%| O|  |TAMS 0x00000000c5a00000, 0x00000000c5a00000| Untracked 
|  91|0x00000000c5b00000, 0x00000000c5c00000, 0x00000000c5c00000|100%|HS|  |TAMS 0x00000000c5b00000, 0x00000000c5b00000| Complete 
|  92|0x00000000c5c00000, 0x00000000c5d00000, 0x00000000c5d00000|100%|HS|  |TAMS 0x00000000c5c00000, 0x00000000c5c00000| Complete 
|  93|0x00000000c5d00000, 0x00000000c5e00000, 0x00000000c5e00000|100%|HS|  |TAMS 0x00000000c5d00000, 0x00000000c5d00000| Complete 
|  94|0x00000000c5e00000, 0x00000000c5f00000, 0x00000000c5f00000|100%|HS|  |TAMS 0x00000000c5e00000, 0x00000000c5e00000| Complete 
|  95|0x00000000c5f00000, 0x00000000c6000000, 0x00000000c6000000|100%| O|  |TAMS 0x00000000c5f00000, 0x00000000c5f00000| Untracked 
|  96|0x00000000c6000000, 0x00000000c6100000, 0x00000000c6100000|100%| O|  |TAMS 0x00000000c6000000, 0x00000000c6000000| Untracked 
|  97|0x00000000c6100000, 0x00000000c6200000, 0x00000000c6200000|100%| O|  |TAMS 0x00000000c6100000, 0x00000000c6100000| Untracked 
|  98|0x00000000c6200000, 0x00000000c6300000, 0x00000000c6300000|100%| O|  |TAMS 0x00000000c6200000, 0x00000000c6200000| Untracked 
|  99|0x00000000c6300000, 0x00000000c6400000, 0x00000000c6400000|100%| O|  |TAMS 0x00000000c6300000, 0x00000000c6300000| Untracked 
| 100|0x00000000c6400000, 0x00000000c6500000, 0x00000000c6500000|100%| O|  |TAMS 0x00000000c6400000, 0x00000000c6400000| Untracked 
| 101|0x00000000c6500000, 0x00000000c6600000, 0x00000000c6600000|100%| O|  |TAMS 0x00000000c6500000, 0x00000000c6500000| Untracked 
| 102|0x00000000c6600000, 0x00000000c6700000, 0x00000000c6700000|100%| O|  |TAMS 0x00000000c6600000, 0x00000000c6600000| Untracked 
| 103|0x00000000c6700000, 0x00000000c6800000, 0x00000000c6800000|100%| O|  |TAMS 0x00000000c6700000, 0x00000000c6700000| Untracked 
| 104|0x00000000c6800000, 0x00000000c6900000, 0x00000000c6900000|100%| O|  |TAMS 0x00000000c6800000, 0x00000000c6800000| Untracked 
| 105|0x00000000c6900000, 0x00000000c6a00000, 0x00000000c6a00000|100%| O|  |TAMS 0x00000000c6900000, 0x00000000c6900000| Untracked 
| 106|0x00000000c6a00000, 0x00000000c6b00000, 0x00000000c6b00000|100%| O|  |TAMS 0x00000000c6a00000, 0x00000000c6a00000| Untracked 
| 107|0x00000000c6b00000, 0x00000000c6c00000, 0x00000000c6c00000|100%| O|  |TAMS 0x00000000c6b00000, 0x00000000c6b00000| Untracked 
| 108|0x00000000c6c00000, 0x00000000c6d00000, 0x00000000c6d00000|100%| O|  |TAMS 0x00000000c6c00000, 0x00000000c6c00000| Untracked 
| 109|0x00000000c6d00000, 0x00000000c6e00000, 0x00000000c6e00000|100%| O|  |TAMS 0x00000000c6d00000, 0x00000000c6d00000| Untracked 
| 110|0x00000000c6e00000, 0x00000000c6f00000, 0x00000000c6f00000|100%| O|  |TAMS 0x00000000c6e00000, 0x00000000c6e00000| Untracked 
| 111|0x00000000c6f00000, 0x00000000c7000000, 0x00000000c7000000|100%| O|  |TAMS 0x00000000c6f00000, 0x00000000c6f00000| Untracked 
| 112|0x00000000c7000000, 0x00000000c7100000, 0x00000000c7100000|100%| O|  |TAMS 0x00000000c7000000, 0x00000000c7000000| Untracked 
| 113|0x00000000c7100000, 0x00000000c7200000, 0x00000000c7200000|100%| O|  |TAMS 0x00000000c7100000, 0x00000000c7100000| Untracked 
| 114|0x00000000c7200000, 0x00000000c7300000, 0x00000000c7300000|100%| O|  |TAMS 0x00000000c7200000, 0x00000000c7200000| Untracked 
| 115|0x00000000c7300000, 0x00000000c7400000, 0x00000000c7400000|100%| O|  |TAMS 0x00000000c7300000, 0x00000000c7300000| Untracked 
| 116|0x00000000c7400000, 0x00000000c7500000, 0x00000000c7500000|100%| O|  |TAMS 0x00000000c7400000, 0x00000000c7400000| Untracked 
| 117|0x00000000c7500000, 0x00000000c7600000, 0x00000000c7600000|100%| O|  |TAMS 0x00000000c7500000, 0x00000000c7500000| Untracked 
| 118|0x00000000c7600000, 0x00000000c7700000, 0x00000000c7700000|100%| O|  |TAMS 0x00000000c7600000, 0x00000000c7600000| Untracked 
| 119|0x00000000c7700000, 0x00000000c7800000, 0x00000000c7800000|100%| O|  |TAMS 0x00000000c7700000, 0x00000000c7700000| Untracked 
| 120|0x00000000c7800000, 0x00000000c7900000, 0x00000000c7900000|100%| O|  |TAMS 0x00000000c7800000, 0x00000000c7800000| Untracked 
| 121|0x00000000c7900000, 0x00000000c7a00000, 0x00000000c7a00000|100%| O|  |TAMS 0x00000000c7900000, 0x00000000c7900000| Untracked 
| 122|0x00000000c7a00000, 0x00000000c7b00000, 0x00000000c7b00000|100%| O|  |TAMS 0x00000000c7a00000, 0x00000000c7a00000| Untracked 
| 123|0x00000000c7b00000, 0x00000000c7c00000, 0x00000000c7c00000|100%| O|  |TAMS 0x00000000c7b00000, 0x00000000c7b00000| Untracked 
| 124|0x00000000c7c00000, 0x00000000c7d00000, 0x00000000c7d00000|100%| O|  |TAMS 0x00000000c7c00000, 0x00000000c7c00000| Untracked 
| 125|0x00000000c7d00000, 0x00000000c7d77000, 0x00000000c7e00000| 46%| O|  |TAMS 0x00000000c7d00000, 0x00000000c7d00000| Untracked 
| 126|0x00000000c7e00000, 0x00000000c7e00000, 0x00000000c7f00000|  0%| F|  |TAMS 0x00000000c7e00000, 0x00000000c7e00000| Untracked 
| 127|0x00000000c7f00000, 0x00000000c7f00000, 0x00000000c8000000|  0%| F|  |TAMS 0x00000000c7f00000, 0x00000000c7f00000| Untracked 
| 128|0x00000000c8000000, 0x00000000c8000000, 0x00000000c8100000|  0%| F|  |TAMS 0x00000000c8000000, 0x00000000c8000000| Untracked 
| 129|0x00000000c8100000, 0x00000000c8100000, 0x00000000c8200000|  0%| F|  |TAMS 0x00000000c8100000, 0x00000000c8100000| Untracked 
| 130|0x00000000c8200000, 0x00000000c8200000, 0x00000000c8300000|  0%| F|  |TAMS 0x00000000c8200000, 0x00000000c8200000| Untracked 
| 131|0x00000000c8300000, 0x00000000c8300000, 0x00000000c8400000|  0%| F|  |TAMS 0x00000000c8300000, 0x00000000c8300000| Untracked 
| 132|0x00000000c8400000, 0x00000000c8400000, 0x00000000c8500000|  0%| F|  |TAMS 0x00000000c8400000, 0x00000000c8400000| Untracked 
| 133|0x00000000c8500000, 0x00000000c8500000, 0x00000000c8600000|  0%| F|  |TAMS 0x00000000c8500000, 0x00000000c8500000| Untracked 
| 134|0x00000000c8600000, 0x00000000c8600000, 0x00000000c8700000|  0%| F|  |TAMS 0x00000000c8600000, 0x00000000c8600000| Untracked 
| 135|0x00000000c8700000, 0x00000000c8700000, 0x00000000c8800000|  0%| F|  |TAMS 0x00000000c8700000, 0x00000000c8700000| Untracked 
| 136|0x00000000c8800000, 0x00000000c8800000, 0x00000000c8900000|  0%| F|  |TAMS 0x00000000c8800000, 0x00000000c8800000| Untracked 
| 137|0x00000000c8900000, 0x00000000c8900000, 0x00000000c8a00000|  0%| F|  |TAMS 0x00000000c8900000, 0x00000000c8900000| Untracked 
| 138|0x00000000c8a00000, 0x00000000c8a00000, 0x00000000c8b00000|  0%| F|  |TAMS 0x00000000c8a00000, 0x00000000c8a00000| Untracked 
| 139|0x00000000c8b00000, 0x00000000c8b00000, 0x00000000c8c00000|  0%| F|  |TAMS 0x00000000c8b00000, 0x00000000c8b00000| Untracked 
| 140|0x00000000c8c00000, 0x00000000c8c00000, 0x00000000c8d00000|  0%| F|  |TAMS 0x00000000c8c00000, 0x00000000c8c00000| Untracked 
| 141|0x00000000c8d00000, 0x00000000c8d00000, 0x00000000c8e00000|  0%| F|  |TAMS 0x00000000c8d00000, 0x00000000c8d00000| Untracked 
| 142|0x00000000c8e00000, 0x00000000c8e00000, 0x00000000c8f00000|  0%| F|  |TAMS 0x00000000c8e00000, 0x00000000c8e00000| Untracked 
| 143|0x00000000c8f00000, 0x00000000c8f00000, 0x00000000c9000000|  0%| F|  |TAMS 0x00000000c8f00000, 0x00000000c8f00000| Untracked 
| 144|0x00000000c9000000, 0x00000000c9000000, 0x00000000c9100000|  0%| F|  |TAMS 0x00000000c9000000, 0x00000000c9000000| Untracked 
| 145|0x00000000c9100000, 0x00000000c9100000, 0x00000000c9200000|  0%| F|  |TAMS 0x00000000c9100000, 0x00000000c9100000| Untracked 
| 146|0x00000000c9200000, 0x00000000c9200000, 0x00000000c9300000|  0%| F|  |TAMS 0x00000000c9200000, 0x00000000c9200000| Untracked 
| 147|0x00000000c9300000, 0x00000000c9300000, 0x00000000c9400000|  0%| F|  |TAMS 0x00000000c9300000, 0x00000000c9300000| Untracked 
| 148|0x00000000c9400000, 0x00000000c9400000, 0x00000000c9500000|  0%| F|  |TAMS 0x00000000c9400000, 0x00000000c9400000| Untracked 
| 149|0x00000000c9500000, 0x00000000c9500000, 0x00000000c9600000|  0%| F|  |TAMS 0x00000000c9500000, 0x00000000c9500000| Untracked 
| 150|0x00000000c9600000, 0x00000000c9600000, 0x00000000c9700000|  0%| F|  |TAMS 0x00000000c9600000, 0x00000000c9600000| Untracked 
| 151|0x00000000c9700000, 0x00000000c9700000, 0x00000000c9800000|  0%| F|  |TAMS 0x00000000c9700000, 0x00000000c9700000| Untracked 
| 152|0x00000000c9800000, 0x00000000c9800000, 0x00000000c9900000|  0%| F|  |TAMS 0x00000000c9800000, 0x00000000c9800000| Untracked 
| 153|0x00000000c9900000, 0x00000000c9900000, 0x00000000c9a00000|  0%| F|  |TAMS 0x00000000c9900000, 0x00000000c9900000| Untracked 
| 154|0x00000000c9a00000, 0x00000000c9a00000, 0x00000000c9b00000|  0%| F|  |TAMS 0x00000000c9a00000, 0x00000000c9a00000| Untracked 
| 155|0x00000000c9b00000, 0x00000000c9b00000, 0x00000000c9c00000|  0%| F|  |TAMS 0x00000000c9b00000, 0x00000000c9b00000| Untracked 
| 156|0x00000000c9c00000, 0x00000000c9c00000, 0x00000000c9d00000|  0%| F|  |TAMS 0x00000000c9c00000, 0x00000000c9c00000| Untracked 
| 157|0x00000000c9d00000, 0x00000000c9d00000, 0x00000000c9e00000|  0%| F|  |TAMS 0x00000000c9d00000, 0x00000000c9d00000| Untracked 
| 158|0x00000000c9e00000, 0x00000000c9e00000, 0x00000000c9f00000|  0%| F|  |TAMS 0x00000000c9e00000, 0x00000000c9e00000| Untracked 
| 159|0x00000000c9f00000, 0x00000000c9f00000, 0x00000000ca000000|  0%| F|  |TAMS 0x00000000c9f00000, 0x00000000c9f00000| Untracked 
| 160|0x00000000ca000000, 0x00000000ca000000, 0x00000000ca100000|  0%| F|  |TAMS 0x00000000ca000000, 0x00000000ca000000| Untracked 
| 161|0x00000000ca100000, 0x00000000ca100000, 0x00000000ca200000|  0%| F|  |TAMS 0x00000000ca100000, 0x00000000ca100000| Untracked 
| 162|0x00000000ca200000, 0x00000000ca200000, 0x00000000ca300000|  0%| F|  |TAMS 0x00000000ca200000, 0x00000000ca200000| Untracked 
| 163|0x00000000ca300000, 0x00000000ca300000, 0x00000000ca400000|  0%| F|  |TAMS 0x00000000ca300000, 0x00000000ca300000| Untracked 
| 164|0x00000000ca400000, 0x00000000ca400000, 0x00000000ca500000|  0%| F|  |TAMS 0x00000000ca400000, 0x00000000ca400000| Untracked 
| 165|0x00000000ca500000, 0x00000000ca500000, 0x00000000ca600000|  0%| F|  |TAMS 0x00000000ca500000, 0x00000000ca500000| Untracked 
| 166|0x00000000ca600000, 0x00000000ca600000, 0x00000000ca700000|  0%| F|  |TAMS 0x00000000ca600000, 0x00000000ca600000| Untracked 
| 167|0x00000000ca700000, 0x00000000ca700000, 0x00000000ca800000|  0%| F|  |TAMS 0x00000000ca700000, 0x00000000ca700000| Untracked 
| 168|0x00000000ca800000, 0x00000000ca800000, 0x00000000ca900000|  0%| F|  |TAMS 0x00000000ca800000, 0x00000000ca800000| Untracked 
| 169|0x00000000ca900000, 0x00000000ca900000, 0x00000000caa00000|  0%| F|  |TAMS 0x00000000ca900000, 0x00000000ca900000| Untracked 
| 170|0x00000000caa00000, 0x00000000caa00000, 0x00000000cab00000|  0%| F|  |TAMS 0x00000000caa00000, 0x00000000caa00000| Untracked 
| 171|0x00000000cab00000, 0x00000000cab00000, 0x00000000cac00000|  0%| F|  |TAMS 0x00000000cab00000, 0x00000000cab00000| Untracked 
| 172|0x00000000cac00000, 0x00000000cac00000, 0x00000000cad00000|  0%| F|  |TAMS 0x00000000cac00000, 0x00000000cac00000| Untracked 
| 173|0x00000000cad00000, 0x00000000cad00000, 0x00000000cae00000|  0%| F|  |TAMS 0x00000000cad00000, 0x00000000cad00000| Untracked 
| 174|0x00000000cae00000, 0x00000000cae00000, 0x00000000caf00000|  0%| F|  |TAMS 0x00000000cae00000, 0x00000000cae00000| Untracked 
| 175|0x00000000caf00000, 0x00000000caf00000, 0x00000000cb000000|  0%| F|  |TAMS 0x00000000caf00000, 0x00000000caf00000| Untracked 
| 176|0x00000000cb000000, 0x00000000cb000000, 0x00000000cb100000|  0%| F|  |TAMS 0x00000000cb000000, 0x00000000cb000000| Untracked 
| 177|0x00000000cb100000, 0x00000000cb100000, 0x00000000cb200000|  0%| F|  |TAMS 0x00000000cb100000, 0x00000000cb100000| Untracked 
| 178|0x00000000cb200000, 0x00000000cb200000, 0x00000000cb300000|  0%| F|  |TAMS 0x00000000cb200000, 0x00000000cb200000| Untracked 
| 179|0x00000000cb300000, 0x00000000cb400000, 0x00000000cb400000|100%| S|CS|TAMS 0x00000000cb300000, 0x00000000cb300000| Complete 
| 180|0x00000000cb400000, 0x00000000cb500000, 0x00000000cb500000|100%| S|CS|TAMS 0x00000000cb400000, 0x00000000cb400000| Complete 
| 181|0x00000000cb500000, 0x00000000cb600000, 0x00000000cb600000|100%| S|CS|TAMS 0x00000000cb500000, 0x00000000cb500000| Complete 
| 182|0x00000000cb600000, 0x00000000cb700000, 0x00000000cb700000|100%| S|CS|TAMS 0x00000000cb600000, 0x00000000cb600000| Complete 
| 183|0x00000000cb700000, 0x00000000cb800000, 0x00000000cb800000|100%| S|CS|TAMS 0x00000000cb700000, 0x00000000cb700000| Complete 
| 184|0x00000000cb800000, 0x00000000cb900000, 0x00000000cb900000|100%| S|CS|TAMS 0x00000000cb800000, 0x00000000cb800000| Complete 
| 185|0x00000000cb900000, 0x00000000cba00000, 0x00000000cba00000|100%| S|CS|TAMS 0x00000000cb900000, 0x00000000cb900000| Complete 
| 186|0x00000000cba00000, 0x00000000cbb00000, 0x00000000cbb00000|100%| S|CS|TAMS 0x00000000cba00000, 0x00000000cba00000| Complete 
| 187|0x00000000cbb00000, 0x00000000cbc00000, 0x00000000cbc00000|100%| S|CS|TAMS 0x00000000cbb00000, 0x00000000cbb00000| Complete 
| 188|0x00000000cbc00000, 0x00000000cbd00000, 0x00000000cbd00000|100%| S|CS|TAMS 0x00000000cbc00000, 0x00000000cbc00000| Complete 
| 189|0x00000000cbd00000, 0x00000000cbd00000, 0x00000000cbe00000|  0%| F|  |TAMS 0x00000000cbd00000, 0x00000000cbd00000| Untracked 
| 190|0x00000000cbe00000, 0x00000000cbe00000, 0x00000000cbf00000|  0%| F|  |TAMS 0x00000000cbe00000, 0x00000000cbe00000| Untracked 
| 191|0x00000000cbf00000, 0x00000000cbf00000, 0x00000000cc000000|  0%| F|  |TAMS 0x00000000cbf00000, 0x00000000cbf00000| Untracked 
| 192|0x00000000cc000000, 0x00000000cc000000, 0x00000000cc100000|  0%| F|  |TAMS 0x00000000cc000000, 0x00000000cc000000| Untracked 
| 193|0x00000000cc100000, 0x00000000cc100000, 0x00000000cc200000|  0%| F|  |TAMS 0x00000000cc100000, 0x00000000cc100000| Untracked 
| 194|0x00000000cc200000, 0x00000000cc200000, 0x00000000cc300000|  0%| F|  |TAMS 0x00000000cc200000, 0x00000000cc200000| Untracked 
| 195|0x00000000cc300000, 0x00000000cc300000, 0x00000000cc400000|  0%| F|  |TAMS 0x00000000cc300000, 0x00000000cc300000| Untracked 
| 196|0x00000000cc400000, 0x00000000cc400000, 0x00000000cc500000|  0%| F|  |TAMS 0x00000000cc400000, 0x00000000cc400000| Untracked 
| 197|0x00000000cc500000, 0x00000000cc500000, 0x00000000cc600000|  0%| F|  |TAMS 0x00000000cc500000, 0x00000000cc500000| Untracked 
| 198|0x00000000cc600000, 0x00000000cc600000, 0x00000000cc700000|  0%| F|  |TAMS 0x00000000cc600000, 0x00000000cc600000| Untracked 
| 199|0x00000000cc700000, 0x00000000cc700000, 0x00000000cc800000|  0%| F|  |TAMS 0x00000000cc700000, 0x00000000cc700000| Untracked 
| 200|0x00000000cc800000, 0x00000000cc800000, 0x00000000cc900000|  0%| F|  |TAMS 0x00000000cc800000, 0x00000000cc800000| Untracked 
| 201|0x00000000cc900000, 0x00000000cc900000, 0x00000000cca00000|  0%| F|  |TAMS 0x00000000cc900000, 0x00000000cc900000| Untracked 
| 202|0x00000000cca00000, 0x00000000cca00000, 0x00000000ccb00000|  0%| F|  |TAMS 0x00000000cca00000, 0x00000000cca00000| Untracked 
| 203|0x00000000ccb00000, 0x00000000ccb00000, 0x00000000ccc00000|  0%| F|  |TAMS 0x00000000ccb00000, 0x00000000ccb00000| Untracked 
| 204|0x00000000ccc00000, 0x00000000ccc00000, 0x00000000ccd00000|  0%| F|  |TAMS 0x00000000ccc00000, 0x00000000ccc00000| Untracked 
| 205|0x00000000ccd00000, 0x00000000ccd00000, 0x00000000cce00000|  0%| F|  |TAMS 0x00000000ccd00000, 0x00000000ccd00000| Untracked 
| 206|0x00000000cce00000, 0x00000000cce00000, 0x00000000ccf00000|  0%| F|  |TAMS 0x00000000cce00000, 0x00000000cce00000| Untracked 
| 207|0x00000000ccf00000, 0x00000000ccf00000, 0x00000000cd000000|  0%| F|  |TAMS 0x00000000ccf00000, 0x00000000ccf00000| Untracked 
| 208|0x00000000cd000000, 0x00000000cd000000, 0x00000000cd100000|  0%| F|  |TAMS 0x00000000cd000000, 0x00000000cd000000| Untracked 
| 209|0x00000000cd100000, 0x00000000cd100000, 0x00000000cd200000|  0%| F|  |TAMS 0x00000000cd100000, 0x00000000cd100000| Untracked 
| 210|0x00000000cd200000, 0x00000000cd200000, 0x00000000cd300000|  0%| F|  |TAMS 0x00000000cd200000, 0x00000000cd200000| Untracked 
| 211|0x00000000cd300000, 0x00000000cd300000, 0x00000000cd400000|  0%| F|  |TAMS 0x00000000cd300000, 0x00000000cd300000| Untracked 
| 212|0x00000000cd400000, 0x00000000cd400000, 0x00000000cd500000|  0%| F|  |TAMS 0x00000000cd400000, 0x00000000cd400000| Untracked 
| 213|0x00000000cd500000, 0x00000000cd500000, 0x00000000cd600000|  0%| F|  |TAMS 0x00000000cd500000, 0x00000000cd500000| Untracked 
| 214|0x00000000cd600000, 0x00000000cd600000, 0x00000000cd700000|  0%| F|  |TAMS 0x00000000cd600000, 0x00000000cd600000| Untracked 
| 215|0x00000000cd700000, 0x00000000cd700000, 0x00000000cd800000|  0%| F|  |TAMS 0x00000000cd700000, 0x00000000cd700000| Untracked 
| 216|0x00000000cd800000, 0x00000000cd800000, 0x00000000cd900000|  0%| F|  |TAMS 0x00000000cd800000, 0x00000000cd800000| Untracked 
| 217|0x00000000cd900000, 0x00000000cd900000, 0x00000000cda00000|  0%| F|  |TAMS 0x00000000cd900000, 0x00000000cd900000| Untracked 
| 218|0x00000000cda00000, 0x00000000cda00000, 0x00000000cdb00000|  0%| F|  |TAMS 0x00000000cda00000, 0x00000000cda00000| Untracked 
| 219|0x00000000cdb00000, 0x00000000cdb00000, 0x00000000cdc00000|  0%| F|  |TAMS 0x00000000cdb00000, 0x00000000cdb00000| Untracked 
| 220|0x00000000cdc00000, 0x00000000cdc00000, 0x00000000cdd00000|  0%| F|  |TAMS 0x00000000cdc00000, 0x00000000cdc00000| Untracked 
| 221|0x00000000cdd00000, 0x00000000cdd00000, 0x00000000cde00000|  0%| F|  |TAMS 0x00000000cdd00000, 0x00000000cdd00000| Untracked 
| 222|0x00000000cde00000, 0x00000000cde00000, 0x00000000cdf00000|  0%| F|  |TAMS 0x00000000cde00000, 0x00000000cde00000| Untracked 
| 223|0x00000000cdf00000, 0x00000000cdf00000, 0x00000000ce000000|  0%| F|  |TAMS 0x00000000cdf00000, 0x00000000cdf00000| Untracked 
| 224|0x00000000ce000000, 0x00000000ce000000, 0x00000000ce100000|  0%| F|  |TAMS 0x00000000ce000000, 0x00000000ce000000| Untracked 
| 225|0x00000000ce100000, 0x00000000ce100000, 0x00000000ce200000|  0%| F|  |TAMS 0x00000000ce100000, 0x00000000ce100000| Untracked 
| 226|0x00000000ce200000, 0x00000000ce200000, 0x00000000ce300000|  0%| F|  |TAMS 0x00000000ce200000, 0x00000000ce200000| Untracked 
| 227|0x00000000ce300000, 0x00000000ce300000, 0x00000000ce400000|  0%| F|  |TAMS 0x00000000ce300000, 0x00000000ce300000| Untracked 
| 228|0x00000000ce400000, 0x00000000ce400000, 0x00000000ce500000|  0%| F|  |TAMS 0x00000000ce400000, 0x00000000ce400000| Untracked 
| 229|0x00000000ce500000, 0x00000000ce500000, 0x00000000ce600000|  0%| F|  |TAMS 0x00000000ce500000, 0x00000000ce500000| Untracked 
| 230|0x00000000ce600000, 0x00000000ce600000, 0x00000000ce700000|  0%| F|  |TAMS 0x00000000ce600000, 0x00000000ce600000| Untracked 
| 231|0x00000000ce700000, 0x00000000ce700000, 0x00000000ce800000|  0%| F|  |TAMS 0x00000000ce700000, 0x00000000ce700000| Untracked 
| 232|0x00000000ce800000, 0x00000000ce800000, 0x00000000ce900000|  0%| F|  |TAMS 0x00000000ce800000, 0x00000000ce800000| Untracked 
| 233|0x00000000ce900000, 0x00000000ce900000, 0x00000000cea00000|  0%| F|  |TAMS 0x00000000ce900000, 0x00000000ce900000| Untracked 
| 234|0x00000000cea00000, 0x00000000cea00000, 0x00000000ceb00000|  0%| F|  |TAMS 0x00000000cea00000, 0x00000000cea00000| Untracked 
| 235|0x00000000ceb00000, 0x00000000ceb00000, 0x00000000cec00000|  0%| F|  |TAMS 0x00000000ceb00000, 0x00000000ceb00000| Untracked 
| 236|0x00000000cec00000, 0x00000000cec00000, 0x00000000ced00000|  0%| F|  |TAMS 0x00000000cec00000, 0x00000000cec00000| Untracked 
| 237|0x00000000ced00000, 0x00000000ced00000, 0x00000000cee00000|  0%| F|  |TAMS 0x00000000ced00000, 0x00000000ced00000| Untracked 
| 238|0x00000000cee00000, 0x00000000cee00000, 0x00000000cef00000|  0%| F|  |TAMS 0x00000000cee00000, 0x00000000cee00000| Untracked 
| 239|0x00000000cef00000, 0x00000000cef00000, 0x00000000cf000000|  0%| F|  |TAMS 0x00000000cef00000, 0x00000000cef00000| Untracked 
| 240|0x00000000cf000000, 0x00000000cf000000, 0x00000000cf100000|  0%| F|  |TAMS 0x00000000cf000000, 0x00000000cf000000| Untracked 
| 241|0x00000000cf100000, 0x00000000cf100000, 0x00000000cf200000|  0%| F|  |TAMS 0x00000000cf100000, 0x00000000cf100000| Untracked 
| 242|0x00000000cf200000, 0x00000000cf200000, 0x00000000cf300000|  0%| F|  |TAMS 0x00000000cf200000, 0x00000000cf200000| Untracked 
| 243|0x00000000cf300000, 0x00000000cf300000, 0x00000000cf400000|  0%| F|  |TAMS 0x00000000cf300000, 0x00000000cf300000| Untracked 
| 244|0x00000000cf400000, 0x00000000cf400000, 0x00000000cf500000|  0%| F|  |TAMS 0x00000000cf400000, 0x00000000cf400000| Untracked 
| 245|0x00000000cf500000, 0x00000000cf500000, 0x00000000cf600000|  0%| F|  |TAMS 0x00000000cf500000, 0x00000000cf500000| Untracked 
| 246|0x00000000cf600000, 0x00000000cf600000, 0x00000000cf700000|  0%| F|  |TAMS 0x00000000cf600000, 0x00000000cf600000| Untracked 
| 247|0x00000000cf700000, 0x00000000cf700000, 0x00000000cf800000|  0%| F|  |TAMS 0x00000000cf700000, 0x00000000cf700000| Untracked 
| 248|0x00000000cf800000, 0x00000000cf800000, 0x00000000cf900000|  0%| F|  |TAMS 0x00000000cf800000, 0x00000000cf800000| Untracked 
| 249|0x00000000cf900000, 0x00000000cf900000, 0x00000000cfa00000|  0%| F|  |TAMS 0x00000000cf900000, 0x00000000cf900000| Untracked 
| 250|0x00000000cfa00000, 0x00000000cfa00000, 0x00000000cfb00000|  0%| F|  |TAMS 0x00000000cfa00000, 0x00000000cfa00000| Untracked 
| 251|0x00000000cfb00000, 0x00000000cfb00000, 0x00000000cfc00000|  0%| F|  |TAMS 0x00000000cfb00000, 0x00000000cfb00000| Untracked 
| 252|0x00000000cfc00000, 0x00000000cfc00000, 0x00000000cfd00000|  0%| F|  |TAMS 0x00000000cfc00000, 0x00000000cfc00000| Untracked 
| 253|0x00000000cfd00000, 0x00000000cfd00000, 0x00000000cfe00000|  0%| F|  |TAMS 0x00000000cfd00000, 0x00000000cfd00000| Untracked 
| 254|0x00000000cfe00000, 0x00000000cfe00000, 0x00000000cff00000|  0%| F|  |TAMS 0x00000000cfe00000, 0x00000000cfe00000| Untracked 
| 255|0x00000000cff00000, 0x00000000cff00000, 0x00000000d0000000|  0%| F|  |TAMS 0x00000000cff00000, 0x00000000cff00000| Untracked 
| 256|0x00000000d0000000, 0x00000000d0000000, 0x00000000d0100000|  0%| F|  |TAMS 0x00000000d0000000, 0x00000000d0000000| Untracked 
| 257|0x00000000d0100000, 0x00000000d0100000, 0x00000000d0200000|  0%| F|  |TAMS 0x00000000d0100000, 0x00000000d0100000| Untracked 
| 258|0x00000000d0200000, 0x00000000d0200000, 0x00000000d0300000|  0%| F|  |TAMS 0x00000000d0200000, 0x00000000d0200000| Untracked 
| 259|0x00000000d0300000, 0x00000000d0300000, 0x00000000d0400000|  0%| F|  |TAMS 0x00000000d0300000, 0x00000000d0300000| Untracked 
| 260|0x00000000d0400000, 0x00000000d0400000, 0x00000000d0500000|  0%| F|  |TAMS 0x00000000d0400000, 0x00000000d0400000| Untracked 
| 261|0x00000000d0500000, 0x00000000d0500000, 0x00000000d0600000|  0%| F|  |TAMS 0x00000000d0500000, 0x00000000d0500000| Untracked 
| 262|0x00000000d0600000, 0x00000000d0600000, 0x00000000d0700000|  0%| F|  |TAMS 0x00000000d0600000, 0x00000000d0600000| Untracked 
| 263|0x00000000d0700000, 0x00000000d0700000, 0x00000000d0800000|  0%| F|  |TAMS 0x00000000d0700000, 0x00000000d0700000| Untracked 
| 264|0x00000000d0800000, 0x00000000d0800000, 0x00000000d0900000|  0%| F|  |TAMS 0x00000000d0800000, 0x00000000d0800000| Untracked 
| 265|0x00000000d0900000, 0x00000000d0900000, 0x00000000d0a00000|  0%| F|  |TAMS 0x00000000d0900000, 0x00000000d0900000| Untracked 
| 266|0x00000000d0a00000, 0x00000000d0a00000, 0x00000000d0b00000|  0%| F|  |TAMS 0x00000000d0a00000, 0x00000000d0a00000| Untracked 

Card table byte_map: [0x000001ff72130000,0x000001ff72330000] _byte_map_base: 0x000001ff71b30000

Marking Bits (Prev, Next): (CMBitMap*) 0x000001ff5b446180, (CMBitMap*) 0x000001ff5b446140
 Prev Bits: [0x000001ff73530000, 0x000001ff74530000)
 Next Bits: [0x000001ff72530000, 0x000001ff73530000)

Polling page: 0x000001ff593e0000

Metaspace:

Usage:
  Non-class:      8.25 MB used.
      Class:      1.15 MB used.
       Both:      9.40 MB used.

Virtual space:
  Non-class space:       64.00 MB reserved,       8.38 MB ( 13%) committed,  1 nodes.
      Class space:        1.00 GB reserved,       1.25 MB ( <1%) committed,  1 nodes.
             Both:        1.06 GB reserved,       9.62 MB ( <1%) committed. 

Chunk freelists:
   Non-Class:  6.83 MB
       Class:  14.59 MB
        Both:  21.42 MB

MaxMetaspaceSize: unlimited
CompressedClassSpaceSize: 1.00 GB
Initial GC threshold: 21.00 MB
Current GC threshold: 21.00 MB
CDS: on
MetaspaceReclaimPolicy: balanced
 - commit_granule_bytes: 65536.
 - commit_granule_words: 8192.
 - virtual_space_node_default_size: 8388608.
 - enlarge_chunks_in_place: 1.
 - new_chunks_are_fully_committed: 0.
 - uncommit_free_chunks: 1.
 - use_allocation_guard: 0.
 - handle_deallocations: 1.


Internal statistics:

num_allocs_failed_limit: 0.
num_arena_births: 126.
num_arena_deaths: 8.
num_vsnodes_births: 2.
num_vsnodes_deaths: 0.
num_space_committed: 154.
num_space_uncommitted: 0.
num_chunks_returned_to_freelist: 10.
num_chunks_taken_from_freelist: 424.
num_chunk_merges: 0.
num_chunk_splits: 277.
num_chunks_enlarged: 207.
num_inconsistent_stats: 0.

CodeHeap 'non-profiled nmethods': size=120000Kb used=1948Kb max_used=1948Kb free=118051Kb
 bounds [0x000001ff6aa00000, 0x000001ff6ac70000, 0x000001ff71f30000]
CodeHeap 'profiled nmethods': size=120000Kb used=5041Kb max_used=5041Kb free=114958Kb
 bounds [0x000001ff62f30000, 0x000001ff63420000, 0x000001ff6a460000]
CodeHeap 'non-nmethods': size=5760Kb used=1160Kb max_used=1209Kb free=4599Kb
 bounds [0x000001ff6a460000, 0x000001ff6a6d0000, 0x000001ff6aa00000]
 total_blobs=2843 nmethods=2396 adapters=360
 compilation: enabled
              stopped_count=0, restarted_count=0
 full_count=0

Compilation events (20 events):
Event: 19.196 Thread 0x000001ff769b7c80 2403       3       com.android.tools.r8.graph.j4::b (142 bytes)
Event: 19.197 Thread 0x000001ff769b7c80 nmethod 2403 0x000001ff63415210 code [0x000001ff63415420, 0x000001ff634159d8]
Event: 19.197 Thread 0x000001ff769b7c80 2404       3       com.android.tools.r8.internal.e7::<init> (34 bytes)
Event: 19.197 Thread 0x000001ff769b7c80 nmethod 2404 0x000001ff63415b10 code [0x000001ff63415cc0, 0x000001ff63415ef8]
Event: 19.197 Thread 0x000001ff769b7c80 2405       3       com.android.tools.r8.graph.j4::b (85 bytes)
Event: 19.199 Thread 0x000001ff769b7c80 nmethod 2405 0x000001ff63416010 code [0x000001ff634162e0, 0x000001ff634173c8]
Event: 19.215 Thread 0x000001ff769b7c80 2407       3       com.android.tools.r8.D8$$Lambda$141/0x000001ff01138000::accept (12 bytes)
Event: 19.216 Thread 0x000001ff769b7c80 nmethod 2407 0x000001ff63417a10 code [0x000001ff63417bc0, 0x000001ff63417de8]
Event: 19.216 Thread 0x000001ff769b7c80 2409   !   3       com.android.tools.r8.graph.z0::P0 (108 bytes)
Event: 19.217 Thread 0x000001ff769b7c80 nmethod 2409 0x000001ff63417e90 code [0x000001ff634180e0, 0x000001ff63418d18]
Event: 19.217 Thread 0x000001ff769b7c80 2408       3       com.android.tools.r8.D8::a (21 bytes)
Event: 19.218 Thread 0x000001ff769b7c80 nmethod 2408 0x000001ff63419110 code [0x000001ff634192e0, 0x000001ff63419648]
Event: 19.218 Thread 0x000001ff769b7c80 2410       3       com.android.tools.r8.graph.z2::g (16 bytes)
Event: 19.218 Thread 0x000001ff769b7c80 nmethod 2410 0x000001ff63419810 code [0x000001ff634199c0, 0x000001ff63419c48]
Event: 19.222 Thread 0x000001ff769b7c80 2411       3       com.android.tools.r8.internal.b7::<init> (57 bytes)
Event: 19.223 Thread 0x000001ff769b7c80 nmethod 2411 0x000001ff63419d90 code [0x000001ff63419f40, 0x000001ff6341a1d8]
Event: 19.229 Thread 0x000001ff769b7c80 2413       3       com.android.tools.r8.internal.b7::a (430 bytes)
Event: 19.231 Thread 0x000001ff769b7c80 nmethod 2413 0x000001ff6341a310 code [0x000001ff6341a740, 0x000001ff6341bc98]
Event: 19.246 Thread 0x000001ff769b7c80 2415       3       com.android.tools.r8.internal.nb::a (19 bytes)
Event: 19.246 Thread 0x000001ff769b7c80 nmethod 2415 0x000001ff6341c190 code [0x000001ff6341c340, 0x000001ff6341c548]

GC Heap History (20 events):
Event: 8.638 GC heap after
{Heap after GC invocations=13 (full 0):
 garbage-first heap   total 98304K, used 54867K [0x00000000c0000000, 0x0000000100000000)
  region size 1024K, 3 young (3072K), 3 survivors (3072K)
 Metaspace       used 5875K, committed 6080K, reserved 1114112K
  class space    used 652K, committed 768K, reserved 1048576K
}
Event: 9.972 GC heap before
{Heap before GC invocations=14 (full 0):
 garbage-first heap   total 98304K, used 74323K [0x00000000c0000000, 0x0000000100000000)
  region size 1024K, 22 young (22528K), 3 survivors (3072K)
 Metaspace       used 7150K, committed 7360K, reserved 1114112K
  class space    used 800K, committed 896K, reserved 1048576K
}
Event: 9.996 GC heap after
{Heap after GC invocations=15 (full 0):
 garbage-first heap   total 98304K, used 60302K [0x00000000c0000000, 0x0000000100000000)
  region size 1024K, 3 young (3072K), 3 survivors (3072K)
 Metaspace       used 7150K, committed 7360K, reserved 1114112K
  class space    used 800K, committed 896K, reserved 1048576K
}
Event: 10.010 GC heap before
{Heap before GC invocations=15 (full 0):
 garbage-first heap   total 98304K, used 61326K [0x00000000c0000000, 0x0000000100000000)
  region size 1024K, 4 young (4096K), 3 survivors (3072K)
 Metaspace       used 7150K, committed 7360K, reserved 1114112K
  class space    used 800K, committed 896K, reserved 1048576K
}
Event: 10.024 GC heap after
{Heap after GC invocations=16 (full 0):
 garbage-first heap   total 98304K, used 60868K [0x00000000c0000000, 0x0000000100000000)
  region size 1024K, 1 young (1024K), 1 survivors (1024K)
 Metaspace       used 7150K, committed 7360K, reserved 1114112K
  class space    used 800K, committed 896K, reserved 1048576K
}
Event: 10.201 GC heap before
{Heap before GC invocations=16 (full 0):
 garbage-first heap   total 98304K, used 75204K [0x00000000c0000000, 0x0000000100000000)
  region size 1024K, 16 young (16384K), 1 survivors (1024K)
 Metaspace       used 7162K, committed 7360K, reserved 1114112K
  class space    used 800K, committed 896K, reserved 1048576K
}
Event: 10.225 GC heap after
{Heap after GC invocations=17 (full 0):
 garbage-first heap   total 98304K, used 65912K [0x00000000c0000000, 0x0000000100000000)
  region size 1024K, 2 young (2048K), 2 survivors (2048K)
 Metaspace       used 7162K, committed 7360K, reserved 1114112K
  class space    used 800K, committed 896K, reserved 1048576K
}
Event: 11.507 GC heap before
{Heap before GC invocations=18 (full 0):
 garbage-first heap   total 121856K, used 76152K [0x00000000c0000000, 0x0000000100000000)
  region size 1024K, 12 young (12288K), 2 survivors (2048K)
 Metaspace       used 7281K, committed 7424K, reserved 1114112K
  class space    used 820K, committed 896K, reserved 1048576K
}
Event: 11.533 GC heap after
{Heap after GC invocations=19 (full 0):
 garbage-first heap   total 121856K, used 68949K [0x00000000c0000000, 0x0000000100000000)
  region size 1024K, 2 young (2048K), 2 survivors (2048K)
 Metaspace       used 7281K, committed 7424K, reserved 1114112K
  class space    used 820K, committed 896K, reserved 1048576K
}
Event: 11.693 GC heap before
{Heap before GC invocations=19 (full 0):
 garbage-first heap   total 121856K, used 72021K [0x00000000c0000000, 0x0000000100000000)
  region size 1024K, 5 young (5120K), 2 survivors (2048K)
 Metaspace       used 7353K, committed 7488K, reserved 1114112K
  class space    used 824K, committed 896K, reserved 1048576K
}
Event: 11.711 GC heap after
{Heap after GC invocations=20 (full 0):
 garbage-first heap   total 273408K, used 69907K [0x00000000c0000000, 0x0000000100000000)
  region size 1024K, 1 young (1024K), 1 survivors (1024K)
 Metaspace       used 7353K, committed 7488K, reserved 1114112K
  class space    used 824K, committed 896K, reserved 1048576K
}
Event: 14.922 GC heap before
{Heap before GC invocations=20 (full 0):
 garbage-first heap   total 273408K, used 171283K [0x00000000c0000000, 0x0000000100000000)
  region size 1024K, 100 young (102400K), 1 survivors (1024K)
 Metaspace       used 7413K, committed 7552K, reserved 1114112K
  class space    used 825K, committed 896K, reserved 1048576K
}
Event: 15.005 GC heap after
{Heap after GC invocations=21 (full 0):
 garbage-first heap   total 273408K, used 92292K [0x00000000c0000000, 0x0000000100000000)
  region size 1024K, 13 young (13312K), 13 survivors (13312K)
 Metaspace       used 7413K, committed 7552K, reserved 1114112K
  class space    used 825K, committed 896K, reserved 1048576K
}
Event: 15.345 GC heap before
{Heap before GC invocations=21 (full 0):
 garbage-first heap   total 273408K, used 112772K [0x00000000c0000000, 0x0000000100000000)
  region size 1024K, 33 young (33792K), 13 survivors (13312K)
 Metaspace       used 7414K, committed 7552K, reserved 1114112K
  class space    used 825K, committed 896K, reserved 1048576K
}
Event: 15.388 GC heap after
{Heap after GC invocations=22 (full 0):
 garbage-first heap   total 273408K, used 98304K [0x00000000c0000000, 0x0000000100000000)
  region size 1024K, 5 young (5120K), 5 survivors (5120K)
 Metaspace       used 7414K, committed 7552K, reserved 1114112K
  class space    used 825K, committed 896K, reserved 1048576K
}
Event: 16.233 GC heap before
{Heap before GC invocations=22 (full 0):
 garbage-first heap   total 273408K, used 166912K [0x00000000c0000000, 0x0000000100000000)
  region size 1024K, 68 young (69632K), 5 survivors (5120K)
 Metaspace       used 7414K, committed 7552K, reserved 1114112K
  class space    used 825K, committed 896K, reserved 1048576K
}
Event: 16.297 GC heap after
{Heap after GC invocations=23 (full 0):
 garbage-first heap   total 273408K, used 117248K [0x00000000c0000000, 0x0000000100000000)
  region size 1024K, 9 young (9216K), 9 survivors (9216K)
 Metaspace       used 7414K, committed 7552K, reserved 1114112K
  class space    used 825K, committed 896K, reserved 1048576K
}
Event: 16.613 GC heap before
{Heap before GC invocations=23 (full 0):
 garbage-first heap   total 273408K, used 136704K [0x00000000c0000000, 0x0000000100000000)
  region size 1024K, 28 young (28672K), 9 survivors (9216K)
 Metaspace       used 7414K, committed 7616K, reserved 1114112K
  class space    used 825K, committed 896K, reserved 1048576K
}
Event: 16.662 GC heap after
{Heap after GC invocations=24 (full 0):
 garbage-first heap   total 273408K, used 122875K [0x00000000c0000000, 0x0000000100000000)
  region size 1024K, 4 young (4096K), 4 survivors (4096K)
 Metaspace       used 7414K, committed 7616K, reserved 1114112K
  class space    used 825K, committed 896K, reserved 1048576K
}
Event: 19.313 GC heap before
{Heap before GC invocations=24 (full 0):
 garbage-first heap   total 273408K, used 197627K [0x00000000c0000000, 0x0000000100000000)
  region size 1024K, 78 young (79872K), 4 survivors (4096K)
 Metaspace       used 9627K, committed 9856K, reserved 1114112K
  class space    used 1180K, committed 1280K, reserved 1048576K
}

Dll operation events (7 events):
Event: 0.167 Loaded shared library c:\Program Files\Microsoft\jdk-17.0.14+7\bin\java.dll
Event: 0.575 Loaded shared library c:\Program Files\Microsoft\jdk-17.0.14+7\bin\jsvml.dll
Event: 1.354 Loaded shared library C:\Program Files\Microsoft\jdk-17.0.14+7\bin\net.dll
Event: 1.368 Loaded shared library C:\Program Files\Microsoft\jdk-17.0.14+7\bin\nio.dll
Event: 1.417 Loaded shared library C:\Program Files\Microsoft\jdk-17.0.14+7\bin\zip.dll
Event: 2.617 Loaded shared library C:\Program Files\Microsoft\jdk-17.0.14+7\bin\jimage.dll
Event: 8.796 Loaded shared library c:\Program Files\Microsoft\jdk-17.0.14+7\bin\verify.dll

Deoptimization events (20 events):
Event: 18.914 Thread 0x000001ff7b120600 Uncommon trap: trap_request=0xffffffde fr.pc=0x000001ff6abda340 relative=0x0000000000000b20
Event: 18.914 Thread 0x000001ff7b120600 Uncommon trap: reason=class_check action=maybe_recompile pc=0x000001ff6abda340 method=java.util.HashMap.computeIfAbsent(Ljava/lang/Object;Ljava/util/function/Function;)Ljava/lang/Object; @ 142 c2
Event: 18.914 Thread 0x000001ff7b120600 DEOPT PACKING pc=0x000001ff6abda340 sp=0x0000006e413fe480
Event: 18.914 Thread 0x000001ff7b120600 DEOPT UNPACKING pc=0x000001ff6a4b699d sp=0x0000006e413fe448 mode 2
Event: 18.933 Thread 0x000001ff7b120600 Uncommon trap: trap_request=0xffffffde fr.pc=0x000001ff6abda340 relative=0x0000000000000b20
Event: 18.933 Thread 0x000001ff7b120600 Uncommon trap: reason=class_check action=maybe_recompile pc=0x000001ff6abda340 method=java.util.HashMap.computeIfAbsent(Ljava/lang/Object;Ljava/util/function/Function;)Ljava/lang/Object; @ 142 c2
Event: 18.933 Thread 0x000001ff7b120600 DEOPT PACKING pc=0x000001ff6abda340 sp=0x0000006e413fe180
Event: 18.933 Thread 0x000001ff7b120600 DEOPT UNPACKING pc=0x000001ff6a4b699d sp=0x0000006e413fe148 mode 2
Event: 18.950 Thread 0x000001ff7b120600 Uncommon trap: trap_request=0xffffffde fr.pc=0x000001ff6abda340 relative=0x0000000000000b20
Event: 18.950 Thread 0x000001ff7b120600 Uncommon trap: reason=class_check action=maybe_recompile pc=0x000001ff6abda340 method=java.util.HashMap.computeIfAbsent(Ljava/lang/Object;Ljava/util/function/Function;)Ljava/lang/Object; @ 142 c2
Event: 18.950 Thread 0x000001ff7b120600 DEOPT PACKING pc=0x000001ff6abda340 sp=0x0000006e413fe180
Event: 18.950 Thread 0x000001ff7b120600 DEOPT UNPACKING pc=0x000001ff6a4b699d sp=0x0000006e413fe148 mode 2
Event: 18.950 Thread 0x000001ff7b120600 Uncommon trap: trap_request=0xffffffde fr.pc=0x000001ff6abda340 relative=0x0000000000000b20
Event: 18.950 Thread 0x000001ff7b120600 Uncommon trap: reason=class_check action=maybe_recompile pc=0x000001ff6abda340 method=java.util.HashMap.computeIfAbsent(Ljava/lang/Object;Ljava/util/function/Function;)Ljava/lang/Object; @ 142 c2
Event: 18.950 Thread 0x000001ff7b120600 DEOPT PACKING pc=0x000001ff6abda340 sp=0x0000006e413fe180
Event: 18.950 Thread 0x000001ff7b120600 DEOPT UNPACKING pc=0x000001ff6a4b699d sp=0x0000006e413fe148 mode 2
Event: 19.096 Thread 0x000001ff7b120600 Uncommon trap: trap_request=0xffffff45 fr.pc=0x000001ff6aacf5b8 relative=0x0000000000000118
Event: 19.096 Thread 0x000001ff7b120600 Uncommon trap: reason=unstable_if action=reinterpret pc=0x000001ff6aacf5b8 method=java.util.Arrays.hashCode([Ljava/lang/Object;)I @ 34 c2
Event: 19.096 Thread 0x000001ff7b120600 DEOPT PACKING pc=0x000001ff6aacf5b8 sp=0x0000006e413fdef0
Event: 19.096 Thread 0x000001ff7b120600 DEOPT UNPACKING pc=0x000001ff6a4b699d sp=0x0000006e413fde68 mode 2

Classes loaded (20 events):
Event: 8.655 Loading class java/util/concurrent/Callable
Event: 8.657 Loading class java/util/concurrent/Callable done
Event: 8.658 Loading class java/util/concurrent/ForkJoinTask$AdaptedCallable
Event: 8.660 Loading class java/util/concurrent/RunnableFuture
Event: 8.664 Loading class java/util/concurrent/RunnableFuture done
Event: 8.664 Loading class java/util/concurrent/ForkJoinTask$AdaptedCallable done
Event: 8.673 Loading class java/util/concurrent/ForkJoinPool$DefaultForkJoinWorkerThreadFactory$1
Event: 8.676 Loading class java/util/concurrent/ForkJoinPool$DefaultForkJoinWorkerThreadFactory$1 done
Event: 8.938 Loading class java/lang/reflect/GenericSignatureFormatError
Event: 8.939 Loading class java/lang/ClassFormatError
Event: 8.942 Loading class java/lang/ClassFormatError done
Event: 8.942 Loading class java/lang/reflect/GenericSignatureFormatError done
Event: 17.740 Loading class java/util/concurrent/ConcurrentLinkedQueue$Itr
Event: 17.743 Loading class java/util/concurrent/ConcurrentLinkedQueue$Itr done
Event: 18.283 Loading class java/lang/invoke/MethodHandle$1
Event: 18.285 Loading class java/lang/invoke/MethodHandle$1 done
Event: 19.090 Loading class java/security/NoSuchAlgorithmException
Event: 19.092 Loading class java/security/GeneralSecurityException
Event: 19.093 Loading class java/security/GeneralSecurityException done
Event: 19.093 Loading class java/security/NoSuchAlgorithmException done

Classes unloaded (4 events):
Event: 10.295 Thread 0x000001ff769919c0 Unloading class 0x000001ff010bcc00 'java/lang/invoke/LambdaForm$DMH+0x000001ff010bcc00'
Event: 10.295 Thread 0x000001ff769919c0 Unloading class 0x000001ff010bc400 'java/lang/invoke/LambdaForm$DMH+0x000001ff010bc400'
Event: 10.295 Thread 0x000001ff769919c0 Unloading class 0x000001ff010a8800 'java/lang/invoke/LambdaForm$DMH+0x000001ff010a8800'
Event: 10.295 Thread 0x000001ff769919c0 Unloading class 0x000001ff010a8000 'java/lang/invoke/LambdaForm$DMH+0x000001ff010a8000'

Classes redefined (0 events):
No events

Internal exceptions (20 events):
Event: 11.466 Thread 0x000001ff7b46ef80 Exception <a 'java/lang/NoSuchMethodError'{0x00000000c7381de8}: 'java.lang.Object java.lang.invoke.DirectMethodHandle$Holder.newInvokeSpecial(java.lang.Object, int, java.lang.Object)'> (0x00000000c7381de8) 
thrown [s\src\hotspot\share\interpreter\linkResolver.cpp, line 759]
Event: 11.466 Thread 0x000001ff7b120600 Exception <a 'java/lang/NoSuchMethodError'{0x00000000c7390980}: 'java.lang.Object java.lang.invoke.DirectMethodHandle$Holder.newInvokeSpecial(java.lang.Object, int, java.lang.Object)'> (0x00000000c7390980) 
thrown [s\src\hotspot\share\interpreter\linkResolver.cpp, line 759]
Event: 11.479 Thread 0x000001ff7b120600 Exception <a 'java/lang/NoSuchMethodError'{0x00000000c7396dd0}: 'void java.lang.invoke.DirectMethodHandle$Holder.invokeStatic(java.lang.Object, java.lang.Object, java.lang.Object, int, java.lang.Object, java.lang.Object, java.lang.Object, java.lang.Object)'> (0x00000000c7396dd0) 
thrown [s\src\hotspot\share\interpreter\linkResolver.cpp, line 759]
Event: 11.486 Thread 0x000001ff7b46ef80 Exception <a 'java/lang/NoSuchMethodError'{0x00000000c73c13f0}: 'void java.lang.invoke.DirectMethodHandle$Holder.invokeSpecial(java.lang.Object, java.lang.Object, java.lang.Object, java.lang.Object, java.lang.Object)'> (0x00000000c73c13f0) 
thrown [s\src\hotspot\share\interpreter\linkResolver.cpp, line 759]
Event: 11.487 Thread 0x000001ff7b120600 Exception <a 'java/lang/NoSuchMethodError'{0x00000000c73a91d0}: 'void java.lang.invoke.DirectMethodHandle$Holder.invokeSpecial(java.lang.Object, java.lang.Object, java.lang.Object, java.lang.Object, java.lang.Object)'> (0x00000000c73a91d0) 
thrown [s\src\hotspot\share\interpreter\linkResolver.cpp, line 759]
Event: 18.019 Thread 0x000001ff5b409b40 Exception <a 'java/lang/NoSuchMethodError'{0x00000000cd056288}: 'java.lang.Object java.lang.invoke.DirectMethodHandle$Holder.invokeVirtual(java.lang.Object, java.lang.Object, java.lang.Object, java.lang.Object)'> (0x00000000cd056288) 
thrown [s\src\hotspot\share\interpreter\linkResolver.cpp, line 759]
Event: 18.163 Thread 0x000001ff5b409b40 Exception <a 'java/lang/NoSuchMethodError'{0x00000000cd0f62a0}: 'java.lang.Object java.lang.invoke.DirectMethodHandle$Holder.invokeStaticInit(java.lang.Object)'> (0x00000000cd0f62a0) 
thrown [s\src\hotspot\share\interpreter\linkResolver.cpp, line 759]
Event: 18.181 Thread 0x000001ff5b409b40 Exception <a 'java/lang/NoSuchMethodError'{0x00000000ccf09748}: 'int java.lang.invoke.DirectMethodHandle$Holder.invokeStatic(java.lang.Object, java.lang.Object, java.lang.Object, java.lang.Object)'> (0x00000000ccf09748) 
thrown [s\src\hotspot\share\interpreter\linkResolver.cpp, line 759]
Event: 18.186 Thread 0x000001ff5b409b40 Exception <a 'java/lang/NoSuchMethodError'{0x00000000ccf15920}: 'int java.lang.invoke.DirectMethodHandle$Holder.invokeSpecial(java.lang.Object, java.lang.Object, java.lang.Object, java.lang.Object)'> (0x00000000ccf15920) 
thrown [s\src\hotspot\share\interpreter\linkResolver.cpp, line 759]
Event: 18.282 Thread 0x000001ff5b409b40 Exception <a 'java/lang/NoSuchMethodError'{0x00000000ccfa80c0}: 'java.lang.Object java.lang.invoke.DirectMethodHandle$Holder.invokeStaticInit(java.lang.Object, java.lang.Object, java.lang.Object)'> (0x00000000ccfa80c0) 
thrown [s\src\hotspot\share\interpreter\linkResolver.cpp, line 759]
Event: 18.432 Thread 0x000001ff5b409b40 Exception <a 'java/lang/NoSuchMethodError'{0x00000000ccd0df40}: 'void java.lang.invoke.DirectMethodHandle$Holder.invokeInterface(java.lang.Object, java.lang.Object, java.lang.Object)'> (0x00000000ccd0df40) 
thrown [s\src\hotspot\share\interpreter\linkResolver.cpp, line 759]
Event: 18.432 Thread 0x000001ff5b409b40 Exception <a 'java/lang/IncompatibleClassChangeError'{0x00000000ccd11300}: Found class java.lang.Object, but interface was expected> (0x00000000ccd11300) 
thrown [s\src\hotspot\share\interpreter\linkResolver.cpp, line 826]
Event: 18.437 Thread 0x000001ff5b409b40 Exception <a 'java/lang/NoSuchMethodError'{0x00000000ccd15730}: 'void java.lang.invoke.DirectMethodHandle$Holder.invokeInterface(java.lang.Object, java.lang.Object, java.lang.Object, int)'> (0x00000000ccd15730) 
thrown [s\src\hotspot\share\interpreter\linkResolver.cpp, line 759]
Event: 18.443 Thread 0x000001ff5b409b40 Exception <a 'java/lang/NoSuchMethodError'{0x00000000ccd22990}: 'void java.lang.invoke.DirectMethodHandle$Holder.invokeStatic(java.lang.Object, java.lang.Object, java.lang.Object, java.lang.Object, java.lang.Object, java.lang.Object)'> (0x00000000ccd22990) 
thrown [s\src\hotspot\share\interpreter\linkResolver.cpp, line 759]
Event: 18.444 Thread 0x000001ff5b409b40 Exception <a 'java/lang/NoSuchMethodError'{0x00000000ccd2a0f8}: 'java.lang.Object java.lang.invoke.DirectMethodHandle$Holder.newInvokeSpecial(java.lang.Object, java.lang.Object, java.lang.Object, java.lang.Object, java.lang.Object)'> (0x00000000ccd2a0f8) 
thrown [s\src\hotspot\share\interpreter\linkResolver.cpp, line 759]
Event: 18.447 Thread 0x000001ff5b409b40 Exception <a 'java/lang/NoSuchMethodError'{0x00000000ccd31a20}: 'java.lang.Object java.lang.invoke.DirectMethodHandle$Holder.newInvokeSpecial(java.lang.Object, java.lang.Object, java.lang.Object, int)'> (0x00000000ccd31a20) 
thrown [s\src\hotspot\share\interpreter\linkResolver.cpp, line 759]
Event: 18.448 Thread 0x000001ff5b409b40 Exception <a 'java/lang/NoSuchMethodError'{0x00000000ccd36220}: 'java.lang.Object java.lang.invoke.DirectMethodHandle$Holder.invokeSpecial(java.lang.Object, java.lang.Object, java.lang.Object, java.lang.Object, int)'> (0x00000000ccd36220) 
thrown [s\src\hotspot\share\interpreter\linkResolver.cpp, line 759]
Event: 18.453 Thread 0x000001ff5b409b40 Exception <a 'java/lang/NoSuchMethodError'{0x00000000ccd39de8}: 'java.lang.Object java.lang.invoke.Invokers$Holder.linkToTargetMethod(java.lang.Object, java.lang.Object, int, java.lang.Object)'> (0x00000000ccd39de8) 
thrown [s\src\hotspot\share\interpreter\linkResolver.cpp, line 759]
Event: 18.469 Thread 0x000001ff7b120600 Exception <a 'java/lang/NoSuchMethodError'{0x00000000cd2710c0}: 'int java.lang.invoke.DirectMethodHandle$Holder.invokeSpecial(java.lang.Object, java.lang.Object, java.lang.Object)'> (0x00000000cd2710c0) 
thrown [s\src\hotspot\share\interpreter\linkResolver.cpp, line 759]
Event: 19.096 Thread 0x000001ff7b120600 Implicit null exception at 0x000001ff6aacf4ec to 0x000001ff6aacf59c

VM Operations (20 events):
Event: 16.662 Executing VM operation: G1CollectForAllocation done
Event: 18.446 Executing VM operation: HandshakeAllThreads
Event: 18.447 Executing VM operation: HandshakeAllThreads done
Event: 18.447 Executing VM operation: Cleanup
Event: 18.447 Executing VM operation: Cleanup done
Event: 18.468 Executing VM operation: HandshakeAllThreads
Event: 18.468 Executing VM operation: HandshakeAllThreads done
Event: 18.495 Executing VM operation: HandshakeAllThreads
Event: 18.495 Executing VM operation: HandshakeAllThreads done
Event: 18.597 Executing VM operation: HandshakeAllThreads
Event: 18.597 Executing VM operation: HandshakeAllThreads done
Event: 18.684 Executing VM operation: HandshakeAllThreads
Event: 18.684 Executing VM operation: HandshakeAllThreads done
Event: 18.705 Executing VM operation: HandshakeAllThreads
Event: 18.705 Executing VM operation: HandshakeAllThreads done
Event: 18.706 Executing VM operation: HandshakeAllThreads
Event: 18.706 Executing VM operation: HandshakeAllThreads done
Event: 19.167 Executing VM operation: HandshakeAllThreads
Event: 19.187 Executing VM operation: HandshakeAllThreads done
Event: 19.313 Executing VM operation: G1CollectForAllocation

Memory protections (0 events):
No events

Nmethod flushes (0 events):
No events

Events (15 events):
Event: 0.585 Thread 0x000001ff5b409b40 Thread added: 0x000001ff5b409b40
Event: 0.951 Thread 0x000001ff5b409b40 Thread added: 0x000001ff769957a0
Event: 0.952 Thread 0x000001ff5b409b40 Thread added: 0x000001ff76996620
Event: 1.091 Thread 0x000001ff5b409b40 Thread added: 0x000001ff769ad140
Event: 1.092 Thread 0x000001ff5b409b40 Thread added: 0x000001ff769b0c90
Event: 1.092 Thread 0x000001ff5b409b40 Thread added: 0x000001ff769b3660
Event: 1.093 Thread 0x000001ff5b409b40 Thread added: 0x000001ff769b4020
Event: 1.094 Thread 0x000001ff5b409b40 Thread added: 0x000001ff769b4dc0
Event: 1.122 Thread 0x000001ff5b409b40 Thread added: 0x000001ff769b7c80
Event: 1.135 Thread 0x000001ff5b409b40 Thread added: 0x000001ff769ecc70
Event: 1.240 Thread 0x000001ff5b409b40 Thread added: 0x000001ff76abefc0
Event: 1.264 Thread 0x000001ff5b409b40 Thread added: 0x000001ff76ac5910
Event: 8.679 Thread 0x000001ff5b409b40 Thread added: 0x000001ff7b46ef80
Event: 8.686 Thread 0x000001ff5b409b40 Thread added: 0x000001ff7b120600
Event: 16.458 Thread 0x000001ff769b4dc0 Thread added: 0x000001ff7bd7c7f0


Dynamic libraries:
0x00007ff7099f0000 - 0x00007ff7099fe000 	c:\Program Files\Microsoft\jdk-17.0.14+7\bin\java.exe
0x00007ff9df4d0000 - 0x00007ff9df6e7000 	C:\WINDOWS\SYSTEM32\ntdll.dll
0x00007ff9ddff0000 - 0x00007ff9de0b4000 	C:\WINDOWS\System32\KERNEL32.DLL
0x00007ff9dc7c0000 - 0x00007ff9dcb93000 	C:\WINDOWS\System32\KERNELBASE.dll
0x00007ff9dc5f0000 - 0x00007ff9dc701000 	C:\WINDOWS\System32\ucrtbase.dll
0x00007ff9d6710000 - 0x00007ff9d6727000 	c:\Program Files\Microsoft\jdk-17.0.14+7\bin\jli.dll
0x00007ff9ddbe0000 - 0x00007ff9ddd91000 	C:\WINDOWS\System32\USER32.dll
0x00007ff9dcf70000 - 0x00007ff9dcf96000 	C:\WINDOWS\System32\win32u.dll
0x00007ff9de9b0000 - 0x00007ff9de9d9000 	C:\WINDOWS\System32\GDI32.dll
0x00007ff9dd060000 - 0x00007ff9dd17b000 	C:\WINDOWS\System32\gdi32full.dll
0x00007ff9dcba0000 - 0x00007ff9dcc3a000 	C:\WINDOWS\System32\msvcp_win.dll
0x00007ff9bd300000 - 0x00007ff9bd598000 	C:\WINDOWS\WinSxS\amd64_microsoft.windows.common-controls_6595b64144ccf1df_6.0.22621.5124_none_270e8f4f7386d69d\COMCTL32.dll
0x00007ff9dd180000 - 0x00007ff9dd227000 	C:\WINDOWS\System32\msvcrt.dll
0x00007ff9d66b0000 - 0x00007ff9d66cd000 	c:\Program Files\Microsoft\jdk-17.0.14+7\bin\VCRUNTIME140.dll
0x00007ff9de2f0000 - 0x00007ff9de321000 	C:\WINDOWS\System32\IMM32.DLL
0x00007ff9da240000 - 0x00007ff9da24c000 	c:\Program Files\Microsoft\jdk-17.0.14+7\bin\vcruntime140_1.dll
0x00007ff9a3110000 - 0x00007ff9a319d000 	c:\Program Files\Microsoft\jdk-17.0.14+7\bin\msvcp140.dll
0x00007ff8e0950000 - 0x00007ff8e15c2000 	c:\Program Files\Microsoft\jdk-17.0.14+7\bin\server\jvm.dll
0x00007ff9de230000 - 0x00007ff9de2e1000 	C:\WINDOWS\System32\ADVAPI32.dll
0x00007ff9df2d0000 - 0x00007ff9df378000 	C:\WINDOWS\System32\sechost.dll
0x00007ff9dc710000 - 0x00007ff9dc738000 	C:\WINDOWS\System32\bcrypt.dll
0x00007ff9de330000 - 0x00007ff9de444000 	C:\WINDOWS\System32\RPCRT4.dll
0x00007ff9deaf0000 - 0x00007ff9deb61000 	C:\WINDOWS\System32\WS2_32.dll
0x00007ff9dc4c0000 - 0x00007ff9dc50d000 	C:\WINDOWS\SYSTEM32\POWRPROF.dll
0x00007ff9d4d00000 - 0x00007ff9d4d34000 	C:\WINDOWS\SYSTEM32\WINMM.dll
0x00007ff9da200000 - 0x00007ff9da20a000 	C:\WINDOWS\SYSTEM32\VERSION.dll
0x00007ff9dc3f0000 - 0x00007ff9dc403000 	C:\WINDOWS\SYSTEM32\UMPDC.dll
0x00007ff9db5e0000 - 0x00007ff9db5f8000 	C:\WINDOWS\SYSTEM32\kernel.appcore.dll
0x00007ff9da210000 - 0x00007ff9da21a000 	c:\Program Files\Microsoft\jdk-17.0.14+7\bin\jimage.dll
0x00007ff9d9190000 - 0x00007ff9d93c2000 	C:\WINDOWS\SYSTEM32\DBGHELP.DLL
0x00007ff9de450000 - 0x00007ff9de7e2000 	C:\WINDOWS\System32\combase.dll
0x00007ff9dea00000 - 0x00007ff9dead7000 	C:\WINDOWS\System32\OLEAUT32.dll
0x00007ff9badd0000 - 0x00007ff9bae02000 	C:\WINDOWS\SYSTEM32\dbgcore.DLL
0x00007ff9dc740000 - 0x00007ff9dc7bb000 	C:\WINDOWS\System32\bcryptPrimitives.dll
0x00007ff9b3d30000 - 0x00007ff9b3d55000 	c:\Program Files\Microsoft\jdk-17.0.14+7\bin\java.dll
0x00007ff954830000 - 0x00007ff954907000 	c:\Program Files\Microsoft\jdk-17.0.14+7\bin\jsvml.dll
0x00007ff9dd340000 - 0x00007ff9ddbd6000 	C:\WINDOWS\System32\SHELL32.dll
0x00007ff9dce30000 - 0x00007ff9dcf6f000 	C:\WINDOWS\System32\wintypes.dll
0x00007ff9da4d0000 - 0x00007ff9dadea000 	C:\WINDOWS\SYSTEM32\windows.storage.dll
0x00007ff9deca0000 - 0x00007ff9dedaa000 	C:\WINDOWS\System32\SHCORE.dll
0x00007ff9dedb0000 - 0x00007ff9dee13000 	C:\WINDOWS\System32\shlwapi.dll
0x00007ff9dc520000 - 0x00007ff9dc54b000 	C:\WINDOWS\SYSTEM32\profapi.dll
0x00007ff9c2a30000 - 0x00007ff9c2a4a000 	C:\Program Files\Microsoft\jdk-17.0.14+7\bin\net.dll
0x00007ff9d4b00000 - 0x00007ff9d4c2c000 	C:\WINDOWS\SYSTEM32\WINHTTP.dll
0x00007ff9dba60000 - 0x00007ff9dbaca000 	C:\WINDOWS\system32\mswsock.dll
0x00007ff9c28d0000 - 0x00007ff9c28e6000 	C:\Program Files\Microsoft\jdk-17.0.14+7\bin\nio.dll
0x00007ff9bada0000 - 0x00007ff9badb8000 	C:\Program Files\Microsoft\jdk-17.0.14+7\bin\zip.dll
0x00007ff9d9dc0000 - 0x00007ff9d9dd0000 	c:\Program Files\Microsoft\jdk-17.0.14+7\bin\verify.dll

dbghelp: loaded successfully - version: 4.0.5 - missing functions: none
symbol engine: initialized successfully - sym options: 0x614 - pdb path: .;c:\Program Files\Microsoft\jdk-17.0.14+7\bin;C:\WINDOWS\SYSTEM32;C:\WINDOWS\WinSxS\amd64_microsoft.windows.common-controls_6595b64144ccf1df_6.0.22621.5124_none_270e8f4f7386d69d;c:\Program Files\Microsoft\jdk-17.0.14+7\bin\server

VM Arguments:
jvm_args: -Xmx1G 
java_command: com.android.tools.r8.D8 --debug --min-api 21 --output obj\Debug\net8.0-android\android\bin\ --lib c:\Users\callu\MAUI\android\platforms\android-34\android.jar obj\Debug\net8.0-android\android\bin\classes.zip C:\Program Files\dotnet\packs\Microsoft.Android.Ref.34\34.0.148\ref\net8.0\mono.android.jar C:\Program Files\dotnet\packs\Microsoft.Android.Sdk.Windows\34.0.148\tools\java_runtime_fastdev_net6.jar C:\Users\callu\.nuget\packages\xamarin.jetbrains.annotations\24.0.1.3\buildTransitive\net6.0-android31.0\..\..\jar\org.jetbrains.annotations-24.0.1.jar C:\Users\callu\.nuget\packages\xamarin.kotlin.stdlib\1.9.0.1\buildTransitive\net6.0-android31.0\..\..\jar\org.jetbrains.kotlin.kotlin-stdlib-1.9.0.jar C:\Users\callu\.nuget\packages\xamarin.kotlin.stdlib.jdk7\1.9.0.1\buildTransitive\net6.0-android31.0\..\..\jar\org.jetbrains.kotlin.kotlin-stdlib-jdk7-1.9.0.jar C:\Users\callu\.nuget\packages\xamarin.kotlin.stdlib.jdk8\1.9.0.1\buildTransitive\net6.0-android31.0\..\..\jar\org.jetbrains.kotlin.kotlin-stdlib-jdk8-1.9.0.jar C:\Users\callu\.nuget\packages\xamarin.kotlinx.coroutines.core.jvm\1.7.2.1\buildTransitive\net6.0-android31.0\..\..\jar\org.jetbrains.kotlinx.kotlinx-coroutines-core-jvm-1.7.2.jar C:\Users\callu\.nuget\packages\xamarin.kotlinx.coroutines.android\1.7.2.1\buildTransitive\net6.0-android31.0\..\..\jar\org.jetbrains.kotlinx.kotlinx-coroutines-android-1.7.2.jar C:\Users\callu\.nuget\packages\xamarin.google.guava.listenablefuture\1.0.0.14\buildTransitive\net6.0-android31.0\..\..\jar\guava-listenablefuture.jar C:\Users\callu\.nuget\packages\xamarin.androidx.annotation.jvm\1.6.0.2\buildTransitive\net6.0-android31.0\..\..\jar\androidx.annotation.annotation-jvm.jar C:\Users\callu\.nuget\packages\xamarin.androidx.collection\1.2.0.9\buildTransitive\net6.0-android31.0\..\..\jar\androidx.collection.collection.jar C:\Users\callu\.nuget\packages\xamarin.androidx.concurrent.futures\1.1.0.14\buildTransitive\net6.0-android31.0\..\..\jar\androidx.concurrent.con
java_class_path (initial): C:\Program Files\dotnet\packs\Microsoft.Android.Sdk.Windows\34.0.148\tools\r8.jar
Launcher Type: SUN_STANDARD

[Global flags]
     intx CICompilerCount                          = 3                                         {product} {ergonomic}
     uint ConcGCThreads                            = 1                                         {product} {ergonomic}
     uint G1ConcRefinementThreads                  = 4                                         {product} {ergonomic}
   size_t G1HeapRegionSize                         = 1048576                                   {product} {ergonomic}
    uintx GCDrainStackTargetSize                   = 64                                        {product} {ergonomic}
   size_t InitialHeapSize                          = 65011712                                  {product} {ergonomic}
   size_t MarkStackSize                            = 4194304                                   {product} {ergonomic}
   size_t MaxHeapSize                              = 1073741824                                {product} {command line}
   size_t MaxNewSize                               = 643825664                                 {product} {ergonomic}
   size_t MinHeapDeltaBytes                        = 1048576                                   {product} {ergonomic}
   size_t MinHeapSize                              = 8388608                                   {product} {ergonomic}
    uintx NonNMethodCodeHeapSize                   = 5832780                                {pd product} {ergonomic}
    uintx NonProfiledCodeHeapSize                  = 122912730                              {pd product} {ergonomic}
    uintx ProfiledCodeHeapSize                     = 122912730                              {pd product} {ergonomic}
    uintx ReservedCodeCacheSize                    = 251658240                              {pd product} {ergonomic}
     bool SegmentedCodeCache                       = true                                      {product} {ergonomic}
   size_t SoftMaxHeapSize                          = 1073741824                             {manageable} {ergonomic}
     bool UseCompressedClassPointers               = true                           {product lp64_product} {ergonomic}
     bool UseCompressedOops                        = true                           {product lp64_product} {ergonomic}
     bool UseG1GC                                  = true                                      {product} {ergonomic}
     bool UseLargePagesIndividualAllocation        = false                                  {pd product} {ergonomic}

Logging:
Log output configuration:
 #0: stdout all=warning uptime,level,tags
 #1: stderr all=off uptime,level,tags

Environment Variables:
JAVA_HOME=c:\Program Files\Microsoft\jdk-17.0.14+7
PATH=c:\Program Files\Microsoft\jdk-17.0.14+7\bin;C:\Program Files (x86)\Common Files\Oracle\Java\javapath;C:\WINDOWS\system32;C:\WINDOWS;C:\WINDOWS\System32\Wbem;C:\WINDOWS\System32\WindowsPowerShell\v1.0\;C:\WINDOWS\System32\OpenSSH\;C:\Program Files\dotnet;C:\Program Files\Git\cmd;C:\sonarqube\bin\windows-x86-64;;C:\Program Files\Docker\Docker\resources\bin;C:\Users\callu\AppData\Local\Microsoft\WindowsApps;C:\Users\callu\AppData\Local\Programs\Microsoft VS Code\bin;C:\Users\callu\.dotnet\tools;C:\Users\callu\MAUI\android\cmdline-tools\11.0\bin;C:\Users\callu\MAUI\android\platform-tools;;C:\Users\callu\AppData\Local\Programs\Azure Data Studio\bin
USERNAME=callu
OS=Windows_NT
PROCESSOR_IDENTIFIER=Intel64 Family 6 Model 122 Stepping 8, GenuineIntel
TMP=C:\Users\callu\AppData\Local\Temp
TEMP=C:\Users\callu\AppData\Local\Temp



Periodic native trim disabled


---------------  S Y S T E M  ---------------

OS:
 Windows 11 , 64 bit Build 22621 (10.0.22621.5124)
OS uptime: 0 days 3:50 hours
Hyper-V role detected

CPU: total 4 (initial active 4) (4 cores per cpu, 1 threads per core) family 6 model 122 stepping 8 microcode 0x20, cx8, cmov, fxsr, mmx, 3dnowpref, sse, sse2, sse3, ssse3, sse4.1, sse4.2, popcnt, tsc, tscinvbit, aes, erms, clmul, sha, clflush, clflushopt, hv
Processor Information for the first 4 processors :
  Max Mhz: 1101, Current Mhz: 1101, Mhz Limit: 1101

Memory: 4k page, system-wide physical 3908M (555M free)
TotalPageFile size 15684M (AvailPageFile size 89M)
current process WorkingSet (physical memory assigned to process): 305M, peak: 309M
current process commit charge ("private bytes"): 398M, peak: 527M

vm_info: OpenJDK 64-Bit Server VM (17.0.14+7-LTS) for windows-amd64 JRE (17.0.14+7-LTS), built on Jan  8 2025 23:39:28 by "MicrosoftCorporation" with unknown MS VC++:1939

END.
